S9N2: 2023/09/21 13:10:22 pbftInside_module.go:42: S9N2 : the pre-prepare message is correct, putting it into the RequestPool. 
S9N2: 2023/09/21 13:10:22 messageHandle.go:89: S9N2 : has broadcast the prepare message 
S9N2: 2023/09/21 13:10:22 messageHandle.go:94: S9N2 : received the Prepare ...
S9N2: 2023/09/21 13:10:22 messageHandle.go:125: S9N2 : is going to commit
S9N2: 2023/09/21 13:10:22 messageHandle.go:139: S9N2 : commit is broadcast
S9N2: 2023/09/21 13:10:22 messageHandle.go:151: S9N2 received the Commit from ...0
S9N2: 2023/09/21 13:10:22 messageHandle.go:163: S9N2 : has received 2f + 1 commits ... 
S9N2: 2023/09/21 13:10:22 pbftInside_module.go:59: S9N2 : adding the block 1...now height = 0 
S9N2: 2023/09/21 13:10:22 pbftInside_module.go:61: S9N2 : added the block 1... 
S9N2: 2023/09/21 13:10:22 messageHandle.go:192: S9N2: this round of pbft 1 is end 
S9N2: 2023/09/21 13:10:22 messageHandle.go:151: S9N2 received the Commit from ...1
S9N2: 2023/09/21 13:10:25 pbftInside_module.go:42: S9N2 : the pre-prepare message is correct, putting it into the RequestPool. 
S9N2: 2023/09/21 13:10:25 messageHandle.go:89: S9N2 : has broadcast the prepare message 
S9N2: 2023/09/21 13:10:25 messageHandle.go:94: S9N2 : received the Prepare ...
S9N2: 2023/09/21 13:10:25 messageHandle.go:125: S9N2 : is going to commit
S9N2: 2023/09/21 13:10:25 messageHandle.go:139: S9N2 : commit is broadcast
S9N2: 2023/09/21 13:10:25 messageHandle.go:151: S9N2 received the Commit from ...1
S9N2: 2023/09/21 13:10:25 messageHandle.go:163: S9N2 : has received 2f + 1 commits ... 
S9N2: 2023/09/21 13:10:25 pbftInside_module.go:59: S9N2 : adding the block 2...now height = 1 
S9N2: 2023/09/21 13:10:25 pbftInside_module.go:61: S9N2 : added the block 2... 
S9N2: 2023/09/21 13:10:25 messageHandle.go:192: S9N2: this round of pbft 2 is end 
S9N2: 2023/09/21 13:10:25 messageHandle.go:151: S9N2 received the Commit from ...0
S9N2: 2023/09/21 13:10:28 pbftInside_module.go:42: S9N2 : the pre-prepare message is correct, putting it into the RequestPool. 
S9N2: 2023/09/21 13:10:28 messageHandle.go:89: S9N2 : has broadcast the prepare message 
S9N2: 2023/09/21 13:10:28 messageHandle.go:94: S9N2 : received the Prepare ...
S9N2: 2023/09/21 13:10:28 messageHandle.go:125: S9N2 : is going to commit
S9N2: 2023/09/21 13:10:28 messageHandle.go:139: S9N2 : commit is broadcast
S9N2: 2023/09/21 13:10:28 messageHandle.go:151: S9N2 received the Commit from ...1
S9N2: 2023/09/21 13:10:28 messageHandle.go:163: S9N2 : has received 2f + 1 commits ... 
S9N2: 2023/09/21 13:10:28 pbftInside_module.go:59: S9N2 : adding the block 3...now height = 2 
S9N2: 2023/09/21 13:10:28 pbftInside_module.go:61: S9N2 : added the block 3... 
S9N2: 2023/09/21 13:10:28 messageHandle.go:192: S9N2: this round of pbft 3 is end 
S9N2: 2023/09/21 13:10:28 messageHandle.go:151: S9N2 received the Commit from ...0
S9N2: 2023/09/21 13:10:31 pbftInside_module.go:42: S9N2 : the pre-prepare message is correct, putting it into the RequestPool. 
S9N2: 2023/09/21 13:10:31 messageHandle.go:89: S9N2 : has broadcast the prepare message 
S9N2: 2023/09/21 13:10:31 messageHandle.go:94: S9N2 : received the Prepare ...
S9N2: 2023/09/21 13:10:31 messageHandle.go:125: S9N2 : is going to commit
S9N2: 2023/09/21 13:10:31 messageHandle.go:139: S9N2 : commit is broadcast
S9N2: 2023/09/21 13:10:31 messageHandle.go:151: S9N2 received the Commit from ...1
S9N2: 2023/09/21 13:10:31 messageHandle.go:163: S9N2 : has received 2f + 1 commits ... 
S9N2: 2023/09/21 13:10:31 pbftInside_module.go:59: S9N2 : adding the block 4...now height = 3 
S9N2: 2023/09/21 13:10:31 pbftInside_module.go:61: S9N2 : added the block 4... 
S9N2: 2023/09/21 13:10:31 messageHandle.go:192: S9N2: this round of pbft 4 is end 
S9N2: 2023/09/21 13:10:31 messageHandle.go:151: S9N2 received the Commit from ...0
S9N2: 2023/09/21 13:10:34 pbftInside_module.go:42: S9N2 : the pre-prepare message is correct, putting it into the RequestPool. 
S9N2: 2023/09/21 13:10:34 messageHandle.go:89: S9N2 : has broadcast the prepare message 
S9N2: 2023/09/21 13:10:34 messageHandle.go:94: S9N2 : received the Prepare ...
S9N2: 2023/09/21 13:10:34 messageHandle.go:125: S9N2 : is going to commit
S9N2: 2023/09/21 13:10:34 messageHandle.go:139: S9N2 : commit is broadcast
S9N2: 2023/09/21 13:10:34 messageHandle.go:151: S9N2 received the Commit from ...0
S9N2: 2023/09/21 13:10:34 messageHandle.go:163: S9N2 : has received 2f + 1 commits ... 
S9N2: 2023/09/21 13:10:34 pbftInside_module.go:59: S9N2 : adding the block 5...now height = 4 
S9N2: 2023/09/21 13:10:34 pbftInside_module.go:61: S9N2 : added the block 5... 
S9N2: 2023/09/21 13:10:34 messageHandle.go:192: S9N2: this round of pbft 5 is end 
S9N2: 2023/09/21 13:10:34 messageHandle.go:151: S9N2 received the Commit from ...1
S9N2: 2023/09/21 13:10:37 pbftInside_module.go:42: S9N2 : the pre-prepare message is correct, putting it into the RequestPool. 
S9N2: 2023/09/21 13:10:37 messageHandle.go:89: S9N2 : has broadcast the prepare message 
S9N2: 2023/09/21 13:10:37 messageHandle.go:94: S9N2 : received the Prepare ...
S9N2: 2023/09/21 13:10:37 messageHandle.go:125: S9N2 : is going to commit
S9N2: 2023/09/21 13:10:37 messageHandle.go:139: S9N2 : commit is broadcast
S9N2: 2023/09/21 13:10:37 messageHandle.go:151: S9N2 received the Commit from ...0
S9N2: 2023/09/21 13:10:37 messageHandle.go:163: S9N2 : has received 2f + 1 commits ... 
S9N2: 2023/09/21 13:10:37 pbftInside_module.go:59: S9N2 : adding the block 6...now height = 5 
S9N2: 2023/09/21 13:10:37 pbftInside_module.go:61: S9N2 : added the block 6... 
S9N2: 2023/09/21 13:10:37 messageHandle.go:192: S9N2: this round of pbft 6 is end 
S9N2: 2023/09/21 13:10:37 messageHandle.go:151: S9N2 received the Commit from ...1
S9N2: 2023/09/21 13:10:40 pbftInside_module.go:42: S9N2 : the pre-prepare message is correct, putting it into the RequestPool. 
S9N2: 2023/09/21 13:10:40 messageHandle.go:89: S9N2 : has broadcast the prepare message 
S9N2: 2023/09/21 13:10:40 messageHandle.go:94: S9N2 : received the Prepare ...
S9N2: 2023/09/21 13:10:40 messageHandle.go:125: S9N2 : is going to commit
S9N2: 2023/09/21 13:10:40 messageHandle.go:139: S9N2 : commit is broadcast
S9N2: 2023/09/21 13:10:40 messageHandle.go:151: S9N2 received the Commit from ...0
S9N2: 2023/09/21 13:10:40 messageHandle.go:163: S9N2 : has received 2f + 1 commits ... 
S9N2: 2023/09/21 13:10:40 pbftInside_module.go:59: S9N2 : adding the block 7...now height = 6 
S9N2: 2023/09/21 13:10:40 pbftInside_module.go:61: S9N2 : added the block 7... 
S9N2: 2023/09/21 13:10:40 messageHandle.go:192: S9N2: this round of pbft 7 is end 
S9N2: 2023/09/21 13:10:40 messageHandle.go:151: S9N2 received the Commit from ...1
S9N2: 2023/09/21 13:10:43 pbftInside_module.go:42: S9N2 : the pre-prepare message is correct, putting it into the RequestPool. 
S9N2: 2023/09/21 13:10:43 messageHandle.go:89: S9N2 : has broadcast the prepare message 
S9N2: 2023/09/21 13:10:43 messageHandle.go:151: S9N2 received the Commit from ...0
S9N2: 2023/09/21 13:10:43 messageHandle.go:163: S9N2 : has received 2f + 1 commits ... 
S9N2: 2023/09/21 13:10:43 pbftInside_module.go:59: S9N2 : adding the block 8...now height = 7 
S9N2: 2023/09/21 13:10:43 pbftInside_module.go:61: S9N2 : added the block 8... 
S9N2: 2023/09/21 13:10:43 messageHandle.go:192: S9N2: this round of pbft 8 is end 
S9N2: 2023/09/21 13:10:43 messageHandle.go:94: S9N2 : received the Prepare ...
S9N2: 2023/09/21 13:10:43 messageHandle.go:125: S9N2 : is going to commit
S9N2: 2023/09/21 13:10:43 messageHandle.go:139: S9N2 : commit is broadcast
S9N2: 2023/09/21 13:10:43 messageHandle.go:151: S9N2 received the Commit from ...1
S9N2: 2023/09/21 13:10:46 pbftInside_module.go:42: S9N2 : the pre-prepare message is correct, putting it into the RequestPool. 
S9N2: 2023/09/21 13:10:46 messageHandle.go:89: S9N2 : has broadcast the prepare message 
S9N2: 2023/09/21 13:10:46 messageHandle.go:94: S9N2 : received the Prepare ...
S9N2: 2023/09/21 13:10:46 messageHandle.go:125: S9N2 : is going to commit
S9N2: 2023/09/21 13:10:46 messageHandle.go:139: S9N2 : commit is broadcast
S9N2: 2023/09/21 13:10:46 messageHandle.go:151: S9N2 received the Commit from ...1
S9N2: 2023/09/21 13:10:46 messageHandle.go:163: S9N2 : has received 2f + 1 commits ... 
S9N2: 2023/09/21 13:10:46 pbftInside_module.go:59: S9N2 : adding the block 9...now height = 8 
S9N2: 2023/09/21 13:10:46 pbftInside_module.go:61: S9N2 : added the block 9... 
S9N2: 2023/09/21 13:10:46 messageHandle.go:192: S9N2: this round of pbft 9 is end 
S9N2: 2023/09/21 13:10:46 messageHandle.go:151: S9N2 received the Commit from ...0
S9N2: 2023/09/21 13:10:49 pbftInside_module.go:42: S9N2 : the pre-prepare message is correct, putting it into the RequestPool. 
S9N2: 2023/09/21 13:10:49 messageHandle.go:89: S9N2 : has broadcast the prepare message 
S9N2: 2023/09/21 13:10:49 messageHandle.go:94: S9N2 : received the Prepare ...
S9N2: 2023/09/21 13:10:49 messageHandle.go:125: S9N2 : is going to commit
S9N2: 2023/09/21 13:10:49 messageHandle.go:139: S9N2 : commit is broadcast
S9N2: 2023/09/21 13:10:49 messageHandle.go:151: S9N2 received the Commit from ...1
S9N2: 2023/09/21 13:10:49 messageHandle.go:163: S9N2 : has received 2f + 1 commits ... 
S9N2: 2023/09/21 13:10:49 pbftInside_module.go:59: S9N2 : adding the block 10...now height = 9 
S9N2: 2023/09/21 13:10:49 pbftInside_module.go:61: S9N2 : added the block 10... 
S9N2: 2023/09/21 13:10:49 messageHandle.go:192: S9N2: this round of pbft 10 is end 
S9N2: 2023/09/21 13:10:49 messageHandle.go:151: S9N2 received the Commit from ...0
S9N2: 2023/09/21 13:10:52 pbftInside_module.go:42: S9N2 : the pre-prepare message is correct, putting it into the RequestPool. 
S9N2: 2023/09/21 13:10:52 messageHandle.go:89: S9N2 : has broadcast the prepare message 
S9N2: 2023/09/21 13:10:52 messageHandle.go:94: S9N2 : received the Prepare ...
S9N2: 2023/09/21 13:10:52 messageHandle.go:125: S9N2 : is going to commit
S9N2: 2023/09/21 13:10:52 messageHandle.go:139: S9N2 : commit is broadcast
S9N2: 2023/09/21 13:10:52 messageHandle.go:151: S9N2 received the Commit from ...1
S9N2: 2023/09/21 13:10:52 messageHandle.go:163: S9N2 : has received 2f + 1 commits ... 
S9N2: 2023/09/21 13:10:52 pbftInside_module.go:59: S9N2 : adding the block 11...now height = 10 
S9N2: 2023/09/21 13:10:52 pbftInside_module.go:61: S9N2 : added the block 11... 
S9N2: 2023/09/21 13:10:52 messageHandle.go:192: S9N2: this round of pbft 11 is end 
S9N2: 2023/09/21 13:10:52 messageHandle.go:151: S9N2 received the Commit from ...0
S9N2: 2023/09/21 13:10:55 pbftInside_module.go:42: S9N2 : the pre-prepare message is correct, putting it into the RequestPool. 
S9N2: 2023/09/21 13:10:55 messageHandle.go:89: S9N2 : has broadcast the prepare message 
S9N2: 2023/09/21 13:10:55 messageHandle.go:94: S9N2 : received the Prepare ...
S9N2: 2023/09/21 13:10:55 messageHandle.go:125: S9N2 : is going to commit
S9N2: 2023/09/21 13:10:55 messageHandle.go:139: S9N2 : commit is broadcast
S9N2: 2023/09/21 13:10:55 messageHandle.go:151: S9N2 received the Commit from ...1
S9N2: 2023/09/21 13:10:55 messageHandle.go:163: S9N2 : has received 2f + 1 commits ... 
S9N2: 2023/09/21 13:10:55 pbftInside_module.go:59: S9N2 : adding the block 12...now height = 11 
S9N2: 2023/09/21 13:10:55 pbftInside_module.go:61: S9N2 : added the block 12... 
S9N2: 2023/09/21 13:10:55 messageHandle.go:192: S9N2: this round of pbft 12 is end 
S9N2: 2023/09/21 13:10:55 messageHandle.go:151: S9N2 received the Commit from ...0
S9N2: 2023/09/21 13:10:58 pbftInside_module.go:42: S9N2 : the pre-prepare message is correct, putting it into the RequestPool. 
S9N2: 2023/09/21 13:10:58 messageHandle.go:89: S9N2 : has broadcast the prepare message 
S9N2: 2023/09/21 13:10:58 messageHandle.go:94: S9N2 : received the Prepare ...
S9N2: 2023/09/21 13:10:58 messageHandle.go:125: S9N2 : is going to commit
S9N2: 2023/09/21 13:10:58 messageHandle.go:139: S9N2 : commit is broadcast
S9N2: 2023/09/21 13:10:58 messageHandle.go:151: S9N2 received the Commit from ...1
S9N2: 2023/09/21 13:10:58 messageHandle.go:163: S9N2 : has received 2f + 1 commits ... 
S9N2: 2023/09/21 13:10:58 pbftInside_module.go:59: S9N2 : adding the block 13...now height = 12 
S9N2: 2023/09/21 13:10:58 pbftInside_module.go:61: S9N2 : added the block 13... 
S9N2: 2023/09/21 13:10:58 messageHandle.go:192: S9N2: this round of pbft 13 is end 
S9N2: 2023/09/21 13:10:58 messageHandle.go:151: S9N2 received the Commit from ...0
S9N2: 2023/09/21 13:11:01 pbftInside_module.go:42: S9N2 : the pre-prepare message is correct, putting it into the RequestPool. 
S9N2: 2023/09/21 13:11:01 messageHandle.go:89: S9N2 : has broadcast the prepare message 
S9N2: 2023/09/21 13:11:01 messageHandle.go:94: S9N2 : received the Prepare ...
S9N2: 2023/09/21 13:11:01 messageHandle.go:125: S9N2 : is going to commit
S9N2: 2023/09/21 13:11:01 messageHandle.go:139: S9N2 : commit is broadcast
S9N2: 2023/09/21 13:11:01 messageHandle.go:151: S9N2 received the Commit from ...1
S9N2: 2023/09/21 13:11:01 messageHandle.go:163: S9N2 : has received 2f + 1 commits ... 
S9N2: 2023/09/21 13:11:01 pbftInside_module.go:59: S9N2 : adding the block 14...now height = 13 
S9N2: 2023/09/21 13:11:01 pbftInside_module.go:61: S9N2 : added the block 14... 
S9N2: 2023/09/21 13:11:01 messageHandle.go:192: S9N2: this round of pbft 14 is end 
S9N2: 2023/09/21 13:11:01 messageHandle.go:151: S9N2 received the Commit from ...0
S9N2: 2023/09/21 13:11:04 pbftInside_module.go:42: S9N2 : the pre-prepare message is correct, putting it into the RequestPool. 
S9N2: 2023/09/21 13:11:04 messageHandle.go:89: S9N2 : has broadcast the prepare message 
S9N2: 2023/09/21 13:11:04 messageHandle.go:94: S9N2 : received the Prepare ...
S9N2: 2023/09/21 13:11:04 messageHandle.go:125: S9N2 : is going to commit
S9N2: 2023/09/21 13:11:04 messageHandle.go:139: S9N2 : commit is broadcast
S9N2: 2023/09/21 13:11:04 messageHandle.go:151: S9N2 received the Commit from ...1
S9N2: 2023/09/21 13:11:04 messageHandle.go:163: S9N2 : has received 2f + 1 commits ... 
S9N2: 2023/09/21 13:11:04 pbftInside_module.go:59: S9N2 : adding the block 15...now height = 14 
S9N2: 2023/09/21 13:11:04 pbftInside_module.go:61: S9N2 : added the block 15... 
S9N2: 2023/09/21 13:11:04 messageHandle.go:192: S9N2: this round of pbft 15 is end 
S9N2: 2023/09/21 13:11:04 messageHandle.go:151: S9N2 received the Commit from ...0
S9N2: 2023/09/21 13:11:07 pbftInside_module.go:42: S9N2 : the pre-prepare message is correct, putting it into the RequestPool. 
S9N2: 2023/09/21 13:11:07 messageHandle.go:89: S9N2 : has broadcast the prepare message 
S9N2: 2023/09/21 13:11:07 messageHandle.go:94: S9N2 : received the Prepare ...
S9N2: 2023/09/21 13:11:07 messageHandle.go:125: S9N2 : is going to commit
S9N2: 2023/09/21 13:11:07 messageHandle.go:139: S9N2 : commit is broadcast
S9N2: 2023/09/21 13:11:07 messageHandle.go:151: S9N2 received the Commit from ...1
S9N2: 2023/09/21 13:11:07 messageHandle.go:163: S9N2 : has received 2f + 1 commits ... 
S9N2: 2023/09/21 13:11:07 pbftInside_module.go:59: S9N2 : adding the block 16...now height = 15 
S9N2: 2023/09/21 13:11:07 pbftInside_module.go:61: S9N2 : added the block 16... 
S9N2: 2023/09/21 13:11:07 messageHandle.go:192: S9N2: this round of pbft 16 is end 
S9N2: 2023/09/21 13:11:07 messageHandle.go:151: S9N2 received the Commit from ...0
S9N2: 2023/09/21 13:11:10 pbftInside_module.go:42: S9N2 : the pre-prepare message is correct, putting it into the RequestPool. 
S9N2: 2023/09/21 13:11:10 messageHandle.go:89: S9N2 : has broadcast the prepare message 
S9N2: 2023/09/21 13:11:10 messageHandle.go:94: S9N2 : received the Prepare ...
S9N2: 2023/09/21 13:11:10 messageHandle.go:125: S9N2 : is going to commit
S9N2: 2023/09/21 13:11:10 messageHandle.go:139: S9N2 : commit is broadcast
S9N2: 2023/09/21 13:11:10 messageHandle.go:151: S9N2 received the Commit from ...1
S9N2: 2023/09/21 13:11:10 messageHandle.go:163: S9N2 : has received 2f + 1 commits ... 
S9N2: 2023/09/21 13:11:10 pbftInside_module.go:59: S9N2 : adding the block 17...now height = 16 
S9N2: 2023/09/21 13:11:10 pbftInside_module.go:61: S9N2 : added the block 17... 
S9N2: 2023/09/21 13:11:10 messageHandle.go:192: S9N2: this round of pbft 17 is end 
S9N2: 2023/09/21 13:11:10 messageHandle.go:151: S9N2 received the Commit from ...0
S9N2: 2023/09/21 13:11:13 pbftInside_module.go:42: S9N2 : the pre-prepare message is correct, putting it into the RequestPool. 
S9N2: 2023/09/21 13:11:13 messageHandle.go:89: S9N2 : has broadcast the prepare message 
S9N2: 2023/09/21 13:11:13 messageHandle.go:94: S9N2 : received the Prepare ...
S9N2: 2023/09/21 13:11:13 messageHandle.go:125: S9N2 : is going to commit
S9N2: 2023/09/21 13:11:13 messageHandle.go:139: S9N2 : commit is broadcast
S9N2: 2023/09/21 13:11:13 messageHandle.go:151: S9N2 received the Commit from ...1
S9N2: 2023/09/21 13:11:13 messageHandle.go:163: S9N2 : has received 2f + 1 commits ... 
S9N2: 2023/09/21 13:11:13 pbftInside_module.go:59: S9N2 : adding the block 18...now height = 17 
S9N2: 2023/09/21 13:11:13 pbftInside_module.go:61: S9N2 : added the block 18... 
S9N2: 2023/09/21 13:11:13 messageHandle.go:192: S9N2: this round of pbft 18 is end 
S9N2: 2023/09/21 13:11:13 messageHandle.go:151: S9N2 received the Commit from ...0
S9N2: 2023/09/21 13:11:16 pbftInside_module.go:42: S9N2 : the pre-prepare message is correct, putting it into the RequestPool. 
S9N2: 2023/09/21 13:11:16 messageHandle.go:89: S9N2 : has broadcast the prepare message 
S9N2: 2023/09/21 13:11:16 messageHandle.go:94: S9N2 : received the Prepare ...
S9N2: 2023/09/21 13:11:16 messageHandle.go:125: S9N2 : is going to commit
S9N2: 2023/09/21 13:11:16 messageHandle.go:139: S9N2 : commit is broadcast
S9N2: 2023/09/21 13:11:16 messageHandle.go:151: S9N2 received the Commit from ...1
S9N2: 2023/09/21 13:11:16 messageHandle.go:163: S9N2 : has received 2f + 1 commits ... 
S9N2: 2023/09/21 13:11:16 pbftInside_module.go:59: S9N2 : adding the block 19...now height = 18 
S9N2: 2023/09/21 13:11:16 pbftInside_module.go:61: S9N2 : added the block 19... 
S9N2: 2023/09/21 13:11:16 messageHandle.go:192: S9N2: this round of pbft 19 is end 
S9N2: 2023/09/21 13:11:16 messageHandle.go:151: S9N2 received the Commit from ...0
S9N2: 2023/09/21 13:11:19 pbftInside_module.go:42: S9N2 : the pre-prepare message is correct, putting it into the RequestPool. 
S9N2: 2023/09/21 13:11:19 messageHandle.go:89: S9N2 : has broadcast the prepare message 
S9N2: 2023/09/21 13:11:19 messageHandle.go:94: S9N2 : received the Prepare ...
S9N2: 2023/09/21 13:11:19 messageHandle.go:125: S9N2 : is going to commit
S9N2: 2023/09/21 13:11:19 messageHandle.go:139: S9N2 : commit is broadcast
S9N2: 2023/09/21 13:11:19 messageHandle.go:151: S9N2 received the Commit from ...1
S9N2: 2023/09/21 13:11:19 messageHandle.go:163: S9N2 : has received 2f + 1 commits ... 
S9N2: 2023/09/21 13:11:19 pbftInside_module.go:59: S9N2 : adding the block 20...now height = 19 
S9N2: 2023/09/21 13:11:19 pbftInside_module.go:61: S9N2 : added the block 20... 
S9N2: 2023/09/21 13:11:19 messageHandle.go:192: S9N2: this round of pbft 20 is end 
S9N2: 2023/09/21 13:11:19 messageHandle.go:151: S9N2 received the Commit from ...0
S9N2: 2023/09/21 13:11:22 pbftInside_module.go:42: S9N2 : the pre-prepare message is correct, putting it into the RequestPool. 
S9N2: 2023/09/21 13:11:22 messageHandle.go:89: S9N2 : has broadcast the prepare message 
S9N2: 2023/09/21 13:11:22 messageHandle.go:94: S9N2 : received the Prepare ...
S9N2: 2023/09/21 13:11:22 messageHandle.go:125: S9N2 : is going to commit
S9N2: 2023/09/21 13:11:22 messageHandle.go:139: S9N2 : commit is broadcast
S9N2: 2023/09/21 13:11:22 messageHandle.go:151: S9N2 received the Commit from ...0
S9N2: 2023/09/21 13:11:22 messageHandle.go:163: S9N2 : has received 2f + 1 commits ... 
S9N2: 2023/09/21 13:11:22 pbftInside_module.go:59: S9N2 : adding the block 21...now height = 20 
S9N2: 2023/09/21 13:11:22 pbftInside_module.go:61: S9N2 : added the block 21... 
S9N2: 2023/09/21 13:11:22 messageHandle.go:192: S9N2: this round of pbft 21 is end 
S9N2: 2023/09/21 13:11:22 messageHandle.go:151: S9N2 received the Commit from ...1
S9N2: 2023/09/21 13:11:25 pbftInside_module.go:42: S9N2 : the pre-prepare message is correct, putting it into the RequestPool. 
S9N2: 2023/09/21 13:11:25 messageHandle.go:89: S9N2 : has broadcast the prepare message 
S9N2: 2023/09/21 13:11:25 messageHandle.go:94: S9N2 : received the Prepare ...
S9N2: 2023/09/21 13:11:25 messageHandle.go:125: S9N2 : is going to commit
S9N2: 2023/09/21 13:11:25 messageHandle.go:139: S9N2 : commit is broadcast
S9N2: 2023/09/21 13:11:25 messageHandle.go:151: S9N2 received the Commit from ...1
S9N2: 2023/09/21 13:11:25 messageHandle.go:163: S9N2 : has received 2f + 1 commits ... 
S9N2: 2023/09/21 13:11:25 pbftInside_module.go:59: S9N2 : adding the block 22...now height = 21 
S9N2: 2023/09/21 13:11:25 pbftInside_module.go:61: S9N2 : added the block 22... 
S9N2: 2023/09/21 13:11:25 messageHandle.go:192: S9N2: this round of pbft 22 is end 
S9N2: 2023/09/21 13:11:25 messageHandle.go:151: S9N2 received the Commit from ...0
S9N2: 2023/09/21 13:11:28 pbftInside_module.go:42: S9N2 : the pre-prepare message is correct, putting it into the RequestPool. 
S9N2: 2023/09/21 13:11:28 messageHandle.go:89: S9N2 : has broadcast the prepare message 
S9N2: 2023/09/21 13:11:28 messageHandle.go:94: S9N2 : received the Prepare ...
S9N2: 2023/09/21 13:11:28 messageHandle.go:125: S9N2 : is going to commit
S9N2: 2023/09/21 13:11:28 messageHandle.go:139: S9N2 : commit is broadcast
S9N2: 2023/09/21 13:11:28 messageHandle.go:151: S9N2 received the Commit from ...0
S9N2: 2023/09/21 13:11:28 messageHandle.go:163: S9N2 : has received 2f + 1 commits ... 
S9N2: 2023/09/21 13:11:28 pbftInside_module.go:59: S9N2 : adding the block 23...now height = 22 
S9N2: 2023/09/21 13:11:28 pbftInside_module.go:61: S9N2 : added the block 23... 
S9N2: 2023/09/21 13:11:28 messageHandle.go:192: S9N2: this round of pbft 23 is end 
S9N2: 2023/09/21 13:11:28 messageHandle.go:151: S9N2 received the Commit from ...1
S9N2: 2023/09/21 13:11:31 pbftInside_module.go:42: S9N2 : the pre-prepare message is correct, putting it into the RequestPool. 
S9N2: 2023/09/21 13:11:31 messageHandle.go:89: S9N2 : has broadcast the prepare message 
S9N2: 2023/09/21 13:11:31 messageHandle.go:94: S9N2 : received the Prepare ...
S9N2: 2023/09/21 13:11:31 messageHandle.go:125: S9N2 : is going to commit
S9N2: 2023/09/21 13:11:31 messageHandle.go:139: S9N2 : commit is broadcast
S9N2: 2023/09/21 13:11:31 messageHandle.go:151: S9N2 received the Commit from ...1
S9N2: 2023/09/21 13:11:31 messageHandle.go:163: S9N2 : has received 2f + 1 commits ... 
S9N2: 2023/09/21 13:11:31 pbftInside_module.go:59: S9N2 : adding the block 24...now height = 23 
S9N2: 2023/09/21 13:11:31 pbftInside_module.go:61: S9N2 : added the block 24... 
S9N2: 2023/09/21 13:11:31 messageHandle.go:192: S9N2: this round of pbft 24 is end 
S9N2: 2023/09/21 13:11:31 messageHandle.go:151: S9N2 received the Commit from ...0
S9N2: 2023/09/21 13:11:34 pbftInside_module.go:42: S9N2 : the pre-prepare message is correct, putting it into the RequestPool. 
S9N2: 2023/09/21 13:11:34 messageHandle.go:89: S9N2 : has broadcast the prepare message 
S9N2: 2023/09/21 13:11:34 messageHandle.go:94: S9N2 : received the Prepare ...
S9N2: 2023/09/21 13:11:34 messageHandle.go:125: S9N2 : is going to commit
S9N2: 2023/09/21 13:11:34 messageHandle.go:139: S9N2 : commit is broadcast
S9N2: 2023/09/21 13:11:34 messageHandle.go:151: S9N2 received the Commit from ...1
S9N2: 2023/09/21 13:11:34 messageHandle.go:163: S9N2 : has received 2f + 1 commits ... 
S9N2: 2023/09/21 13:11:34 pbftInside_module.go:59: S9N2 : adding the block 25...now height = 24 
S9N2: 2023/09/21 13:11:34 pbftInside_module.go:61: S9N2 : added the block 25... 
S9N2: 2023/09/21 13:11:34 messageHandle.go:192: S9N2: this round of pbft 25 is end 
S9N2: 2023/09/21 13:11:34 messageHandle.go:151: S9N2 received the Commit from ...0
S9N2: 2023/09/21 13:11:37 pbftInside_module.go:42: S9N2 : the pre-prepare message is correct, putting it into the RequestPool. 
S9N2: 2023/09/21 13:11:37 messageHandle.go:89: S9N2 : has broadcast the prepare message 
S9N2: 2023/09/21 13:11:37 messageHandle.go:94: S9N2 : received the Prepare ...
S9N2: 2023/09/21 13:11:37 messageHandle.go:125: S9N2 : is going to commit
S9N2: 2023/09/21 13:11:37 messageHandle.go:139: S9N2 : commit is broadcast
S9N2: 2023/09/21 13:11:37 messageHandle.go:151: S9N2 received the Commit from ...1
S9N2: 2023/09/21 13:11:37 messageHandle.go:163: S9N2 : has received 2f + 1 commits ... 
S9N2: 2023/09/21 13:11:37 pbftInside_module.go:59: S9N2 : adding the block 26...now height = 25 
S9N2: 2023/09/21 13:11:37 pbftInside_module.go:61: S9N2 : added the block 26... 
S9N2: 2023/09/21 13:11:37 messageHandle.go:192: S9N2: this round of pbft 26 is end 
S9N2: 2023/09/21 13:11:37 messageHandle.go:151: S9N2 received the Commit from ...0
S9N2: 2023/09/21 13:11:40 pbftInside_module.go:42: S9N2 : the pre-prepare message is correct, putting it into the RequestPool. 
S9N2: 2023/09/21 13:11:40 messageHandle.go:89: S9N2 : has broadcast the prepare message 
S9N2: 2023/09/21 13:11:40 messageHandle.go:94: S9N2 : received the Prepare ...
S9N2: 2023/09/21 13:11:40 messageHandle.go:125: S9N2 : is going to commit
S9N2: 2023/09/21 13:11:40 messageHandle.go:139: S9N2 : commit is broadcast
S9N2: 2023/09/21 13:11:40 messageHandle.go:151: S9N2 received the Commit from ...1
S9N2: 2023/09/21 13:11:40 messageHandle.go:163: S9N2 : has received 2f + 1 commits ... 
S9N2: 2023/09/21 13:11:40 pbftInside_module.go:59: S9N2 : adding the block 27...now height = 26 
S9N2: 2023/09/21 13:11:40 pbftInside_module.go:61: S9N2 : added the block 27... 
S9N2: 2023/09/21 13:11:40 messageHandle.go:192: S9N2: this round of pbft 27 is end 
S9N2: 2023/09/21 13:11:40 messageHandle.go:151: S9N2 received the Commit from ...0
S9N2: 2023/09/21 13:11:43 pbftInside_module.go:42: S9N2 : the pre-prepare message is correct, putting it into the RequestPool. 
S9N2: 2023/09/21 13:11:43 messageHandle.go:89: S9N2 : has broadcast the prepare message 
S9N2: 2023/09/21 13:11:43 messageHandle.go:94: S9N2 : received the Prepare ...
S9N2: 2023/09/21 13:11:43 messageHandle.go:125: S9N2 : is going to commit
S9N2: 2023/09/21 13:11:43 messageHandle.go:139: S9N2 : commit is broadcast
S9N2: 2023/09/21 13:11:43 messageHandle.go:151: S9N2 received the Commit from ...1
S9N2: 2023/09/21 13:11:43 messageHandle.go:163: S9N2 : has received 2f + 1 commits ... 
S9N2: 2023/09/21 13:11:43 pbftInside_module.go:59: S9N2 : adding the block 28...now height = 27 
S9N2: 2023/09/21 13:11:43 pbftInside_module.go:61: S9N2 : added the block 28... 
S9N2: 2023/09/21 13:11:43 messageHandle.go:192: S9N2: this round of pbft 28 is end 
S9N2: 2023/09/21 13:11:43 messageHandle.go:151: S9N2 received the Commit from ...0
S9N2: 2023/09/21 13:11:46 pbftInside_module.go:42: S9N2 : the pre-prepare message is correct, putting it into the RequestPool. 
S9N2: 2023/09/21 13:11:46 messageHandle.go:89: S9N2 : has broadcast the prepare message 
S9N2: 2023/09/21 13:11:46 messageHandle.go:94: S9N2 : received the Prepare ...
S9N2: 2023/09/21 13:11:46 messageHandle.go:125: S9N2 : is going to commit
S9N2: 2023/09/21 13:11:46 messageHandle.go:139: S9N2 : commit is broadcast
S9N2: 2023/09/21 13:11:46 messageHandle.go:151: S9N2 received the Commit from ...0
S9N2: 2023/09/21 13:11:46 messageHandle.go:163: S9N2 : has received 2f + 1 commits ... 
S9N2: 2023/09/21 13:11:46 pbftInside_module.go:59: S9N2 : adding the block 29...now height = 28 
S9N2: 2023/09/21 13:11:46 pbftInside_module.go:61: S9N2 : added the block 29... 
S9N2: 2023/09/21 13:11:46 messageHandle.go:192: S9N2: this round of pbft 29 is end 
S9N2: 2023/09/21 13:11:46 messageHandle.go:151: S9N2 received the Commit from ...1
