S8N1: 2023/09/21 13:10:21 pbftInside_module.go:42: S8N1 : the pre-prepare message is correct, putting it into the RequestPool. 
S8N1: 2023/09/21 13:10:21 messageHandle.go:89: S8N1 : has broadcast the prepare message 
S8N1: 2023/09/21 13:10:21 messageHandle.go:94: S8N1 : received the Prepare ...
S8N1: 2023/09/21 13:10:21 messageHandle.go:125: S8N1 : is going to commit
S8N1: 2023/09/21 13:10:21 messageHandle.go:139: S8N1 : commit is broadcast
S8N1: 2023/09/21 13:10:21 messageHandle.go:151: S8N1 received the Commit from ...0
S8N1: 2023/09/21 13:10:21 messageHandle.go:163: S8N1 : has received 2f + 1 commits ... 
S8N1: 2023/09/21 13:10:21 pbftInside_module.go:59: S8N1 : adding the block 1...now height = 0 
S8N1: 2023/09/21 13:10:21 pbftInside_module.go:61: S8N1 : added the block 1... 
S8N1: 2023/09/21 13:10:21 messageHandle.go:192: S8N1: this round of pbft 1 is end 
S8N1: 2023/09/21 13:10:21 messageHandle.go:151: S8N1 received the Commit from ...2
S8N1: 2023/09/21 13:10:24 pbftInside_module.go:42: S8N1 : the pre-prepare message is correct, putting it into the RequestPool. 
S8N1: 2023/09/21 13:10:24 messageHandle.go:89: S8N1 : has broadcast the prepare message 
S8N1: 2023/09/21 13:10:24 messageHandle.go:94: S8N1 : received the Prepare ...
S8N1: 2023/09/21 13:10:24 messageHandle.go:125: S8N1 : is going to commit
S8N1: 2023/09/21 13:10:24 messageHandle.go:139: S8N1 : commit is broadcast
S8N1: 2023/09/21 13:10:24 messageHandle.go:151: S8N1 received the Commit from ...0
S8N1: 2023/09/21 13:10:24 messageHandle.go:163: S8N1 : has received 2f + 1 commits ... 
S8N1: 2023/09/21 13:10:24 pbftInside_module.go:59: S8N1 : adding the block 2...now height = 1 
S8N1: 2023/09/21 13:10:24 pbftInside_module.go:61: S8N1 : added the block 2... 
S8N1: 2023/09/21 13:10:24 messageHandle.go:192: S8N1: this round of pbft 2 is end 
S8N1: 2023/09/21 13:10:24 messageHandle.go:151: S8N1 received the Commit from ...2
S8N1: 2023/09/21 13:10:27 pbftInside_module.go:42: S8N1 : the pre-prepare message is correct, putting it into the RequestPool. 
S8N1: 2023/09/21 13:10:27 messageHandle.go:89: S8N1 : has broadcast the prepare message 
S8N1: 2023/09/21 13:10:27 messageHandle.go:94: S8N1 : received the Prepare ...
S8N1: 2023/09/21 13:10:27 messageHandle.go:125: S8N1 : is going to commit
S8N1: 2023/09/21 13:10:27 messageHandle.go:139: S8N1 : commit is broadcast
S8N1: 2023/09/21 13:10:27 messageHandle.go:151: S8N1 received the Commit from ...0
S8N1: 2023/09/21 13:10:27 messageHandle.go:163: S8N1 : has received 2f + 1 commits ... 
S8N1: 2023/09/21 13:10:27 pbftInside_module.go:59: S8N1 : adding the block 3...now height = 2 
S8N1: 2023/09/21 13:10:27 pbftInside_module.go:61: S8N1 : added the block 3... 
S8N1: 2023/09/21 13:10:27 messageHandle.go:192: S8N1: this round of pbft 3 is end 
S8N1: 2023/09/21 13:10:27 messageHandle.go:151: S8N1 received the Commit from ...2
S8N1: 2023/09/21 13:10:30 pbftInside_module.go:42: S8N1 : the pre-prepare message is correct, putting it into the RequestPool. 
S8N1: 2023/09/21 13:10:30 messageHandle.go:89: S8N1 : has broadcast the prepare message 
S8N1: 2023/09/21 13:10:30 messageHandle.go:94: S8N1 : received the Prepare ...
S8N1: 2023/09/21 13:10:30 messageHandle.go:125: S8N1 : is going to commit
S8N1: 2023/09/21 13:10:30 messageHandle.go:139: S8N1 : commit is broadcast
S8N1: 2023/09/21 13:10:30 messageHandle.go:151: S8N1 received the Commit from ...0
S8N1: 2023/09/21 13:10:30 messageHandle.go:163: S8N1 : has received 2f + 1 commits ... 
S8N1: 2023/09/21 13:10:30 pbftInside_module.go:59: S8N1 : adding the block 4...now height = 3 
S8N1: 2023/09/21 13:10:30 pbftInside_module.go:61: S8N1 : added the block 4... 
S8N1: 2023/09/21 13:10:30 messageHandle.go:192: S8N1: this round of pbft 4 is end 
S8N1: 2023/09/21 13:10:30 messageHandle.go:151: S8N1 received the Commit from ...2
S8N1: 2023/09/21 13:10:33 pbftInside_module.go:42: S8N1 : the pre-prepare message is correct, putting it into the RequestPool. 
S8N1: 2023/09/21 13:10:33 messageHandle.go:89: S8N1 : has broadcast the prepare message 
S8N1: 2023/09/21 13:10:33 messageHandle.go:94: S8N1 : received the Prepare ...
S8N1: 2023/09/21 13:10:33 messageHandle.go:125: S8N1 : is going to commit
S8N1: 2023/09/21 13:10:33 messageHandle.go:139: S8N1 : commit is broadcast
S8N1: 2023/09/21 13:10:33 messageHandle.go:151: S8N1 received the Commit from ...0
S8N1: 2023/09/21 13:10:33 messageHandle.go:163: S8N1 : has received 2f + 1 commits ... 
S8N1: 2023/09/21 13:10:33 pbftInside_module.go:59: S8N1 : adding the block 5...now height = 4 
S8N1: 2023/09/21 13:10:33 pbftInside_module.go:61: S8N1 : added the block 5... 
S8N1: 2023/09/21 13:10:33 messageHandle.go:192: S8N1: this round of pbft 5 is end 
S8N1: 2023/09/21 13:10:33 messageHandle.go:151: S8N1 received the Commit from ...2
S8N1: 2023/09/21 13:10:36 pbftInside_module.go:42: S8N1 : the pre-prepare message is correct, putting it into the RequestPool. 
S8N1: 2023/09/21 13:10:36 messageHandle.go:89: S8N1 : has broadcast the prepare message 
S8N1: 2023/09/21 13:10:36 messageHandle.go:94: S8N1 : received the Prepare ...
S8N1: 2023/09/21 13:10:36 messageHandle.go:125: S8N1 : is going to commit
S8N1: 2023/09/21 13:10:36 messageHandle.go:139: S8N1 : commit is broadcast
S8N1: 2023/09/21 13:10:36 messageHandle.go:151: S8N1 received the Commit from ...0
S8N1: 2023/09/21 13:10:36 messageHandle.go:163: S8N1 : has received 2f + 1 commits ... 
S8N1: 2023/09/21 13:10:36 pbftInside_module.go:59: S8N1 : adding the block 6...now height = 5 
S8N1: 2023/09/21 13:10:36 pbftInside_module.go:61: S8N1 : added the block 6... 
S8N1: 2023/09/21 13:10:36 messageHandle.go:192: S8N1: this round of pbft 6 is end 
S8N1: 2023/09/21 13:10:36 messageHandle.go:151: S8N1 received the Commit from ...2
S8N1: 2023/09/21 13:10:39 pbftInside_module.go:42: S8N1 : the pre-prepare message is correct, putting it into the RequestPool. 
S8N1: 2023/09/21 13:10:39 messageHandle.go:89: S8N1 : has broadcast the prepare message 
S8N1: 2023/09/21 13:10:39 messageHandle.go:94: S8N1 : received the Prepare ...
S8N1: 2023/09/21 13:10:39 messageHandle.go:125: S8N1 : is going to commit
S8N1: 2023/09/21 13:10:39 messageHandle.go:139: S8N1 : commit is broadcast
S8N1: 2023/09/21 13:10:39 messageHandle.go:151: S8N1 received the Commit from ...0
S8N1: 2023/09/21 13:10:39 messageHandle.go:163: S8N1 : has received 2f + 1 commits ... 
S8N1: 2023/09/21 13:10:39 pbftInside_module.go:59: S8N1 : adding the block 7...now height = 6 
S8N1: 2023/09/21 13:10:39 pbftInside_module.go:61: S8N1 : added the block 7... 
S8N1: 2023/09/21 13:10:39 messageHandle.go:192: S8N1: this round of pbft 7 is end 
S8N1: 2023/09/21 13:10:39 messageHandle.go:151: S8N1 received the Commit from ...2
S8N1: 2023/09/21 13:10:42 pbftInside_module.go:42: S8N1 : the pre-prepare message is correct, putting it into the RequestPool. 
S8N1: 2023/09/21 13:10:42 messageHandle.go:89: S8N1 : has broadcast the prepare message 
S8N1: 2023/09/21 13:10:42 messageHandle.go:94: S8N1 : received the Prepare ...
S8N1: 2023/09/21 13:10:42 messageHandle.go:125: S8N1 : is going to commit
S8N1: 2023/09/21 13:10:42 messageHandle.go:139: S8N1 : commit is broadcast
S8N1: 2023/09/21 13:10:42 messageHandle.go:151: S8N1 received the Commit from ...0
S8N1: 2023/09/21 13:10:42 messageHandle.go:163: S8N1 : has received 2f + 1 commits ... 
S8N1: 2023/09/21 13:10:42 pbftInside_module.go:59: S8N1 : adding the block 8...now height = 7 
S8N1: 2023/09/21 13:10:42 pbftInside_module.go:61: S8N1 : added the block 8... 
S8N1: 2023/09/21 13:10:42 messageHandle.go:192: S8N1: this round of pbft 8 is end 
S8N1: 2023/09/21 13:10:42 messageHandle.go:151: S8N1 received the Commit from ...2
S8N1: 2023/09/21 13:10:45 pbftInside_module.go:42: S8N1 : the pre-prepare message is correct, putting it into the RequestPool. 
S8N1: 2023/09/21 13:10:45 messageHandle.go:89: S8N1 : has broadcast the prepare message 
S8N1: 2023/09/21 13:10:45 messageHandle.go:94: S8N1 : received the Prepare ...
S8N1: 2023/09/21 13:10:45 messageHandle.go:125: S8N1 : is going to commit
S8N1: 2023/09/21 13:10:45 messageHandle.go:139: S8N1 : commit is broadcast
S8N1: 2023/09/21 13:10:45 messageHandle.go:151: S8N1 received the Commit from ...2
S8N1: 2023/09/21 13:10:45 messageHandle.go:163: S8N1 : has received 2f + 1 commits ... 
S8N1: 2023/09/21 13:10:45 pbftInside_module.go:59: S8N1 : adding the block 9...now height = 8 
S8N1: 2023/09/21 13:10:45 pbftInside_module.go:61: S8N1 : added the block 9... 
S8N1: 2023/09/21 13:10:45 messageHandle.go:192: S8N1: this round of pbft 9 is end 
S8N1: 2023/09/21 13:10:45 messageHandle.go:151: S8N1 received the Commit from ...0
S8N1: 2023/09/21 13:10:48 pbftInside_module.go:42: S8N1 : the pre-prepare message is correct, putting it into the RequestPool. 
S8N1: 2023/09/21 13:10:48 messageHandle.go:89: S8N1 : has broadcast the prepare message 
S8N1: 2023/09/21 13:10:48 messageHandle.go:94: S8N1 : received the Prepare ...
S8N1: 2023/09/21 13:10:48 messageHandle.go:125: S8N1 : is going to commit
S8N1: 2023/09/21 13:10:48 messageHandle.go:139: S8N1 : commit is broadcast
S8N1: 2023/09/21 13:10:48 messageHandle.go:151: S8N1 received the Commit from ...2
S8N1: 2023/09/21 13:10:48 messageHandle.go:163: S8N1 : has received 2f + 1 commits ... 
S8N1: 2023/09/21 13:10:48 pbftInside_module.go:59: S8N1 : adding the block 10...now height = 9 
S8N1: 2023/09/21 13:10:48 pbftInside_module.go:61: S8N1 : added the block 10... 
S8N1: 2023/09/21 13:10:48 messageHandle.go:192: S8N1: this round of pbft 10 is end 
S8N1: 2023/09/21 13:10:48 messageHandle.go:151: S8N1 received the Commit from ...0
S8N1: 2023/09/21 13:10:51 pbftInside_module.go:42: S8N1 : the pre-prepare message is correct, putting it into the RequestPool. 
S8N1: 2023/09/21 13:10:51 messageHandle.go:89: S8N1 : has broadcast the prepare message 
S8N1: 2023/09/21 13:10:51 messageHandle.go:94: S8N1 : received the Prepare ...
S8N1: 2023/09/21 13:10:51 messageHandle.go:125: S8N1 : is going to commit
S8N1: 2023/09/21 13:10:51 messageHandle.go:139: S8N1 : commit is broadcast
S8N1: 2023/09/21 13:10:51 messageHandle.go:151: S8N1 received the Commit from ...2
S8N1: 2023/09/21 13:10:51 messageHandle.go:163: S8N1 : has received 2f + 1 commits ... 
S8N1: 2023/09/21 13:10:51 pbftInside_module.go:59: S8N1 : adding the block 11...now height = 10 
S8N1: 2023/09/21 13:10:51 pbftInside_module.go:61: S8N1 : added the block 11... 
S8N1: 2023/09/21 13:10:51 messageHandle.go:192: S8N1: this round of pbft 11 is end 
S8N1: 2023/09/21 13:10:51 messageHandle.go:151: S8N1 received the Commit from ...0
S8N1: 2023/09/21 13:10:54 pbftInside_module.go:42: S8N1 : the pre-prepare message is correct, putting it into the RequestPool. 
S8N1: 2023/09/21 13:10:54 messageHandle.go:89: S8N1 : has broadcast the prepare message 
S8N1: 2023/09/21 13:10:54 messageHandle.go:94: S8N1 : received the Prepare ...
S8N1: 2023/09/21 13:10:54 messageHandle.go:125: S8N1 : is going to commit
S8N1: 2023/09/21 13:10:54 messageHandle.go:139: S8N1 : commit is broadcast
S8N1: 2023/09/21 13:10:54 messageHandle.go:151: S8N1 received the Commit from ...2
S8N1: 2023/09/21 13:10:54 messageHandle.go:163: S8N1 : has received 2f + 1 commits ... 
S8N1: 2023/09/21 13:10:54 pbftInside_module.go:59: S8N1 : adding the block 12...now height = 11 
S8N1: 2023/09/21 13:10:54 pbftInside_module.go:61: S8N1 : added the block 12... 
S8N1: 2023/09/21 13:10:54 messageHandle.go:192: S8N1: this round of pbft 12 is end 
S8N1: 2023/09/21 13:10:54 messageHandle.go:151: S8N1 received the Commit from ...0
S8N1: 2023/09/21 13:10:57 pbftInside_module.go:42: S8N1 : the pre-prepare message is correct, putting it into the RequestPool. 
S8N1: 2023/09/21 13:10:57 messageHandle.go:89: S8N1 : has broadcast the prepare message 
S8N1: 2023/09/21 13:10:57 messageHandle.go:94: S8N1 : received the Prepare ...
S8N1: 2023/09/21 13:10:57 messageHandle.go:125: S8N1 : is going to commit
S8N1: 2023/09/21 13:10:57 messageHandle.go:139: S8N1 : commit is broadcast
S8N1: 2023/09/21 13:10:57 messageHandle.go:151: S8N1 received the Commit from ...0
S8N1: 2023/09/21 13:10:57 messageHandle.go:163: S8N1 : has received 2f + 1 commits ... 
S8N1: 2023/09/21 13:10:57 pbftInside_module.go:59: S8N1 : adding the block 13...now height = 12 
S8N1: 2023/09/21 13:10:57 pbftInside_module.go:61: S8N1 : added the block 13... 
S8N1: 2023/09/21 13:10:57 messageHandle.go:192: S8N1: this round of pbft 13 is end 
S8N1: 2023/09/21 13:10:57 messageHandle.go:151: S8N1 received the Commit from ...2
S8N1: 2023/09/21 13:11:00 pbftInside_module.go:42: S8N1 : the pre-prepare message is correct, putting it into the RequestPool. 
S8N1: 2023/09/21 13:11:00 messageHandle.go:89: S8N1 : has broadcast the prepare message 
S8N1: 2023/09/21 13:11:00 messageHandle.go:94: S8N1 : received the Prepare ...
S8N1: 2023/09/21 13:11:00 messageHandle.go:125: S8N1 : is going to commit
S8N1: 2023/09/21 13:11:00 messageHandle.go:139: S8N1 : commit is broadcast
S8N1: 2023/09/21 13:11:00 messageHandle.go:151: S8N1 received the Commit from ...2
S8N1: 2023/09/21 13:11:00 messageHandle.go:163: S8N1 : has received 2f + 1 commits ... 
S8N1: 2023/09/21 13:11:00 pbftInside_module.go:59: S8N1 : adding the block 14...now height = 13 
S8N1: 2023/09/21 13:11:00 pbftInside_module.go:61: S8N1 : added the block 14... 
S8N1: 2023/09/21 13:11:00 messageHandle.go:192: S8N1: this round of pbft 14 is end 
S8N1: 2023/09/21 13:11:00 messageHandle.go:151: S8N1 received the Commit from ...0
S8N1: 2023/09/21 13:11:03 pbftInside_module.go:42: S8N1 : the pre-prepare message is correct, putting it into the RequestPool. 
S8N1: 2023/09/21 13:11:03 messageHandle.go:89: S8N1 : has broadcast the prepare message 
S8N1: 2023/09/21 13:11:03 messageHandle.go:94: S8N1 : received the Prepare ...
S8N1: 2023/09/21 13:11:03 messageHandle.go:125: S8N1 : is going to commit
S8N1: 2023/09/21 13:11:03 messageHandle.go:139: S8N1 : commit is broadcast
S8N1: 2023/09/21 13:11:03 messageHandle.go:151: S8N1 received the Commit from ...2
S8N1: 2023/09/21 13:11:03 messageHandle.go:163: S8N1 : has received 2f + 1 commits ... 
S8N1: 2023/09/21 13:11:03 pbftInside_module.go:59: S8N1 : adding the block 15...now height = 14 
S8N1: 2023/09/21 13:11:03 pbftInside_module.go:61: S8N1 : added the block 15... 
S8N1: 2023/09/21 13:11:03 messageHandle.go:192: S8N1: this round of pbft 15 is end 
S8N1: 2023/09/21 13:11:03 messageHandle.go:151: S8N1 received the Commit from ...0
S8N1: 2023/09/21 13:11:06 pbftInside_module.go:42: S8N1 : the pre-prepare message is correct, putting it into the RequestPool. 
S8N1: 2023/09/21 13:11:06 messageHandle.go:89: S8N1 : has broadcast the prepare message 
S8N1: 2023/09/21 13:11:06 messageHandle.go:94: S8N1 : received the Prepare ...
S8N1: 2023/09/21 13:11:06 messageHandle.go:125: S8N1 : is going to commit
S8N1: 2023/09/21 13:11:06 messageHandle.go:139: S8N1 : commit is broadcast
S8N1: 2023/09/21 13:11:06 messageHandle.go:151: S8N1 received the Commit from ...2
S8N1: 2023/09/21 13:11:06 messageHandle.go:163: S8N1 : has received 2f + 1 commits ... 
S8N1: 2023/09/21 13:11:06 pbftInside_module.go:59: S8N1 : adding the block 16...now height = 15 
S8N1: 2023/09/21 13:11:06 pbftInside_module.go:61: S8N1 : added the block 16... 
S8N1: 2023/09/21 13:11:06 messageHandle.go:192: S8N1: this round of pbft 16 is end 
S8N1: 2023/09/21 13:11:06 messageHandle.go:151: S8N1 received the Commit from ...0
S8N1: 2023/09/21 13:11:09 pbftInside_module.go:42: S8N1 : the pre-prepare message is correct, putting it into the RequestPool. 
S8N1: 2023/09/21 13:11:09 messageHandle.go:89: S8N1 : has broadcast the prepare message 
S8N1: 2023/09/21 13:11:09 messageHandle.go:94: S8N1 : received the Prepare ...
S8N1: 2023/09/21 13:11:09 messageHandle.go:125: S8N1 : is going to commit
S8N1: 2023/09/21 13:11:09 messageHandle.go:139: S8N1 : commit is broadcast
S8N1: 2023/09/21 13:11:09 messageHandle.go:151: S8N1 received the Commit from ...2
S8N1: 2023/09/21 13:11:09 messageHandle.go:163: S8N1 : has received 2f + 1 commits ... 
S8N1: 2023/09/21 13:11:09 pbftInside_module.go:59: S8N1 : adding the block 17...now height = 16 
S8N1: 2023/09/21 13:11:09 pbftInside_module.go:61: S8N1 : added the block 17... 
S8N1: 2023/09/21 13:11:09 messageHandle.go:192: S8N1: this round of pbft 17 is end 
S8N1: 2023/09/21 13:11:09 messageHandle.go:151: S8N1 received the Commit from ...0
S8N1: 2023/09/21 13:11:12 pbftInside_module.go:42: S8N1 : the pre-prepare message is correct, putting it into the RequestPool. 
S8N1: 2023/09/21 13:11:12 messageHandle.go:89: S8N1 : has broadcast the prepare message 
S8N1: 2023/09/21 13:11:12 messageHandle.go:94: S8N1 : received the Prepare ...
S8N1: 2023/09/21 13:11:12 messageHandle.go:125: S8N1 : is going to commit
S8N1: 2023/09/21 13:11:12 messageHandle.go:139: S8N1 : commit is broadcast
S8N1: 2023/09/21 13:11:12 messageHandle.go:151: S8N1 received the Commit from ...2
S8N1: 2023/09/21 13:11:12 messageHandle.go:163: S8N1 : has received 2f + 1 commits ... 
S8N1: 2023/09/21 13:11:12 pbftInside_module.go:59: S8N1 : adding the block 18...now height = 17 
S8N1: 2023/09/21 13:11:12 pbftInside_module.go:61: S8N1 : added the block 18... 
S8N1: 2023/09/21 13:11:12 messageHandle.go:192: S8N1: this round of pbft 18 is end 
S8N1: 2023/09/21 13:11:12 messageHandle.go:151: S8N1 received the Commit from ...0
S8N1: 2023/09/21 13:11:15 pbftInside_module.go:42: S8N1 : the pre-prepare message is correct, putting it into the RequestPool. 
S8N1: 2023/09/21 13:11:15 messageHandle.go:89: S8N1 : has broadcast the prepare message 
S8N1: 2023/09/21 13:11:15 messageHandle.go:94: S8N1 : received the Prepare ...
S8N1: 2023/09/21 13:11:15 messageHandle.go:125: S8N1 : is going to commit
S8N1: 2023/09/21 13:11:15 messageHandle.go:139: S8N1 : commit is broadcast
S8N1: 2023/09/21 13:11:15 messageHandle.go:151: S8N1 received the Commit from ...0
S8N1: 2023/09/21 13:11:15 messageHandle.go:163: S8N1 : has received 2f + 1 commits ... 
S8N1: 2023/09/21 13:11:15 pbftInside_module.go:59: S8N1 : adding the block 19...now height = 18 
S8N1: 2023/09/21 13:11:15 pbftInside_module.go:61: S8N1 : added the block 19... 
S8N1: 2023/09/21 13:11:15 messageHandle.go:192: S8N1: this round of pbft 19 is end 
S8N1: 2023/09/21 13:11:15 messageHandle.go:151: S8N1 received the Commit from ...2
S8N1: 2023/09/21 13:11:18 pbftInside_module.go:42: S8N1 : the pre-prepare message is correct, putting it into the RequestPool. 
S8N1: 2023/09/21 13:11:18 messageHandle.go:89: S8N1 : has broadcast the prepare message 
S8N1: 2023/09/21 13:11:18 messageHandle.go:94: S8N1 : received the Prepare ...
S8N1: 2023/09/21 13:11:18 messageHandle.go:125: S8N1 : is going to commit
S8N1: 2023/09/21 13:11:18 messageHandle.go:139: S8N1 : commit is broadcast
S8N1: 2023/09/21 13:11:18 messageHandle.go:151: S8N1 received the Commit from ...2
S8N1: 2023/09/21 13:11:18 messageHandle.go:163: S8N1 : has received 2f + 1 commits ... 
S8N1: 2023/09/21 13:11:18 pbftInside_module.go:59: S8N1 : adding the block 20...now height = 19 
S8N1: 2023/09/21 13:11:18 pbftInside_module.go:61: S8N1 : added the block 20... 
S8N1: 2023/09/21 13:11:18 messageHandle.go:192: S8N1: this round of pbft 20 is end 
S8N1: 2023/09/21 13:11:18 messageHandle.go:151: S8N1 received the Commit from ...0
S8N1: 2023/09/21 13:11:21 pbftInside_module.go:42: S8N1 : the pre-prepare message is correct, putting it into the RequestPool. 
S8N1: 2023/09/21 13:11:21 messageHandle.go:89: S8N1 : has broadcast the prepare message 
S8N1: 2023/09/21 13:11:21 messageHandle.go:94: S8N1 : received the Prepare ...
S8N1: 2023/09/21 13:11:21 messageHandle.go:125: S8N1 : is going to commit
S8N1: 2023/09/21 13:11:21 messageHandle.go:139: S8N1 : commit is broadcast
S8N1: 2023/09/21 13:11:21 messageHandle.go:151: S8N1 received the Commit from ...2
S8N1: 2023/09/21 13:11:21 messageHandle.go:163: S8N1 : has received 2f + 1 commits ... 
S8N1: 2023/09/21 13:11:21 pbftInside_module.go:59: S8N1 : adding the block 21...now height = 20 
S8N1: 2023/09/21 13:11:21 pbftInside_module.go:61: S8N1 : added the block 21... 
S8N1: 2023/09/21 13:11:21 messageHandle.go:192: S8N1: this round of pbft 21 is end 
S8N1: 2023/09/21 13:11:21 messageHandle.go:151: S8N1 received the Commit from ...0
S8N1: 2023/09/21 13:11:24 pbftInside_module.go:42: S8N1 : the pre-prepare message is correct, putting it into the RequestPool. 
S8N1: 2023/09/21 13:11:24 messageHandle.go:89: S8N1 : has broadcast the prepare message 
S8N1: 2023/09/21 13:11:24 messageHandle.go:94: S8N1 : received the Prepare ...
S8N1: 2023/09/21 13:11:24 messageHandle.go:125: S8N1 : is going to commit
S8N1: 2023/09/21 13:11:24 messageHandle.go:139: S8N1 : commit is broadcast
S8N1: 2023/09/21 13:11:24 messageHandle.go:151: S8N1 received the Commit from ...2
S8N1: 2023/09/21 13:11:24 messageHandle.go:163: S8N1 : has received 2f + 1 commits ... 
S8N1: 2023/09/21 13:11:24 pbftInside_module.go:59: S8N1 : adding the block 22...now height = 21 
S8N1: 2023/09/21 13:11:24 pbftInside_module.go:61: S8N1 : added the block 22... 
S8N1: 2023/09/21 13:11:24 messageHandle.go:192: S8N1: this round of pbft 22 is end 
S8N1: 2023/09/21 13:11:24 messageHandle.go:151: S8N1 received the Commit from ...0
S8N1: 2023/09/21 13:11:27 pbftInside_module.go:42: S8N1 : the pre-prepare message is correct, putting it into the RequestPool. 
S8N1: 2023/09/21 13:11:27 messageHandle.go:89: S8N1 : has broadcast the prepare message 
S8N1: 2023/09/21 13:11:27 messageHandle.go:94: S8N1 : received the Prepare ...
S8N1: 2023/09/21 13:11:27 messageHandle.go:125: S8N1 : is going to commit
S8N1: 2023/09/21 13:11:27 messageHandle.go:139: S8N1 : commit is broadcast
S8N1: 2023/09/21 13:11:27 messageHandle.go:151: S8N1 received the Commit from ...0
S8N1: 2023/09/21 13:11:27 messageHandle.go:163: S8N1 : has received 2f + 1 commits ... 
S8N1: 2023/09/21 13:11:27 pbftInside_module.go:59: S8N1 : adding the block 23...now height = 22 
S8N1: 2023/09/21 13:11:27 pbftInside_module.go:61: S8N1 : added the block 23... 
S8N1: 2023/09/21 13:11:27 messageHandle.go:192: S8N1: this round of pbft 23 is end 
S8N1: 2023/09/21 13:11:27 messageHandle.go:151: S8N1 received the Commit from ...2
S8N1: 2023/09/21 13:11:30 pbftInside_module.go:42: S8N1 : the pre-prepare message is correct, putting it into the RequestPool. 
S8N1: 2023/09/21 13:11:30 messageHandle.go:89: S8N1 : has broadcast the prepare message 
S8N1: 2023/09/21 13:11:30 messageHandle.go:94: S8N1 : received the Prepare ...
S8N1: 2023/09/21 13:11:30 messageHandle.go:125: S8N1 : is going to commit
S8N1: 2023/09/21 13:11:30 messageHandle.go:139: S8N1 : commit is broadcast
S8N1: 2023/09/21 13:11:30 messageHandle.go:151: S8N1 received the Commit from ...0
S8N1: 2023/09/21 13:11:30 messageHandle.go:163: S8N1 : has received 2f + 1 commits ... 
S8N1: 2023/09/21 13:11:30 pbftInside_module.go:59: S8N1 : adding the block 24...now height = 23 
S8N1: 2023/09/21 13:11:30 pbftInside_module.go:61: S8N1 : added the block 24... 
S8N1: 2023/09/21 13:11:30 messageHandle.go:192: S8N1: this round of pbft 24 is end 
S8N1: 2023/09/21 13:11:30 messageHandle.go:151: S8N1 received the Commit from ...2
S8N1: 2023/09/21 13:11:33 pbftInside_module.go:42: S8N1 : the pre-prepare message is correct, putting it into the RequestPool. 
S8N1: 2023/09/21 13:11:33 messageHandle.go:89: S8N1 : has broadcast the prepare message 
S8N1: 2023/09/21 13:11:33 messageHandle.go:94: S8N1 : received the Prepare ...
S8N1: 2023/09/21 13:11:33 messageHandle.go:125: S8N1 : is going to commit
S8N1: 2023/09/21 13:11:33 messageHandle.go:139: S8N1 : commit is broadcast
S8N1: 2023/09/21 13:11:33 messageHandle.go:151: S8N1 received the Commit from ...2
S8N1: 2023/09/21 13:11:33 messageHandle.go:163: S8N1 : has received 2f + 1 commits ... 
S8N1: 2023/09/21 13:11:33 pbftInside_module.go:59: S8N1 : adding the block 25...now height = 24 
S8N1: 2023/09/21 13:11:33 pbftInside_module.go:61: S8N1 : added the block 25... 
S8N1: 2023/09/21 13:11:33 messageHandle.go:192: S8N1: this round of pbft 25 is end 
S8N1: 2023/09/21 13:11:33 messageHandle.go:151: S8N1 received the Commit from ...0
S8N1: 2023/09/21 13:11:36 pbftInside_module.go:42: S8N1 : the pre-prepare message is correct, putting it into the RequestPool. 
S8N1: 2023/09/21 13:11:36 messageHandle.go:89: S8N1 : has broadcast the prepare message 
S8N1: 2023/09/21 13:11:36 messageHandle.go:94: S8N1 : received the Prepare ...
S8N1: 2023/09/21 13:11:36 messageHandle.go:125: S8N1 : is going to commit
S8N1: 2023/09/21 13:11:36 messageHandle.go:139: S8N1 : commit is broadcast
S8N1: 2023/09/21 13:11:36 messageHandle.go:151: S8N1 received the Commit from ...2
S8N1: 2023/09/21 13:11:36 messageHandle.go:163: S8N1 : has received 2f + 1 commits ... 
S8N1: 2023/09/21 13:11:36 pbftInside_module.go:59: S8N1 : adding the block 26...now height = 25 
S8N1: 2023/09/21 13:11:36 pbftInside_module.go:61: S8N1 : added the block 26... 
S8N1: 2023/09/21 13:11:36 messageHandle.go:192: S8N1: this round of pbft 26 is end 
S8N1: 2023/09/21 13:11:36 messageHandle.go:151: S8N1 received the Commit from ...0
S8N1: 2023/09/21 13:11:39 pbftInside_module.go:42: S8N1 : the pre-prepare message is correct, putting it into the RequestPool. 
S8N1: 2023/09/21 13:11:39 messageHandle.go:89: S8N1 : has broadcast the prepare message 
S8N1: 2023/09/21 13:11:39 messageHandle.go:94: S8N1 : received the Prepare ...
S8N1: 2023/09/21 13:11:39 messageHandle.go:125: S8N1 : is going to commit
S8N1: 2023/09/21 13:11:39 messageHandle.go:139: S8N1 : commit is broadcast
S8N1: 2023/09/21 13:11:39 messageHandle.go:151: S8N1 received the Commit from ...0
S8N1: 2023/09/21 13:11:39 messageHandle.go:163: S8N1 : has received 2f + 1 commits ... 
S8N1: 2023/09/21 13:11:39 pbftInside_module.go:59: S8N1 : adding the block 27...now height = 26 
S8N1: 2023/09/21 13:11:39 pbftInside_module.go:61: S8N1 : added the block 27... 
S8N1: 2023/09/21 13:11:39 messageHandle.go:192: S8N1: this round of pbft 27 is end 
S8N1: 2023/09/21 13:11:39 messageHandle.go:151: S8N1 received the Commit from ...2
S8N1: 2023/09/21 13:11:42 pbftInside_module.go:42: S8N1 : the pre-prepare message is correct, putting it into the RequestPool. 
S8N1: 2023/09/21 13:11:42 messageHandle.go:89: S8N1 : has broadcast the prepare message 
S8N1: 2023/09/21 13:11:42 messageHandle.go:94: S8N1 : received the Prepare ...
S8N1: 2023/09/21 13:11:42 messageHandle.go:125: S8N1 : is going to commit
S8N1: 2023/09/21 13:11:42 messageHandle.go:139: S8N1 : commit is broadcast
S8N1: 2023/09/21 13:11:42 messageHandle.go:151: S8N1 received the Commit from ...2
S8N1: 2023/09/21 13:11:42 messageHandle.go:163: S8N1 : has received 2f + 1 commits ... 
S8N1: 2023/09/21 13:11:42 pbftInside_module.go:59: S8N1 : adding the block 28...now height = 27 
S8N1: 2023/09/21 13:11:42 pbftInside_module.go:61: S8N1 : added the block 28... 
S8N1: 2023/09/21 13:11:42 messageHandle.go:192: S8N1: this round of pbft 28 is end 
S8N1: 2023/09/21 13:11:42 messageHandle.go:151: S8N1 received the Commit from ...0
S8N1: 2023/09/21 13:11:45 pbftInside_module.go:42: S8N1 : the pre-prepare message is correct, putting it into the RequestPool. 
S8N1: 2023/09/21 13:11:45 messageHandle.go:89: S8N1 : has broadcast the prepare message 
S8N1: 2023/09/21 13:11:45 messageHandle.go:94: S8N1 : received the Prepare ...
S8N1: 2023/09/21 13:11:45 messageHandle.go:125: S8N1 : is going to commit
S8N1: 2023/09/21 13:11:45 messageHandle.go:139: S8N1 : commit is broadcast
S8N1: 2023/09/21 13:11:45 messageHandle.go:151: S8N1 received the Commit from ...2
S8N1: 2023/09/21 13:11:45 messageHandle.go:163: S8N1 : has received 2f + 1 commits ... 
S8N1: 2023/09/21 13:11:45 pbftInside_module.go:59: S8N1 : adding the block 29...now height = 28 
S8N1: 2023/09/21 13:11:45 pbftInside_module.go:61: S8N1 : added the block 29... 
S8N1: 2023/09/21 13:11:45 messageHandle.go:192: S8N1: this round of pbft 29 is end 
S8N1: 2023/09/21 13:11:45 messageHandle.go:151: S8N1 received the Commit from ...0
