S3N0: 2023/09/21 13:10:21 messageHandle.go:28: S3N0 get sequenceLock locked, now trying to propose...
S3N0: 2023/09/21 13:10:21 messageHandle.go:35: S3N0 put the request into the pool ...
S3N0: 2023/09/21 13:10:21 messageHandle.go:94: S3N0 : received the Prepare ...
S3N0: 2023/09/21 13:10:21 messageHandle.go:125: S3N0 : is going to commit
S3N0: 2023/09/21 13:10:21 messageHandle.go:139: S3N0 : commit is broadcast
S3N0: 2023/09/21 13:10:21 messageHandle.go:94: S3N0 : received the Prepare ...
S3N0: 2023/09/21 13:10:21 messageHandle.go:151: S3N0 received the Commit from ...1
S3N0: 2023/09/21 13:10:21 messageHandle.go:163: S3N0 : has received 2f + 1 commits ... 
S3N0: 2023/09/21 13:10:21 pbftInside_module.go:59: S3N0 : adding the block 1...now height = 0 
S3N0: 2023/09/21 13:10:21 pbftInside_module.go:61: S3N0 : added the block 1... 
S3N0: 2023/09/21 13:10:21 pbftInside_module.go:66: S3N0 : main node is trying to send relay txs at height = 1 
S3N0: 2023/09/21 13:10:21 pbftInside_module.go:100: S3N0 : sended 0 relay txs to 0
S3N0: 2023/09/21 13:10:21 pbftInside_module.go:100: S3N0 : sended 0 relay txs to 1
S3N0: 2023/09/21 13:10:21 pbftInside_module.go:100: S3N0 : sended 0 relay txs to 2
S3N0: 2023/09/21 13:10:21 pbftInside_module.go:100: S3N0 : sended 0 relay txs to 4
S3N0: 2023/09/21 13:10:21 pbftInside_module.go:100: S3N0 : sended 0 relay txs to 5
S3N0: 2023/09/21 13:10:21 pbftInside_module.go:100: S3N0 : sended 0 relay txs to 6
S3N0: 2023/09/21 13:10:21 pbftInside_module.go:100: S3N0 : sended 0 relay txs to 7
S3N0: 2023/09/21 13:10:21 pbftInside_module.go:100: S3N0 : sended 0 relay txs to 8
S3N0: 2023/09/21 13:10:21 pbftInside_module.go:100: S3N0 : sended 0 relay txs to 9
S3N0: 2023/09/21 13:10:21 pbftInside_module.go:100: S3N0 : sended 0 relay txs to 10
S3N0: 2023/09/21 13:10:21 pbftInside_module.go:100: S3N0 : sended 0 relay txs to 11
S3N0: 2023/09/21 13:10:21 pbftInside_module.go:100: S3N0 : sended 0 relay txs to 12
S3N0: 2023/09/21 13:10:21 pbftInside_module.go:100: S3N0 : sended 0 relay txs to 13
S3N0: 2023/09/21 13:10:21 pbftInside_module.go:100: S3N0 : sended 0 relay txs to 14
S3N0: 2023/09/21 13:10:21 pbftInside_module.go:100: S3N0 : sended 0 relay txs to 15
S3N0: 2023/09/21 13:10:21 pbftInside_module.go:121: ~~S3N0 : Relay1Txs 0, content:[[]]
S3N0: 2023/09/21 13:10:21 pbftInside_module.go:122: S3N0 : sended excuted txs
S3N0: 2023/09/21 13:10:21 messageHandle.go:192: S3N0: this round of pbft 1 is end 
S3N0: 2023/09/21 13:10:21 messageHandle.go:199: S3N0 get sequenceLock unlocked...
S3N0: 2023/09/21 13:10:21 messageHandle.go:151: S3N0 received the Commit from ...2
S3N0: 2023/09/21 13:10:21 pbftOutside_module.go:34: S3N0 : has received relay txs from shard 4, the senderSeq is 1
S3N0: 2023/09/21 13:10:21 pbftOutside_module.go:39: S3N0 : has handled relay txs msg
S3N0: 2023/09/21 13:10:21 pbftOutside_module.go:34: S3N0 : has received relay txs from shard 1, the senderSeq is 1
S3N0: 2023/09/21 13:10:21 pbftOutside_module.go:39: S3N0 : has handled relay txs msg
S3N0: 2023/09/21 13:10:21 pbftOutside_module.go:34: S3N0 : has received relay txs from shard 8, the senderSeq is 1
S3N0: 2023/09/21 13:10:21 pbftOutside_module.go:39: S3N0 : has handled relay txs msg
S3N0: 2023/09/21 13:10:21 pbftOutside_module.go:34: S3N0 : has received relay txs from shard 5, the senderSeq is 1
S3N0: 2023/09/21 13:10:21 pbftOutside_module.go:39: S3N0 : has handled relay txs msg
S3N0: 2023/09/21 13:10:21 pbftOutside_module.go:34: S3N0 : has received relay txs from shard 2, the senderSeq is 1
S3N0: 2023/09/21 13:10:21 pbftOutside_module.go:39: S3N0 : has handled relay txs msg
S3N0: 2023/09/21 13:10:22 pbftOutside_module.go:34: S3N0 : has received relay txs from shard 6, the senderSeq is 1
S3N0: 2023/09/21 13:10:22 pbftOutside_module.go:39: S3N0 : has handled relay txs msg
S3N0: 2023/09/21 13:10:22 pbftOutside_module.go:34: S3N0 : has received relay txs from shard 9, the senderSeq is 1
S3N0: 2023/09/21 13:10:22 pbftOutside_module.go:39: S3N0 : has handled relay txs msg
S3N0: 2023/09/21 13:10:22 pbftOutside_module.go:34: S3N0 : has received relay txs from shard 0, the senderSeq is 1
S3N0: 2023/09/21 13:10:22 pbftOutside_module.go:39: S3N0 : has handled relay txs msg
S3N0: 2023/09/21 13:10:22 pbftOutside_module.go:34: S3N0 : has received relay txs from shard 10, the senderSeq is 1
S3N0: 2023/09/21 13:10:22 pbftOutside_module.go:39: S3N0 : has handled relay txs msg
S3N0: 2023/09/21 13:10:22 pbftOutside_module.go:34: S3N0 : has received relay txs from shard 12, the senderSeq is 1
S3N0: 2023/09/21 13:10:22 pbftOutside_module.go:39: S3N0 : has handled relay txs msg
S3N0: 2023/09/21 13:10:22 pbftOutside_module.go:34: S3N0 : has received relay txs from shard 7, the senderSeq is 1
S3N0: 2023/09/21 13:10:22 pbftOutside_module.go:39: S3N0 : has handled relay txs msg
S3N0: 2023/09/21 13:10:22 pbftOutside_module.go:34: S3N0 : has received relay txs from shard 11, the senderSeq is 1
S3N0: 2023/09/21 13:10:22 pbftOutside_module.go:39: S3N0 : has handled relay txs msg
S3N0: 2023/09/21 13:10:22 pbftOutside_module.go:34: S3N0 : has received relay txs from shard 13, the senderSeq is 1
S3N0: 2023/09/21 13:10:22 pbftOutside_module.go:39: S3N0 : has handled relay txs msg
S3N0: 2023/09/21 13:10:22 pbftOutside_module.go:34: S3N0 : has received relay txs from shard 15, the senderSeq is 1
S3N0: 2023/09/21 13:10:22 pbftOutside_module.go:39: S3N0 : has handled relay txs msg
S3N0: 2023/09/21 13:10:22 pbftOutside_module.go:34: S3N0 : has received relay txs from shard 14, the senderSeq is 1
S3N0: 2023/09/21 13:10:22 pbftOutside_module.go:39: S3N0 : has handled relay txs msg
S3N0: 2023/09/21 13:10:24 messageHandle.go:28: S3N0 get sequenceLock locked, now trying to propose...
S3N0: 2023/09/21 13:10:24 messageHandle.go:35: S3N0 put the request into the pool ...
S3N0: 2023/09/21 13:10:24 messageHandle.go:94: S3N0 : received the Prepare ...
S3N0: 2023/09/21 13:10:24 messageHandle.go:125: S3N0 : is going to commit
S3N0: 2023/09/21 13:10:24 messageHandle.go:139: S3N0 : commit is broadcast
S3N0: 2023/09/21 13:10:24 messageHandle.go:94: S3N0 : received the Prepare ...
S3N0: 2023/09/21 13:10:24 messageHandle.go:151: S3N0 received the Commit from ...2
S3N0: 2023/09/21 13:10:24 messageHandle.go:163: S3N0 : has received 2f + 1 commits ... 
S3N0: 2023/09/21 13:10:24 pbftInside_module.go:59: S3N0 : adding the block 2...now height = 1 
S3N0: 2023/09/21 13:10:24 pbftInside_module.go:61: S3N0 : added the block 2... 
S3N0: 2023/09/21 13:10:24 pbftInside_module.go:66: S3N0 : main node is trying to send relay txs at height = 2 
S3N0: 2023/09/21 13:10:24 pbftInside_module.go:100: S3N0 : sended 0 relay txs to 0
S3N0: 2023/09/21 13:10:24 pbftInside_module.go:100: S3N0 : sended 0 relay txs to 1
S3N0: 2023/09/21 13:10:24 pbftInside_module.go:100: S3N0 : sended 0 relay txs to 2
S3N0: 2023/09/21 13:10:24 pbftInside_module.go:100: S3N0 : sended 0 relay txs to 4
S3N0: 2023/09/21 13:10:24 pbftInside_module.go:100: S3N0 : sended 0 relay txs to 5
S3N0: 2023/09/21 13:10:24 pbftInside_module.go:100: S3N0 : sended 0 relay txs to 6
S3N0: 2023/09/21 13:10:24 pbftInside_module.go:100: S3N0 : sended 0 relay txs to 7
S3N0: 2023/09/21 13:10:24 pbftInside_module.go:100: S3N0 : sended 0 relay txs to 8
S3N0: 2023/09/21 13:10:24 pbftInside_module.go:100: S3N0 : sended 0 relay txs to 9
S3N0: 2023/09/21 13:10:24 pbftInside_module.go:100: S3N0 : sended 0 relay txs to 10
S3N0: 2023/09/21 13:10:24 pbftInside_module.go:100: S3N0 : sended 0 relay txs to 11
S3N0: 2023/09/21 13:10:24 pbftInside_module.go:100: S3N0 : sended 0 relay txs to 12
S3N0: 2023/09/21 13:10:24 pbftInside_module.go:100: S3N0 : sended 0 relay txs to 13
S3N0: 2023/09/21 13:10:24 pbftInside_module.go:100: S3N0 : sended 0 relay txs to 14
S3N0: 2023/09/21 13:10:24 pbftInside_module.go:100: S3N0 : sended 0 relay txs to 15
S3N0: 2023/09/21 13:10:24 pbftInside_module.go:121: ~~S3N0 : Relay1Txs 0, content:[[]]
S3N0: 2023/09/21 13:10:24 pbftInside_module.go:122: S3N0 : sended excuted txs
S3N0: 2023/09/21 13:10:24 messageHandle.go:192: S3N0: this round of pbft 2 is end 
S3N0: 2023/09/21 13:10:24 messageHandle.go:199: S3N0 get sequenceLock unlocked...
S3N0: 2023/09/21 13:10:24 messageHandle.go:151: S3N0 received the Commit from ...1
S3N0: 2023/09/21 13:10:24 pbftOutside_module.go:34: S3N0 : has received relay txs from shard 4, the senderSeq is 2
S3N0: 2023/09/21 13:10:24 pbftOutside_module.go:39: S3N0 : has handled relay txs msg
S3N0: 2023/09/21 13:10:24 pbftOutside_module.go:34: S3N0 : has received relay txs from shard 1, the senderSeq is 2
S3N0: 2023/09/21 13:10:24 pbftOutside_module.go:39: S3N0 : has handled relay txs msg
S3N0: 2023/09/21 13:10:24 pbftOutside_module.go:49: S3N0 : has handled injected txs msg, txs: 18 
S3N0: 2023/09/21 13:10:24 pbftOutside_module.go:34: S3N0 : has received relay txs from shard 8, the senderSeq is 2
S3N0: 2023/09/21 13:10:24 pbftOutside_module.go:39: S3N0 : has handled relay txs msg
S3N0: 2023/09/21 13:10:24 pbftOutside_module.go:34: S3N0 : has received relay txs from shard 5, the senderSeq is 2
S3N0: 2023/09/21 13:10:24 pbftOutside_module.go:39: S3N0 : has handled relay txs msg
S3N0: 2023/09/21 13:10:24 pbftOutside_module.go:34: S3N0 : has received relay txs from shard 2, the senderSeq is 2
S3N0: 2023/09/21 13:10:24 pbftOutside_module.go:39: S3N0 : has handled relay txs msg
S3N0: 2023/09/21 13:10:25 pbftOutside_module.go:34: S3N0 : has received relay txs from shard 6, the senderSeq is 2
S3N0: 2023/09/21 13:10:25 pbftOutside_module.go:39: S3N0 : has handled relay txs msg
S3N0: 2023/09/21 13:10:25 pbftOutside_module.go:34: S3N0 : has received relay txs from shard 9, the senderSeq is 2
S3N0: 2023/09/21 13:10:25 pbftOutside_module.go:39: S3N0 : has handled relay txs msg
S3N0: 2023/09/21 13:10:25 pbftOutside_module.go:34: S3N0 : has received relay txs from shard 0, the senderSeq is 2
S3N0: 2023/09/21 13:10:25 pbftOutside_module.go:39: S3N0 : has handled relay txs msg
S3N0: 2023/09/21 13:10:25 pbftOutside_module.go:34: S3N0 : has received relay txs from shard 10, the senderSeq is 2
S3N0: 2023/09/21 13:10:25 pbftOutside_module.go:39: S3N0 : has handled relay txs msg
S3N0: 2023/09/21 13:10:25 pbftOutside_module.go:49: S3N0 : has handled injected txs msg, txs: 5 
S3N0: 2023/09/21 13:10:25 pbftOutside_module.go:34: S3N0 : has received relay txs from shard 12, the senderSeq is 2
S3N0: 2023/09/21 13:10:25 pbftOutside_module.go:39: S3N0 : has handled relay txs msg
S3N0: 2023/09/21 13:10:25 pbftOutside_module.go:34: S3N0 : has received relay txs from shard 7, the senderSeq is 2
S3N0: 2023/09/21 13:10:25 pbftOutside_module.go:39: S3N0 : has handled relay txs msg
S3N0: 2023/09/21 13:10:25 pbftOutside_module.go:34: S3N0 : has received relay txs from shard 11, the senderSeq is 2
S3N0: 2023/09/21 13:10:25 pbftOutside_module.go:39: S3N0 : has handled relay txs msg
S3N0: 2023/09/21 13:10:25 pbftOutside_module.go:34: S3N0 : has received relay txs from shard 13, the senderSeq is 2
S3N0: 2023/09/21 13:10:25 pbftOutside_module.go:39: S3N0 : has handled relay txs msg
S3N0: 2023/09/21 13:10:25 pbftOutside_module.go:34: S3N0 : has received relay txs from shard 14, the senderSeq is 2
S3N0: 2023/09/21 13:10:25 pbftOutside_module.go:39: S3N0 : has handled relay txs msg
S3N0: 2023/09/21 13:10:25 pbftOutside_module.go:34: S3N0 : has received relay txs from shard 15, the senderSeq is 2
S3N0: 2023/09/21 13:10:25 pbftOutside_module.go:39: S3N0 : has handled relay txs msg
S3N0: 2023/09/21 13:10:26 pbftOutside_module.go:49: S3N0 : has handled injected txs msg, txs: 1 
S3N0: 2023/09/21 13:10:27 messageHandle.go:28: S3N0 get sequenceLock locked, now trying to propose...
S3N0: 2023/09/21 13:10:27 messageHandle.go:35: S3N0 put the request into the pool ...
S3N0: 2023/09/21 13:10:27 messageHandle.go:94: S3N0 : received the Prepare ...
S3N0: 2023/09/21 13:10:27 messageHandle.go:125: S3N0 : is going to commit
S3N0: 2023/09/21 13:10:27 messageHandle.go:139: S3N0 : commit is broadcast
S3N0: 2023/09/21 13:10:27 messageHandle.go:94: S3N0 : received the Prepare ...
S3N0: 2023/09/21 13:10:27 messageHandle.go:151: S3N0 received the Commit from ...1
S3N0: 2023/09/21 13:10:27 messageHandle.go:163: S3N0 : has received 2f + 1 commits ... 
S3N0: 2023/09/21 13:10:27 pbftInside_module.go:59: S3N0 : adding the block 3...now height = 2 
S3N0: 2023/09/21 13:10:27 pbftInside_module.go:61: S3N0 : added the block 3... 
S3N0: 2023/09/21 13:10:27 pbftInside_module.go:66: S3N0 : main node is trying to send relay txs at height = 3 
S3N0: 2023/09/21 13:10:27 pbftInside_module.go:75: S3N0 : receiver shard :15 local shard: 3 receiver addr :17b1e028a1837ff15ba9e7140add0d13790092a3
S3N0: 2023/09/21 13:10:27 pbftInside_module.go:75: S3N0 : receiver shard :15 local shard: 3 receiver addr :d7e5a5afd2bb36fd380cce8a4485a59936a0c4d8
S3N0: 2023/09/21 13:10:27 pbftInside_module.go:75: S3N0 : receiver shard :15 local shard: 3 receiver addr :cedefe438860d2789da6419b3a19cece2a41038d
S3N0: 2023/09/21 13:10:27 pbftInside_module.go:75: S3N0 : receiver shard :15 local shard: 3 receiver addr :7a250d5630b4cf539739df2c5dacb4c659f2488d
S3N0: 2023/09/21 13:10:27 pbftInside_module.go:75: S3N0 : receiver shard :1 local shard: 3 receiver addr :ae0ee0a63a2ce6baeeffe56e7714fb4efe48d419
S3N0: 2023/09/21 13:10:27 pbftInside_module.go:75: S3N0 : receiver shard :15 local shard: 3 receiver addr :4ea7b519faefdf293d5ad8e497a470c5c3f82817
S3N0: 2023/09/21 13:10:27 pbftInside_module.go:75: S3N0 : receiver shard :15 local shard: 3 receiver addr :430ef9263e76dae63c84292c3409d61c598e9682
S3N0: 2023/09/21 13:10:27 pbftInside_module.go:75: S3N0 : receiver shard :10 local shard: 3 receiver addr :ef1c6e67703c7bd7107eed8303fbe6ec2554bf6b
S3N0: 2023/09/21 13:10:27 pbftInside_module.go:75: S3N0 : receiver shard :9 local shard: 3 receiver addr :fc9daa751d0077b7da707bf611f795d07f0f81af
S3N0: 2023/09/21 13:10:27 pbftInside_module.go:75: S3N0 : receiver shard :15 local shard: 3 receiver addr :322ac5cbc78dfe9e4d1171ffac5031986043b983
S3N0: 2023/09/21 13:10:27 pbftInside_module.go:75: S3N0 : receiver shard :0 local shard: 3 receiver addr :2576696456599d4e82ff8936a4123e5ca46a6276
S3N0: 2023/09/21 13:10:27 pbftInside_module.go:75: S3N0 : receiver shard :6 local shard: 3 receiver addr :dac17f958d2ee523a2206206994597c13d831ec7
S3N0: 2023/09/21 13:10:27 pbftInside_module.go:75: S3N0 : receiver shard :15 local shard: 3 receiver addr :58965cd0c5bc18f7a5f81b71f6407e12606f6817
S3N0: 2023/09/21 13:10:27 pbftInside_module.go:75: S3N0 : receiver shard :1 local shard: 3 receiver addr :3cd751e6b0078be393132286c442345e5dc49699
S3N0: 2023/09/21 13:10:27 pbftInside_module.go:75: S3N0 : receiver shard :14 local shard: 3 receiver addr :83ef3d446bd1220c8261251f83ac5cc51311d600
S3N0: 2023/09/21 13:10:27 pbftInside_module.go:75: S3N0 : receiver shard :4 local shard: 3 receiver addr :80c67432656d59144ceff962e8faf8926599bcf8
S3N0: 2023/09/21 13:10:27 pbftInside_module.go:75: S3N0 : receiver shard :13 local shard: 3 receiver addr :6241e10a85ecc0da95142bd60505025689801985
S3N0: 2023/09/21 13:10:27 pbftInside_module.go:75: S3N0 : receiver shard :8 local shard: 3 receiver addr :ca1207647ff814039530d7d35df0e1dd2e91fa84
S3N0: 2023/09/21 13:10:27 pbftInside_module.go:75: S3N0 : receiver shard :15 local shard: 3 receiver addr :0a88bc5c32b684d467b43c06d9e0899efeaf59df
S3N0: 2023/09/21 13:10:27 pbftInside_module.go:75: S3N0 : receiver shard :10 local shard: 3 receiver addr :ef1c6e67703c7bd7107eed8303fbe6ec2554bf6b
S3N0: 2023/09/21 13:10:27 pbftInside_module.go:75: S3N0 : receiver shard :10 local shard: 3 receiver addr :c899faf1262ca62a40f3e3ca23f789a9e7cf5aeb
S3N0: 2023/09/21 13:10:27 pbftInside_module.go:75: S3N0 : receiver shard :8 local shard: 3 receiver addr :854476fe9345c04dbe654dbdb87e69f3dd4bc44d
S3N0: 2023/09/21 13:10:27 pbftInside_module.go:100: S3N0 : sended 1 relay txs to 0
S3N0: 2023/09/21 13:10:27 pbftInside_module.go:100: S3N0 : sended 2 relay txs to 1
S3N0: 2023/09/21 13:10:27 pbftInside_module.go:100: S3N0 : sended 0 relay txs to 2
S3N0: 2023/09/21 13:10:27 pbftInside_module.go:100: S3N0 : sended 1 relay txs to 4
S3N0: 2023/09/21 13:10:27 pbftInside_module.go:100: S3N0 : sended 0 relay txs to 5
S3N0: 2023/09/21 13:10:27 pbftInside_module.go:100: S3N0 : sended 1 relay txs to 6
S3N0: 2023/09/21 13:10:27 pbftInside_module.go:100: S3N0 : sended 0 relay txs to 7
S3N0: 2023/09/21 13:10:27 pbftInside_module.go:100: S3N0 : sended 2 relay txs to 8
S3N0: 2023/09/21 13:10:27 pbftInside_module.go:100: S3N0 : sended 1 relay txs to 9
S3N0: 2023/09/21 13:10:27 pbftInside_module.go:100: S3N0 : sended 3 relay txs to 10
S3N0: 2023/09/21 13:10:27 pbftInside_module.go:100: S3N0 : sended 0 relay txs to 11
S3N0: 2023/09/21 13:10:27 pbftInside_module.go:100: S3N0 : sended 0 relay txs to 12
S3N0: 2023/09/21 13:10:27 pbftInside_module.go:100: S3N0 : sended 1 relay txs to 13
S3N0: 2023/09/21 13:10:27 pbftInside_module.go:100: S3N0 : sended 1 relay txs to 14
S3N0: 2023/09/21 13:10:27 pbftInside_module.go:100: S3N0 : sended 9 relay txs to 15
S3N0: 2023/09/21 13:10:27 pbftInside_module.go:121: ~~S3N0 : Relay1Txs 22, content:[[0xc000001500 0xc0000015c0 0xc000001680 0xc000001740 0xc000001800 0xc0000018c0 0xc000001980 0xc000001a40 0xc000001b00 0xc000001bc0 0xc000001c80 0xc000001d40 0xc000001e00 0xc000001ec0 0xc00223c000 0xc00223c0c0 0xc00223c180 0xc00223c240 0xc00223c780 0xc00223c840 0xc00223c900 0xc00223d740]]
S3N0: 2023/09/21 13:10:27 pbftInside_module.go:122: S3N0 : sended excuted txs
S3N0: 2023/09/21 13:10:27 messageHandle.go:192: S3N0: this round of pbft 3 is end 
S3N0: 2023/09/21 13:10:27 messageHandle.go:199: S3N0 get sequenceLock unlocked...
S3N0: 2023/09/21 13:10:27 messageHandle.go:151: S3N0 received the Commit from ...2
S3N0: 2023/09/21 13:10:27 pbftOutside_module.go:34: S3N0 : has received relay txs from shard 4, the senderSeq is 3
S3N0: 2023/09/21 13:10:27 pbftOutside_module.go:39: S3N0 : has handled relay txs msg
S3N0: 2023/09/21 13:10:27 pbftOutside_module.go:34: S3N0 : has received relay txs from shard 1, the senderSeq is 3
S3N0: 2023/09/21 13:10:27 pbftOutside_module.go:39: S3N0 : has handled relay txs msg
S3N0: 2023/09/21 13:10:27 pbftOutside_module.go:49: S3N0 : has handled injected txs msg, txs: 2 
S3N0: 2023/09/21 13:10:27 pbftOutside_module.go:34: S3N0 : has received relay txs from shard 8, the senderSeq is 3
S3N0: 2023/09/21 13:10:27 pbftOutside_module.go:39: S3N0 : has handled relay txs msg
S3N0: 2023/09/21 13:10:27 pbftOutside_module.go:34: S3N0 : has received relay txs from shard 5, the senderSeq is 3
S3N0: 2023/09/21 13:10:27 pbftOutside_module.go:39: S3N0 : has handled relay txs msg
S3N0: 2023/09/21 13:10:27 pbftOutside_module.go:34: S3N0 : has received relay txs from shard 2, the senderSeq is 3
S3N0: 2023/09/21 13:10:27 pbftOutside_module.go:39: S3N0 : has handled relay txs msg
S3N0: 2023/09/21 13:10:28 pbftOutside_module.go:34: S3N0 : has received relay txs from shard 6, the senderSeq is 3
S3N0: 2023/09/21 13:10:28 pbftOutside_module.go:39: S3N0 : has handled relay txs msg
S3N0: 2023/09/21 13:10:28 pbftOutside_module.go:34: S3N0 : has received relay txs from shard 9, the senderSeq is 3
S3N0: 2023/09/21 13:10:28 pbftOutside_module.go:39: S3N0 : has handled relay txs msg
S3N0: 2023/09/21 13:10:28 pbftOutside_module.go:34: S3N0 : has received relay txs from shard 0, the senderSeq is 3
S3N0: 2023/09/21 13:10:28 pbftOutside_module.go:39: S3N0 : has handled relay txs msg
S3N0: 2023/09/21 13:10:28 pbftOutside_module.go:34: S3N0 : has received relay txs from shard 10, the senderSeq is 3
S3N0: 2023/09/21 13:10:28 pbftOutside_module.go:39: S3N0 : has handled relay txs msg
S3N0: 2023/09/21 13:10:28 pbftOutside_module.go:34: S3N0 : has received relay txs from shard 12, the senderSeq is 3
S3N0: 2023/09/21 13:10:28 pbftOutside_module.go:39: S3N0 : has handled relay txs msg
S3N0: 2023/09/21 13:10:28 pbftOutside_module.go:49: S3N0 : has handled injected txs msg, txs: 2 
S3N0: 2023/09/21 13:10:28 pbftOutside_module.go:34: S3N0 : has received relay txs from shard 7, the senderSeq is 3
S3N0: 2023/09/21 13:10:28 pbftOutside_module.go:39: S3N0 : has handled relay txs msg
S3N0: 2023/09/21 13:10:28 pbftOutside_module.go:34: S3N0 : has received relay txs from shard 11, the senderSeq is 3
S3N0: 2023/09/21 13:10:28 pbftOutside_module.go:39: S3N0 : has handled relay txs msg
S3N0: 2023/09/21 13:10:28 pbftOutside_module.go:34: S3N0 : has received relay txs from shard 13, the senderSeq is 3
S3N0: 2023/09/21 13:10:28 pbftOutside_module.go:39: S3N0 : has handled relay txs msg
S3N0: 2023/09/21 13:10:28 pbftOutside_module.go:34: S3N0 : has received relay txs from shard 14, the senderSeq is 3
S3N0: 2023/09/21 13:10:28 pbftOutside_module.go:39: S3N0 : has handled relay txs msg
S3N0: 2023/09/21 13:10:28 pbftOutside_module.go:34: S3N0 : has received relay txs from shard 15, the senderSeq is 3
S3N0: 2023/09/21 13:10:28 pbftOutside_module.go:39: S3N0 : has handled relay txs msg
S3N0: 2023/09/21 13:10:29 pbftOutside_module.go:49: S3N0 : has handled injected txs msg, txs: 0 
S3N0: 2023/09/21 13:10:30 messageHandle.go:28: S3N0 get sequenceLock locked, now trying to propose...
S3N0: 2023/09/21 13:10:30 messageHandle.go:35: S3N0 put the request into the pool ...
S3N0: 2023/09/21 13:10:30 messageHandle.go:94: S3N0 : received the Prepare ...
S3N0: 2023/09/21 13:10:30 messageHandle.go:125: S3N0 : is going to commit
S3N0: 2023/09/21 13:10:30 messageHandle.go:139: S3N0 : commit is broadcast
S3N0: 2023/09/21 13:10:30 messageHandle.go:94: S3N0 : received the Prepare ...
S3N0: 2023/09/21 13:10:30 messageHandle.go:151: S3N0 received the Commit from ...1
S3N0: 2023/09/21 13:10:30 messageHandle.go:163: S3N0 : has received 2f + 1 commits ... 
S3N0: 2023/09/21 13:10:30 pbftInside_module.go:59: S3N0 : adding the block 4...now height = 3 
S3N0: 2023/09/21 13:10:30 pbftInside_module.go:61: S3N0 : added the block 4... 
S3N0: 2023/09/21 13:10:30 pbftInside_module.go:66: S3N0 : main node is trying to send relay txs at height = 4 
S3N0: 2023/09/21 13:10:30 pbftInside_module.go:75: S3N0 : receiver shard :15 local shard: 3 receiver addr :e4edb277e41dc89ab076a1f049f4a3efa700bce8
S3N0: 2023/09/21 13:10:30 pbftInside_module.go:75: S3N0 : receiver shard :15 local shard: 3 receiver addr :a9d1e08c7793af67e9d92fe308d5697fb81d3e43
S3N0: 2023/09/21 13:10:30 pbftInside_module.go:100: S3N0 : sended 0 relay txs to 0
S3N0: 2023/09/21 13:10:30 pbftInside_module.go:100: S3N0 : sended 0 relay txs to 1
S3N0: 2023/09/21 13:10:30 pbftInside_module.go:100: S3N0 : sended 0 relay txs to 2
S3N0: 2023/09/21 13:10:30 pbftInside_module.go:100: S3N0 : sended 0 relay txs to 4
S3N0: 2023/09/21 13:10:30 pbftInside_module.go:100: S3N0 : sended 0 relay txs to 5
S3N0: 2023/09/21 13:10:30 pbftInside_module.go:100: S3N0 : sended 0 relay txs to 6
S3N0: 2023/09/21 13:10:30 pbftInside_module.go:100: S3N0 : sended 0 relay txs to 7
S3N0: 2023/09/21 13:10:30 pbftInside_module.go:100: S3N0 : sended 0 relay txs to 8
S3N0: 2023/09/21 13:10:30 pbftInside_module.go:100: S3N0 : sended 0 relay txs to 9
S3N0: 2023/09/21 13:10:30 pbftInside_module.go:100: S3N0 : sended 0 relay txs to 10
S3N0: 2023/09/21 13:10:30 pbftInside_module.go:100: S3N0 : sended 0 relay txs to 11
S3N0: 2023/09/21 13:10:30 pbftInside_module.go:100: S3N0 : sended 0 relay txs to 12
S3N0: 2023/09/21 13:10:30 pbftInside_module.go:100: S3N0 : sended 0 relay txs to 13
S3N0: 2023/09/21 13:10:30 pbftInside_module.go:100: S3N0 : sended 0 relay txs to 14
S3N0: 2023/09/21 13:10:30 pbftInside_module.go:100: S3N0 : sended 2 relay txs to 15
S3N0: 2023/09/21 13:10:30 pbftInside_module.go:121: ~~S3N0 : Relay1Txs 2, content:[[0xc002152240 0xc0021535c0]]
S3N0: 2023/09/21 13:10:30 pbftInside_module.go:122: S3N0 : sended excuted txs
S3N0: 2023/09/21 13:10:30 messageHandle.go:192: S3N0: this round of pbft 4 is end 
S3N0: 2023/09/21 13:10:30 messageHandle.go:199: S3N0 get sequenceLock unlocked...
S3N0: 2023/09/21 13:10:30 messageHandle.go:151: S3N0 received the Commit from ...2
S3N0: 2023/09/21 13:10:30 pbftOutside_module.go:34: S3N0 : has received relay txs from shard 4, the senderSeq is 4
S3N0: 2023/09/21 13:10:30 pbftOutside_module.go:39: S3N0 : has handled relay txs msg
S3N0: 2023/09/21 13:10:30 pbftOutside_module.go:34: S3N0 : has received relay txs from shard 1, the senderSeq is 4
S3N0: 2023/09/21 13:10:30 pbftOutside_module.go:39: S3N0 : has handled relay txs msg
S3N0: 2023/09/21 13:10:30 pbftOutside_module.go:49: S3N0 : has handled injected txs msg, txs: 1 
S3N0: 2023/09/21 13:10:30 pbftOutside_module.go:34: S3N0 : has received relay txs from shard 8, the senderSeq is 4
S3N0: 2023/09/21 13:10:30 pbftOutside_module.go:39: S3N0 : has handled relay txs msg
S3N0: 2023/09/21 13:10:30 pbftOutside_module.go:34: S3N0 : has received relay txs from shard 5, the senderSeq is 4
S3N0: 2023/09/21 13:10:30 pbftOutside_module.go:39: S3N0 : has handled relay txs msg
S3N0: 2023/09/21 13:10:30 pbftOutside_module.go:34: S3N0 : has received relay txs from shard 2, the senderSeq is 4
S3N0: 2023/09/21 13:10:30 pbftOutside_module.go:39: S3N0 : has handled relay txs msg
S3N0: 2023/09/21 13:10:31 pbftOutside_module.go:34: S3N0 : has received relay txs from shard 6, the senderSeq is 4
S3N0: 2023/09/21 13:10:31 pbftOutside_module.go:39: S3N0 : has handled relay txs msg
S3N0: 2023/09/21 13:10:31 pbftOutside_module.go:34: S3N0 : has received relay txs from shard 9, the senderSeq is 4
S3N0: 2023/09/21 13:10:31 pbftOutside_module.go:39: S3N0 : has handled relay txs msg
S3N0: 2023/09/21 13:10:31 pbftOutside_module.go:34: S3N0 : has received relay txs from shard 0, the senderSeq is 4
S3N0: 2023/09/21 13:10:31 pbftOutside_module.go:39: S3N0 : has handled relay txs msg
S3N0: 2023/09/21 13:10:31 pbftOutside_module.go:34: S3N0 : has received relay txs from shard 10, the senderSeq is 4
S3N0: 2023/09/21 13:10:31 pbftOutside_module.go:39: S3N0 : has handled relay txs msg
S3N0: 2023/09/21 13:10:31 pbftOutside_module.go:34: S3N0 : has received relay txs from shard 12, the senderSeq is 4
S3N0: 2023/09/21 13:10:31 pbftOutside_module.go:39: S3N0 : has handled relay txs msg
S3N0: 2023/09/21 13:10:31 pbftOutside_module.go:34: S3N0 : has received relay txs from shard 7, the senderSeq is 4
S3N0: 2023/09/21 13:10:31 pbftOutside_module.go:39: S3N0 : has handled relay txs msg
S3N0: 2023/09/21 13:10:31 pbftOutside_module.go:34: S3N0 : has received relay txs from shard 11, the senderSeq is 4
S3N0: 2023/09/21 13:10:31 pbftOutside_module.go:39: S3N0 : has handled relay txs msg
S3N0: 2023/09/21 13:10:31 pbftOutside_module.go:49: S3N0 : has handled injected txs msg, txs: 2 
S3N0: 2023/09/21 13:10:31 pbftOutside_module.go:34: S3N0 : has received relay txs from shard 13, the senderSeq is 4
S3N0: 2023/09/21 13:10:31 pbftOutside_module.go:39: S3N0 : has handled relay txs msg
S3N0: 2023/09/21 13:10:31 pbftOutside_module.go:34: S3N0 : has received relay txs from shard 14, the senderSeq is 4
S3N0: 2023/09/21 13:10:31 pbftOutside_module.go:39: S3N0 : has handled relay txs msg
S3N0: 2023/09/21 13:10:32 pbftOutside_module.go:34: S3N0 : has received relay txs from shard 15, the senderSeq is 4
S3N0: 2023/09/21 13:10:32 pbftOutside_module.go:39: S3N0 : has handled relay txs msg
S3N0: 2023/09/21 13:10:32 pbftOutside_module.go:49: S3N0 : has handled injected txs msg, txs: 1 
S3N0: 2023/09/21 13:10:33 messageHandle.go:28: S3N0 get sequenceLock locked, now trying to propose...
S3N0: 2023/09/21 13:10:33 messageHandle.go:35: S3N0 put the request into the pool ...
S3N0: 2023/09/21 13:10:33 messageHandle.go:94: S3N0 : received the Prepare ...
S3N0: 2023/09/21 13:10:33 messageHandle.go:125: S3N0 : is going to commit
S3N0: 2023/09/21 13:10:33 messageHandle.go:139: S3N0 : commit is broadcast
S3N0: 2023/09/21 13:10:33 messageHandle.go:94: S3N0 : received the Prepare ...
S3N0: 2023/09/21 13:10:33 messageHandle.go:151: S3N0 received the Commit from ...1
S3N0: 2023/09/21 13:10:33 messageHandle.go:163: S3N0 : has received 2f + 1 commits ... 
S3N0: 2023/09/21 13:10:33 pbftInside_module.go:59: S3N0 : adding the block 5...now height = 4 
S3N0: 2023/09/21 13:10:33 pbftInside_module.go:61: S3N0 : added the block 5... 
S3N0: 2023/09/21 13:10:33 pbftInside_module.go:66: S3N0 : main node is trying to send relay txs at height = 5 
S3N0: 2023/09/21 13:10:33 pbftInside_module.go:75: S3N0 : receiver shard :0 local shard: 3 receiver addr :ef032523a93eefc9aa6ac1a455fe97c048d05dd2
S3N0: 2023/09/21 13:10:33 pbftInside_module.go:75: S3N0 : receiver shard :15 local shard: 3 receiver addr :17b1e028a1837ff15ba9e7140add0d13790092a3
S3N0: 2023/09/21 13:10:33 pbftInside_module.go:75: S3N0 : receiver shard :1 local shard: 3 receiver addr :3cd751e6b0078be393132286c442345e5dc49699
S3N0: 2023/09/21 13:10:33 pbftInside_module.go:75: S3N0 : receiver shard :15 local shard: 3 receiver addr :5a5e0ec1144e1aaf4f9bb67216792002dd241618
S3N0: 2023/09/21 13:10:33 pbftInside_module.go:100: S3N0 : sended 1 relay txs to 0
S3N0: 2023/09/21 13:10:33 pbftInside_module.go:100: S3N0 : sended 1 relay txs to 1
S3N0: 2023/09/21 13:10:33 pbftInside_module.go:100: S3N0 : sended 0 relay txs to 2
S3N0: 2023/09/21 13:10:33 pbftInside_module.go:100: S3N0 : sended 0 relay txs to 4
S3N0: 2023/09/21 13:10:33 pbftInside_module.go:100: S3N0 : sended 0 relay txs to 5
S3N0: 2023/09/21 13:10:33 pbftInside_module.go:100: S3N0 : sended 0 relay txs to 6
S3N0: 2023/09/21 13:10:33 pbftInside_module.go:100: S3N0 : sended 0 relay txs to 7
S3N0: 2023/09/21 13:10:33 pbftInside_module.go:100: S3N0 : sended 0 relay txs to 8
S3N0: 2023/09/21 13:10:33 pbftInside_module.go:100: S3N0 : sended 0 relay txs to 9
S3N0: 2023/09/21 13:10:33 pbftInside_module.go:100: S3N0 : sended 0 relay txs to 10
S3N0: 2023/09/21 13:10:33 pbftInside_module.go:100: S3N0 : sended 0 relay txs to 11
S3N0: 2023/09/21 13:10:33 pbftInside_module.go:100: S3N0 : sended 0 relay txs to 12
S3N0: 2023/09/21 13:10:33 pbftInside_module.go:100: S3N0 : sended 0 relay txs to 13
S3N0: 2023/09/21 13:10:33 pbftInside_module.go:100: S3N0 : sended 0 relay txs to 14
S3N0: 2023/09/21 13:10:33 pbftInside_module.go:100: S3N0 : sended 2 relay txs to 15
S3N0: 2023/09/21 13:10:33 pbftInside_module.go:121: ~~S3N0 : Relay1Txs 4, content:[[0xc002154fc0 0xc002155bc0 0xc002155c80 0xc002980c00]]
S3N0: 2023/09/21 13:10:33 pbftInside_module.go:122: S3N0 : sended excuted txs
S3N0: 2023/09/21 13:10:33 messageHandle.go:192: S3N0: this round of pbft 5 is end 
S3N0: 2023/09/21 13:10:33 messageHandle.go:199: S3N0 get sequenceLock unlocked...
S3N0: 2023/09/21 13:10:33 messageHandle.go:151: S3N0 received the Commit from ...2
S3N0: 2023/09/21 13:10:33 pbftOutside_module.go:34: S3N0 : has received relay txs from shard 4, the senderSeq is 5
S3N0: 2023/09/21 13:10:33 pbftOutside_module.go:39: S3N0 : has handled relay txs msg
S3N0: 2023/09/21 13:10:33 pbftOutside_module.go:34: S3N0 : has received relay txs from shard 1, the senderSeq is 5
S3N0: 2023/09/21 13:10:33 pbftOutside_module.go:39: S3N0 : has handled relay txs msg
S3N0: 2023/09/21 13:10:33 pbftOutside_module.go:34: S3N0 : has received relay txs from shard 8, the senderSeq is 5
S3N0: 2023/09/21 13:10:33 pbftOutside_module.go:39: S3N0 : has handled relay txs msg
S3N0: 2023/09/21 13:10:33 pbftOutside_module.go:34: S3N0 : has received relay txs from shard 5, the senderSeq is 5
S3N0: 2023/09/21 13:10:33 pbftOutside_module.go:39: S3N0 : has handled relay txs msg
S3N0: 2023/09/21 13:10:33 pbftOutside_module.go:49: S3N0 : has handled injected txs msg, txs: 2 
S3N0: 2023/09/21 13:10:33 pbftOutside_module.go:34: S3N0 : has received relay txs from shard 2, the senderSeq is 5
S3N0: 2023/09/21 13:10:33 pbftOutside_module.go:39: S3N0 : has handled relay txs msg
S3N0: 2023/09/21 13:10:34 pbftOutside_module.go:34: S3N0 : has received relay txs from shard 6, the senderSeq is 5
S3N0: 2023/09/21 13:10:34 pbftOutside_module.go:39: S3N0 : has handled relay txs msg
S3N0: 2023/09/21 13:10:34 pbftOutside_module.go:34: S3N0 : has received relay txs from shard 9, the senderSeq is 5
S3N0: 2023/09/21 13:10:34 pbftOutside_module.go:39: S3N0 : has handled relay txs msg
S3N0: 2023/09/21 13:10:34 pbftOutside_module.go:34: S3N0 : has received relay txs from shard 0, the senderSeq is 5
S3N0: 2023/09/21 13:10:34 pbftOutside_module.go:39: S3N0 : has handled relay txs msg
S3N0: 2023/09/21 13:10:34 pbftOutside_module.go:34: S3N0 : has received relay txs from shard 10, the senderSeq is 5
S3N0: 2023/09/21 13:10:34 pbftOutside_module.go:39: S3N0 : has handled relay txs msg
S3N0: 2023/09/21 13:10:34 pbftOutside_module.go:34: S3N0 : has received relay txs from shard 12, the senderSeq is 5
S3N0: 2023/09/21 13:10:34 pbftOutside_module.go:39: S3N0 : has handled relay txs msg
S3N0: 2023/09/21 13:10:34 pbftOutside_module.go:34: S3N0 : has received relay txs from shard 11, the senderSeq is 5
S3N0: 2023/09/21 13:10:34 pbftOutside_module.go:39: S3N0 : has handled relay txs msg
S3N0: 2023/09/21 13:10:34 pbftOutside_module.go:34: S3N0 : has received relay txs from shard 7, the senderSeq is 5
S3N0: 2023/09/21 13:10:34 pbftOutside_module.go:39: S3N0 : has handled relay txs msg
S3N0: 2023/09/21 13:10:34 pbftOutside_module.go:34: S3N0 : has received relay txs from shard 13, the senderSeq is 5
S3N0: 2023/09/21 13:10:34 pbftOutside_module.go:39: S3N0 : has handled relay txs msg
S3N0: 2023/09/21 13:10:34 pbftOutside_module.go:49: S3N0 : has handled injected txs msg, txs: 1 
S3N0: 2023/09/21 13:10:34 pbftOutside_module.go:34: S3N0 : has received relay txs from shard 14, the senderSeq is 5
S3N0: 2023/09/21 13:10:34 pbftOutside_module.go:39: S3N0 : has handled relay txs msg
S3N0: 2023/09/21 13:10:35 pbftOutside_module.go:34: S3N0 : has received relay txs from shard 15, the senderSeq is 5
S3N0: 2023/09/21 13:10:35 pbftOutside_module.go:39: S3N0 : has handled relay txs msg
S3N0: 2023/09/21 13:10:35 pbftOutside_module.go:49: S3N0 : has handled injected txs msg, txs: 2 
S3N0: 2023/09/21 13:10:36 messageHandle.go:28: S3N0 get sequenceLock locked, now trying to propose...
S3N0: 2023/09/21 13:10:36 messageHandle.go:35: S3N0 put the request into the pool ...
S3N0: 2023/09/21 13:10:36 messageHandle.go:94: S3N0 : received the Prepare ...
S3N0: 2023/09/21 13:10:36 messageHandle.go:125: S3N0 : is going to commit
S3N0: 2023/09/21 13:10:36 messageHandle.go:139: S3N0 : commit is broadcast
S3N0: 2023/09/21 13:10:36 messageHandle.go:151: S3N0 received the Commit from ...1
S3N0: 2023/09/21 13:10:36 messageHandle.go:163: S3N0 : has received 2f + 1 commits ... 
S3N0: 2023/09/21 13:10:36 pbftInside_module.go:59: S3N0 : adding the block 6...now height = 5 
S3N0: 2023/09/21 13:10:36 pbftInside_module.go:61: S3N0 : added the block 6... 
S3N0: 2023/09/21 13:10:36 pbftInside_module.go:66: S3N0 : main node is trying to send relay txs at height = 6 
S3N0: 2023/09/21 13:10:36 pbftInside_module.go:75: S3N0 : receiver shard :7 local shard: 3 receiver addr :5ae81cbf32d2c7b96a5c86d32132db0b16157ebb
S3N0: 2023/09/21 13:10:36 pbftInside_module.go:75: S3N0 : receiver shard :15 local shard: 3 receiver addr :f17e65822b568b3903685a7c9f496cf7656cc6c2
S3N0: 2023/09/21 13:10:36 pbftInside_module.go:100: S3N0 : sended 0 relay txs to 0
S3N0: 2023/09/21 13:10:36 pbftInside_module.go:100: S3N0 : sended 0 relay txs to 1
S3N0: 2023/09/21 13:10:36 pbftInside_module.go:100: S3N0 : sended 0 relay txs to 2
S3N0: 2023/09/21 13:10:36 pbftInside_module.go:100: S3N0 : sended 0 relay txs to 4
S3N0: 2023/09/21 13:10:36 pbftInside_module.go:100: S3N0 : sended 0 relay txs to 5
S3N0: 2023/09/21 13:10:36 pbftInside_module.go:100: S3N0 : sended 0 relay txs to 6
S3N0: 2023/09/21 13:10:36 pbftInside_module.go:100: S3N0 : sended 1 relay txs to 7
S3N0: 2023/09/21 13:10:36 pbftInside_module.go:100: S3N0 : sended 0 relay txs to 8
S3N0: 2023/09/21 13:10:36 pbftInside_module.go:100: S3N0 : sended 0 relay txs to 9
S3N0: 2023/09/21 13:10:36 pbftInside_module.go:100: S3N0 : sended 0 relay txs to 10
S3N0: 2023/09/21 13:10:36 pbftInside_module.go:100: S3N0 : sended 0 relay txs to 11
S3N0: 2023/09/21 13:10:36 pbftInside_module.go:100: S3N0 : sended 0 relay txs to 12
S3N0: 2023/09/21 13:10:36 pbftInside_module.go:100: S3N0 : sended 0 relay txs to 13
S3N0: 2023/09/21 13:10:36 pbftInside_module.go:100: S3N0 : sended 0 relay txs to 14
S3N0: 2023/09/21 13:10:36 pbftInside_module.go:100: S3N0 : sended 1 relay txs to 15
S3N0: 2023/09/21 13:10:36 pbftInside_module.go:121: ~~S3N0 : Relay1Txs 2, content:[[0xc00227f080 0xc00227f140]]
S3N0: 2023/09/21 13:10:36 pbftInside_module.go:122: S3N0 : sended excuted txs
S3N0: 2023/09/21 13:10:36 messageHandle.go:192: S3N0: this round of pbft 6 is end 
S3N0: 2023/09/21 13:10:36 messageHandle.go:199: S3N0 get sequenceLock unlocked...
S3N0: 2023/09/21 13:10:36 messageHandle.go:94: S3N0 : received the Prepare ...
S3N0: 2023/09/21 13:10:36 messageHandle.go:151: S3N0 received the Commit from ...2
S3N0: 2023/09/21 13:10:36 pbftOutside_module.go:34: S3N0 : has received relay txs from shard 4, the senderSeq is 6
S3N0: 2023/09/21 13:10:36 pbftOutside_module.go:39: S3N0 : has handled relay txs msg
S3N0: 2023/09/21 13:10:36 pbftOutside_module.go:34: S3N0 : has received relay txs from shard 1, the senderSeq is 6
S3N0: 2023/09/21 13:10:36 pbftOutside_module.go:39: S3N0 : has handled relay txs msg
S3N0: 2023/09/21 13:10:36 pbftOutside_module.go:34: S3N0 : has received relay txs from shard 8, the senderSeq is 6
S3N0: 2023/09/21 13:10:36 pbftOutside_module.go:39: S3N0 : has handled relay txs msg
S3N0: 2023/09/21 13:10:36 pbftOutside_module.go:34: S3N0 : has received relay txs from shard 5, the senderSeq is 6
S3N0: 2023/09/21 13:10:36 pbftOutside_module.go:39: S3N0 : has handled relay txs msg
S3N0: 2023/09/21 13:10:36 pbftOutside_module.go:34: S3N0 : has received relay txs from shard 2, the senderSeq is 6
S3N0: 2023/09/21 13:10:36 pbftOutside_module.go:39: S3N0 : has handled relay txs msg
S3N0: 2023/09/21 13:10:36 pbftOutside_module.go:49: S3N0 : has handled injected txs msg, txs: 2 
S3N0: 2023/09/21 13:10:37 pbftOutside_module.go:34: S3N0 : has received relay txs from shard 6, the senderSeq is 6
S3N0: 2023/09/21 13:10:37 pbftOutside_module.go:39: S3N0 : has handled relay txs msg
S3N0: 2023/09/21 13:10:37 pbftOutside_module.go:34: S3N0 : has received relay txs from shard 9, the senderSeq is 6
S3N0: 2023/09/21 13:10:37 pbftOutside_module.go:39: S3N0 : has handled relay txs msg
S3N0: 2023/09/21 13:10:37 pbftOutside_module.go:34: S3N0 : has received relay txs from shard 0, the senderSeq is 6
S3N0: 2023/09/21 13:10:37 pbftOutside_module.go:39: S3N0 : has handled relay txs msg
S3N0: 2023/09/21 13:10:37 pbftOutside_module.go:34: S3N0 : has received relay txs from shard 10, the senderSeq is 6
S3N0: 2023/09/21 13:10:37 pbftOutside_module.go:39: S3N0 : has handled relay txs msg
S3N0: 2023/09/21 13:10:37 pbftOutside_module.go:34: S3N0 : has received relay txs from shard 12, the senderSeq is 6
S3N0: 2023/09/21 13:10:37 pbftOutside_module.go:39: S3N0 : has handled relay txs msg
S3N0: 2023/09/21 13:10:37 pbftOutside_module.go:34: S3N0 : has received relay txs from shard 11, the senderSeq is 6
S3N0: 2023/09/21 13:10:37 pbftOutside_module.go:39: S3N0 : has handled relay txs msg
S3N0: 2023/09/21 13:10:37 pbftOutside_module.go:34: S3N0 : has received relay txs from shard 7, the senderSeq is 6
S3N0: 2023/09/21 13:10:37 pbftOutside_module.go:39: S3N0 : has handled relay txs msg
S3N0: 2023/09/21 13:10:37 pbftOutside_module.go:34: S3N0 : has received relay txs from shard 13, the senderSeq is 6
S3N0: 2023/09/21 13:10:37 pbftOutside_module.go:39: S3N0 : has handled relay txs msg
S3N0: 2023/09/21 13:10:37 pbftOutside_module.go:34: S3N0 : has received relay txs from shard 14, the senderSeq is 6
S3N0: 2023/09/21 13:10:37 pbftOutside_module.go:39: S3N0 : has handled relay txs msg
S3N0: 2023/09/21 13:10:37 pbftOutside_module.go:49: S3N0 : has handled injected txs msg, txs: 3 
S3N0: 2023/09/21 13:10:38 pbftOutside_module.go:34: S3N0 : has received relay txs from shard 15, the senderSeq is 6
S3N0: 2023/09/21 13:10:38 pbftOutside_module.go:39: S3N0 : has handled relay txs msg
S3N0: 2023/09/21 13:10:38 pbftOutside_module.go:49: S3N0 : has handled injected txs msg, txs: 1 
S3N0: 2023/09/21 13:10:39 messageHandle.go:28: S3N0 get sequenceLock locked, now trying to propose...
S3N0: 2023/09/21 13:10:39 messageHandle.go:35: S3N0 put the request into the pool ...
S3N0: 2023/09/21 13:10:39 messageHandle.go:94: S3N0 : received the Prepare ...
S3N0: 2023/09/21 13:10:39 messageHandle.go:125: S3N0 : is going to commit
S3N0: 2023/09/21 13:10:39 messageHandle.go:139: S3N0 : commit is broadcast
S3N0: 2023/09/21 13:10:39 messageHandle.go:151: S3N0 received the Commit from ...2
S3N0: 2023/09/21 13:10:39 messageHandle.go:163: S3N0 : has received 2f + 1 commits ... 
S3N0: 2023/09/21 13:10:39 pbftInside_module.go:59: S3N0 : adding the block 7...now height = 6 
S3N0: 2023/09/21 13:10:39 pbftInside_module.go:61: S3N0 : added the block 7... 
S3N0: 2023/09/21 13:10:39 pbftInside_module.go:66: S3N0 : main node is trying to send relay txs at height = 7 
S3N0: 2023/09/21 13:10:39 pbftInside_module.go:75: S3N0 : receiver shard :11 local shard: 3 receiver addr :a8c651794a159c72bc4cc3cc5598a1eedb62370a
S3N0: 2023/09/21 13:10:39 pbftInside_module.go:75: S3N0 : receiver shard :6 local shard: 3 receiver addr :dac17f958d2ee523a2206206994597c13d831ec7
S3N0: 2023/09/21 13:10:39 pbftInside_module.go:75: S3N0 : receiver shard :1 local shard: 3 receiver addr :3cd751e6b0078be393132286c442345e5dc49699
S3N0: 2023/09/21 13:10:39 pbftInside_module.go:75: S3N0 : receiver shard :11 local shard: 3 receiver addr :c3f8e3b3808d2e33b06abfb8731b88948e1f2b8b
S3N0: 2023/09/21 13:10:39 pbftInside_module.go:100: S3N0 : sended 0 relay txs to 0
S3N0: 2023/09/21 13:10:39 pbftInside_module.go:100: S3N0 : sended 1 relay txs to 1
S3N0: 2023/09/21 13:10:39 pbftInside_module.go:100: S3N0 : sended 0 relay txs to 2
S3N0: 2023/09/21 13:10:39 pbftInside_module.go:100: S3N0 : sended 0 relay txs to 4
S3N0: 2023/09/21 13:10:39 pbftInside_module.go:100: S3N0 : sended 0 relay txs to 5
S3N0: 2023/09/21 13:10:39 pbftInside_module.go:100: S3N0 : sended 1 relay txs to 6
S3N0: 2023/09/21 13:10:39 pbftInside_module.go:100: S3N0 : sended 0 relay txs to 7
S3N0: 2023/09/21 13:10:39 pbftInside_module.go:100: S3N0 : sended 0 relay txs to 8
S3N0: 2023/09/21 13:10:39 pbftInside_module.go:100: S3N0 : sended 0 relay txs to 9
S3N0: 2023/09/21 13:10:39 pbftInside_module.go:100: S3N0 : sended 0 relay txs to 10
S3N0: 2023/09/21 13:10:39 pbftInside_module.go:100: S3N0 : sended 2 relay txs to 11
S3N0: 2023/09/21 13:10:39 pbftInside_module.go:100: S3N0 : sended 0 relay txs to 12
S3N0: 2023/09/21 13:10:39 pbftInside_module.go:100: S3N0 : sended 0 relay txs to 13
S3N0: 2023/09/21 13:10:39 pbftInside_module.go:100: S3N0 : sended 0 relay txs to 14
S3N0: 2023/09/21 13:10:39 pbftInside_module.go:100: S3N0 : sended 0 relay txs to 15
S3N0: 2023/09/21 13:10:39 pbftInside_module.go:121: ~~S3N0 : Relay1Txs 4, content:[[0xc002a9db00 0xc002a9dbc0 0xc002b54300 0xc002b54d80]]
S3N0: 2023/09/21 13:10:39 pbftInside_module.go:122: S3N0 : sended excuted txs
S3N0: 2023/09/21 13:10:39 messageHandle.go:192: S3N0: this round of pbft 7 is end 
S3N0: 2023/09/21 13:10:39 messageHandle.go:199: S3N0 get sequenceLock unlocked...
S3N0: 2023/09/21 13:10:39 messageHandle.go:94: S3N0 : received the Prepare ...
S3N0: 2023/09/21 13:10:39 messageHandle.go:151: S3N0 received the Commit from ...1
S3N0: 2023/09/21 13:10:39 pbftOutside_module.go:34: S3N0 : has received relay txs from shard 4, the senderSeq is 7
S3N0: 2023/09/21 13:10:39 pbftOutside_module.go:39: S3N0 : has handled relay txs msg
S3N0: 2023/09/21 13:10:39 pbftOutside_module.go:34: S3N0 : has received relay txs from shard 1, the senderSeq is 7
S3N0: 2023/09/21 13:10:39 pbftOutside_module.go:39: S3N0 : has handled relay txs msg
S3N0: 2023/09/21 13:10:39 pbftOutside_module.go:34: S3N0 : has received relay txs from shard 8, the senderSeq is 7
S3N0: 2023/09/21 13:10:39 pbftOutside_module.go:39: S3N0 : has handled relay txs msg
S3N0: 2023/09/21 13:10:39 pbftOutside_module.go:34: S3N0 : has received relay txs from shard 5, the senderSeq is 7
S3N0: 2023/09/21 13:10:39 pbftOutside_module.go:39: S3N0 : has handled relay txs msg
S3N0: 2023/09/21 13:10:39 pbftOutside_module.go:34: S3N0 : has received relay txs from shard 2, the senderSeq is 7
S3N0: 2023/09/21 13:10:39 pbftOutside_module.go:39: S3N0 : has handled relay txs msg
S3N0: 2023/09/21 13:10:39 pbftOutside_module.go:49: S3N0 : has handled injected txs msg, txs: 2 
S3N0: 2023/09/21 13:10:40 pbftOutside_module.go:34: S3N0 : has received relay txs from shard 6, the senderSeq is 7
S3N0: 2023/09/21 13:10:40 pbftOutside_module.go:39: S3N0 : has handled relay txs msg
S3N0: 2023/09/21 13:10:40 pbftOutside_module.go:34: S3N0 : has received relay txs from shard 9, the senderSeq is 7
S3N0: 2023/09/21 13:10:40 pbftOutside_module.go:39: S3N0 : has handled relay txs msg
S3N0: 2023/09/21 13:10:40 pbftOutside_module.go:34: S3N0 : has received relay txs from shard 0, the senderSeq is 7
S3N0: 2023/09/21 13:10:40 pbftOutside_module.go:39: S3N0 : has handled relay txs msg
S3N0: 2023/09/21 13:10:40 pbftOutside_module.go:34: S3N0 : has received relay txs from shard 10, the senderSeq is 7
S3N0: 2023/09/21 13:10:40 pbftOutside_module.go:39: S3N0 : has handled relay txs msg
S3N0: 2023/09/21 13:10:40 pbftOutside_module.go:34: S3N0 : has received relay txs from shard 12, the senderSeq is 7
S3N0: 2023/09/21 13:10:40 pbftOutside_module.go:39: S3N0 : has handled relay txs msg
S3N0: 2023/09/21 13:10:40 pbftOutside_module.go:34: S3N0 : has received relay txs from shard 7, the senderSeq is 7
S3N0: 2023/09/21 13:10:40 pbftOutside_module.go:39: S3N0 : has handled relay txs msg
S3N0: 2023/09/21 13:10:40 pbftOutside_module.go:34: S3N0 : has received relay txs from shard 11, the senderSeq is 7
S3N0: 2023/09/21 13:10:40 pbftOutside_module.go:39: S3N0 : has handled relay txs msg
S3N0: 2023/09/21 13:10:40 pbftOutside_module.go:34: S3N0 : has received relay txs from shard 13, the senderSeq is 7
S3N0: 2023/09/21 13:10:40 pbftOutside_module.go:39: S3N0 : has handled relay txs msg
S3N0: 2023/09/21 13:10:40 pbftOutside_module.go:34: S3N0 : has received relay txs from shard 14, the senderSeq is 7
S3N0: 2023/09/21 13:10:40 pbftOutside_module.go:39: S3N0 : has handled relay txs msg
S3N0: 2023/09/21 13:10:41 pbftOutside_module.go:49: S3N0 : has handled injected txs msg, txs: 0 
S3N0: 2023/09/21 13:10:41 pbftOutside_module.go:34: S3N0 : has received relay txs from shard 15, the senderSeq is 7
S3N0: 2023/09/21 13:10:41 pbftOutside_module.go:39: S3N0 : has handled relay txs msg
S3N0: 2023/09/21 13:10:42 messageHandle.go:28: S3N0 get sequenceLock locked, now trying to propose...
S3N0: 2023/09/21 13:10:42 messageHandle.go:35: S3N0 put the request into the pool ...
S3N0: 2023/09/21 13:10:42 messageHandle.go:94: S3N0 : received the Prepare ...
S3N0: 2023/09/21 13:10:42 messageHandle.go:125: S3N0 : is going to commit
S3N0: 2023/09/21 13:10:42 messageHandle.go:139: S3N0 : commit is broadcast
S3N0: 2023/09/21 13:10:42 messageHandle.go:151: S3N0 received the Commit from ...1
S3N0: 2023/09/21 13:10:42 messageHandle.go:163: S3N0 : has received 2f + 1 commits ... 
S3N0: 2023/09/21 13:10:42 pbftInside_module.go:59: S3N0 : adding the block 8...now height = 7 
S3N0: 2023/09/21 13:10:42 pbftInside_module.go:61: S3N0 : added the block 8... 
S3N0: 2023/09/21 13:10:42 pbftInside_module.go:66: S3N0 : main node is trying to send relay txs at height = 8 
S3N0: 2023/09/21 13:10:42 pbftInside_module.go:75: S3N0 : receiver shard :9 local shard: 3 receiver addr :6b175474e89094c44da98b954eedeac495271d0f
S3N0: 2023/09/21 13:10:42 pbftInside_module.go:75: S3N0 : receiver shard :7 local shard: 3 receiver addr :6dfc34609a05bc22319fa4cce1d1e2929548c0d7
S3N0: 2023/09/21 13:10:42 pbftInside_module.go:100: S3N0 : sended 0 relay txs to 0
S3N0: 2023/09/21 13:10:42 pbftInside_module.go:100: S3N0 : sended 0 relay txs to 1
S3N0: 2023/09/21 13:10:42 pbftInside_module.go:100: S3N0 : sended 0 relay txs to 2
S3N0: 2023/09/21 13:10:42 pbftInside_module.go:100: S3N0 : sended 0 relay txs to 4
S3N0: 2023/09/21 13:10:42 pbftInside_module.go:100: S3N0 : sended 0 relay txs to 5
S3N0: 2023/09/21 13:10:42 pbftInside_module.go:100: S3N0 : sended 0 relay txs to 6
S3N0: 2023/09/21 13:10:42 pbftInside_module.go:100: S3N0 : sended 1 relay txs to 7
S3N0: 2023/09/21 13:10:42 pbftInside_module.go:100: S3N0 : sended 0 relay txs to 8
S3N0: 2023/09/21 13:10:42 pbftInside_module.go:100: S3N0 : sended 1 relay txs to 9
S3N0: 2023/09/21 13:10:42 pbftInside_module.go:100: S3N0 : sended 0 relay txs to 10
S3N0: 2023/09/21 13:10:42 pbftInside_module.go:100: S3N0 : sended 0 relay txs to 11
S3N0: 2023/09/21 13:10:42 pbftInside_module.go:100: S3N0 : sended 0 relay txs to 12
S3N0: 2023/09/21 13:10:42 pbftInside_module.go:100: S3N0 : sended 0 relay txs to 13
S3N0: 2023/09/21 13:10:42 pbftInside_module.go:100: S3N0 : sended 0 relay txs to 14
S3N0: 2023/09/21 13:10:42 pbftInside_module.go:100: S3N0 : sended 0 relay txs to 15
S3N0: 2023/09/21 13:10:42 pbftInside_module.go:121: ~~S3N0 : Relay1Txs 2, content:[[0xc0027d1bc0 0xc0027d1c80]]
S3N0: 2023/09/21 13:10:42 pbftInside_module.go:122: S3N0 : sended excuted txs
S3N0: 2023/09/21 13:10:42 messageHandle.go:192: S3N0: this round of pbft 8 is end 
S3N0: 2023/09/21 13:10:42 messageHandle.go:199: S3N0 get sequenceLock unlocked...
S3N0: 2023/09/21 13:10:42 messageHandle.go:94: S3N0 : received the Prepare ...
S3N0: 2023/09/21 13:10:42 messageHandle.go:151: S3N0 received the Commit from ...2
S3N0: 2023/09/21 13:10:42 pbftOutside_module.go:34: S3N0 : has received relay txs from shard 4, the senderSeq is 8
S3N0: 2023/09/21 13:10:42 pbftOutside_module.go:39: S3N0 : has handled relay txs msg
S3N0: 2023/09/21 13:10:42 pbftOutside_module.go:34: S3N0 : has received relay txs from shard 1, the senderSeq is 8
S3N0: 2023/09/21 13:10:42 pbftOutside_module.go:39: S3N0 : has handled relay txs msg
S3N0: 2023/09/21 13:10:42 pbftOutside_module.go:34: S3N0 : has received relay txs from shard 8, the senderSeq is 8
S3N0: 2023/09/21 13:10:42 pbftOutside_module.go:39: S3N0 : has handled relay txs msg
S3N0: 2023/09/21 13:10:42 pbftOutside_module.go:34: S3N0 : has received relay txs from shard 5, the senderSeq is 8
S3N0: 2023/09/21 13:10:42 pbftOutside_module.go:39: S3N0 : has handled relay txs msg
S3N0: 2023/09/21 13:10:42 pbftOutside_module.go:34: S3N0 : has received relay txs from shard 2, the senderSeq is 8
S3N0: 2023/09/21 13:10:42 pbftOutside_module.go:39: S3N0 : has handled relay txs msg
S3N0: 2023/09/21 13:10:43 pbftOutside_module.go:34: S3N0 : has received relay txs from shard 6, the senderSeq is 8
S3N0: 2023/09/21 13:10:43 pbftOutside_module.go:39: S3N0 : has handled relay txs msg
S3N0: 2023/09/21 13:10:43 pbftOutside_module.go:34: S3N0 : has received relay txs from shard 9, the senderSeq is 8
S3N0: 2023/09/21 13:10:43 pbftOutside_module.go:39: S3N0 : has handled relay txs msg
S3N0: 2023/09/21 13:10:43 pbftOutside_module.go:34: S3N0 : has received relay txs from shard 0, the senderSeq is 8
S3N0: 2023/09/21 13:10:43 pbftOutside_module.go:39: S3N0 : has handled relay txs msg
S3N0: 2023/09/21 13:10:43 pbftOutside_module.go:34: S3N0 : has received relay txs from shard 10, the senderSeq is 8
S3N0: 2023/09/21 13:10:43 pbftOutside_module.go:39: S3N0 : has handled relay txs msg
S3N0: 2023/09/21 13:10:43 pbftOutside_module.go:34: S3N0 : has received relay txs from shard 12, the senderSeq is 8
S3N0: 2023/09/21 13:10:43 pbftOutside_module.go:39: S3N0 : has handled relay txs msg
S3N0: 2023/09/21 13:10:43 pbftOutside_module.go:34: S3N0 : has received relay txs from shard 11, the senderSeq is 8
S3N0: 2023/09/21 13:10:43 pbftOutside_module.go:39: S3N0 : has handled relay txs msg
S3N0: 2023/09/21 13:10:43 pbftOutside_module.go:34: S3N0 : has received relay txs from shard 7, the senderSeq is 8
S3N0: 2023/09/21 13:10:43 pbftOutside_module.go:39: S3N0 : has handled relay txs msg
S3N0: 2023/09/21 13:10:43 pbftOutside_module.go:34: S3N0 : has received relay txs from shard 13, the senderSeq is 8
S3N0: 2023/09/21 13:10:43 pbftOutside_module.go:39: S3N0 : has handled relay txs msg
S3N0: 2023/09/21 13:10:43 pbftOutside_module.go:34: S3N0 : has received relay txs from shard 14, the senderSeq is 8
S3N0: 2023/09/21 13:10:43 pbftOutside_module.go:39: S3N0 : has handled relay txs msg
S3N0: 2023/09/21 13:10:44 pbftOutside_module.go:34: S3N0 : has received relay txs from shard 15, the senderSeq is 8
S3N0: 2023/09/21 13:10:44 pbftOutside_module.go:39: S3N0 : has handled relay txs msg
S3N0: 2023/09/21 13:10:45 messageHandle.go:28: S3N0 get sequenceLock locked, now trying to propose...
S3N0: 2023/09/21 13:10:45 messageHandle.go:35: S3N0 put the request into the pool ...
S3N0: 2023/09/21 13:10:45 messageHandle.go:94: S3N0 : received the Prepare ...
S3N0: 2023/09/21 13:10:45 messageHandle.go:125: S3N0 : is going to commit
S3N0: 2023/09/21 13:10:45 messageHandle.go:139: S3N0 : commit is broadcast
S3N0: 2023/09/21 13:10:45 messageHandle.go:94: S3N0 : received the Prepare ...
S3N0: 2023/09/21 13:10:45 messageHandle.go:151: S3N0 received the Commit from ...1
S3N0: 2023/09/21 13:10:45 messageHandle.go:163: S3N0 : has received 2f + 1 commits ... 
S3N0: 2023/09/21 13:10:45 pbftInside_module.go:59: S3N0 : adding the block 9...now height = 8 
S3N0: 2023/09/21 13:10:45 pbftInside_module.go:61: S3N0 : added the block 9... 
S3N0: 2023/09/21 13:10:45 pbftInside_module.go:66: S3N0 : main node is trying to send relay txs at height = 9 
S3N0: 2023/09/21 13:10:45 pbftInside_module.go:100: S3N0 : sended 0 relay txs to 0
S3N0: 2023/09/21 13:10:45 pbftInside_module.go:100: S3N0 : sended 0 relay txs to 1
S3N0: 2023/09/21 13:10:45 pbftInside_module.go:100: S3N0 : sended 0 relay txs to 2
S3N0: 2023/09/21 13:10:45 pbftInside_module.go:100: S3N0 : sended 0 relay txs to 4
S3N0: 2023/09/21 13:10:45 pbftInside_module.go:100: S3N0 : sended 0 relay txs to 5
S3N0: 2023/09/21 13:10:45 pbftInside_module.go:100: S3N0 : sended 0 relay txs to 6
S3N0: 2023/09/21 13:10:45 pbftInside_module.go:100: S3N0 : sended 0 relay txs to 7
S3N0: 2023/09/21 13:10:45 pbftInside_module.go:100: S3N0 : sended 0 relay txs to 8
S3N0: 2023/09/21 13:10:45 pbftInside_module.go:100: S3N0 : sended 0 relay txs to 9
S3N0: 2023/09/21 13:10:45 pbftInside_module.go:100: S3N0 : sended 0 relay txs to 10
S3N0: 2023/09/21 13:10:45 pbftInside_module.go:100: S3N0 : sended 0 relay txs to 11
S3N0: 2023/09/21 13:10:45 pbftInside_module.go:100: S3N0 : sended 0 relay txs to 12
S3N0: 2023/09/21 13:10:45 pbftInside_module.go:100: S3N0 : sended 0 relay txs to 13
S3N0: 2023/09/21 13:10:45 pbftInside_module.go:100: S3N0 : sended 0 relay txs to 14
S3N0: 2023/09/21 13:10:45 pbftInside_module.go:100: S3N0 : sended 0 relay txs to 15
S3N0: 2023/09/21 13:10:45 pbftInside_module.go:121: ~~S3N0 : Relay1Txs 0, content:[[]]
S3N0: 2023/09/21 13:10:45 pbftInside_module.go:122: S3N0 : sended excuted txs
S3N0: 2023/09/21 13:10:45 messageHandle.go:192: S3N0: this round of pbft 9 is end 
S3N0: 2023/09/21 13:10:45 messageHandle.go:199: S3N0 get sequenceLock unlocked...
S3N0: 2023/09/21 13:10:45 messageHandle.go:151: S3N0 received the Commit from ...2
S3N0: 2023/09/21 13:10:45 pbftOutside_module.go:34: S3N0 : has received relay txs from shard 4, the senderSeq is 9
S3N0: 2023/09/21 13:10:45 pbftOutside_module.go:39: S3N0 : has handled relay txs msg
S3N0: 2023/09/21 13:10:45 pbftOutside_module.go:34: S3N0 : has received relay txs from shard 1, the senderSeq is 9
S3N0: 2023/09/21 13:10:45 pbftOutside_module.go:39: S3N0 : has handled relay txs msg
S3N0: 2023/09/21 13:10:45 pbftOutside_module.go:34: S3N0 : has received relay txs from shard 8, the senderSeq is 9
S3N0: 2023/09/21 13:10:45 pbftOutside_module.go:39: S3N0 : has handled relay txs msg
S3N0: 2023/09/21 13:10:45 pbftOutside_module.go:34: S3N0 : has received relay txs from shard 5, the senderSeq is 9
S3N0: 2023/09/21 13:10:45 pbftOutside_module.go:39: S3N0 : has handled relay txs msg
S3N0: 2023/09/21 13:10:45 pbftOutside_module.go:34: S3N0 : has received relay txs from shard 2, the senderSeq is 9
S3N0: 2023/09/21 13:10:45 pbftOutside_module.go:39: S3N0 : has handled relay txs msg
S3N0: 2023/09/21 13:10:46 pbftOutside_module.go:34: S3N0 : has received relay txs from shard 6, the senderSeq is 9
S3N0: 2023/09/21 13:10:46 pbftOutside_module.go:39: S3N0 : has handled relay txs msg
S3N0: 2023/09/21 13:10:46 pbftOutside_module.go:34: S3N0 : has received relay txs from shard 9, the senderSeq is 9
S3N0: 2023/09/21 13:10:46 pbftOutside_module.go:39: S3N0 : has handled relay txs msg
S3N0: 2023/09/21 13:10:46 pbftOutside_module.go:34: S3N0 : has received relay txs from shard 0, the senderSeq is 9
S3N0: 2023/09/21 13:10:46 pbftOutside_module.go:39: S3N0 : has handled relay txs msg
S3N0: 2023/09/21 13:10:46 pbftOutside_module.go:34: S3N0 : has received relay txs from shard 10, the senderSeq is 9
S3N0: 2023/09/21 13:10:46 pbftOutside_module.go:39: S3N0 : has handled relay txs msg
S3N0: 2023/09/21 13:10:46 pbftOutside_module.go:34: S3N0 : has received relay txs from shard 12, the senderSeq is 9
S3N0: 2023/09/21 13:10:46 pbftOutside_module.go:39: S3N0 : has handled relay txs msg
