S2N0: 2023/09/21 13:10:21 pbftOutside_module.go:34: S2N0 : has received relay txs from shard 3, the senderSeq is 1
S2N0: 2023/09/21 13:10:21 pbftOutside_module.go:39: S2N0 : has handled relay txs msg
S2N0: 2023/09/21 13:10:21 pbftOutside_module.go:34: S2N0 : has received relay txs from shard 4, the senderSeq is 1
S2N0: 2023/09/21 13:10:21 pbftOutside_module.go:39: S2N0 : has handled relay txs msg
S2N0: 2023/09/21 13:10:21 pbftOutside_module.go:34: S2N0 : has received relay txs from shard 1, the senderSeq is 1
S2N0: 2023/09/21 13:10:21 pbftOutside_module.go:39: S2N0 : has handled relay txs msg
S2N0: 2023/09/21 13:10:21 pbftOutside_module.go:34: S2N0 : has received relay txs from shard 8, the senderSeq is 1
S2N0: 2023/09/21 13:10:21 pbftOutside_module.go:39: S2N0 : has handled relay txs msg
S2N0: 2023/09/21 13:10:21 pbftOutside_module.go:34: S2N0 : has received relay txs from shard 5, the senderSeq is 1
S2N0: 2023/09/21 13:10:21 pbftOutside_module.go:39: S2N0 : has handled relay txs msg
S2N0: 2023/09/21 13:10:21 messageHandle.go:28: S2N0 get sequenceLock locked, now trying to propose...
S2N0: 2023/09/21 13:10:21 messageHandle.go:35: S2N0 put the request into the pool ...
S2N0: 2023/09/21 13:10:21 messageHandle.go:94: S2N0 : received the Prepare ...
S2N0: 2023/09/21 13:10:21 messageHandle.go:125: S2N0 : is going to commit
S2N0: 2023/09/21 13:10:21 messageHandle.go:139: S2N0 : commit is broadcast
S2N0: 2023/09/21 13:10:21 messageHandle.go:151: S2N0 received the Commit from ...2
S2N0: 2023/09/21 13:10:21 messageHandle.go:163: S2N0 : has received 2f + 1 commits ... 
S2N0: 2023/09/21 13:10:21 pbftInside_module.go:59: S2N0 : adding the block 1...now height = 0 
S2N0: 2023/09/21 13:10:21 pbftInside_module.go:61: S2N0 : added the block 1... 
S2N0: 2023/09/21 13:10:21 pbftInside_module.go:66: S2N0 : main node is trying to send relay txs at height = 1 
S2N0: 2023/09/21 13:10:21 pbftInside_module.go:100: S2N0 : sended 0 relay txs to 0
S2N0: 2023/09/21 13:10:21 pbftInside_module.go:100: S2N0 : sended 0 relay txs to 1
S2N0: 2023/09/21 13:10:21 pbftInside_module.go:100: S2N0 : sended 0 relay txs to 3
S2N0: 2023/09/21 13:10:21 pbftInside_module.go:100: S2N0 : sended 0 relay txs to 4
S2N0: 2023/09/21 13:10:21 pbftInside_module.go:100: S2N0 : sended 0 relay txs to 5
S2N0: 2023/09/21 13:10:21 pbftInside_module.go:100: S2N0 : sended 0 relay txs to 6
S2N0: 2023/09/21 13:10:21 pbftInside_module.go:100: S2N0 : sended 0 relay txs to 7
S2N0: 2023/09/21 13:10:21 pbftInside_module.go:100: S2N0 : sended 0 relay txs to 8
S2N0: 2023/09/21 13:10:21 pbftInside_module.go:100: S2N0 : sended 0 relay txs to 9
S2N0: 2023/09/21 13:10:21 pbftInside_module.go:100: S2N0 : sended 0 relay txs to 10
S2N0: 2023/09/21 13:10:21 pbftInside_module.go:100: S2N0 : sended 0 relay txs to 11
S2N0: 2023/09/21 13:10:21 pbftInside_module.go:100: S2N0 : sended 0 relay txs to 12
S2N0: 2023/09/21 13:10:21 pbftInside_module.go:100: S2N0 : sended 0 relay txs to 13
S2N0: 2023/09/21 13:10:21 pbftInside_module.go:100: S2N0 : sended 0 relay txs to 14
S2N0: 2023/09/21 13:10:21 pbftInside_module.go:100: S2N0 : sended 0 relay txs to 15
S2N0: 2023/09/21 13:10:21 pbftInside_module.go:121: ~~S2N0 : Relay1Txs 0, content:[[]]
S2N0: 2023/09/21 13:10:21 pbftInside_module.go:122: S2N0 : sended excuted txs
S2N0: 2023/09/21 13:10:21 messageHandle.go:192: S2N0: this round of pbft 1 is end 
S2N0: 2023/09/21 13:10:21 messageHandle.go:199: S2N0 get sequenceLock unlocked...
S2N0: 2023/09/21 13:10:21 messageHandle.go:94: S2N0 : received the Prepare ...
S2N0: 2023/09/21 13:10:21 messageHandle.go:151: S2N0 received the Commit from ...1
S2N0: 2023/09/21 13:10:22 pbftOutside_module.go:34: S2N0 : has received relay txs from shard 6, the senderSeq is 1
S2N0: 2023/09/21 13:10:22 pbftOutside_module.go:39: S2N0 : has handled relay txs msg
S2N0: 2023/09/21 13:10:22 pbftOutside_module.go:34: S2N0 : has received relay txs from shard 9, the senderSeq is 1
S2N0: 2023/09/21 13:10:22 pbftOutside_module.go:39: S2N0 : has handled relay txs msg
S2N0: 2023/09/21 13:10:22 pbftOutside_module.go:34: S2N0 : has received relay txs from shard 0, the senderSeq is 1
S2N0: 2023/09/21 13:10:22 pbftOutside_module.go:39: S2N0 : has handled relay txs msg
S2N0: 2023/09/21 13:10:22 pbftOutside_module.go:34: S2N0 : has received relay txs from shard 10, the senderSeq is 1
S2N0: 2023/09/21 13:10:22 pbftOutside_module.go:39: S2N0 : has handled relay txs msg
S2N0: 2023/09/21 13:10:22 pbftOutside_module.go:34: S2N0 : has received relay txs from shard 12, the senderSeq is 1
S2N0: 2023/09/21 13:10:22 pbftOutside_module.go:39: S2N0 : has handled relay txs msg
S2N0: 2023/09/21 13:10:22 pbftOutside_module.go:34: S2N0 : has received relay txs from shard 7, the senderSeq is 1
S2N0: 2023/09/21 13:10:22 pbftOutside_module.go:39: S2N0 : has handled relay txs msg
S2N0: 2023/09/21 13:10:22 pbftOutside_module.go:34: S2N0 : has received relay txs from shard 11, the senderSeq is 1
S2N0: 2023/09/21 13:10:22 pbftOutside_module.go:39: S2N0 : has handled relay txs msg
S2N0: 2023/09/21 13:10:22 pbftOutside_module.go:34: S2N0 : has received relay txs from shard 13, the senderSeq is 1
S2N0: 2023/09/21 13:10:22 pbftOutside_module.go:39: S2N0 : has handled relay txs msg
S2N0: 2023/09/21 13:10:22 pbftOutside_module.go:34: S2N0 : has received relay txs from shard 15, the senderSeq is 1
S2N0: 2023/09/21 13:10:22 pbftOutside_module.go:39: S2N0 : has handled relay txs msg
S2N0: 2023/09/21 13:10:22 pbftOutside_module.go:34: S2N0 : has received relay txs from shard 14, the senderSeq is 1
S2N0: 2023/09/21 13:10:22 pbftOutside_module.go:39: S2N0 : has handled relay txs msg
S2N0: 2023/09/21 13:10:24 pbftOutside_module.go:34: S2N0 : has received relay txs from shard 3, the senderSeq is 2
S2N0: 2023/09/21 13:10:24 pbftOutside_module.go:39: S2N0 : has handled relay txs msg
S2N0: 2023/09/21 13:10:24 pbftOutside_module.go:34: S2N0 : has received relay txs from shard 4, the senderSeq is 2
S2N0: 2023/09/21 13:10:24 pbftOutside_module.go:39: S2N0 : has handled relay txs msg
S2N0: 2023/09/21 13:10:24 pbftOutside_module.go:34: S2N0 : has received relay txs from shard 1, the senderSeq is 2
S2N0: 2023/09/21 13:10:24 pbftOutside_module.go:39: S2N0 : has handled relay txs msg
S2N0: 2023/09/21 13:10:24 pbftOutside_module.go:49: S2N0 : has handled injected txs msg, txs: 8 
S2N0: 2023/09/21 13:10:24 pbftOutside_module.go:34: S2N0 : has received relay txs from shard 8, the senderSeq is 2
S2N0: 2023/09/21 13:10:24 pbftOutside_module.go:39: S2N0 : has handled relay txs msg
S2N0: 2023/09/21 13:10:24 pbftOutside_module.go:34: S2N0 : has received relay txs from shard 5, the senderSeq is 2
S2N0: 2023/09/21 13:10:24 pbftOutside_module.go:39: S2N0 : has handled relay txs msg
S2N0: 2023/09/21 13:10:24 messageHandle.go:28: S2N0 get sequenceLock locked, now trying to propose...
S2N0: 2023/09/21 13:10:24 messageHandle.go:35: S2N0 put the request into the pool ...
S2N0: 2023/09/21 13:10:24 messageHandle.go:94: S2N0 : received the Prepare ...
S2N0: 2023/09/21 13:10:24 messageHandle.go:125: S2N0 : is going to commit
S2N0: 2023/09/21 13:10:24 messageHandle.go:139: S2N0 : commit is broadcast
S2N0: 2023/09/21 13:10:24 messageHandle.go:151: S2N0 received the Commit from ...1
S2N0: 2023/09/21 13:10:24 messageHandle.go:163: S2N0 : has received 2f + 1 commits ... 
S2N0: 2023/09/21 13:10:24 pbftInside_module.go:59: S2N0 : adding the block 2...now height = 1 
S2N0: 2023/09/21 13:10:24 pbftInside_module.go:61: S2N0 : added the block 2... 
S2N0: 2023/09/21 13:10:24 pbftInside_module.go:66: S2N0 : main node is trying to send relay txs at height = 2 
S2N0: 2023/09/21 13:10:24 pbftInside_module.go:75: S2N0 : receiver shard :10 local shard: 2 receiver addr :ef1c6e67703c7bd7107eed8303fbe6ec2554bf6b
S2N0: 2023/09/21 13:10:24 pbftInside_module.go:75: S2N0 : receiver shard :10 local shard: 2 receiver addr :ef1c6e67703c7bd7107eed8303fbe6ec2554bf6b
S2N0: 2023/09/21 13:10:24 pbftInside_module.go:75: S2N0 : receiver shard :6 local shard: 2 receiver addr :dac17f958d2ee523a2206206994597c13d831ec7
S2N0: 2023/09/21 13:10:24 pbftInside_module.go:75: S2N0 : receiver shard :15 local shard: 2 receiver addr :17b1e028a1837ff15ba9e7140add0d13790092a3
S2N0: 2023/09/21 13:10:24 pbftInside_module.go:75: S2N0 : receiver shard :15 local shard: 2 receiver addr :d741b75a996280a8b0ac05a45f85149e9c81919d
S2N0: 2023/09/21 13:10:24 pbftInside_module.go:75: S2N0 : receiver shard :15 local shard: 2 receiver addr :9bf1d7d63dd7a4ce167cf4866388226eeefa702e
S2N0: 2023/09/21 13:10:24 pbftInside_module.go:75: S2N0 : receiver shard :10 local shard: 2 receiver addr :ef1c6e67703c7bd7107eed8303fbe6ec2554bf6b
S2N0: 2023/09/21 13:10:24 pbftInside_module.go:75: S2N0 : receiver shard :3 local shard: 2 receiver addr :3b3ae790df4f312e745d270119c6052904fb6790
S2N0: 2023/09/21 13:10:24 pbftInside_module.go:100: S2N0 : sended 0 relay txs to 0
S2N0: 2023/09/21 13:10:24 pbftInside_module.go:100: S2N0 : sended 0 relay txs to 1
S2N0: 2023/09/21 13:10:24 pbftInside_module.go:100: S2N0 : sended 1 relay txs to 3
S2N0: 2023/09/21 13:10:24 pbftInside_module.go:100: S2N0 : sended 0 relay txs to 4
S2N0: 2023/09/21 13:10:24 pbftInside_module.go:100: S2N0 : sended 0 relay txs to 5
S2N0: 2023/09/21 13:10:24 pbftInside_module.go:100: S2N0 : sended 1 relay txs to 6
S2N0: 2023/09/21 13:10:24 pbftInside_module.go:100: S2N0 : sended 0 relay txs to 7
S2N0: 2023/09/21 13:10:24 pbftInside_module.go:100: S2N0 : sended 0 relay txs to 8
S2N0: 2023/09/21 13:10:24 pbftInside_module.go:100: S2N0 : sended 0 relay txs to 9
S2N0: 2023/09/21 13:10:24 pbftInside_module.go:100: S2N0 : sended 3 relay txs to 10
S2N0: 2023/09/21 13:10:24 pbftInside_module.go:100: S2N0 : sended 0 relay txs to 11
S2N0: 2023/09/21 13:10:24 pbftInside_module.go:100: S2N0 : sended 0 relay txs to 12
S2N0: 2023/09/21 13:10:24 pbftInside_module.go:100: S2N0 : sended 0 relay txs to 13
S2N0: 2023/09/21 13:10:24 pbftInside_module.go:100: S2N0 : sended 0 relay txs to 14
S2N0: 2023/09/21 13:10:24 pbftInside_module.go:100: S2N0 : sended 3 relay txs to 15
S2N0: 2023/09/21 13:10:24 pbftInside_module.go:121: ~~S2N0 : Relay1Txs 8, content:[[0xc0021bc840 0xc0021bc900 0xc0021bc9c0 0xc0021bca80 0xc0021bcb40 0xc0021bcc00 0xc0021bccc0 0xc0021bcd80]]
S2N0: 2023/09/21 13:10:24 pbftInside_module.go:122: S2N0 : sended excuted txs
S2N0: 2023/09/21 13:10:24 messageHandle.go:192: S2N0: this round of pbft 2 is end 
S2N0: 2023/09/21 13:10:24 messageHandle.go:199: S2N0 get sequenceLock unlocked...
S2N0: 2023/09/21 13:10:24 messageHandle.go:94: S2N0 : received the Prepare ...
S2N0: 2023/09/21 13:10:24 messageHandle.go:151: S2N0 received the Commit from ...2
S2N0: 2023/09/21 13:10:25 pbftOutside_module.go:34: S2N0 : has received relay txs from shard 6, the senderSeq is 2
S2N0: 2023/09/21 13:10:25 pbftOutside_module.go:39: S2N0 : has handled relay txs msg
S2N0: 2023/09/21 13:10:25 pbftOutside_module.go:34: S2N0 : has received relay txs from shard 9, the senderSeq is 2
S2N0: 2023/09/21 13:10:25 pbftOutside_module.go:39: S2N0 : has handled relay txs msg
S2N0: 2023/09/21 13:10:25 pbftOutside_module.go:34: S2N0 : has received relay txs from shard 0, the senderSeq is 2
S2N0: 2023/09/21 13:10:25 pbftOutside_module.go:39: S2N0 : has handled relay txs msg
S2N0: 2023/09/21 13:10:25 pbftOutside_module.go:34: S2N0 : has received relay txs from shard 10, the senderSeq is 2
S2N0: 2023/09/21 13:10:25 pbftOutside_module.go:39: S2N0 : has handled relay txs msg
S2N0: 2023/09/21 13:10:25 pbftOutside_module.go:49: S2N0 : has handled injected txs msg, txs: 11 
S2N0: 2023/09/21 13:10:25 pbftOutside_module.go:34: S2N0 : has received relay txs from shard 12, the senderSeq is 2
S2N0: 2023/09/21 13:10:25 pbftOutside_module.go:39: S2N0 : has handled relay txs msg
S2N0: 2023/09/21 13:10:25 pbftOutside_module.go:34: S2N0 : has received relay txs from shard 7, the senderSeq is 2
S2N0: 2023/09/21 13:10:25 pbftOutside_module.go:39: S2N0 : has handled relay txs msg
S2N0: 2023/09/21 13:10:25 pbftOutside_module.go:34: S2N0 : has received relay txs from shard 11, the senderSeq is 2
S2N0: 2023/09/21 13:10:25 pbftOutside_module.go:39: S2N0 : has handled relay txs msg
S2N0: 2023/09/21 13:10:25 pbftOutside_module.go:34: S2N0 : has received relay txs from shard 13, the senderSeq is 2
S2N0: 2023/09/21 13:10:25 pbftOutside_module.go:39: S2N0 : has handled relay txs msg
S2N0: 2023/09/21 13:10:25 pbftOutside_module.go:34: S2N0 : has received relay txs from shard 14, the senderSeq is 2
S2N0: 2023/09/21 13:10:25 pbftOutside_module.go:39: S2N0 : has handled relay txs msg
S2N0: 2023/09/21 13:10:25 pbftOutside_module.go:34: S2N0 : has received relay txs from shard 15, the senderSeq is 2
S2N0: 2023/09/21 13:10:25 pbftOutside_module.go:39: S2N0 : has handled relay txs msg
S2N0: 2023/09/21 13:10:26 pbftOutside_module.go:49: S2N0 : has handled injected txs msg, txs: 2 
S2N0: 2023/09/21 13:10:27 pbftOutside_module.go:34: S2N0 : has received relay txs from shard 3, the senderSeq is 3
S2N0: 2023/09/21 13:10:27 pbftOutside_module.go:39: S2N0 : has handled relay txs msg
S2N0: 2023/09/21 13:10:27 pbftOutside_module.go:34: S2N0 : has received relay txs from shard 4, the senderSeq is 3
S2N0: 2023/09/21 13:10:27 pbftOutside_module.go:39: S2N0 : has handled relay txs msg
S2N0: 2023/09/21 13:10:27 pbftOutside_module.go:34: S2N0 : has received relay txs from shard 1, the senderSeq is 3
S2N0: 2023/09/21 13:10:27 pbftOutside_module.go:39: S2N0 : has handled relay txs msg
S2N0: 2023/09/21 13:10:27 pbftOutside_module.go:49: S2N0 : has handled injected txs msg, txs: 0 
S2N0: 2023/09/21 13:10:27 pbftOutside_module.go:34: S2N0 : has received relay txs from shard 8, the senderSeq is 3
S2N0: 2023/09/21 13:10:27 pbftOutside_module.go:39: S2N0 : has handled relay txs msg
S2N0: 2023/09/21 13:10:27 pbftOutside_module.go:34: S2N0 : has received relay txs from shard 5, the senderSeq is 3
S2N0: 2023/09/21 13:10:27 pbftOutside_module.go:39: S2N0 : has handled relay txs msg
S2N0: 2023/09/21 13:10:27 messageHandle.go:28: S2N0 get sequenceLock locked, now trying to propose...
S2N0: 2023/09/21 13:10:27 messageHandle.go:35: S2N0 put the request into the pool ...
S2N0: 2023/09/21 13:10:27 messageHandle.go:94: S2N0 : received the Prepare ...
S2N0: 2023/09/21 13:10:27 messageHandle.go:125: S2N0 : is going to commit
S2N0: 2023/09/21 13:10:27 messageHandle.go:139: S2N0 : commit is broadcast
S2N0: 2023/09/21 13:10:27 messageHandle.go:151: S2N0 received the Commit from ...1
S2N0: 2023/09/21 13:10:27 messageHandle.go:163: S2N0 : has received 2f + 1 commits ... 
S2N0: 2023/09/21 13:10:27 pbftInside_module.go:59: S2N0 : adding the block 3...now height = 2 
S2N0: 2023/09/21 13:10:27 pbftInside_module.go:61: S2N0 : added the block 3... 
S2N0: 2023/09/21 13:10:27 pbftInside_module.go:66: S2N0 : main node is trying to send relay txs at height = 3 
S2N0: 2023/09/21 13:10:27 pbftInside_module.go:75: S2N0 : receiver shard :15 local shard: 2 receiver addr :7a250d5630b4cf539739df2c5dacb4c659f2488d
S2N0: 2023/09/21 13:10:27 pbftInside_module.go:75: S2N0 : receiver shard :10 local shard: 2 receiver addr :ef1c6e67703c7bd7107eed8303fbe6ec2554bf6b
S2N0: 2023/09/21 13:10:27 pbftInside_module.go:75: S2N0 : receiver shard :8 local shard: 2 receiver addr :c81256e61f3e9088c2e810aac37780758628a7b5
S2N0: 2023/09/21 13:10:27 pbftInside_module.go:75: S2N0 : receiver shard :15 local shard: 2 receiver addr :f4f1927557a3eb250cec354183699a9b415641b6
S2N0: 2023/09/21 13:10:27 pbftInside_module.go:75: S2N0 : receiver shard :15 local shard: 2 receiver addr :9d6df473b80241b1bedd56d82815e8fe319d6279
S2N0: 2023/09/21 13:10:27 pbftInside_module.go:75: S2N0 : receiver shard :15 local shard: 2 receiver addr :e51507aaa7ad86689f102656c4b7042724dc2577
S2N0: 2023/09/21 13:10:27 pbftInside_module.go:75: S2N0 : receiver shard :15 local shard: 2 receiver addr :5eafb8ac43e635dbc995541e5315287c05e584d3
S2N0: 2023/09/21 13:10:27 pbftInside_module.go:75: S2N0 : receiver shard :15 local shard: 2 receiver addr :17b1e028a1837ff15ba9e7140add0d13790092a3
S2N0: 2023/09/21 13:10:27 pbftInside_module.go:75: S2N0 : receiver shard :5 local shard: 2 receiver addr :231b0ee14048e9dccd1d247744d114a4eb5e8e63
S2N0: 2023/09/21 13:10:27 pbftInside_module.go:75: S2N0 : receiver shard :15 local shard: 2 receiver addr :00000000000c2e074ec69a0dfb2997ba6c7d2e1e
S2N0: 2023/09/21 13:10:27 pbftInside_module.go:100: S2N0 : sended 0 relay txs to 0
S2N0: 2023/09/21 13:10:27 pbftInside_module.go:100: S2N0 : sended 0 relay txs to 1
S2N0: 2023/09/21 13:10:27 pbftInside_module.go:100: S2N0 : sended 0 relay txs to 3
S2N0: 2023/09/21 13:10:27 pbftInside_module.go:100: S2N0 : sended 0 relay txs to 4
S2N0: 2023/09/21 13:10:27 pbftInside_module.go:100: S2N0 : sended 1 relay txs to 5
S2N0: 2023/09/21 13:10:27 pbftInside_module.go:100: S2N0 : sended 0 relay txs to 6
S2N0: 2023/09/21 13:10:27 pbftInside_module.go:100: S2N0 : sended 0 relay txs to 7
S2N0: 2023/09/21 13:10:27 pbftInside_module.go:100: S2N0 : sended 1 relay txs to 8
S2N0: 2023/09/21 13:10:27 pbftInside_module.go:100: S2N0 : sended 0 relay txs to 9
S2N0: 2023/09/21 13:10:27 pbftInside_module.go:100: S2N0 : sended 1 relay txs to 10
S2N0: 2023/09/21 13:10:27 pbftInside_module.go:100: S2N0 : sended 0 relay txs to 11
S2N0: 2023/09/21 13:10:27 pbftInside_module.go:100: S2N0 : sended 0 relay txs to 12
S2N0: 2023/09/21 13:10:27 pbftInside_module.go:100: S2N0 : sended 0 relay txs to 13
S2N0: 2023/09/21 13:10:27 pbftInside_module.go:100: S2N0 : sended 0 relay txs to 14
S2N0: 2023/09/21 13:10:27 pbftInside_module.go:100: S2N0 : sended 7 relay txs to 15
S2N0: 2023/09/21 13:10:27 pbftInside_module.go:121: ~~S2N0 : Relay1Txs 10, content:[[0xc00212d680 0xc00212d740 0xc00212d800 0xc00212d8c0 0xc00212d980 0xc00212db00 0xc00212dbc0 0xc00212dc80 0xc00212dd40 0xc00212de00]]
S2N0: 2023/09/21 13:10:27 pbftInside_module.go:122: S2N0 : sended excuted txs
S2N0: 2023/09/21 13:10:27 messageHandle.go:192: S2N0: this round of pbft 3 is end 
S2N0: 2023/09/21 13:10:27 messageHandle.go:199: S2N0 get sequenceLock unlocked...
S2N0: 2023/09/21 13:10:27 messageHandle.go:94: S2N0 : received the Prepare ...
S2N0: 2023/09/21 13:10:27 messageHandle.go:151: S2N0 received the Commit from ...2
S2N0: 2023/09/21 13:10:28 pbftOutside_module.go:34: S2N0 : has received relay txs from shard 6, the senderSeq is 3
S2N0: 2023/09/21 13:10:28 pbftOutside_module.go:39: S2N0 : has handled relay txs msg
S2N0: 2023/09/21 13:10:28 pbftOutside_module.go:34: S2N0 : has received relay txs from shard 9, the senderSeq is 3
S2N0: 2023/09/21 13:10:28 pbftOutside_module.go:39: S2N0 : has handled relay txs msg
S2N0: 2023/09/21 13:10:28 pbftOutside_module.go:34: S2N0 : has received relay txs from shard 0, the senderSeq is 3
S2N0: 2023/09/21 13:10:28 pbftOutside_module.go:39: S2N0 : has handled relay txs msg
S2N0: 2023/09/21 13:10:28 pbftOutside_module.go:34: S2N0 : has received relay txs from shard 10, the senderSeq is 3
S2N0: 2023/09/21 13:10:28 pbftOutside_module.go:39: S2N0 : has handled relay txs msg
S2N0: 2023/09/21 13:10:28 pbftOutside_module.go:34: S2N0 : has received relay txs from shard 12, the senderSeq is 3
S2N0: 2023/09/21 13:10:28 pbftOutside_module.go:39: S2N0 : has handled relay txs msg
S2N0: 2023/09/21 13:10:28 pbftOutside_module.go:49: S2N0 : has handled injected txs msg, txs: 0 
S2N0: 2023/09/21 13:10:28 pbftOutside_module.go:34: S2N0 : has received relay txs from shard 7, the senderSeq is 3
S2N0: 2023/09/21 13:10:28 pbftOutside_module.go:39: S2N0 : has handled relay txs msg
S2N0: 2023/09/21 13:10:28 pbftOutside_module.go:34: S2N0 : has received relay txs from shard 11, the senderSeq is 3
S2N0: 2023/09/21 13:10:28 pbftOutside_module.go:39: S2N0 : has handled relay txs msg
S2N0: 2023/09/21 13:10:28 pbftOutside_module.go:34: S2N0 : has received relay txs from shard 13, the senderSeq is 3
S2N0: 2023/09/21 13:10:28 pbftOutside_module.go:39: S2N0 : has handled relay txs msg
S2N0: 2023/09/21 13:10:28 pbftOutside_module.go:34: S2N0 : has received relay txs from shard 14, the senderSeq is 3
S2N0: 2023/09/21 13:10:28 pbftOutside_module.go:39: S2N0 : has handled relay txs msg
S2N0: 2023/09/21 13:10:28 pbftOutside_module.go:34: S2N0 : has received relay txs from shard 15, the senderSeq is 3
S2N0: 2023/09/21 13:10:28 pbftOutside_module.go:39: S2N0 : has handled relay txs msg
S2N0: 2023/09/21 13:10:29 pbftOutside_module.go:49: S2N0 : has handled injected txs msg, txs: 0 
S2N0: 2023/09/21 13:10:30 pbftOutside_module.go:34: S2N0 : has received relay txs from shard 3, the senderSeq is 4
S2N0: 2023/09/21 13:10:30 pbftOutside_module.go:39: S2N0 : has handled relay txs msg
S2N0: 2023/09/21 13:10:30 pbftOutside_module.go:34: S2N0 : has received relay txs from shard 4, the senderSeq is 4
S2N0: 2023/09/21 13:10:30 pbftOutside_module.go:39: S2N0 : has handled relay txs msg
S2N0: 2023/09/21 13:10:30 pbftOutside_module.go:34: S2N0 : has received relay txs from shard 1, the senderSeq is 4
S2N0: 2023/09/21 13:10:30 pbftOutside_module.go:39: S2N0 : has handled relay txs msg
S2N0: 2023/09/21 13:10:30 pbftOutside_module.go:49: S2N0 : has handled injected txs msg, txs: 2 
S2N0: 2023/09/21 13:10:30 pbftOutside_module.go:34: S2N0 : has received relay txs from shard 8, the senderSeq is 4
S2N0: 2023/09/21 13:10:30 pbftOutside_module.go:39: S2N0 : has handled relay txs msg
S2N0: 2023/09/21 13:10:30 pbftOutside_module.go:34: S2N0 : has received relay txs from shard 5, the senderSeq is 4
S2N0: 2023/09/21 13:10:30 pbftOutside_module.go:39: S2N0 : has handled relay txs msg
S2N0: 2023/09/21 13:10:30 messageHandle.go:28: S2N0 get sequenceLock locked, now trying to propose...
S2N0: 2023/09/21 13:10:30 messageHandle.go:35: S2N0 put the request into the pool ...
S2N0: 2023/09/21 13:10:30 messageHandle.go:94: S2N0 : received the Prepare ...
S2N0: 2023/09/21 13:10:30 messageHandle.go:125: S2N0 : is going to commit
S2N0: 2023/09/21 13:10:30 messageHandle.go:139: S2N0 : commit is broadcast
S2N0: 2023/09/21 13:10:30 messageHandle.go:94: S2N0 : received the Prepare ...
S2N0: 2023/09/21 13:10:30 messageHandle.go:151: S2N0 received the Commit from ...1
S2N0: 2023/09/21 13:10:30 messageHandle.go:163: S2N0 : has received 2f + 1 commits ... 
S2N0: 2023/09/21 13:10:30 pbftInside_module.go:59: S2N0 : adding the block 4...now height = 3 
S2N0: 2023/09/21 13:10:30 pbftInside_module.go:61: S2N0 : added the block 4... 
S2N0: 2023/09/21 13:10:30 pbftInside_module.go:66: S2N0 : main node is trying to send relay txs at height = 4 
S2N0: 2023/09/21 13:10:30 pbftInside_module.go:75: S2N0 : receiver shard :10 local shard: 2 receiver addr :ef1c6e67703c7bd7107eed8303fbe6ec2554bf6b
S2N0: 2023/09/21 13:10:30 pbftInside_module.go:75: S2N0 : receiver shard :15 local shard: 2 receiver addr :1fb451c68493ddf99646750f75734cb6cf62c610
S2N0: 2023/09/21 13:10:30 pbftInside_module.go:100: S2N0 : sended 0 relay txs to 0
S2N0: 2023/09/21 13:10:30 pbftInside_module.go:100: S2N0 : sended 0 relay txs to 1
S2N0: 2023/09/21 13:10:30 pbftInside_module.go:100: S2N0 : sended 0 relay txs to 3
S2N0: 2023/09/21 13:10:30 pbftInside_module.go:100: S2N0 : sended 0 relay txs to 4
S2N0: 2023/09/21 13:10:30 pbftInside_module.go:100: S2N0 : sended 0 relay txs to 5
S2N0: 2023/09/21 13:10:30 pbftInside_module.go:100: S2N0 : sended 0 relay txs to 6
S2N0: 2023/09/21 13:10:30 pbftInside_module.go:100: S2N0 : sended 0 relay txs to 7
S2N0: 2023/09/21 13:10:30 pbftInside_module.go:100: S2N0 : sended 0 relay txs to 8
S2N0: 2023/09/21 13:10:30 pbftInside_module.go:100: S2N0 : sended 0 relay txs to 9
S2N0: 2023/09/21 13:10:30 pbftInside_module.go:100: S2N0 : sended 1 relay txs to 10
S2N0: 2023/09/21 13:10:30 pbftInside_module.go:100: S2N0 : sended 0 relay txs to 11
S2N0: 2023/09/21 13:10:30 pbftInside_module.go:100: S2N0 : sended 0 relay txs to 12
S2N0: 2023/09/21 13:10:30 pbftInside_module.go:100: S2N0 : sended 0 relay txs to 13
S2N0: 2023/09/21 13:10:30 pbftInside_module.go:100: S2N0 : sended 0 relay txs to 14
S2N0: 2023/09/21 13:10:30 pbftInside_module.go:100: S2N0 : sended 1 relay txs to 15
S2N0: 2023/09/21 13:10:30 pbftInside_module.go:121: ~~S2N0 : Relay1Txs 2, content:[[0xc0022d5680 0xc0022d5740]]
S2N0: 2023/09/21 13:10:30 pbftInside_module.go:122: S2N0 : sended excuted txs
S2N0: 2023/09/21 13:10:30 messageHandle.go:192: S2N0: this round of pbft 4 is end 
S2N0: 2023/09/21 13:10:30 messageHandle.go:199: S2N0 get sequenceLock unlocked...
S2N0: 2023/09/21 13:10:30 messageHandle.go:151: S2N0 received the Commit from ...2
S2N0: 2023/09/21 13:10:31 pbftOutside_module.go:34: S2N0 : has received relay txs from shard 6, the senderSeq is 4
S2N0: 2023/09/21 13:10:31 pbftOutside_module.go:39: S2N0 : has handled relay txs msg
S2N0: 2023/09/21 13:10:31 pbftOutside_module.go:34: S2N0 : has received relay txs from shard 9, the senderSeq is 4
S2N0: 2023/09/21 13:10:31 pbftOutside_module.go:39: S2N0 : has handled relay txs msg
S2N0: 2023/09/21 13:10:31 pbftOutside_module.go:34: S2N0 : has received relay txs from shard 0, the senderSeq is 4
S2N0: 2023/09/21 13:10:31 pbftOutside_module.go:39: S2N0 : has handled relay txs msg
S2N0: 2023/09/21 13:10:31 pbftOutside_module.go:34: S2N0 : has received relay txs from shard 10, the senderSeq is 4
S2N0: 2023/09/21 13:10:31 pbftOutside_module.go:39: S2N0 : has handled relay txs msg
S2N0: 2023/09/21 13:10:31 pbftOutside_module.go:34: S2N0 : has received relay txs from shard 12, the senderSeq is 4
S2N0: 2023/09/21 13:10:31 pbftOutside_module.go:39: S2N0 : has handled relay txs msg
S2N0: 2023/09/21 13:10:31 pbftOutside_module.go:34: S2N0 : has received relay txs from shard 7, the senderSeq is 4
S2N0: 2023/09/21 13:10:31 pbftOutside_module.go:39: S2N0 : has handled relay txs msg
S2N0: 2023/09/21 13:10:31 pbftOutside_module.go:34: S2N0 : has received relay txs from shard 11, the senderSeq is 4
S2N0: 2023/09/21 13:10:31 pbftOutside_module.go:39: S2N0 : has handled relay txs msg
S2N0: 2023/09/21 13:10:31 pbftOutside_module.go:49: S2N0 : has handled injected txs msg, txs: 0 
S2N0: 2023/09/21 13:10:31 pbftOutside_module.go:34: S2N0 : has received relay txs from shard 13, the senderSeq is 4
S2N0: 2023/09/21 13:10:31 pbftOutside_module.go:39: S2N0 : has handled relay txs msg
S2N0: 2023/09/21 13:10:31 pbftOutside_module.go:34: S2N0 : has received relay txs from shard 14, the senderSeq is 4
S2N0: 2023/09/21 13:10:31 pbftOutside_module.go:39: S2N0 : has handled relay txs msg
S2N0: 2023/09/21 13:10:32 pbftOutside_module.go:34: S2N0 : has received relay txs from shard 15, the senderSeq is 4
S2N0: 2023/09/21 13:10:32 pbftOutside_module.go:39: S2N0 : has handled relay txs msg
S2N0: 2023/09/21 13:10:32 pbftOutside_module.go:49: S2N0 : has handled injected txs msg, txs: 2 
S2N0: 2023/09/21 13:10:33 pbftOutside_module.go:34: S2N0 : has received relay txs from shard 3, the senderSeq is 5
S2N0: 2023/09/21 13:10:33 pbftOutside_module.go:39: S2N0 : has handled relay txs msg
S2N0: 2023/09/21 13:10:33 pbftOutside_module.go:34: S2N0 : has received relay txs from shard 4, the senderSeq is 5
S2N0: 2023/09/21 13:10:33 pbftOutside_module.go:39: S2N0 : has handled relay txs msg
S2N0: 2023/09/21 13:10:33 pbftOutside_module.go:34: S2N0 : has received relay txs from shard 1, the senderSeq is 5
S2N0: 2023/09/21 13:10:33 pbftOutside_module.go:39: S2N0 : has handled relay txs msg
S2N0: 2023/09/21 13:10:33 pbftOutside_module.go:34: S2N0 : has received relay txs from shard 8, the senderSeq is 5
S2N0: 2023/09/21 13:10:33 pbftOutside_module.go:39: S2N0 : has handled relay txs msg
S2N0: 2023/09/21 13:10:33 pbftOutside_module.go:34: S2N0 : has received relay txs from shard 5, the senderSeq is 5
S2N0: 2023/09/21 13:10:33 pbftOutside_module.go:39: S2N0 : has handled relay txs msg
S2N0: 2023/09/21 13:10:33 pbftOutside_module.go:49: S2N0 : has handled injected txs msg, txs: 0 
S2N0: 2023/09/21 13:10:33 messageHandle.go:28: S2N0 get sequenceLock locked, now trying to propose...
S2N0: 2023/09/21 13:10:33 messageHandle.go:35: S2N0 put the request into the pool ...
S2N0: 2023/09/21 13:10:33 messageHandle.go:94: S2N0 : received the Prepare ...
S2N0: 2023/09/21 13:10:33 messageHandle.go:125: S2N0 : is going to commit
S2N0: 2023/09/21 13:10:33 messageHandle.go:139: S2N0 : commit is broadcast
S2N0: 2023/09/21 13:10:33 messageHandle.go:151: S2N0 received the Commit from ...1
S2N0: 2023/09/21 13:10:33 messageHandle.go:163: S2N0 : has received 2f + 1 commits ... 
S2N0: 2023/09/21 13:10:33 pbftInside_module.go:59: S2N0 : adding the block 5...now height = 4 
S2N0: 2023/09/21 13:10:33 pbftInside_module.go:61: S2N0 : added the block 5... 
S2N0: 2023/09/21 13:10:33 pbftInside_module.go:66: S2N0 : main node is trying to send relay txs at height = 5 
S2N0: 2023/09/21 13:10:33 pbftInside_module.go:75: S2N0 : receiver shard :10 local shard: 2 receiver addr :ef1c6e67703c7bd7107eed8303fbe6ec2554bf6b
S2N0: 2023/09/21 13:10:33 pbftInside_module.go:75: S2N0 : receiver shard :15 local shard: 2 receiver addr :076a9b5414aa0f71b8c299820742413ed15ca230
S2N0: 2023/09/21 13:10:33 pbftInside_module.go:100: S2N0 : sended 0 relay txs to 0
S2N0: 2023/09/21 13:10:33 pbftInside_module.go:100: S2N0 : sended 0 relay txs to 1
S2N0: 2023/09/21 13:10:33 pbftInside_module.go:100: S2N0 : sended 0 relay txs to 3
S2N0: 2023/09/21 13:10:33 pbftInside_module.go:100: S2N0 : sended 0 relay txs to 4
S2N0: 2023/09/21 13:10:33 pbftInside_module.go:100: S2N0 : sended 0 relay txs to 5
S2N0: 2023/09/21 13:10:33 pbftInside_module.go:100: S2N0 : sended 0 relay txs to 6
S2N0: 2023/09/21 13:10:33 pbftInside_module.go:100: S2N0 : sended 0 relay txs to 7
S2N0: 2023/09/21 13:10:33 pbftInside_module.go:100: S2N0 : sended 0 relay txs to 8
S2N0: 2023/09/21 13:10:33 pbftInside_module.go:100: S2N0 : sended 0 relay txs to 9
S2N0: 2023/09/21 13:10:33 pbftInside_module.go:100: S2N0 : sended 1 relay txs to 10
S2N0: 2023/09/21 13:10:33 pbftInside_module.go:100: S2N0 : sended 0 relay txs to 11
S2N0: 2023/09/21 13:10:33 pbftInside_module.go:100: S2N0 : sended 0 relay txs to 12
S2N0: 2023/09/21 13:10:33 pbftInside_module.go:100: S2N0 : sended 0 relay txs to 13
S2N0: 2023/09/21 13:10:33 pbftInside_module.go:100: S2N0 : sended 0 relay txs to 14
S2N0: 2023/09/21 13:10:33 pbftInside_module.go:100: S2N0 : sended 1 relay txs to 15
S2N0: 2023/09/21 13:10:33 pbftInside_module.go:121: ~~S2N0 : Relay1Txs 2, content:[[0xc0021bd440 0xc0021bd500]]
S2N0: 2023/09/21 13:10:33 pbftInside_module.go:122: S2N0 : sended excuted txs
S2N0: 2023/09/21 13:10:33 messageHandle.go:192: S2N0: this round of pbft 5 is end 
S2N0: 2023/09/21 13:10:33 messageHandle.go:199: S2N0 get sequenceLock unlocked...
S2N0: 2023/09/21 13:10:33 messageHandle.go:94: S2N0 : received the Prepare ...
S2N0: 2023/09/21 13:10:33 messageHandle.go:151: S2N0 received the Commit from ...2
S2N0: 2023/09/21 13:10:34 pbftOutside_module.go:34: S2N0 : has received relay txs from shard 6, the senderSeq is 5
S2N0: 2023/09/21 13:10:34 pbftOutside_module.go:39: S2N0 : has handled relay txs msg
S2N0: 2023/09/21 13:10:34 pbftOutside_module.go:34: S2N0 : has received relay txs from shard 9, the senderSeq is 5
S2N0: 2023/09/21 13:10:34 pbftOutside_module.go:39: S2N0 : has handled relay txs msg
S2N0: 2023/09/21 13:10:34 pbftOutside_module.go:34: S2N0 : has received relay txs from shard 0, the senderSeq is 5
S2N0: 2023/09/21 13:10:34 pbftOutside_module.go:39: S2N0 : has handled relay txs msg
S2N0: 2023/09/21 13:10:34 pbftOutside_module.go:34: S2N0 : has received relay txs from shard 10, the senderSeq is 5
S2N0: 2023/09/21 13:10:34 pbftOutside_module.go:39: S2N0 : has handled relay txs msg
S2N0: 2023/09/21 13:10:34 pbftOutside_module.go:34: S2N0 : has received relay txs from shard 12, the senderSeq is 5
S2N0: 2023/09/21 13:10:34 pbftOutside_module.go:39: S2N0 : has handled relay txs msg
S2N0: 2023/09/21 13:10:34 pbftOutside_module.go:34: S2N0 : has received relay txs from shard 11, the senderSeq is 5
S2N0: 2023/09/21 13:10:34 pbftOutside_module.go:39: S2N0 : has handled relay txs msg
S2N0: 2023/09/21 13:10:34 pbftOutside_module.go:34: S2N0 : has received relay txs from shard 7, the senderSeq is 5
S2N0: 2023/09/21 13:10:34 pbftOutside_module.go:39: S2N0 : has handled relay txs msg
S2N0: 2023/09/21 13:10:34 pbftOutside_module.go:34: S2N0 : has received relay txs from shard 13, the senderSeq is 5
S2N0: 2023/09/21 13:10:34 pbftOutside_module.go:39: S2N0 : has handled relay txs msg
S2N0: 2023/09/21 13:10:34 pbftOutside_module.go:49: S2N0 : has handled injected txs msg, txs: 1 
S2N0: 2023/09/21 13:10:34 pbftOutside_module.go:34: S2N0 : has received relay txs from shard 14, the senderSeq is 5
S2N0: 2023/09/21 13:10:34 pbftOutside_module.go:39: S2N0 : has handled relay txs msg
S2N0: 2023/09/21 13:10:35 pbftOutside_module.go:34: S2N0 : has received relay txs from shard 15, the senderSeq is 5
S2N0: 2023/09/21 13:10:35 pbftOutside_module.go:39: S2N0 : has handled relay txs msg
S2N0: 2023/09/21 13:10:35 pbftOutside_module.go:49: S2N0 : has handled injected txs msg, txs: 0 
S2N0: 2023/09/21 13:10:36 pbftOutside_module.go:34: S2N0 : has received relay txs from shard 3, the senderSeq is 6
S2N0: 2023/09/21 13:10:36 pbftOutside_module.go:39: S2N0 : has handled relay txs msg
S2N0: 2023/09/21 13:10:36 pbftOutside_module.go:34: S2N0 : has received relay txs from shard 4, the senderSeq is 6
S2N0: 2023/09/21 13:10:36 pbftOutside_module.go:39: S2N0 : has handled relay txs msg
S2N0: 2023/09/21 13:10:36 pbftOutside_module.go:34: S2N0 : has received relay txs from shard 1, the senderSeq is 6
S2N0: 2023/09/21 13:10:36 pbftOutside_module.go:39: S2N0 : has handled relay txs msg
S2N0: 2023/09/21 13:10:36 pbftOutside_module.go:34: S2N0 : has received relay txs from shard 8, the senderSeq is 6
S2N0: 2023/09/21 13:10:36 pbftOutside_module.go:39: S2N0 : has handled relay txs msg
S2N0: 2023/09/21 13:10:36 pbftOutside_module.go:34: S2N0 : has received relay txs from shard 5, the senderSeq is 6
S2N0: 2023/09/21 13:10:36 pbftOutside_module.go:39: S2N0 : has handled relay txs msg
S2N0: 2023/09/21 13:10:36 messageHandle.go:28: S2N0 get sequenceLock locked, now trying to propose...
S2N0: 2023/09/21 13:10:36 messageHandle.go:35: S2N0 put the request into the pool ...
S2N0: 2023/09/21 13:10:36 messageHandle.go:94: S2N0 : received the Prepare ...
S2N0: 2023/09/21 13:10:36 messageHandle.go:125: S2N0 : is going to commit
S2N0: 2023/09/21 13:10:36 messageHandle.go:139: S2N0 : commit is broadcast
S2N0: 2023/09/21 13:10:36 messageHandle.go:94: S2N0 : received the Prepare ...
S2N0: 2023/09/21 13:10:36 messageHandle.go:151: S2N0 received the Commit from ...2
S2N0: 2023/09/21 13:10:36 messageHandle.go:163: S2N0 : has received 2f + 1 commits ... 
S2N0: 2023/09/21 13:10:36 pbftInside_module.go:59: S2N0 : adding the block 6...now height = 5 
S2N0: 2023/09/21 13:10:36 pbftInside_module.go:61: S2N0 : added the block 6... 
S2N0: 2023/09/21 13:10:36 pbftInside_module.go:66: S2N0 : main node is trying to send relay txs at height = 6 
S2N0: 2023/09/21 13:10:36 pbftInside_module.go:75: S2N0 : receiver shard :10 local shard: 2 receiver addr :ef1c6e67703c7bd7107eed8303fbe6ec2554bf6b
S2N0: 2023/09/21 13:10:36 pbftInside_module.go:100: S2N0 : sended 0 relay txs to 0
S2N0: 2023/09/21 13:10:36 pbftInside_module.go:100: S2N0 : sended 0 relay txs to 1
S2N0: 2023/09/21 13:10:36 pbftInside_module.go:100: S2N0 : sended 0 relay txs to 3
S2N0: 2023/09/21 13:10:36 pbftInside_module.go:100: S2N0 : sended 0 relay txs to 4
S2N0: 2023/09/21 13:10:36 pbftInside_module.go:100: S2N0 : sended 0 relay txs to 5
S2N0: 2023/09/21 13:10:36 pbftInside_module.go:100: S2N0 : sended 0 relay txs to 6
S2N0: 2023/09/21 13:10:36 pbftInside_module.go:100: S2N0 : sended 0 relay txs to 7
S2N0: 2023/09/21 13:10:36 pbftInside_module.go:100: S2N0 : sended 0 relay txs to 8
S2N0: 2023/09/21 13:10:36 pbftInside_module.go:100: S2N0 : sended 0 relay txs to 9
S2N0: 2023/09/21 13:10:36 pbftInside_module.go:100: S2N0 : sended 1 relay txs to 10
S2N0: 2023/09/21 13:10:36 pbftInside_module.go:100: S2N0 : sended 0 relay txs to 11
S2N0: 2023/09/21 13:10:36 pbftInside_module.go:100: S2N0 : sended 0 relay txs to 12
S2N0: 2023/09/21 13:10:36 pbftInside_module.go:100: S2N0 : sended 0 relay txs to 13
S2N0: 2023/09/21 13:10:36 pbftInside_module.go:100: S2N0 : sended 0 relay txs to 14
S2N0: 2023/09/21 13:10:36 pbftInside_module.go:100: S2N0 : sended 0 relay txs to 15
S2N0: 2023/09/21 13:10:36 pbftInside_module.go:121: ~~S2N0 : Relay1Txs 1, content:[[0xc0021bdb00]]
S2N0: 2023/09/21 13:10:36 pbftInside_module.go:122: S2N0 : sended excuted txs
S2N0: 2023/09/21 13:10:36 messageHandle.go:192: S2N0: this round of pbft 6 is end 
S2N0: 2023/09/21 13:10:36 messageHandle.go:199: S2N0 get sequenceLock unlocked...
S2N0: 2023/09/21 13:10:36 messageHandle.go:151: S2N0 received the Commit from ...1
S2N0: 2023/09/21 13:10:36 pbftOutside_module.go:49: S2N0 : has handled injected txs msg, txs: 0 
S2N0: 2023/09/21 13:10:37 pbftOutside_module.go:34: S2N0 : has received relay txs from shard 6, the senderSeq is 6
S2N0: 2023/09/21 13:10:37 pbftOutside_module.go:39: S2N0 : has handled relay txs msg
S2N0: 2023/09/21 13:10:37 pbftOutside_module.go:34: S2N0 : has received relay txs from shard 9, the senderSeq is 6
S2N0: 2023/09/21 13:10:37 pbftOutside_module.go:39: S2N0 : has handled relay txs msg
S2N0: 2023/09/21 13:10:37 pbftOutside_module.go:34: S2N0 : has received relay txs from shard 0, the senderSeq is 6
S2N0: 2023/09/21 13:10:37 pbftOutside_module.go:39: S2N0 : has handled relay txs msg
S2N0: 2023/09/21 13:10:37 pbftOutside_module.go:34: S2N0 : has received relay txs from shard 10, the senderSeq is 6
S2N0: 2023/09/21 13:10:37 pbftOutside_module.go:39: S2N0 : has handled relay txs msg
S2N0: 2023/09/21 13:10:37 pbftOutside_module.go:34: S2N0 : has received relay txs from shard 12, the senderSeq is 6
S2N0: 2023/09/21 13:10:37 pbftOutside_module.go:39: S2N0 : has handled relay txs msg
S2N0: 2023/09/21 13:10:37 pbftOutside_module.go:34: S2N0 : has received relay txs from shard 11, the senderSeq is 6
S2N0: 2023/09/21 13:10:37 pbftOutside_module.go:39: S2N0 : has handled relay txs msg
S2N0: 2023/09/21 13:10:37 pbftOutside_module.go:34: S2N0 : has received relay txs from shard 7, the senderSeq is 6
S2N0: 2023/09/21 13:10:37 pbftOutside_module.go:39: S2N0 : has handled relay txs msg
S2N0: 2023/09/21 13:10:37 pbftOutside_module.go:34: S2N0 : has received relay txs from shard 13, the senderSeq is 6
S2N0: 2023/09/21 13:10:37 pbftOutside_module.go:39: S2N0 : has handled relay txs msg
S2N0: 2023/09/21 13:10:37 pbftOutside_module.go:34: S2N0 : has received relay txs from shard 14, the senderSeq is 6
S2N0: 2023/09/21 13:10:37 pbftOutside_module.go:39: S2N0 : has handled relay txs msg
S2N0: 2023/09/21 13:10:37 pbftOutside_module.go:49: S2N0 : has handled injected txs msg, txs: 0 
S2N0: 2023/09/21 13:10:38 pbftOutside_module.go:34: S2N0 : has received relay txs from shard 15, the senderSeq is 6
S2N0: 2023/09/21 13:10:38 pbftOutside_module.go:39: S2N0 : has handled relay txs msg
S2N0: 2023/09/21 13:10:38 pbftOutside_module.go:49: S2N0 : has handled injected txs msg, txs: 0 
S2N0: 2023/09/21 13:10:39 pbftOutside_module.go:34: S2N0 : has received relay txs from shard 3, the senderSeq is 7
S2N0: 2023/09/21 13:10:39 pbftOutside_module.go:39: S2N0 : has handled relay txs msg
S2N0: 2023/09/21 13:10:39 pbftOutside_module.go:34: S2N0 : has received relay txs from shard 4, the senderSeq is 7
S2N0: 2023/09/21 13:10:39 pbftOutside_module.go:39: S2N0 : has handled relay txs msg
S2N0: 2023/09/21 13:10:39 pbftOutside_module.go:34: S2N0 : has received relay txs from shard 1, the senderSeq is 7
S2N0: 2023/09/21 13:10:39 pbftOutside_module.go:39: S2N0 : has handled relay txs msg
S2N0: 2023/09/21 13:10:39 pbftOutside_module.go:34: S2N0 : has received relay txs from shard 8, the senderSeq is 7
S2N0: 2023/09/21 13:10:39 pbftOutside_module.go:39: S2N0 : has handled relay txs msg
S2N0: 2023/09/21 13:10:39 pbftOutside_module.go:34: S2N0 : has received relay txs from shard 5, the senderSeq is 7
S2N0: 2023/09/21 13:10:39 pbftOutside_module.go:39: S2N0 : has handled relay txs msg
S2N0: 2023/09/21 13:10:39 messageHandle.go:28: S2N0 get sequenceLock locked, now trying to propose...
S2N0: 2023/09/21 13:10:39 messageHandle.go:35: S2N0 put the request into the pool ...
S2N0: 2023/09/21 13:10:39 messageHandle.go:94: S2N0 : received the Prepare ...
S2N0: 2023/09/21 13:10:39 messageHandle.go:125: S2N0 : is going to commit
S2N0: 2023/09/21 13:10:39 messageHandle.go:139: S2N0 : commit is broadcast
S2N0: 2023/09/21 13:10:39 messageHandle.go:94: S2N0 : received the Prepare ...
S2N0: 2023/09/21 13:10:39 messageHandle.go:151: S2N0 received the Commit from ...1
S2N0: 2023/09/21 13:10:39 messageHandle.go:163: S2N0 : has received 2f + 1 commits ... 
S2N0: 2023/09/21 13:10:39 pbftInside_module.go:59: S2N0 : adding the block 7...now height = 6 
S2N0: 2023/09/21 13:10:39 pbftInside_module.go:61: S2N0 : added the block 7... 
S2N0: 2023/09/21 13:10:39 pbftInside_module.go:66: S2N0 : main node is trying to send relay txs at height = 7 
S2N0: 2023/09/21 13:10:39 pbftInside_module.go:100: S2N0 : sended 0 relay txs to 0
S2N0: 2023/09/21 13:10:39 pbftInside_module.go:100: S2N0 : sended 0 relay txs to 1
S2N0: 2023/09/21 13:10:39 pbftInside_module.go:100: S2N0 : sended 0 relay txs to 3
S2N0: 2023/09/21 13:10:39 pbftInside_module.go:100: S2N0 : sended 0 relay txs to 4
S2N0: 2023/09/21 13:10:39 pbftInside_module.go:100: S2N0 : sended 0 relay txs to 5
S2N0: 2023/09/21 13:10:39 pbftInside_module.go:100: S2N0 : sended 0 relay txs to 6
S2N0: 2023/09/21 13:10:39 pbftInside_module.go:100: S2N0 : sended 0 relay txs to 7
S2N0: 2023/09/21 13:10:39 pbftInside_module.go:100: S2N0 : sended 0 relay txs to 8
S2N0: 2023/09/21 13:10:39 pbftInside_module.go:100: S2N0 : sended 0 relay txs to 9
S2N0: 2023/09/21 13:10:39 pbftInside_module.go:100: S2N0 : sended 0 relay txs to 10
S2N0: 2023/09/21 13:10:39 pbftInside_module.go:100: S2N0 : sended 0 relay txs to 11
S2N0: 2023/09/21 13:10:39 pbftInside_module.go:100: S2N0 : sended 0 relay txs to 12
S2N0: 2023/09/21 13:10:39 pbftInside_module.go:100: S2N0 : sended 0 relay txs to 13
S2N0: 2023/09/21 13:10:39 pbftInside_module.go:100: S2N0 : sended 0 relay txs to 14
S2N0: 2023/09/21 13:10:39 pbftInside_module.go:100: S2N0 : sended 0 relay txs to 15
S2N0: 2023/09/21 13:10:39 pbftInside_module.go:121: ~~S2N0 : Relay1Txs 0, content:[[]]
S2N0: 2023/09/21 13:10:39 pbftInside_module.go:122: S2N0 : sended excuted txs
S2N0: 2023/09/21 13:10:39 messageHandle.go:192: S2N0: this round of pbft 7 is end 
S2N0: 2023/09/21 13:10:39 messageHandle.go:199: S2N0 get sequenceLock unlocked...
S2N0: 2023/09/21 13:10:39 messageHandle.go:151: S2N0 received the Commit from ...2
S2N0: 2023/09/21 13:10:39 pbftOutside_module.go:49: S2N0 : has handled injected txs msg, txs: 1 
S2N0: 2023/09/21 13:10:40 pbftOutside_module.go:34: S2N0 : has received relay txs from shard 6, the senderSeq is 7
S2N0: 2023/09/21 13:10:40 pbftOutside_module.go:39: S2N0 : has handled relay txs msg
S2N0: 2023/09/21 13:10:40 pbftOutside_module.go:34: S2N0 : has received relay txs from shard 9, the senderSeq is 7
S2N0: 2023/09/21 13:10:40 pbftOutside_module.go:39: S2N0 : has handled relay txs msg
S2N0: 2023/09/21 13:10:40 pbftOutside_module.go:34: S2N0 : has received relay txs from shard 0, the senderSeq is 7
S2N0: 2023/09/21 13:10:40 pbftOutside_module.go:39: S2N0 : has handled relay txs msg
S2N0: 2023/09/21 13:10:40 pbftOutside_module.go:34: S2N0 : has received relay txs from shard 10, the senderSeq is 7
S2N0: 2023/09/21 13:10:40 pbftOutside_module.go:39: S2N0 : has handled relay txs msg
S2N0: 2023/09/21 13:10:40 pbftOutside_module.go:34: S2N0 : has received relay txs from shard 12, the senderSeq is 7
S2N0: 2023/09/21 13:10:40 pbftOutside_module.go:39: S2N0 : has handled relay txs msg
S2N0: 2023/09/21 13:10:40 pbftOutside_module.go:34: S2N0 : has received relay txs from shard 7, the senderSeq is 7
S2N0: 2023/09/21 13:10:40 pbftOutside_module.go:39: S2N0 : has handled relay txs msg
S2N0: 2023/09/21 13:10:40 pbftOutside_module.go:34: S2N0 : has received relay txs from shard 11, the senderSeq is 7
S2N0: 2023/09/21 13:10:40 pbftOutside_module.go:39: S2N0 : has handled relay txs msg
S2N0: 2023/09/21 13:10:40 pbftOutside_module.go:34: S2N0 : has received relay txs from shard 13, the senderSeq is 7
S2N0: 2023/09/21 13:10:40 pbftOutside_module.go:39: S2N0 : has handled relay txs msg
S2N0: 2023/09/21 13:10:40 pbftOutside_module.go:34: S2N0 : has received relay txs from shard 14, the senderSeq is 7
S2N0: 2023/09/21 13:10:40 pbftOutside_module.go:39: S2N0 : has handled relay txs msg
S2N0: 2023/09/21 13:10:41 pbftOutside_module.go:49: S2N0 : has handled injected txs msg, txs: 0 
S2N0: 2023/09/21 13:10:41 pbftOutside_module.go:34: S2N0 : has received relay txs from shard 15, the senderSeq is 7
S2N0: 2023/09/21 13:10:41 pbftOutside_module.go:39: S2N0 : has handled relay txs msg
S2N0: 2023/09/21 13:10:42 pbftOutside_module.go:34: S2N0 : has received relay txs from shard 3, the senderSeq is 8
S2N0: 2023/09/21 13:10:42 pbftOutside_module.go:39: S2N0 : has handled relay txs msg
S2N0: 2023/09/21 13:10:42 pbftOutside_module.go:34: S2N0 : has received relay txs from shard 4, the senderSeq is 8
S2N0: 2023/09/21 13:10:42 pbftOutside_module.go:39: S2N0 : has handled relay txs msg
S2N0: 2023/09/21 13:10:42 pbftOutside_module.go:34: S2N0 : has received relay txs from shard 1, the senderSeq is 8
S2N0: 2023/09/21 13:10:42 pbftOutside_module.go:39: S2N0 : has handled relay txs msg
S2N0: 2023/09/21 13:10:42 pbftOutside_module.go:34: S2N0 : has received relay txs from shard 8, the senderSeq is 8
S2N0: 2023/09/21 13:10:42 pbftOutside_module.go:39: S2N0 : has handled relay txs msg
S2N0: 2023/09/21 13:10:42 pbftOutside_module.go:34: S2N0 : has received relay txs from shard 5, the senderSeq is 8
S2N0: 2023/09/21 13:10:42 pbftOutside_module.go:39: S2N0 : has handled relay txs msg
S2N0: 2023/09/21 13:10:42 messageHandle.go:28: S2N0 get sequenceLock locked, now trying to propose...
S2N0: 2023/09/21 13:10:42 messageHandle.go:35: S2N0 put the request into the pool ...
S2N0: 2023/09/21 13:10:42 messageHandle.go:94: S2N0 : received the Prepare ...
S2N0: 2023/09/21 13:10:42 messageHandle.go:125: S2N0 : is going to commit
S2N0: 2023/09/21 13:10:42 messageHandle.go:139: S2N0 : commit is broadcast
S2N0: 2023/09/21 13:10:42 messageHandle.go:94: S2N0 : received the Prepare ...
S2N0: 2023/09/21 13:10:42 messageHandle.go:151: S2N0 received the Commit from ...2
S2N0: 2023/09/21 13:10:42 messageHandle.go:163: S2N0 : has received 2f + 1 commits ... 
S2N0: 2023/09/21 13:10:42 pbftInside_module.go:59: S2N0 : adding the block 8...now height = 7 
S2N0: 2023/09/21 13:10:42 pbftInside_module.go:61: S2N0 : added the block 8... 
S2N0: 2023/09/21 13:10:42 pbftInside_module.go:66: S2N0 : main node is trying to send relay txs at height = 8 
S2N0: 2023/09/21 13:10:42 pbftInside_module.go:75: S2N0 : receiver shard :6 local shard: 2 receiver addr :dac17f958d2ee523a2206206994597c13d831ec7
S2N0: 2023/09/21 13:10:42 pbftInside_module.go:100: S2N0 : sended 0 relay txs to 0
S2N0: 2023/09/21 13:10:42 pbftInside_module.go:100: S2N0 : sended 0 relay txs to 1
S2N0: 2023/09/21 13:10:42 pbftInside_module.go:100: S2N0 : sended 0 relay txs to 3
S2N0: 2023/09/21 13:10:42 pbftInside_module.go:100: S2N0 : sended 0 relay txs to 4
S2N0: 2023/09/21 13:10:42 pbftInside_module.go:100: S2N0 : sended 0 relay txs to 5
S2N0: 2023/09/21 13:10:42 pbftInside_module.go:100: S2N0 : sended 1 relay txs to 6
S2N0: 2023/09/21 13:10:42 pbftInside_module.go:100: S2N0 : sended 0 relay txs to 7
S2N0: 2023/09/21 13:10:42 pbftInside_module.go:100: S2N0 : sended 0 relay txs to 8
S2N0: 2023/09/21 13:10:42 pbftInside_module.go:100: S2N0 : sended 0 relay txs to 9
S2N0: 2023/09/21 13:10:42 pbftInside_module.go:100: S2N0 : sended 0 relay txs to 10
S2N0: 2023/09/21 13:10:42 pbftInside_module.go:100: S2N0 : sended 0 relay txs to 11
S2N0: 2023/09/21 13:10:42 pbftInside_module.go:100: S2N0 : sended 0 relay txs to 12
S2N0: 2023/09/21 13:10:42 pbftInside_module.go:100: S2N0 : sended 0 relay txs to 13
S2N0: 2023/09/21 13:10:42 pbftInside_module.go:100: S2N0 : sended 0 relay txs to 14
S2N0: 2023/09/21 13:10:42 pbftInside_module.go:100: S2N0 : sended 0 relay txs to 15
S2N0: 2023/09/21 13:10:42 pbftInside_module.go:121: ~~S2N0 : Relay1Txs 1, content:[[0xc0020b86c0]]
S2N0: 2023/09/21 13:10:42 pbftInside_module.go:122: S2N0 : sended excuted txs
S2N0: 2023/09/21 13:10:42 messageHandle.go:192: S2N0: this round of pbft 8 is end 
S2N0: 2023/09/21 13:10:42 messageHandle.go:199: S2N0 get sequenceLock unlocked...
S2N0: 2023/09/21 13:10:42 messageHandle.go:151: S2N0 received the Commit from ...1
S2N0: 2023/09/21 13:10:43 pbftOutside_module.go:34: S2N0 : has received relay txs from shard 6, the senderSeq is 8
S2N0: 2023/09/21 13:10:43 pbftOutside_module.go:39: S2N0 : has handled relay txs msg
S2N0: 2023/09/21 13:10:43 pbftOutside_module.go:34: S2N0 : has received relay txs from shard 9, the senderSeq is 8
S2N0: 2023/09/21 13:10:43 pbftOutside_module.go:39: S2N0 : has handled relay txs msg
S2N0: 2023/09/21 13:10:43 pbftOutside_module.go:34: S2N0 : has received relay txs from shard 0, the senderSeq is 8
S2N0: 2023/09/21 13:10:43 pbftOutside_module.go:39: S2N0 : has handled relay txs msg
S2N0: 2023/09/21 13:10:43 pbftOutside_module.go:34: S2N0 : has received relay txs from shard 10, the senderSeq is 8
S2N0: 2023/09/21 13:10:43 pbftOutside_module.go:39: S2N0 : has handled relay txs msg
S2N0: 2023/09/21 13:10:43 pbftOutside_module.go:34: S2N0 : has received relay txs from shard 12, the senderSeq is 8
S2N0: 2023/09/21 13:10:43 pbftOutside_module.go:39: S2N0 : has handled relay txs msg
S2N0: 2023/09/21 13:10:43 pbftOutside_module.go:34: S2N0 : has received relay txs from shard 11, the senderSeq is 8
S2N0: 2023/09/21 13:10:43 pbftOutside_module.go:39: S2N0 : has handled relay txs msg
S2N0: 2023/09/21 13:10:43 pbftOutside_module.go:34: S2N0 : has received relay txs from shard 7, the senderSeq is 8
S2N0: 2023/09/21 13:10:43 pbftOutside_module.go:39: S2N0 : has handled relay txs msg
S2N0: 2023/09/21 13:10:43 pbftOutside_module.go:34: S2N0 : has received relay txs from shard 13, the senderSeq is 8
S2N0: 2023/09/21 13:10:43 pbftOutside_module.go:39: S2N0 : has handled relay txs msg
S2N0: 2023/09/21 13:10:43 pbftOutside_module.go:34: S2N0 : has received relay txs from shard 14, the senderSeq is 8
S2N0: 2023/09/21 13:10:43 pbftOutside_module.go:39: S2N0 : has handled relay txs msg
S2N0: 2023/09/21 13:10:44 pbftOutside_module.go:34: S2N0 : has received relay txs from shard 15, the senderSeq is 8
S2N0: 2023/09/21 13:10:44 pbftOutside_module.go:39: S2N0 : has handled relay txs msg
S2N0: 2023/09/21 13:10:45 pbftOutside_module.go:34: S2N0 : has received relay txs from shard 3, the senderSeq is 9
S2N0: 2023/09/21 13:10:45 pbftOutside_module.go:39: S2N0 : has handled relay txs msg
S2N0: 2023/09/21 13:10:45 pbftOutside_module.go:34: S2N0 : has received relay txs from shard 4, the senderSeq is 9
S2N0: 2023/09/21 13:10:45 pbftOutside_module.go:39: S2N0 : has handled relay txs msg
S2N0: 2023/09/21 13:10:45 pbftOutside_module.go:34: S2N0 : has received relay txs from shard 1, the senderSeq is 9
S2N0: 2023/09/21 13:10:45 pbftOutside_module.go:39: S2N0 : has handled relay txs msg
S2N0: 2023/09/21 13:10:45 pbftOutside_module.go:34: S2N0 : has received relay txs from shard 8, the senderSeq is 9
S2N0: 2023/09/21 13:10:45 pbftOutside_module.go:39: S2N0 : has handled relay txs msg
S2N0: 2023/09/21 13:10:45 pbftOutside_module.go:34: S2N0 : has received relay txs from shard 5, the senderSeq is 9
S2N0: 2023/09/21 13:10:45 pbftOutside_module.go:39: S2N0 : has handled relay txs msg
S2N0: 2023/09/21 13:10:45 messageHandle.go:28: S2N0 get sequenceLock locked, now trying to propose...
S2N0: 2023/09/21 13:10:45 messageHandle.go:35: S2N0 put the request into the pool ...
S2N0: 2023/09/21 13:10:45 messageHandle.go:94: S2N0 : received the Prepare ...
S2N0: 2023/09/21 13:10:45 messageHandle.go:125: S2N0 : is going to commit
S2N0: 2023/09/21 13:10:45 messageHandle.go:139: S2N0 : commit is broadcast
S2N0: 2023/09/21 13:10:45 messageHandle.go:151: S2N0 received the Commit from ...2
S2N0: 2023/09/21 13:10:45 messageHandle.go:163: S2N0 : has received 2f + 1 commits ... 
S2N0: 2023/09/21 13:10:45 pbftInside_module.go:59: S2N0 : adding the block 9...now height = 8 
S2N0: 2023/09/21 13:10:45 pbftInside_module.go:61: S2N0 : added the block 9... 
S2N0: 2023/09/21 13:10:45 pbftInside_module.go:66: S2N0 : main node is trying to send relay txs at height = 9 
S2N0: 2023/09/21 13:10:45 pbftInside_module.go:100: S2N0 : sended 0 relay txs to 0
S2N0: 2023/09/21 13:10:45 pbftInside_module.go:100: S2N0 : sended 0 relay txs to 1
S2N0: 2023/09/21 13:10:45 pbftInside_module.go:100: S2N0 : sended 0 relay txs to 3
S2N0: 2023/09/21 13:10:45 pbftInside_module.go:100: S2N0 : sended 0 relay txs to 4
S2N0: 2023/09/21 13:10:45 pbftInside_module.go:100: S2N0 : sended 0 relay txs to 5
S2N0: 2023/09/21 13:10:45 pbftInside_module.go:100: S2N0 : sended 0 relay txs to 6
S2N0: 2023/09/21 13:10:45 pbftInside_module.go:100: S2N0 : sended 0 relay txs to 7
S2N0: 2023/09/21 13:10:45 pbftInside_module.go:100: S2N0 : sended 0 relay txs to 8
S2N0: 2023/09/21 13:10:45 pbftInside_module.go:100: S2N0 : sended 0 relay txs to 9
S2N0: 2023/09/21 13:10:45 pbftInside_module.go:100: S2N0 : sended 0 relay txs to 10
S2N0: 2023/09/21 13:10:45 pbftInside_module.go:100: S2N0 : sended 0 relay txs to 11
S2N0: 2023/09/21 13:10:45 pbftInside_module.go:100: S2N0 : sended 0 relay txs to 12
S2N0: 2023/09/21 13:10:45 pbftInside_module.go:100: S2N0 : sended 0 relay txs to 13
S2N0: 2023/09/21 13:10:45 pbftInside_module.go:100: S2N0 : sended 0 relay txs to 14
S2N0: 2023/09/21 13:10:45 pbftInside_module.go:100: S2N0 : sended 0 relay txs to 15
S2N0: 2023/09/21 13:10:45 pbftInside_module.go:121: ~~S2N0 : Relay1Txs 0, content:[[]]
S2N0: 2023/09/21 13:10:45 pbftInside_module.go:122: S2N0 : sended excuted txs
S2N0: 2023/09/21 13:10:45 messageHandle.go:192: S2N0: this round of pbft 9 is end 
S2N0: 2023/09/21 13:10:45 messageHandle.go:199: S2N0 get sequenceLock unlocked...
S2N0: 2023/09/21 13:10:45 messageHandle.go:94: S2N0 : received the Prepare ...
S2N0: 2023/09/21 13:10:45 messageHandle.go:151: S2N0 received the Commit from ...1
S2N0: 2023/09/21 13:10:46 pbftOutside_module.go:34: S2N0 : has received relay txs from shard 6, the senderSeq is 9
S2N0: 2023/09/21 13:10:46 pbftOutside_module.go:39: S2N0 : has handled relay txs msg
S2N0: 2023/09/21 13:10:46 pbftOutside_module.go:34: S2N0 : has received relay txs from shard 9, the senderSeq is 9
S2N0: 2023/09/21 13:10:46 pbftOutside_module.go:39: S2N0 : has handled relay txs msg
S2N0: 2023/09/21 13:10:46 pbftOutside_module.go:34: S2N0 : has received relay txs from shard 0, the senderSeq is 9
S2N0: 2023/09/21 13:10:46 pbftOutside_module.go:39: S2N0 : has handled relay txs msg
S2N0: 2023/09/21 13:10:46 pbftOutside_module.go:34: S2N0 : has received relay txs from shard 10, the senderSeq is 9
S2N0: 2023/09/21 13:10:46 pbftOutside_module.go:39: S2N0 : has handled relay txs msg
S2N0: 2023/09/21 13:10:46 pbftOutside_module.go:34: S2N0 : has received relay txs from shard 12, the senderSeq is 9
S2N0: 2023/09/21 13:10:46 pbftOutside_module.go:39: S2N0 : has handled relay txs msg
