S4N0: 2023/09/21 13:10:21 pbftOutside_module.go:34: S4N0 : has received relay txs from shard 3, the senderSeq is 1
S4N0: 2023/09/21 13:10:21 pbftOutside_module.go:39: S4N0 : has handled relay txs msg
S4N0: 2023/09/21 13:10:21 messageHandle.go:28: S4N0 get sequenceLock locked, now trying to propose...
S4N0: 2023/09/21 13:10:21 messageHandle.go:35: S4N0 put the request into the pool ...
S4N0: 2023/09/21 13:10:21 messageHandle.go:94: S4N0 : received the Prepare ...
S4N0: 2023/09/21 13:10:21 messageHandle.go:125: S4N0 : is going to commit
S4N0: 2023/09/21 13:10:21 messageHandle.go:139: S4N0 : commit is broadcast
S4N0: 2023/09/21 13:10:21 messageHandle.go:151: S4N0 received the Commit from ...1
S4N0: 2023/09/21 13:10:21 messageHandle.go:163: S4N0 : has received 2f + 1 commits ... 
S4N0: 2023/09/21 13:10:21 pbftInside_module.go:59: S4N0 : adding the block 1...now height = 0 
S4N0: 2023/09/21 13:10:21 pbftInside_module.go:61: S4N0 : added the block 1... 
S4N0: 2023/09/21 13:10:21 pbftInside_module.go:66: S4N0 : main node is trying to send relay txs at height = 1 
S4N0: 2023/09/21 13:10:21 pbftInside_module.go:100: S4N0 : sended 0 relay txs to 0
S4N0: 2023/09/21 13:10:21 pbftInside_module.go:100: S4N0 : sended 0 relay txs to 1
S4N0: 2023/09/21 13:10:21 pbftInside_module.go:100: S4N0 : sended 0 relay txs to 2
S4N0: 2023/09/21 13:10:21 pbftInside_module.go:100: S4N0 : sended 0 relay txs to 3
S4N0: 2023/09/21 13:10:21 pbftInside_module.go:100: S4N0 : sended 0 relay txs to 5
S4N0: 2023/09/21 13:10:21 pbftInside_module.go:100: S4N0 : sended 0 relay txs to 6
S4N0: 2023/09/21 13:10:21 pbftInside_module.go:100: S4N0 : sended 0 relay txs to 7
S4N0: 2023/09/21 13:10:21 pbftInside_module.go:100: S4N0 : sended 0 relay txs to 8
S4N0: 2023/09/21 13:10:21 pbftInside_module.go:100: S4N0 : sended 0 relay txs to 9
S4N0: 2023/09/21 13:10:21 pbftInside_module.go:100: S4N0 : sended 0 relay txs to 10
S4N0: 2023/09/21 13:10:21 pbftInside_module.go:100: S4N0 : sended 0 relay txs to 11
S4N0: 2023/09/21 13:10:21 pbftInside_module.go:100: S4N0 : sended 0 relay txs to 12
S4N0: 2023/09/21 13:10:21 pbftInside_module.go:100: S4N0 : sended 0 relay txs to 13
S4N0: 2023/09/21 13:10:21 pbftInside_module.go:100: S4N0 : sended 0 relay txs to 14
S4N0: 2023/09/21 13:10:21 pbftInside_module.go:100: S4N0 : sended 0 relay txs to 15
S4N0: 2023/09/21 13:10:21 pbftInside_module.go:121: ~~S4N0 : Relay1Txs 0, content:[[]]
S4N0: 2023/09/21 13:10:21 pbftInside_module.go:122: S4N0 : sended excuted txs
S4N0: 2023/09/21 13:10:21 messageHandle.go:192: S4N0: this round of pbft 1 is end 
S4N0: 2023/09/21 13:10:21 messageHandle.go:199: S4N0 get sequenceLock unlocked...
S4N0: 2023/09/21 13:10:21 messageHandle.go:94: S4N0 : received the Prepare ...
S4N0: 2023/09/21 13:10:21 messageHandle.go:151: S4N0 received the Commit from ...2
S4N0: 2023/09/21 13:10:21 pbftOutside_module.go:34: S4N0 : has received relay txs from shard 1, the senderSeq is 1
S4N0: 2023/09/21 13:10:21 pbftOutside_module.go:39: S4N0 : has handled relay txs msg
S4N0: 2023/09/21 13:10:21 pbftOutside_module.go:34: S4N0 : has received relay txs from shard 8, the senderSeq is 1
S4N0: 2023/09/21 13:10:21 pbftOutside_module.go:39: S4N0 : has handled relay txs msg
S4N0: 2023/09/21 13:10:21 pbftOutside_module.go:34: S4N0 : has received relay txs from shard 5, the senderSeq is 1
S4N0: 2023/09/21 13:10:21 pbftOutside_module.go:39: S4N0 : has handled relay txs msg
S4N0: 2023/09/21 13:10:21 pbftOutside_module.go:34: S4N0 : has received relay txs from shard 2, the senderSeq is 1
S4N0: 2023/09/21 13:10:21 pbftOutside_module.go:39: S4N0 : has handled relay txs msg
S4N0: 2023/09/21 13:10:22 pbftOutside_module.go:34: S4N0 : has received relay txs from shard 6, the senderSeq is 1
S4N0: 2023/09/21 13:10:22 pbftOutside_module.go:39: S4N0 : has handled relay txs msg
S4N0: 2023/09/21 13:10:22 pbftOutside_module.go:34: S4N0 : has received relay txs from shard 9, the senderSeq is 1
S4N0: 2023/09/21 13:10:22 pbftOutside_module.go:39: S4N0 : has handled relay txs msg
S4N0: 2023/09/21 13:10:22 pbftOutside_module.go:34: S4N0 : has received relay txs from shard 0, the senderSeq is 1
S4N0: 2023/09/21 13:10:22 pbftOutside_module.go:39: S4N0 : has handled relay txs msg
S4N0: 2023/09/21 13:10:22 pbftOutside_module.go:34: S4N0 : has received relay txs from shard 10, the senderSeq is 1
S4N0: 2023/09/21 13:10:22 pbftOutside_module.go:39: S4N0 : has handled relay txs msg
S4N0: 2023/09/21 13:10:22 pbftOutside_module.go:34: S4N0 : has received relay txs from shard 12, the senderSeq is 1
S4N0: 2023/09/21 13:10:22 pbftOutside_module.go:39: S4N0 : has handled relay txs msg
S4N0: 2023/09/21 13:10:22 pbftOutside_module.go:34: S4N0 : has received relay txs from shard 7, the senderSeq is 1
S4N0: 2023/09/21 13:10:22 pbftOutside_module.go:39: S4N0 : has handled relay txs msg
S4N0: 2023/09/21 13:10:22 pbftOutside_module.go:34: S4N0 : has received relay txs from shard 11, the senderSeq is 1
S4N0: 2023/09/21 13:10:22 pbftOutside_module.go:39: S4N0 : has handled relay txs msg
S4N0: 2023/09/21 13:10:22 pbftOutside_module.go:34: S4N0 : has received relay txs from shard 13, the senderSeq is 1
S4N0: 2023/09/21 13:10:22 pbftOutside_module.go:39: S4N0 : has handled relay txs msg
S4N0: 2023/09/21 13:10:22 pbftOutside_module.go:34: S4N0 : has received relay txs from shard 15, the senderSeq is 1
S4N0: 2023/09/21 13:10:22 pbftOutside_module.go:39: S4N0 : has handled relay txs msg
S4N0: 2023/09/21 13:10:22 pbftOutside_module.go:34: S4N0 : has received relay txs from shard 14, the senderSeq is 1
S4N0: 2023/09/21 13:10:22 pbftOutside_module.go:39: S4N0 : has handled relay txs msg
S4N0: 2023/09/21 13:10:24 pbftOutside_module.go:34: S4N0 : has received relay txs from shard 3, the senderSeq is 2
S4N0: 2023/09/21 13:10:24 pbftOutside_module.go:39: S4N0 : has handled relay txs msg
S4N0: 2023/09/21 13:10:24 messageHandle.go:28: S4N0 get sequenceLock locked, now trying to propose...
S4N0: 2023/09/21 13:10:24 messageHandle.go:35: S4N0 put the request into the pool ...
S4N0: 2023/09/21 13:10:24 messageHandle.go:94: S4N0 : received the Prepare ...
S4N0: 2023/09/21 13:10:24 messageHandle.go:125: S4N0 : is going to commit
S4N0: 2023/09/21 13:10:24 messageHandle.go:139: S4N0 : commit is broadcast
S4N0: 2023/09/21 13:10:24 messageHandle.go:94: S4N0 : received the Prepare ...
S4N0: 2023/09/21 13:10:24 messageHandle.go:151: S4N0 received the Commit from ...1
S4N0: 2023/09/21 13:10:24 messageHandle.go:163: S4N0 : has received 2f + 1 commits ... 
S4N0: 2023/09/21 13:10:24 pbftInside_module.go:59: S4N0 : adding the block 2...now height = 1 
S4N0: 2023/09/21 13:10:24 pbftInside_module.go:61: S4N0 : added the block 2... 
S4N0: 2023/09/21 13:10:24 pbftInside_module.go:66: S4N0 : main node is trying to send relay txs at height = 2 
S4N0: 2023/09/21 13:10:24 pbftInside_module.go:100: S4N0 : sended 0 relay txs to 0
S4N0: 2023/09/21 13:10:24 pbftInside_module.go:100: S4N0 : sended 0 relay txs to 1
S4N0: 2023/09/21 13:10:24 pbftInside_module.go:100: S4N0 : sended 0 relay txs to 2
S4N0: 2023/09/21 13:10:24 pbftInside_module.go:100: S4N0 : sended 0 relay txs to 3
S4N0: 2023/09/21 13:10:24 pbftInside_module.go:100: S4N0 : sended 0 relay txs to 5
S4N0: 2023/09/21 13:10:24 pbftInside_module.go:100: S4N0 : sended 0 relay txs to 6
S4N0: 2023/09/21 13:10:24 pbftInside_module.go:100: S4N0 : sended 0 relay txs to 7
S4N0: 2023/09/21 13:10:24 pbftInside_module.go:100: S4N0 : sended 0 relay txs to 8
S4N0: 2023/09/21 13:10:24 pbftInside_module.go:100: S4N0 : sended 0 relay txs to 9
S4N0: 2023/09/21 13:10:24 pbftInside_module.go:100: S4N0 : sended 0 relay txs to 10
S4N0: 2023/09/21 13:10:24 pbftInside_module.go:100: S4N0 : sended 0 relay txs to 11
S4N0: 2023/09/21 13:10:24 pbftInside_module.go:100: S4N0 : sended 0 relay txs to 12
S4N0: 2023/09/21 13:10:24 pbftInside_module.go:100: S4N0 : sended 0 relay txs to 13
S4N0: 2023/09/21 13:10:24 pbftInside_module.go:100: S4N0 : sended 0 relay txs to 14
S4N0: 2023/09/21 13:10:24 pbftInside_module.go:100: S4N0 : sended 0 relay txs to 15
S4N0: 2023/09/21 13:10:24 pbftInside_module.go:121: ~~S4N0 : Relay1Txs 0, content:[[]]
S4N0: 2023/09/21 13:10:24 pbftInside_module.go:122: S4N0 : sended excuted txs
S4N0: 2023/09/21 13:10:24 messageHandle.go:192: S4N0: this round of pbft 2 is end 
S4N0: 2023/09/21 13:10:24 messageHandle.go:199: S4N0 get sequenceLock unlocked...
S4N0: 2023/09/21 13:10:24 messageHandle.go:151: S4N0 received the Commit from ...2
S4N0: 2023/09/21 13:10:24 pbftOutside_module.go:34: S4N0 : has received relay txs from shard 1, the senderSeq is 2
S4N0: 2023/09/21 13:10:24 pbftOutside_module.go:39: S4N0 : has handled relay txs msg
S4N0: 2023/09/21 13:10:24 pbftOutside_module.go:49: S4N0 : has handled injected txs msg, txs: 18 
S4N0: 2023/09/21 13:10:24 pbftOutside_module.go:34: S4N0 : has received relay txs from shard 8, the senderSeq is 2
S4N0: 2023/09/21 13:10:24 pbftOutside_module.go:39: S4N0 : has handled relay txs msg
S4N0: 2023/09/21 13:10:24 pbftOutside_module.go:34: S4N0 : has received relay txs from shard 5, the senderSeq is 2
S4N0: 2023/09/21 13:10:24 pbftOutside_module.go:39: S4N0 : has handled relay txs msg
S4N0: 2023/09/21 13:10:24 pbftOutside_module.go:34: S4N0 : has received relay txs from shard 2, the senderSeq is 2
S4N0: 2023/09/21 13:10:24 pbftOutside_module.go:39: S4N0 : has handled relay txs msg
S4N0: 2023/09/21 13:10:25 pbftOutside_module.go:34: S4N0 : has received relay txs from shard 6, the senderSeq is 2
S4N0: 2023/09/21 13:10:25 pbftOutside_module.go:39: S4N0 : has handled relay txs msg
S4N0: 2023/09/21 13:10:25 pbftOutside_module.go:34: S4N0 : has received relay txs from shard 9, the senderSeq is 2
S4N0: 2023/09/21 13:10:25 pbftOutside_module.go:39: S4N0 : has handled relay txs msg
S4N0: 2023/09/21 13:10:25 pbftOutside_module.go:34: S4N0 : has received relay txs from shard 0, the senderSeq is 2
S4N0: 2023/09/21 13:10:25 pbftOutside_module.go:39: S4N0 : has handled relay txs msg
S4N0: 2023/09/21 13:10:25 pbftOutside_module.go:34: S4N0 : has received relay txs from shard 10, the senderSeq is 2
S4N0: 2023/09/21 13:10:25 pbftOutside_module.go:39: S4N0 : has handled relay txs msg
S4N0: 2023/09/21 13:10:25 pbftOutside_module.go:49: S4N0 : has handled injected txs msg, txs: 32 
S4N0: 2023/09/21 13:10:25 pbftOutside_module.go:34: S4N0 : has received relay txs from shard 12, the senderSeq is 2
S4N0: 2023/09/21 13:10:25 pbftOutside_module.go:39: S4N0 : has handled relay txs msg
S4N0: 2023/09/21 13:10:25 pbftOutside_module.go:34: S4N0 : has received relay txs from shard 7, the senderSeq is 2
S4N0: 2023/09/21 13:10:25 pbftOutside_module.go:39: S4N0 : has handled relay txs msg
S4N0: 2023/09/21 13:10:25 pbftOutside_module.go:34: S4N0 : has received relay txs from shard 11, the senderSeq is 2
S4N0: 2023/09/21 13:10:25 pbftOutside_module.go:39: S4N0 : has handled relay txs msg
S4N0: 2023/09/21 13:10:25 pbftOutside_module.go:34: S4N0 : has received relay txs from shard 13, the senderSeq is 2
S4N0: 2023/09/21 13:10:25 pbftOutside_module.go:39: S4N0 : has handled relay txs msg
S4N0: 2023/09/21 13:10:25 pbftOutside_module.go:34: S4N0 : has received relay txs from shard 14, the senderSeq is 2
S4N0: 2023/09/21 13:10:25 pbftOutside_module.go:39: S4N0 : has handled relay txs msg
S4N0: 2023/09/21 13:10:25 pbftOutside_module.go:34: S4N0 : has received relay txs from shard 15, the senderSeq is 2
S4N0: 2023/09/21 13:10:25 pbftOutside_module.go:39: S4N0 : has handled relay txs msg
S4N0: 2023/09/21 13:10:26 pbftOutside_module.go:49: S4N0 : has handled injected txs msg, txs: 24 
S4N0: 2023/09/21 13:10:27 pbftOutside_module.go:34: S4N0 : has received relay txs from shard 3, the senderSeq is 3
S4N0: 2023/09/21 13:10:27 pbftOutside_module.go:39: S4N0 : has handled relay txs msg
S4N0: 2023/09/21 13:10:27 messageHandle.go:28: S4N0 get sequenceLock locked, now trying to propose...
S4N0: 2023/09/21 13:10:27 messageHandle.go:35: S4N0 put the request into the pool ...
S4N0: 2023/09/21 13:10:27 messageHandle.go:94: S4N0 : received the Prepare ...
S4N0: 2023/09/21 13:10:27 messageHandle.go:125: S4N0 : is going to commit
S4N0: 2023/09/21 13:10:27 messageHandle.go:139: S4N0 : commit is broadcast
S4N0: 2023/09/21 13:10:27 messageHandle.go:94: S4N0 : received the Prepare ...
S4N0: 2023/09/21 13:10:27 messageHandle.go:151: S4N0 received the Commit from ...2
S4N0: 2023/09/21 13:10:27 messageHandle.go:163: S4N0 : has received 2f + 1 commits ... 
S4N0: 2023/09/21 13:10:27 pbftInside_module.go:59: S4N0 : adding the block 3...now height = 2 
S4N0: 2023/09/21 13:10:27 pbftInside_module.go:61: S4N0 : added the block 3... 
S4N0: 2023/09/21 13:10:27 pbftInside_module.go:66: S4N0 : main node is trying to send relay txs at height = 3 
S4N0: 2023/09/21 13:10:27 pbftInside_module.go:75: S4N0 : receiver shard :6 local shard: 4 receiver addr :dac17f958d2ee523a2206206994597c13d831ec7
S4N0: 2023/09/21 13:10:27 pbftInside_module.go:75: S4N0 : receiver shard :6 local shard: 4 receiver addr :dac17f958d2ee523a2206206994597c13d831ec7
S4N0: 2023/09/21 13:10:27 pbftInside_module.go:75: S4N0 : receiver shard :12 local shard: 4 receiver addr :1111111254fb6c44bac0bed2854e76f90643097d
S4N0: 2023/09/21 13:10:27 pbftInside_module.go:75: S4N0 : receiver shard :10 local shard: 4 receiver addr :ef1c6e67703c7bd7107eed8303fbe6ec2554bf6b
S4N0: 2023/09/21 13:10:27 pbftInside_module.go:75: S4N0 : receiver shard :2 local shard: 4 receiver addr :007933790a4f00000099e9001629d9fe7775b800
S4N0: 2023/09/21 13:10:27 pbftInside_module.go:75: S4N0 : receiver shard :2 local shard: 4 receiver addr :007933790a4f00000099e9001629d9fe7775b800
S4N0: 2023/09/21 13:10:27 pbftInside_module.go:75: S4N0 : receiver shard :15 local shard: 4 receiver addr :7a250d5630b4cf539739df2c5dacb4c659f2488d
S4N0: 2023/09/21 13:10:27 pbftInside_module.go:75: S4N0 : receiver shard :15 local shard: 4 receiver addr :17b1e028a1837ff15ba9e7140add0d13790092a3
S4N0: 2023/09/21 13:10:27 pbftInside_module.go:75: S4N0 : receiver shard :2 local shard: 4 receiver addr :007933790a4f00000099e9001629d9fe7775b800
S4N0: 2023/09/21 13:10:27 pbftInside_module.go:75: S4N0 : receiver shard :15 local shard: 4 receiver addr :9d16c49a5d9a8bebc09c12d0357996b72f5c5b22
S4N0: 2023/09/21 13:10:27 pbftInside_module.go:75: S4N0 : receiver shard :1 local shard: 4 receiver addr :4a59cfbf8fd9247570cb882de2f91aca5f9bdf15
S4N0: 2023/09/21 13:10:27 pbftInside_module.go:75: S4N0 : receiver shard :6 local shard: 4 receiver addr :dac17f958d2ee523a2206206994597c13d831ec7
S4N0: 2023/09/21 13:10:27 pbftInside_module.go:75: S4N0 : receiver shard :6 local shard: 4 receiver addr :dac17f958d2ee523a2206206994597c13d831ec7
S4N0: 2023/09/21 13:10:27 pbftInside_module.go:75: S4N0 : receiver shard :10 local shard: 4 receiver addr :ef1c6e67703c7bd7107eed8303fbe6ec2554bf6b
S4N0: 2023/09/21 13:10:27 pbftInside_module.go:75: S4N0 : receiver shard :15 local shard: 4 receiver addr :8d14d90b788d926a5644ddb0d70ed2d16492bf2f
S4N0: 2023/09/21 13:10:27 pbftInside_module.go:75: S4N0 : receiver shard :6 local shard: 4 receiver addr :dac17f958d2ee523a2206206994597c13d831ec7
S4N0: 2023/09/21 13:10:27 pbftInside_module.go:75: S4N0 : receiver shard :15 local shard: 4 receiver addr :c921bd5ebeb8035c2ff7259792529fd3443d8dbc
S4N0: 2023/09/21 13:10:27 pbftInside_module.go:75: S4N0 : receiver shard :6 local shard: 4 receiver addr :dac17f958d2ee523a2206206994597c13d831ec7
S4N0: 2023/09/21 13:10:27 pbftInside_module.go:75: S4N0 : receiver shard :10 local shard: 4 receiver addr :ef1c6e67703c7bd7107eed8303fbe6ec2554bf6b
S4N0: 2023/09/21 13:10:27 pbftInside_module.go:75: S4N0 : receiver shard :15 local shard: 4 receiver addr :c001766bd270373b4b16c50717b7079834b4fc8c
S4N0: 2023/09/21 13:10:27 pbftInside_module.go:75: S4N0 : receiver shard :6 local shard: 4 receiver addr :dac17f958d2ee523a2206206994597c13d831ec7
S4N0: 2023/09/21 13:10:27 pbftInside_module.go:75: S4N0 : receiver shard :12 local shard: 4 receiver addr :d9aee33795f242a12bb9e687e1533f44ac5bb11c
S4N0: 2023/09/21 13:10:27 pbftInside_module.go:75: S4N0 : receiver shard :15 local shard: 4 receiver addr :077d360f11d220e4d5d831430c81c26c9be7c4a4
S4N0: 2023/09/21 13:10:27 pbftInside_module.go:75: S4N0 : receiver shard :15 local shard: 4 receiver addr :1715a3e4a142d8b698131108995174f37aeba10d
S4N0: 2023/09/21 13:10:27 pbftInside_module.go:75: S4N0 : receiver shard :15 local shard: 4 receiver addr :a0b86991c6218b36c1d19d4a2e9eb0ce3606eb48
S4N0: 2023/09/21 13:10:27 pbftInside_module.go:75: S4N0 : receiver shard :8 local shard: 4 receiver addr :91fc70fa278fc2a587aa96a88f2b8f616161559a
S4N0: 2023/09/21 13:10:27 pbftInside_module.go:75: S4N0 : receiver shard :15 local shard: 4 receiver addr :4b025b942509634b9d888be399d527bc8b2e5a02
S4N0: 2023/09/21 13:10:27 pbftInside_module.go:75: S4N0 : receiver shard :6 local shard: 4 receiver addr :dac17f958d2ee523a2206206994597c13d831ec7
S4N0: 2023/09/21 13:10:27 pbftInside_module.go:75: S4N0 : receiver shard :15 local shard: 4 receiver addr :bbd37536c611c4defe662b89d48ec5b64c82032f
S4N0: 2023/09/21 13:10:27 pbftInside_module.go:75: S4N0 : receiver shard :15 local shard: 4 receiver addr :ffc6dbff68a8e92a7984e474f7b7a9856945e0fb
S4N0: 2023/09/21 13:10:27 pbftInside_module.go:75: S4N0 : receiver shard :15 local shard: 4 receiver addr :68b3465833fb72a70ecdf485e0e4c7bd8665fc45
S4N0: 2023/09/21 13:10:27 pbftInside_module.go:75: S4N0 : receiver shard :15 local shard: 4 receiver addr :e08d2bea80cef61e2a840f364be59461e55a085c
S4N0: 2023/09/21 13:10:27 pbftInside_module.go:75: S4N0 : receiver shard :12 local shard: 4 receiver addr :f41a4b3756df62a18d118c89bd8ffe53a68ebabf
S4N0: 2023/09/21 13:10:27 pbftInside_module.go:75: S4N0 : receiver shard :6 local shard: 4 receiver addr :dac17f958d2ee523a2206206994597c13d831ec7
S4N0: 2023/09/21 13:10:27 pbftInside_module.go:75: S4N0 : receiver shard :15 local shard: 4 receiver addr :a0b86991c6218b36c1d19d4a2e9eb0ce3606eb48
S4N0: 2023/09/21 13:10:27 pbftInside_module.go:75: S4N0 : receiver shard :15 local shard: 4 receiver addr :a6181a26e90faf67e1b8adde48573f34709644ef
S4N0: 2023/09/21 13:10:27 pbftInside_module.go:75: S4N0 : receiver shard :11 local shard: 4 receiver addr :df8f88faf31997885b4f5521c49f3ab30276fc36
S4N0: 2023/09/21 13:10:27 pbftInside_module.go:75: S4N0 : receiver shard :15 local shard: 4 receiver addr :04fa0d235c4abf4bcf4787af4cf447de572ef828
S4N0: 2023/09/21 13:10:27 pbftInside_module.go:75: S4N0 : receiver shard :15 local shard: 4 receiver addr :32400084c286cf3e17e7b677ea9583e60a000324
S4N0: 2023/09/21 13:10:27 pbftInside_module.go:75: S4N0 : receiver shard :5 local shard: 4 receiver addr :33ec5e9cc680d4f63aa0d4412d552634748ef7ad
S4N0: 2023/09/21 13:10:27 pbftInside_module.go:75: S4N0 : receiver shard :15 local shard: 4 receiver addr :27b97a63091d185ce056e1747624b9b92baad056
S4N0: 2023/09/21 13:10:27 pbftInside_module.go:75: S4N0 : receiver shard :6 local shard: 4 receiver addr :dac17f958d2ee523a2206206994597c13d831ec7
S4N0: 2023/09/21 13:10:27 pbftInside_module.go:75: S4N0 : receiver shard :15 local shard: 4 receiver addr :00000000000000adc04c56bf30ac9d3c0aaf14dc
S4N0: 2023/09/21 13:10:27 pbftInside_module.go:75: S4N0 : receiver shard :15 local shard: 4 receiver addr :ab2ac3e9f74a3a95e82dbe77b47cd7a62dbd538f
S4N0: 2023/09/21 13:10:27 pbftInside_module.go:75: S4N0 : receiver shard :8 local shard: 4 receiver addr :119e3f21bb4e5f3abda7ccc05b0bb98386f7c1a3
S4N0: 2023/09/21 13:10:27 pbftInside_module.go:75: S4N0 : receiver shard :6 local shard: 4 receiver addr :dac17f958d2ee523a2206206994597c13d831ec7
S4N0: 2023/09/21 13:10:27 pbftInside_module.go:75: S4N0 : receiver shard :10 local shard: 4 receiver addr :ef1c6e67703c7bd7107eed8303fbe6ec2554bf6b
S4N0: 2023/09/21 13:10:27 pbftInside_module.go:75: S4N0 : receiver shard :15 local shard: 4 receiver addr :5bb441fb23263b59e97e20b37a0534e33b9b88e8
S4N0: 2023/09/21 13:10:27 pbftInside_module.go:75: S4N0 : receiver shard :13 local shard: 4 receiver addr :af97b895bee89fe9eb6999d3c2b619296f301f18
S4N0: 2023/09/21 13:10:27 pbftInside_module.go:75: S4N0 : receiver shard :0 local shard: 4 receiver addr :2dd7144b701bd66bc12ec17f1afaad409f0e32cf
S4N0: 2023/09/21 13:10:27 pbftInside_module.go:75: S4N0 : receiver shard :10 local shard: 4 receiver addr :ef1c6e67703c7bd7107eed8303fbe6ec2554bf6b
S4N0: 2023/09/21 13:10:27 pbftInside_module.go:75: S4N0 : receiver shard :0 local shard: 4 receiver addr :bd4fecd9337d22514fdd6d7fbeb9155cf8d790b1
S4N0: 2023/09/21 13:10:27 pbftInside_module.go:75: S4N0 : receiver shard :15 local shard: 4 receiver addr :9578306af58c0619f16ff09225ac63e4dbf2b5ce
S4N0: 2023/09/21 13:10:27 pbftInside_module.go:75: S4N0 : receiver shard :6 local shard: 4 receiver addr :dac17f958d2ee523a2206206994597c13d831ec7
S4N0: 2023/09/21 13:10:27 pbftInside_module.go:75: S4N0 : receiver shard :15 local shard: 4 receiver addr :737f622c33d8063f996c6d856b18bd5cc727aa5d
S4N0: 2023/09/21 13:10:27 pbftInside_module.go:75: S4N0 : receiver shard :15 local shard: 4 receiver addr :772cbd5dfb6215ee7ff77b7c135c98bd2ca9013d
S4N0: 2023/09/21 13:10:27 pbftInside_module.go:75: S4N0 : receiver shard :15 local shard: 4 receiver addr :a0b86991c6218b36c1d19d4a2e9eb0ce3606eb48
S4N0: 2023/09/21 13:10:27 pbftInside_module.go:75: S4N0 : receiver shard :6 local shard: 4 receiver addr :dac17f958d2ee523a2206206994597c13d831ec7
S4N0: 2023/09/21 13:10:27 pbftInside_module.go:75: S4N0 : receiver shard :1 local shard: 4 receiver addr :6131b5fae19ea4f9d964eac0408e4408b66337b5
S4N0: 2023/09/21 13:10:27 pbftInside_module.go:75: S4N0 : receiver shard :15 local shard: 4 receiver addr :17b1e028a1837ff15ba9e7140add0d13790092a3
S4N0: 2023/09/21 13:10:27 pbftInside_module.go:75: S4N0 : receiver shard :13 local shard: 4 receiver addr :7d7cd39a5241e16f868883088ea7be00dbaef91a
S4N0: 2023/09/21 13:10:27 pbftInside_module.go:75: S4N0 : receiver shard :6 local shard: 4 receiver addr :dac17f958d2ee523a2206206994597c13d831ec7
S4N0: 2023/09/21 13:10:27 pbftInside_module.go:75: S4N0 : receiver shard :11 local shard: 4 receiver addr :da1b10daa0edfbff59a0ad248eb6248a693d6923
S4N0: 2023/09/21 13:10:27 pbftInside_module.go:75: S4N0 : receiver shard :15 local shard: 4 receiver addr :4dfcad285ef39fed84e77edf1b7dbc442565e55e
S4N0: 2023/09/21 13:10:27 pbftInside_module.go:75: S4N0 : receiver shard :0 local shard: 4 receiver addr :9a5288dc25b9b9c3791108d92b7f024ca7a4ac43
S4N0: 2023/09/21 13:10:27 pbftInside_module.go:75: S4N0 : receiver shard :3 local shard: 4 receiver addr :3b3ae790df4f312e745d270119c6052904fb6790
S4N0: 2023/09/21 13:10:27 pbftInside_module.go:75: S4N0 : receiver shard :6 local shard: 4 receiver addr :dac17f958d2ee523a2206206994597c13d831ec7
S4N0: 2023/09/21 13:10:27 pbftInside_module.go:75: S4N0 : receiver shard :10 local shard: 4 receiver addr :ef1c6e67703c7bd7107eed8303fbe6ec2554bf6b
S4N0: 2023/09/21 13:10:27 pbftInside_module.go:100: S4N0 : sended 3 relay txs to 0
S4N0: 2023/09/21 13:10:27 pbftInside_module.go:100: S4N0 : sended 2 relay txs to 1
S4N0: 2023/09/21 13:10:27 pbftInside_module.go:100: S4N0 : sended 3 relay txs to 2
S4N0: 2023/09/21 13:10:27 pbftInside_module.go:100: S4N0 : sended 1 relay txs to 3
S4N0: 2023/09/21 13:10:27 pbftInside_module.go:100: S4N0 : sended 1 relay txs to 5
S4N0: 2023/09/21 13:10:27 pbftInside_module.go:100: S4N0 : sended 15 relay txs to 6
S4N0: 2023/09/21 13:10:27 pbftInside_module.go:100: S4N0 : sended 0 relay txs to 7
S4N0: 2023/09/21 13:10:27 pbftInside_module.go:100: S4N0 : sended 2 relay txs to 8
S4N0: 2023/09/21 13:10:27 pbftInside_module.go:100: S4N0 : sended 0 relay txs to 9
S4N0: 2023/09/21 13:10:27 pbftInside_module.go:100: S4N0 : sended 6 relay txs to 10
S4N0: 2023/09/21 13:10:27 pbftInside_module.go:100: S4N0 : sended 2 relay txs to 11
S4N0: 2023/09/21 13:10:27 pbftInside_module.go:100: S4N0 : sended 3 relay txs to 12
S4N0: 2023/09/21 13:10:27 pbftInside_module.go:100: S4N0 : sended 2 relay txs to 13
S4N0: 2023/09/21 13:10:27 pbftInside_module.go:100: S4N0 : sended 0 relay txs to 14
S4N0: 2023/09/21 13:10:27 pbftInside_module.go:100: S4N0 : sended 28 relay txs to 15
S4N0: 2023/09/21 13:10:27 pbftInside_module.go:121: ~~S4N0 : Relay1Txs 68, content:[[0xc00204c300 0xc00204c3c0 0xc00204c480 0xc00204c540 0xc00204c600 0xc00204c6c0 0xc00204c780 0xc00204c840 0xc00204c900 0xc00204c9c0 0xc00204ca80 0xc00204cb40 0xc00204cc00 0xc00204ccc0 0xc00204cd80 0xc00204ce40 0xc00204cf00 0xc00204cfc0 0xc00204d440 0xc00204d500 0xc00204d5c0 0xc00204d680 0xc00204d740 0xc00204d800 0xc00204d8c0 0xc00204d980 0xc00204da40 0xc00204dbc0 0xc00204dc80 0xc00204dd40 0xc00204de00 0xc00204dec0 0xc002074000 0xc0020740c0 0xc002074180 0xc002074240 0xc002074300 0xc0020743c0 0xc002074540 0xc002074600 0xc0020746c0 0xc002074780 0xc002074840 0xc002074900 0xc0020749c0 0xc002074a80 0xc002074b40 0xc002074c00 0xc002075a40 0xc002075b00 0xc002075bc0 0xc002075d40 0xc002075e00 0xc002075ec0 0xc002078000 0xc002078180 0xc002078240 0xc002078300 0xc0020783c0 0xc002078480 0xc002078540 0xc002078600 0xc0020786c0 0xc002078780 0xc002078840 0xc002078900 0xc002078b40 0xc002078c00]]
S4N0: 2023/09/21 13:10:27 pbftInside_module.go:122: S4N0 : sended excuted txs
S4N0: 2023/09/21 13:10:27 messageHandle.go:192: S4N0: this round of pbft 3 is end 
S4N0: 2023/09/21 13:10:27 messageHandle.go:199: S4N0 get sequenceLock unlocked...
S4N0: 2023/09/21 13:10:27 messageHandle.go:151: S4N0 received the Commit from ...1
S4N0: 2023/09/21 13:10:27 pbftOutside_module.go:34: S4N0 : has received relay txs from shard 1, the senderSeq is 3
S4N0: 2023/09/21 13:10:27 pbftOutside_module.go:39: S4N0 : has handled relay txs msg
S4N0: 2023/09/21 13:10:27 pbftOutside_module.go:49: S4N0 : has handled injected txs msg, txs: 15 
S4N0: 2023/09/21 13:10:27 pbftOutside_module.go:34: S4N0 : has received relay txs from shard 8, the senderSeq is 3
S4N0: 2023/09/21 13:10:27 pbftOutside_module.go:39: S4N0 : has handled relay txs msg
S4N0: 2023/09/21 13:10:27 pbftOutside_module.go:34: S4N0 : has received relay txs from shard 5, the senderSeq is 3
S4N0: 2023/09/21 13:10:27 pbftOutside_module.go:39: S4N0 : has handled relay txs msg
S4N0: 2023/09/21 13:10:27 pbftOutside_module.go:34: S4N0 : has received relay txs from shard 2, the senderSeq is 3
S4N0: 2023/09/21 13:10:27 pbftOutside_module.go:39: S4N0 : has handled relay txs msg
S4N0: 2023/09/21 13:10:28 pbftOutside_module.go:34: S4N0 : has received relay txs from shard 6, the senderSeq is 3
S4N0: 2023/09/21 13:10:28 pbftOutside_module.go:39: S4N0 : has handled relay txs msg
S4N0: 2023/09/21 13:10:28 pbftOutside_module.go:34: S4N0 : has received relay txs from shard 9, the senderSeq is 3
S4N0: 2023/09/21 13:10:28 pbftOutside_module.go:39: S4N0 : has handled relay txs msg
S4N0: 2023/09/21 13:10:28 pbftOutside_module.go:34: S4N0 : has received relay txs from shard 0, the senderSeq is 3
S4N0: 2023/09/21 13:10:28 pbftOutside_module.go:39: S4N0 : has handled relay txs msg
S4N0: 2023/09/21 13:10:28 pbftOutside_module.go:34: S4N0 : has received relay txs from shard 10, the senderSeq is 3
S4N0: 2023/09/21 13:10:28 pbftOutside_module.go:39: S4N0 : has handled relay txs msg
S4N0: 2023/09/21 13:10:28 pbftOutside_module.go:34: S4N0 : has received relay txs from shard 12, the senderSeq is 3
S4N0: 2023/09/21 13:10:28 pbftOutside_module.go:39: S4N0 : has handled relay txs msg
S4N0: 2023/09/21 13:10:28 pbftOutside_module.go:49: S4N0 : has handled injected txs msg, txs: 15 
S4N0: 2023/09/21 13:10:28 pbftOutside_module.go:34: S4N0 : has received relay txs from shard 7, the senderSeq is 3
S4N0: 2023/09/21 13:10:28 pbftOutside_module.go:39: S4N0 : has handled relay txs msg
S4N0: 2023/09/21 13:10:28 pbftOutside_module.go:34: S4N0 : has received relay txs from shard 11, the senderSeq is 3
S4N0: 2023/09/21 13:10:28 pbftOutside_module.go:39: S4N0 : has handled relay txs msg
S4N0: 2023/09/21 13:10:28 pbftOutside_module.go:34: S4N0 : has received relay txs from shard 13, the senderSeq is 3
S4N0: 2023/09/21 13:10:28 pbftOutside_module.go:39: S4N0 : has handled relay txs msg
S4N0: 2023/09/21 13:10:28 pbftOutside_module.go:34: S4N0 : has received relay txs from shard 14, the senderSeq is 3
S4N0: 2023/09/21 13:10:28 pbftOutside_module.go:39: S4N0 : has handled relay txs msg
S4N0: 2023/09/21 13:10:28 pbftOutside_module.go:34: S4N0 : has received relay txs from shard 15, the senderSeq is 3
S4N0: 2023/09/21 13:10:28 pbftOutside_module.go:39: S4N0 : has handled relay txs msg
S4N0: 2023/09/21 13:10:29 pbftOutside_module.go:49: S4N0 : has handled injected txs msg, txs: 15 
S4N0: 2023/09/21 13:10:30 pbftOutside_module.go:34: S4N0 : has received relay txs from shard 3, the senderSeq is 4
S4N0: 2023/09/21 13:10:30 pbftOutside_module.go:39: S4N0 : has handled relay txs msg
S4N0: 2023/09/21 13:10:30 messageHandle.go:28: S4N0 get sequenceLock locked, now trying to propose...
S4N0: 2023/09/21 13:10:30 messageHandle.go:35: S4N0 put the request into the pool ...
S4N0: 2023/09/21 13:10:30 messageHandle.go:94: S4N0 : received the Prepare ...
S4N0: 2023/09/21 13:10:30 messageHandle.go:125: S4N0 : is going to commit
S4N0: 2023/09/21 13:10:30 messageHandle.go:139: S4N0 : commit is broadcast
S4N0: 2023/09/21 13:10:30 messageHandle.go:151: S4N0 received the Commit from ...1
S4N0: 2023/09/21 13:10:30 messageHandle.go:163: S4N0 : has received 2f + 1 commits ... 
S4N0: 2023/09/21 13:10:30 pbftInside_module.go:59: S4N0 : adding the block 4...now height = 3 
S4N0: 2023/09/21 13:10:30 pbftInside_module.go:61: S4N0 : added the block 4... 
S4N0: 2023/09/21 13:10:30 pbftInside_module.go:66: S4N0 : main node is trying to send relay txs at height = 4 
S4N0: 2023/09/21 13:10:30 pbftInside_module.go:75: S4N0 : receiver shard :0 local shard: 4 receiver addr :f4181219110ffa8eebb36760cd80bdef3e7dcad3
S4N0: 2023/09/21 13:10:30 pbftInside_module.go:75: S4N0 : receiver shard :0 local shard: 4 receiver addr :1660cd5e6cc5771d55a9ae29628378414bd63af1
S4N0: 2023/09/21 13:10:30 pbftInside_module.go:75: S4N0 : receiver shard :15 local shard: 4 receiver addr :17b1e028a1837ff15ba9e7140add0d13790092a3
S4N0: 2023/09/21 13:10:30 pbftInside_module.go:75: S4N0 : receiver shard :0 local shard: 4 receiver addr :99dfc4537e7ba1a0bfca72ee3d3e305171e0f8a7
S4N0: 2023/09/21 13:10:30 pbftInside_module.go:75: S4N0 : receiver shard :6 local shard: 4 receiver addr :dac17f958d2ee523a2206206994597c13d831ec7
S4N0: 2023/09/21 13:10:30 pbftInside_module.go:75: S4N0 : receiver shard :0 local shard: 4 receiver addr :d125a5a9c5864d821cc980023acfe18c84b3cbcd
S4N0: 2023/09/21 13:10:30 pbftInside_module.go:75: S4N0 : receiver shard :3 local shard: 4 receiver addr :3b3ae790df4f312e745d270119c6052904fb6790
S4N0: 2023/09/21 13:10:30 pbftInside_module.go:75: S4N0 : receiver shard :0 local shard: 4 receiver addr :c72f8bdaec24726a35b71cc59e4fe482a53adb95
S4N0: 2023/09/21 13:10:30 pbftInside_module.go:75: S4N0 : receiver shard :6 local shard: 4 receiver addr :dac17f958d2ee523a2206206994597c13d831ec7
S4N0: 2023/09/21 13:10:30 pbftInside_module.go:75: S4N0 : receiver shard :0 local shard: 4 receiver addr :af5191b0de278c7286d6c7cc6ab6bb8a73ba2cd6
S4N0: 2023/09/21 13:10:30 pbftInside_module.go:75: S4N0 : receiver shard :0 local shard: 4 receiver addr :6982508145454ce325ddbe47a25d4ec3d2311933
S4N0: 2023/09/21 13:10:30 pbftInside_module.go:75: S4N0 : receiver shard :0 local shard: 4 receiver addr :bd4fecd9337d22514fdd6d7fbeb9155cf8d790b1
S4N0: 2023/09/21 13:10:30 pbftInside_module.go:75: S4N0 : receiver shard :5 local shard: 4 receiver addr :477480390de4953990dce1f3cf2904f9870691fc
S4N0: 2023/09/21 13:10:30 pbftInside_module.go:75: S4N0 : receiver shard :6 local shard: 4 receiver addr :dac17f958d2ee523a2206206994597c13d831ec7
S4N0: 2023/09/21 13:10:30 pbftInside_module.go:75: S4N0 : receiver shard :11 local shard: 4 receiver addr :310cf22e229dc8d480a02574c35ce84dfdd16ebb
S4N0: 2023/09/21 13:10:30 pbftInside_module.go:75: S4N0 : receiver shard :0 local shard: 4 receiver addr :8a4b0e018720227eec8448225c97780cea303ecd
S4N0: 2023/09/21 13:10:30 pbftInside_module.go:75: S4N0 : receiver shard :6 local shard: 4 receiver addr :dac17f958d2ee523a2206206994597c13d831ec7
S4N0: 2023/09/21 13:10:30 pbftInside_module.go:75: S4N0 : receiver shard :6 local shard: 4 receiver addr :dac17f958d2ee523a2206206994597c13d831ec7
S4N0: 2023/09/21 13:10:30 pbftInside_module.go:75: S4N0 : receiver shard :15 local shard: 4 receiver addr :7a250d5630b4cf539739df2c5dacb4c659f2488d
S4N0: 2023/09/21 13:10:30 pbftInside_module.go:75: S4N0 : receiver shard :15 local shard: 4 receiver addr :32400084c286cf3e17e7b677ea9583e60a000324
S4N0: 2023/09/21 13:10:30 pbftInside_module.go:75: S4N0 : receiver shard :0 local shard: 4 receiver addr :4de8883fa2f98b06948667cfd8dcc6f5a3244823
S4N0: 2023/09/21 13:10:30 pbftInside_module.go:75: S4N0 : receiver shard :15 local shard: 4 receiver addr :cec3fffab29652ef0959d19e2a96ce5004997e02
S4N0: 2023/09/21 13:10:30 pbftInside_module.go:75: S4N0 : receiver shard :15 local shard: 4 receiver addr :00000000000000adc04c56bf30ac9d3c0aaf14dc
S4N0: 2023/09/21 13:10:30 pbftInside_module.go:75: S4N0 : receiver shard :15 local shard: 4 receiver addr :0a88bc5c32b684d467b43c06d9e0899efeaf59df
S4N0: 2023/09/21 13:10:30 pbftInside_module.go:75: S4N0 : receiver shard :0 local shard: 4 receiver addr :bd4fecd9337d22514fdd6d7fbeb9155cf8d790b1
S4N0: 2023/09/21 13:10:30 pbftInside_module.go:75: S4N0 : receiver shard :6 local shard: 4 receiver addr :dac17f958d2ee523a2206206994597c13d831ec7
S4N0: 2023/09/21 13:10:30 pbftInside_module.go:75: S4N0 : receiver shard :8 local shard: 4 receiver addr :56402bc7a994210c520a421380a9c6f1dd607a75
S4N0: 2023/09/21 13:10:30 pbftInside_module.go:75: S4N0 : receiver shard :0 local shard: 4 receiver addr :bd4fecd9337d22514fdd6d7fbeb9155cf8d790b1
S4N0: 2023/09/21 13:10:30 pbftInside_module.go:75: S4N0 : receiver shard :0 local shard: 4 receiver addr :22750e6c2122b4d021ba8bdbf6eb0ae24862604c
S4N0: 2023/09/21 13:10:30 pbftInside_module.go:75: S4N0 : receiver shard :0 local shard: 4 receiver addr :bd4fecd9337d22514fdd6d7fbeb9155cf8d790b1
S4N0: 2023/09/21 13:10:30 pbftInside_module.go:100: S4N0 : sended 14 relay txs to 0
S4N0: 2023/09/21 13:10:30 pbftInside_module.go:100: S4N0 : sended 0 relay txs to 1
S4N0: 2023/09/21 13:10:30 pbftInside_module.go:100: S4N0 : sended 0 relay txs to 2
S4N0: 2023/09/21 13:10:30 pbftInside_module.go:100: S4N0 : sended 1 relay txs to 3
S4N0: 2023/09/21 13:10:30 pbftInside_module.go:100: S4N0 : sended 1 relay txs to 5
S4N0: 2023/09/21 13:10:30 pbftInside_module.go:100: S4N0 : sended 6 relay txs to 6
S4N0: 2023/09/21 13:10:30 pbftInside_module.go:100: S4N0 : sended 0 relay txs to 7
S4N0: 2023/09/21 13:10:30 pbftInside_module.go:100: S4N0 : sended 1 relay txs to 8
S4N0: 2023/09/21 13:10:30 pbftInside_module.go:100: S4N0 : sended 0 relay txs to 9
S4N0: 2023/09/21 13:10:30 pbftInside_module.go:100: S4N0 : sended 0 relay txs to 10
S4N0: 2023/09/21 13:10:30 pbftInside_module.go:100: S4N0 : sended 1 relay txs to 11
S4N0: 2023/09/21 13:10:30 pbftInside_module.go:100: S4N0 : sended 0 relay txs to 12
S4N0: 2023/09/21 13:10:30 pbftInside_module.go:100: S4N0 : sended 0 relay txs to 13
S4N0: 2023/09/21 13:10:30 pbftInside_module.go:100: S4N0 : sended 0 relay txs to 14
S4N0: 2023/09/21 13:10:30 pbftInside_module.go:100: S4N0 : sended 6 relay txs to 15
S4N0: 2023/09/21 13:10:30 pbftInside_module.go:121: ~~S4N0 : Relay1Txs 30, content:[[0xc0028c40c0 0xc0028c4180 0xc0028c4240 0xc0028c4300 0xc0028c46c0 0xc0028c4780 0xc0028c49c0 0xc0028c4a80 0xc0028c4b40 0xc0028c4f00 0xc0028c4fc0 0xc0028c52c0 0xc0028c5380 0xc0028c5440 0xc0028c5500 0xc0028c55c0 0xc0028c5740 0xc0028c58c0 0xc0028c5980 0xc0028c80c0 0xc0028c8180 0xc0028c8240 0xc0028c8300 0xc0028c83c0 0xc0028c8480 0xc0028c8540 0xc0028c8780 0xc0028c8840 0xc0028c89c0 0xc0028c8a80]]
S4N0: 2023/09/21 13:10:30 pbftInside_module.go:122: S4N0 : sended excuted txs
S4N0: 2023/09/21 13:10:30 messageHandle.go:192: S4N0: this round of pbft 4 is end 
S4N0: 2023/09/21 13:10:30 messageHandle.go:199: S4N0 get sequenceLock unlocked...
S4N0: 2023/09/21 13:10:30 messageHandle.go:94: S4N0 : received the Prepare ...
S4N0: 2023/09/21 13:10:30 messageHandle.go:151: S4N0 received the Commit from ...2
S4N0: 2023/09/21 13:10:30 pbftOutside_module.go:34: S4N0 : has received relay txs from shard 1, the senderSeq is 4
S4N0: 2023/09/21 13:10:30 pbftOutside_module.go:39: S4N0 : has handled relay txs msg
S4N0: 2023/09/21 13:10:30 pbftOutside_module.go:49: S4N0 : has handled injected txs msg, txs: 11 
S4N0: 2023/09/21 13:10:30 pbftOutside_module.go:34: S4N0 : has received relay txs from shard 8, the senderSeq is 4
S4N0: 2023/09/21 13:10:30 pbftOutside_module.go:39: S4N0 : has handled relay txs msg
S4N0: 2023/09/21 13:10:30 pbftOutside_module.go:34: S4N0 : has received relay txs from shard 5, the senderSeq is 4
S4N0: 2023/09/21 13:10:30 pbftOutside_module.go:39: S4N0 : has handled relay txs msg
S4N0: 2023/09/21 13:10:30 pbftOutside_module.go:34: S4N0 : has received relay txs from shard 2, the senderSeq is 4
S4N0: 2023/09/21 13:10:30 pbftOutside_module.go:39: S4N0 : has handled relay txs msg
S4N0: 2023/09/21 13:10:31 pbftOutside_module.go:34: S4N0 : has received relay txs from shard 6, the senderSeq is 4
S4N0: 2023/09/21 13:10:31 pbftOutside_module.go:39: S4N0 : has handled relay txs msg
S4N0: 2023/09/21 13:10:31 pbftOutside_module.go:34: S4N0 : has received relay txs from shard 9, the senderSeq is 4
S4N0: 2023/09/21 13:10:31 pbftOutside_module.go:39: S4N0 : has handled relay txs msg
S4N0: 2023/09/21 13:10:31 pbftOutside_module.go:34: S4N0 : has received relay txs from shard 0, the senderSeq is 4
S4N0: 2023/09/21 13:10:31 pbftOutside_module.go:39: S4N0 : has handled relay txs msg
S4N0: 2023/09/21 13:10:31 pbftOutside_module.go:34: S4N0 : has received relay txs from shard 10, the senderSeq is 4
S4N0: 2023/09/21 13:10:31 pbftOutside_module.go:39: S4N0 : has handled relay txs msg
S4N0: 2023/09/21 13:10:31 pbftOutside_module.go:34: S4N0 : has received relay txs from shard 12, the senderSeq is 4
S4N0: 2023/09/21 13:10:31 pbftOutside_module.go:39: S4N0 : has handled relay txs msg
S4N0: 2023/09/21 13:10:31 pbftOutside_module.go:34: S4N0 : has received relay txs from shard 7, the senderSeq is 4
S4N0: 2023/09/21 13:10:31 pbftOutside_module.go:39: S4N0 : has handled relay txs msg
S4N0: 2023/09/21 13:10:31 pbftOutside_module.go:34: S4N0 : has received relay txs from shard 11, the senderSeq is 4
S4N0: 2023/09/21 13:10:31 pbftOutside_module.go:39: S4N0 : has handled relay txs msg
S4N0: 2023/09/21 13:10:31 pbftOutside_module.go:49: S4N0 : has handled injected txs msg, txs: 9 
S4N0: 2023/09/21 13:10:31 pbftOutside_module.go:34: S4N0 : has received relay txs from shard 13, the senderSeq is 4
S4N0: 2023/09/21 13:10:31 pbftOutside_module.go:39: S4N0 : has handled relay txs msg
S4N0: 2023/09/21 13:10:31 pbftOutside_module.go:34: S4N0 : has received relay txs from shard 14, the senderSeq is 4
S4N0: 2023/09/21 13:10:31 pbftOutside_module.go:39: S4N0 : has handled relay txs msg
S4N0: 2023/09/21 13:10:32 pbftOutside_module.go:34: S4N0 : has received relay txs from shard 15, the senderSeq is 4
S4N0: 2023/09/21 13:10:32 pbftOutside_module.go:39: S4N0 : has handled relay txs msg
S4N0: 2023/09/21 13:10:32 pbftOutside_module.go:49: S4N0 : has handled injected txs msg, txs: 12 
S4N0: 2023/09/21 13:10:33 pbftOutside_module.go:34: S4N0 : has received relay txs from shard 3, the senderSeq is 5
S4N0: 2023/09/21 13:10:33 pbftOutside_module.go:39: S4N0 : has handled relay txs msg
S4N0: 2023/09/21 13:10:33 messageHandle.go:28: S4N0 get sequenceLock locked, now trying to propose...
S4N0: 2023/09/21 13:10:33 messageHandle.go:35: S4N0 put the request into the pool ...
S4N0: 2023/09/21 13:10:33 messageHandle.go:94: S4N0 : received the Prepare ...
S4N0: 2023/09/21 13:10:33 messageHandle.go:125: S4N0 : is going to commit
S4N0: 2023/09/21 13:10:33 messageHandle.go:139: S4N0 : commit is broadcast
S4N0: 2023/09/21 13:10:33 messageHandle.go:94: S4N0 : received the Prepare ...
S4N0: 2023/09/21 13:10:33 messageHandle.go:151: S4N0 received the Commit from ...2
S4N0: 2023/09/21 13:10:33 messageHandle.go:163: S4N0 : has received 2f + 1 commits ... 
S4N0: 2023/09/21 13:10:33 pbftInside_module.go:59: S4N0 : adding the block 5...now height = 4 
S4N0: 2023/09/21 13:10:33 pbftInside_module.go:61: S4N0 : added the block 5... 
S4N0: 2023/09/21 13:10:33 pbftInside_module.go:66: S4N0 : main node is trying to send relay txs at height = 5 
S4N0: 2023/09/21 13:10:33 pbftInside_module.go:75: S4N0 : receiver shard :6 local shard: 4 receiver addr :dac17f958d2ee523a2206206994597c13d831ec7
S4N0: 2023/09/21 13:10:33 pbftInside_module.go:75: S4N0 : receiver shard :15 local shard: 4 receiver addr :cedefe438860d2789da6419b3a19cece2a41038d
S4N0: 2023/09/21 13:10:33 pbftInside_module.go:75: S4N0 : receiver shard :0 local shard: 4 receiver addr :20c6494cb0cc8fe7bb8d62ea827fa8f53e9ea5bc
S4N0: 2023/09/21 13:10:33 pbftInside_module.go:75: S4N0 : receiver shard :0 local shard: 4 receiver addr :bd4fecd9337d22514fdd6d7fbeb9155cf8d790b1
S4N0: 2023/09/21 13:10:33 pbftInside_module.go:75: S4N0 : receiver shard :6 local shard: 4 receiver addr :dac17f958d2ee523a2206206994597c13d831ec7
S4N0: 2023/09/21 13:10:33 pbftInside_module.go:75: S4N0 : receiver shard :6 local shard: 4 receiver addr :dac17f958d2ee523a2206206994597c13d831ec7
S4N0: 2023/09/21 13:10:33 pbftInside_module.go:75: S4N0 : receiver shard :15 local shard: 4 receiver addr :c02aaa39b223fe8d0a0e5c4f27ead9083c756cc2
S4N0: 2023/09/21 13:10:33 pbftInside_module.go:75: S4N0 : receiver shard :15 local shard: 4 receiver addr :0a88bc5c32b684d467b43c06d9e0899efeaf59df
S4N0: 2023/09/21 13:10:33 pbftInside_module.go:75: S4N0 : receiver shard :0 local shard: 4 receiver addr :609e1de29d5e543a6eba15b73d9ed335e90004b3
S4N0: 2023/09/21 13:10:33 pbftInside_module.go:75: S4N0 : receiver shard :0 local shard: 4 receiver addr :bd4fecd9337d22514fdd6d7fbeb9155cf8d790b1
S4N0: 2023/09/21 13:10:33 pbftInside_module.go:75: S4N0 : receiver shard :7 local shard: 4 receiver addr :e3c4cba049a329ceda17168798e1101f8c375589
S4N0: 2023/09/21 13:10:33 pbftInside_module.go:75: S4N0 : receiver shard :15 local shard: 4 receiver addr :62d7b2acb5e88433f0899019bf756426f3ac22ae
S4N0: 2023/09/21 13:10:33 pbftInside_module.go:75: S4N0 : receiver shard :6 local shard: 4 receiver addr :dac17f958d2ee523a2206206994597c13d831ec7
S4N0: 2023/09/21 13:10:33 pbftInside_module.go:75: S4N0 : receiver shard :12 local shard: 4 receiver addr :1111111254fb6c44bac0bed2854e76f90643097d
S4N0: 2023/09/21 13:10:33 pbftInside_module.go:75: S4N0 : receiver shard :7 local shard: 4 receiver addr :4282ce707718bf69e2261e7299a6c0f4eac1f77a
S4N0: 2023/09/21 13:10:33 pbftInside_module.go:75: S4N0 : receiver shard :6 local shard: 4 receiver addr :2a3dd3eb832af982ec71669e178424b10dca2ede
S4N0: 2023/09/21 13:10:33 pbftInside_module.go:75: S4N0 : receiver shard :6 local shard: 4 receiver addr :dac17f958d2ee523a2206206994597c13d831ec7
S4N0: 2023/09/21 13:10:33 pbftInside_module.go:75: S4N0 : receiver shard :0 local shard: 4 receiver addr :bd4fecd9337d22514fdd6d7fbeb9155cf8d790b1
S4N0: 2023/09/21 13:10:33 pbftInside_module.go:75: S4N0 : receiver shard :0 local shard: 4 receiver addr :bd4fecd9337d22514fdd6d7fbeb9155cf8d790b1
S4N0: 2023/09/21 13:10:33 pbftInside_module.go:75: S4N0 : receiver shard :6 local shard: 4 receiver addr :dac17f958d2ee523a2206206994597c13d831ec7
S4N0: 2023/09/21 13:10:33 pbftInside_module.go:75: S4N0 : receiver shard :0 local shard: 4 receiver addr :bd4fecd9337d22514fdd6d7fbeb9155cf8d790b1
S4N0: 2023/09/21 13:10:33 pbftInside_module.go:75: S4N0 : receiver shard :6 local shard: 4 receiver addr :dac17f958d2ee523a2206206994597c13d831ec7
S4N0: 2023/09/21 13:10:33 pbftInside_module.go:75: S4N0 : receiver shard :0 local shard: 4 receiver addr :2c6a2da9eb278d60a2725b728b1ee96252dbd384
S4N0: 2023/09/21 13:10:33 pbftInside_module.go:75: S4N0 : receiver shard :7 local shard: 4 receiver addr :c7b266cdac3f90ea2d53482259e464f4b749f847
S4N0: 2023/09/21 13:10:33 pbftInside_module.go:75: S4N0 : receiver shard :7 local shard: 4 receiver addr :da20c5bdca50d85ef70295bdada59b32f119233d
S4N0: 2023/09/21 13:10:33 pbftInside_module.go:100: S4N0 : sended 8 relay txs to 0
S4N0: 2023/09/21 13:10:33 pbftInside_module.go:100: S4N0 : sended 0 relay txs to 1
S4N0: 2023/09/21 13:10:33 pbftInside_module.go:100: S4N0 : sended 0 relay txs to 2
S4N0: 2023/09/21 13:10:33 pbftInside_module.go:100: S4N0 : sended 0 relay txs to 3
S4N0: 2023/09/21 13:10:33 pbftInside_module.go:100: S4N0 : sended 0 relay txs to 5
S4N0: 2023/09/21 13:10:33 pbftInside_module.go:100: S4N0 : sended 8 relay txs to 6
S4N0: 2023/09/21 13:10:33 pbftInside_module.go:100: S4N0 : sended 4 relay txs to 7
S4N0: 2023/09/21 13:10:33 pbftInside_module.go:100: S4N0 : sended 0 relay txs to 8
S4N0: 2023/09/21 13:10:33 pbftInside_module.go:100: S4N0 : sended 0 relay txs to 9
S4N0: 2023/09/21 13:10:33 pbftInside_module.go:100: S4N0 : sended 0 relay txs to 10
S4N0: 2023/09/21 13:10:33 pbftInside_module.go:100: S4N0 : sended 0 relay txs to 11
S4N0: 2023/09/21 13:10:33 pbftInside_module.go:100: S4N0 : sended 1 relay txs to 12
S4N0: 2023/09/21 13:10:33 pbftInside_module.go:100: S4N0 : sended 0 relay txs to 13
S4N0: 2023/09/21 13:10:33 pbftInside_module.go:100: S4N0 : sended 0 relay txs to 14
S4N0: 2023/09/21 13:10:33 pbftInside_module.go:100: S4N0 : sended 4 relay txs to 15
S4N0: 2023/09/21 13:10:33 pbftInside_module.go:121: ~~S4N0 : Relay1Txs 25, content:[[0xc002ab8180 0xc002ab8240 0xc002ab8300 0xc002ab83c0 0xc002ab8480 0xc002ab8540 0xc002ab8600 0xc002ab86c0 0xc002ab8840 0xc002ab8e40 0xc002ab8f00 0xc002ab8fc0 0xc002ab9080 0xc002ab9140 0xc002ab9200 0xc002ab9380 0xc002ab9440 0xc002aba0c0 0xc002aba180 0xc002aba3c0 0xc002aba480 0xc002aba540 0xc002aba6c0 0xc002aba840 0xc002aba900]]
S4N0: 2023/09/21 13:10:33 pbftInside_module.go:122: S4N0 : sended excuted txs
S4N0: 2023/09/21 13:10:33 messageHandle.go:192: S4N0: this round of pbft 5 is end 
S4N0: 2023/09/21 13:10:33 messageHandle.go:199: S4N0 get sequenceLock unlocked...
S4N0: 2023/09/21 13:10:33 messageHandle.go:151: S4N0 received the Commit from ...1
S4N0: 2023/09/21 13:10:33 pbftOutside_module.go:34: S4N0 : has received relay txs from shard 1, the senderSeq is 5
S4N0: 2023/09/21 13:10:33 pbftOutside_module.go:39: S4N0 : has handled relay txs msg
S4N0: 2023/09/21 13:10:33 pbftOutside_module.go:34: S4N0 : has received relay txs from shard 8, the senderSeq is 5
S4N0: 2023/09/21 13:10:33 pbftOutside_module.go:39: S4N0 : has handled relay txs msg
S4N0: 2023/09/21 13:10:33 pbftOutside_module.go:34: S4N0 : has received relay txs from shard 5, the senderSeq is 5
S4N0: 2023/09/21 13:10:33 pbftOutside_module.go:39: S4N0 : has handled relay txs msg
S4N0: 2023/09/21 13:10:33 pbftOutside_module.go:49: S4N0 : has handled injected txs msg, txs: 13 
S4N0: 2023/09/21 13:10:33 pbftOutside_module.go:34: S4N0 : has received relay txs from shard 2, the senderSeq is 5
S4N0: 2023/09/21 13:10:33 pbftOutside_module.go:39: S4N0 : has handled relay txs msg
S4N0: 2023/09/21 13:10:34 pbftOutside_module.go:34: S4N0 : has received relay txs from shard 6, the senderSeq is 5
S4N0: 2023/09/21 13:10:34 pbftOutside_module.go:39: S4N0 : has handled relay txs msg
S4N0: 2023/09/21 13:10:34 pbftOutside_module.go:34: S4N0 : has received relay txs from shard 9, the senderSeq is 5
S4N0: 2023/09/21 13:10:34 pbftOutside_module.go:39: S4N0 : has handled relay txs msg
S4N0: 2023/09/21 13:10:34 pbftOutside_module.go:34: S4N0 : has received relay txs from shard 0, the senderSeq is 5
S4N0: 2023/09/21 13:10:34 pbftOutside_module.go:39: S4N0 : has handled relay txs msg
S4N0: 2023/09/21 13:10:34 pbftOutside_module.go:34: S4N0 : has received relay txs from shard 10, the senderSeq is 5
S4N0: 2023/09/21 13:10:34 pbftOutside_module.go:39: S4N0 : has handled relay txs msg
S4N0: 2023/09/21 13:10:34 pbftOutside_module.go:34: S4N0 : has received relay txs from shard 12, the senderSeq is 5
S4N0: 2023/09/21 13:10:34 pbftOutside_module.go:39: S4N0 : has handled relay txs msg
S4N0: 2023/09/21 13:10:34 pbftOutside_module.go:34: S4N0 : has received relay txs from shard 11, the senderSeq is 5
S4N0: 2023/09/21 13:10:34 pbftOutside_module.go:39: S4N0 : has handled relay txs msg
S4N0: 2023/09/21 13:10:34 pbftOutside_module.go:34: S4N0 : has received relay txs from shard 7, the senderSeq is 5
S4N0: 2023/09/21 13:10:34 pbftOutside_module.go:39: S4N0 : has handled relay txs msg
S4N0: 2023/09/21 13:10:34 pbftOutside_module.go:34: S4N0 : has received relay txs from shard 13, the senderSeq is 5
S4N0: 2023/09/21 13:10:34 pbftOutside_module.go:39: S4N0 : has handled relay txs msg
S4N0: 2023/09/21 13:10:34 pbftOutside_module.go:49: S4N0 : has handled injected txs msg, txs: 16 
S4N0: 2023/09/21 13:10:34 pbftOutside_module.go:34: S4N0 : has received relay txs from shard 14, the senderSeq is 5
S4N0: 2023/09/21 13:10:34 pbftOutside_module.go:39: S4N0 : has handled relay txs msg
S4N0: 2023/09/21 13:10:35 pbftOutside_module.go:34: S4N0 : has received relay txs from shard 15, the senderSeq is 5
S4N0: 2023/09/21 13:10:35 pbftOutside_module.go:39: S4N0 : has handled relay txs msg
S4N0: 2023/09/21 13:10:35 pbftOutside_module.go:49: S4N0 : has handled injected txs msg, txs: 14 
S4N0: 2023/09/21 13:10:36 pbftOutside_module.go:34: S4N0 : has received relay txs from shard 3, the senderSeq is 6
S4N0: 2023/09/21 13:10:36 pbftOutside_module.go:39: S4N0 : has handled relay txs msg
S4N0: 2023/09/21 13:10:36 messageHandle.go:28: S4N0 get sequenceLock locked, now trying to propose...
S4N0: 2023/09/21 13:10:36 messageHandle.go:35: S4N0 put the request into the pool ...
S4N0: 2023/09/21 13:10:36 messageHandle.go:94: S4N0 : received the Prepare ...
S4N0: 2023/09/21 13:10:36 messageHandle.go:125: S4N0 : is going to commit
S4N0: 2023/09/21 13:10:36 messageHandle.go:139: S4N0 : commit is broadcast
S4N0: 2023/09/21 13:10:36 messageHandle.go:94: S4N0 : received the Prepare ...
S4N0: 2023/09/21 13:10:36 messageHandle.go:151: S4N0 received the Commit from ...1
S4N0: 2023/09/21 13:10:36 messageHandle.go:163: S4N0 : has received 2f + 1 commits ... 
S4N0: 2023/09/21 13:10:36 pbftInside_module.go:59: S4N0 : adding the block 6...now height = 5 
S4N0: 2023/09/21 13:10:36 pbftInside_module.go:61: S4N0 : added the block 6... 
S4N0: 2023/09/21 13:10:36 pbftInside_module.go:66: S4N0 : main node is trying to send relay txs at height = 6 
S4N0: 2023/09/21 13:10:36 pbftInside_module.go:75: S4N0 : receiver shard :7 local shard: 4 receiver addr :e925de87df5ae9d837ca82371d687bb217379933
S4N0: 2023/09/21 13:10:36 pbftInside_module.go:75: S4N0 : receiver shard :7 local shard: 4 receiver addr :0e19dca776af4076f167598e64d242521ba0b94b
S4N0: 2023/09/21 13:10:36 pbftInside_module.go:75: S4N0 : receiver shard :0 local shard: 4 receiver addr :1111111254eeb25477b68fb85ed929f73a960582
S4N0: 2023/09/21 13:10:36 pbftInside_module.go:75: S4N0 : receiver shard :10 local shard: 4 receiver addr :ef1c6e67703c7bd7107eed8303fbe6ec2554bf6b
S4N0: 2023/09/21 13:10:36 pbftInside_module.go:75: S4N0 : receiver shard :7 local shard: 4 receiver addr :4642b4fd24293edf27a6e7e7b9f1df1a66156a23
S4N0: 2023/09/21 13:10:36 pbftInside_module.go:75: S4N0 : receiver shard :0 local shard: 4 receiver addr :1111111254eeb25477b68fb85ed929f73a960582
S4N0: 2023/09/21 13:10:36 pbftInside_module.go:75: S4N0 : receiver shard :6 local shard: 4 receiver addr :dac17f958d2ee523a2206206994597c13d831ec7
S4N0: 2023/09/21 13:10:36 pbftInside_module.go:75: S4N0 : receiver shard :6 local shard: 4 receiver addr :dac17f958d2ee523a2206206994597c13d831ec7
S4N0: 2023/09/21 13:10:36 pbftInside_module.go:75: S4N0 : receiver shard :15 local shard: 4 receiver addr :8f8f078dc38b5a829eaccf67c174c2670d1026da
S4N0: 2023/09/21 13:10:36 pbftInside_module.go:75: S4N0 : receiver shard :15 local shard: 4 receiver addr :bbd37536c611c4defe662b89d48ec5b64c82032f
S4N0: 2023/09/21 13:10:36 pbftInside_module.go:75: S4N0 : receiver shard :7 local shard: 4 receiver addr :6dfc34609a05bc22319fa4cce1d1e2929548c0d7
S4N0: 2023/09/21 13:10:36 pbftInside_module.go:75: S4N0 : receiver shard :6 local shard: 4 receiver addr :dac17f958d2ee523a2206206994597c13d831ec7
S4N0: 2023/09/21 13:10:36 pbftInside_module.go:75: S4N0 : receiver shard :15 local shard: 4 receiver addr :eaf8f9f1e29e6f6415c98f8f3046b911ab8b0498
S4N0: 2023/09/21 13:10:36 pbftInside_module.go:75: S4N0 : receiver shard :7 local shard: 4 receiver addr :8e5a6e6fb4926284774a437241769f9b30c2f743
S4N0: 2023/09/21 13:10:36 pbftInside_module.go:75: S4N0 : receiver shard :2 local shard: 4 receiver addr :007933790a4f00000099e9001629d9fe7775b800
S4N0: 2023/09/21 13:10:36 pbftInside_module.go:75: S4N0 : receiver shard :2 local shard: 4 receiver addr :007933790a4f00000099e9001629d9fe7775b800
S4N0: 2023/09/21 13:10:36 pbftInside_module.go:75: S4N0 : receiver shard :15 local shard: 4 receiver addr :168fa01418d54af11a3fc9f00c071a4e2cedfab1
S4N0: 2023/09/21 13:10:36 pbftInside_module.go:75: S4N0 : receiver shard :2 local shard: 4 receiver addr :007933790a4f00000099e9001629d9fe7775b800
S4N0: 2023/09/21 13:10:36 pbftInside_module.go:75: S4N0 : receiver shard :2 local shard: 4 receiver addr :007933790a4f00000099e9001629d9fe7775b800
S4N0: 2023/09/21 13:10:36 pbftInside_module.go:75: S4N0 : receiver shard :6 local shard: 4 receiver addr :dac17f958d2ee523a2206206994597c13d831ec7
S4N0: 2023/09/21 13:10:36 pbftInside_module.go:75: S4N0 : receiver shard :7 local shard: 4 receiver addr :13dcea72893c3bb1dffac504894845845c96c6c5
S4N0: 2023/09/21 13:10:36 pbftInside_module.go:75: S4N0 : receiver shard :0 local shard: 4 receiver addr :0a9f824c05a74f577a536a8a0c673183a872dff4
S4N0: 2023/09/21 13:10:36 pbftInside_module.go:75: S4N0 : receiver shard :6 local shard: 4 receiver addr :dac17f958d2ee523a2206206994597c13d831ec7
S4N0: 2023/09/21 13:10:36 pbftInside_module.go:75: S4N0 : receiver shard :7 local shard: 4 receiver addr :dd9b7ef5e5da544de5d313c83c33c5ab4b563ee2
S4N0: 2023/09/21 13:10:36 pbftInside_module.go:75: S4N0 : receiver shard :0 local shard: 4 receiver addr :bd4fecd9337d22514fdd6d7fbeb9155cf8d790b1
S4N0: 2023/09/21 13:10:36 pbftInside_module.go:100: S4N0 : sended 4 relay txs to 0
S4N0: 2023/09/21 13:10:36 pbftInside_module.go:100: S4N0 : sended 0 relay txs to 1
S4N0: 2023/09/21 13:10:36 pbftInside_module.go:100: S4N0 : sended 4 relay txs to 2
S4N0: 2023/09/21 13:10:36 pbftInside_module.go:100: S4N0 : sended 0 relay txs to 3
S4N0: 2023/09/21 13:10:36 pbftInside_module.go:100: S4N0 : sended 0 relay txs to 5
S4N0: 2023/09/21 13:10:36 pbftInside_module.go:100: S4N0 : sended 5 relay txs to 6
S4N0: 2023/09/21 13:10:36 pbftInside_module.go:100: S4N0 : sended 7 relay txs to 7
S4N0: 2023/09/21 13:10:36 pbftInside_module.go:100: S4N0 : sended 0 relay txs to 8
S4N0: 2023/09/21 13:10:36 pbftInside_module.go:100: S4N0 : sended 0 relay txs to 9
S4N0: 2023/09/21 13:10:36 pbftInside_module.go:100: S4N0 : sended 1 relay txs to 10
S4N0: 2023/09/21 13:10:36 pbftInside_module.go:100: S4N0 : sended 0 relay txs to 11
S4N0: 2023/09/21 13:10:36 pbftInside_module.go:100: S4N0 : sended 0 relay txs to 12
S4N0: 2023/09/21 13:10:36 pbftInside_module.go:100: S4N0 : sended 0 relay txs to 13
S4N0: 2023/09/21 13:10:36 pbftInside_module.go:100: S4N0 : sended 0 relay txs to 14
S4N0: 2023/09/21 13:10:36 pbftInside_module.go:100: S4N0 : sended 4 relay txs to 15
S4N0: 2023/09/21 13:10:36 pbftInside_module.go:121: ~~S4N0 : Relay1Txs 25, content:[[0xc0028c9c80 0xc0028c9d40 0xc0028c9e00 0xc002924180 0xc002924240 0xc0029243c0 0xc002924540 0xc002924cc0 0xc002924f00 0xc002925080 0xc002925140 0xc002925200 0xc002925440 0xc002925500 0xc0029255c0 0xc002925680 0xc002925740 0xc0029263c0 0xc002926480 0xc002926600 0xc002926780 0xc002926900 0xc002926a80 0xc002926b40 0xc002926c00]]
S4N0: 2023/09/21 13:10:36 pbftInside_module.go:122: S4N0 : sended excuted txs
S4N0: 2023/09/21 13:10:36 messageHandle.go:192: S4N0: this round of pbft 6 is end 
S4N0: 2023/09/21 13:10:36 messageHandle.go:199: S4N0 get sequenceLock unlocked...
S4N0: 2023/09/21 13:10:36 messageHandle.go:151: S4N0 received the Commit from ...2
S4N0: 2023/09/21 13:10:36 pbftOutside_module.go:34: S4N0 : has received relay txs from shard 1, the senderSeq is 6
S4N0: 2023/09/21 13:10:36 pbftOutside_module.go:39: S4N0 : has handled relay txs msg
S4N0: 2023/09/21 13:10:36 pbftOutside_module.go:34: S4N0 : has received relay txs from shard 8, the senderSeq is 6
S4N0: 2023/09/21 13:10:36 pbftOutside_module.go:39: S4N0 : has handled relay txs msg
S4N0: 2023/09/21 13:10:36 pbftOutside_module.go:34: S4N0 : has received relay txs from shard 5, the senderSeq is 6
S4N0: 2023/09/21 13:10:36 pbftOutside_module.go:39: S4N0 : has handled relay txs msg
S4N0: 2023/09/21 13:10:36 pbftOutside_module.go:34: S4N0 : has received relay txs from shard 2, the senderSeq is 6
S4N0: 2023/09/21 13:10:36 pbftOutside_module.go:39: S4N0 : has handled relay txs msg
S4N0: 2023/09/21 13:10:36 pbftOutside_module.go:49: S4N0 : has handled injected txs msg, txs: 12 
S4N0: 2023/09/21 13:10:37 pbftOutside_module.go:34: S4N0 : has received relay txs from shard 6, the senderSeq is 6
S4N0: 2023/09/21 13:10:37 pbftOutside_module.go:39: S4N0 : has handled relay txs msg
S4N0: 2023/09/21 13:10:37 pbftOutside_module.go:34: S4N0 : has received relay txs from shard 9, the senderSeq is 6
S4N0: 2023/09/21 13:10:37 pbftOutside_module.go:39: S4N0 : has handled relay txs msg
S4N0: 2023/09/21 13:10:37 pbftOutside_module.go:34: S4N0 : has received relay txs from shard 0, the senderSeq is 6
S4N0: 2023/09/21 13:10:37 pbftOutside_module.go:39: S4N0 : has handled relay txs msg
S4N0: 2023/09/21 13:10:37 pbftOutside_module.go:34: S4N0 : has received relay txs from shard 10, the senderSeq is 6
S4N0: 2023/09/21 13:10:37 pbftOutside_module.go:39: S4N0 : has handled relay txs msg
S4N0: 2023/09/21 13:10:37 pbftOutside_module.go:34: S4N0 : has received relay txs from shard 12, the senderSeq is 6
S4N0: 2023/09/21 13:10:37 pbftOutside_module.go:39: S4N0 : has handled relay txs msg
S4N0: 2023/09/21 13:10:37 pbftOutside_module.go:34: S4N0 : has received relay txs from shard 11, the senderSeq is 6
S4N0: 2023/09/21 13:10:37 pbftOutside_module.go:39: S4N0 : has handled relay txs msg
S4N0: 2023/09/21 13:10:37 pbftOutside_module.go:34: S4N0 : has received relay txs from shard 7, the senderSeq is 6
S4N0: 2023/09/21 13:10:37 pbftOutside_module.go:39: S4N0 : has handled relay txs msg
S4N0: 2023/09/21 13:10:37 pbftOutside_module.go:34: S4N0 : has received relay txs from shard 13, the senderSeq is 6
S4N0: 2023/09/21 13:10:37 pbftOutside_module.go:39: S4N0 : has handled relay txs msg
S4N0: 2023/09/21 13:10:37 pbftOutside_module.go:34: S4N0 : has received relay txs from shard 14, the senderSeq is 6
S4N0: 2023/09/21 13:10:37 pbftOutside_module.go:39: S4N0 : has handled relay txs msg
S4N0: 2023/09/21 13:10:37 pbftOutside_module.go:49: S4N0 : has handled injected txs msg, txs: 14 
S4N0: 2023/09/21 13:10:38 pbftOutside_module.go:34: S4N0 : has received relay txs from shard 15, the senderSeq is 6
S4N0: 2023/09/21 13:10:38 pbftOutside_module.go:39: S4N0 : has handled relay txs msg
S4N0: 2023/09/21 13:10:38 pbftOutside_module.go:49: S4N0 : has handled injected txs msg, txs: 20 
S4N0: 2023/09/21 13:10:39 pbftOutside_module.go:34: S4N0 : has received relay txs from shard 3, the senderSeq is 7
S4N0: 2023/09/21 13:10:39 pbftOutside_module.go:39: S4N0 : has handled relay txs msg
S4N0: 2023/09/21 13:10:39 messageHandle.go:28: S4N0 get sequenceLock locked, now trying to propose...
S4N0: 2023/09/21 13:10:39 messageHandle.go:35: S4N0 put the request into the pool ...
S4N0: 2023/09/21 13:10:39 messageHandle.go:94: S4N0 : received the Prepare ...
S4N0: 2023/09/21 13:10:39 messageHandle.go:125: S4N0 : is going to commit
S4N0: 2023/09/21 13:10:39 messageHandle.go:139: S4N0 : commit is broadcast
S4N0: 2023/09/21 13:10:39 messageHandle.go:94: S4N0 : received the Prepare ...
S4N0: 2023/09/21 13:10:39 messageHandle.go:151: S4N0 received the Commit from ...1
S4N0: 2023/09/21 13:10:39 messageHandle.go:163: S4N0 : has received 2f + 1 commits ... 
S4N0: 2023/09/21 13:10:39 pbftInside_module.go:59: S4N0 : adding the block 7...now height = 6 
S4N0: 2023/09/21 13:10:39 pbftInside_module.go:61: S4N0 : added the block 7... 
S4N0: 2023/09/21 13:10:39 pbftInside_module.go:66: S4N0 : main node is trying to send relay txs at height = 7 
S4N0: 2023/09/21 13:10:39 pbftInside_module.go:75: S4N0 : receiver shard :0 local shard: 4 receiver addr :bd4fecd9337d22514fdd6d7fbeb9155cf8d790b1
S4N0: 2023/09/21 13:10:39 pbftInside_module.go:75: S4N0 : receiver shard :15 local shard: 4 receiver addr :17b1e028a1837ff15ba9e7140add0d13790092a3
S4N0: 2023/09/21 13:10:39 pbftInside_module.go:75: S4N0 : receiver shard :15 local shard: 4 receiver addr :150f94b44927f078737562f0fcf3c95c01cc2376
S4N0: 2023/09/21 13:10:39 pbftInside_module.go:75: S4N0 : receiver shard :6 local shard: 4 receiver addr :dac17f958d2ee523a2206206994597c13d831ec7
S4N0: 2023/09/21 13:10:39 pbftInside_module.go:75: S4N0 : receiver shard :15 local shard: 4 receiver addr :17b1e028a1837ff15ba9e7140add0d13790092a3
S4N0: 2023/09/21 13:10:39 pbftInside_module.go:75: S4N0 : receiver shard :0 local shard: 4 receiver addr :bd4fecd9337d22514fdd6d7fbeb9155cf8d790b1
S4N0: 2023/09/21 13:10:39 pbftInside_module.go:75: S4N0 : receiver shard :8 local shard: 4 receiver addr :13658527a285edb86b736b3bb6e68e44c5c1802f
S4N0: 2023/09/21 13:10:39 pbftInside_module.go:75: S4N0 : receiver shard :6 local shard: 4 receiver addr :dac17f958d2ee523a2206206994597c13d831ec7
S4N0: 2023/09/21 13:10:39 pbftInside_module.go:75: S4N0 : receiver shard :0 local shard: 4 receiver addr :bd4fecd9337d22514fdd6d7fbeb9155cf8d790b1
S4N0: 2023/09/21 13:10:39 pbftInside_module.go:75: S4N0 : receiver shard :15 local shard: 4 receiver addr :7a250d5630b4cf539739df2c5dacb4c659f2488d
S4N0: 2023/09/21 13:10:39 pbftInside_module.go:75: S4N0 : receiver shard :0 local shard: 4 receiver addr :bd4fecd9337d22514fdd6d7fbeb9155cf8d790b1
S4N0: 2023/09/21 13:10:39 pbftInside_module.go:75: S4N0 : receiver shard :10 local shard: 4 receiver addr :ef1c6e67703c7bd7107eed8303fbe6ec2554bf6b
S4N0: 2023/09/21 13:10:39 pbftInside_module.go:75: S4N0 : receiver shard :11 local shard: 4 receiver addr :e0d2eeef4ea3bfa8ce4d1d82299cc3f97b4c89d2
S4N0: 2023/09/21 13:10:39 pbftInside_module.go:75: S4N0 : receiver shard :0 local shard: 4 receiver addr :bd4fecd9337d22514fdd6d7fbeb9155cf8d790b1
S4N0: 2023/09/21 13:10:39 pbftInside_module.go:75: S4N0 : receiver shard :11 local shard: 4 receiver addr :9e15982f2ff7ec88d4147cde353352a354437757
S4N0: 2023/09/21 13:10:39 pbftInside_module.go:75: S4N0 : receiver shard :6 local shard: 4 receiver addr :dac17f958d2ee523a2206206994597c13d831ec7
S4N0: 2023/09/21 13:10:39 pbftInside_module.go:75: S4N0 : receiver shard :11 local shard: 4 receiver addr :8d6c97b87552a678049b8ac7ce769365b0d04eb5
S4N0: 2023/09/21 13:10:39 pbftInside_module.go:75: S4N0 : receiver shard :15 local shard: 4 receiver addr :cedefe438860d2789da6419b3a19cece2a41038d
S4N0: 2023/09/21 13:10:39 pbftInside_module.go:75: S4N0 : receiver shard :0 local shard: 4 receiver addr :bd4fecd9337d22514fdd6d7fbeb9155cf8d790b1
S4N0: 2023/09/21 13:10:39 pbftInside_module.go:75: S4N0 : receiver shard :0 local shard: 4 receiver addr :bd4fecd9337d22514fdd6d7fbeb9155cf8d790b1
S4N0: 2023/09/21 13:10:39 pbftInside_module.go:75: S4N0 : receiver shard :11 local shard: 4 receiver addr :90390c9ba378f245b726ccc5476e6c2cd464ed00
S4N0: 2023/09/21 13:10:39 pbftInside_module.go:75: S4N0 : receiver shard :2 local shard: 4 receiver addr :007933790a4f00000099e9001629d9fe7775b800
S4N0: 2023/09/21 13:10:39 pbftInside_module.go:75: S4N0 : receiver shard :2 local shard: 4 receiver addr :007933790a4f00000099e9001629d9fe7775b800
S4N0: 2023/09/21 13:10:39 pbftInside_module.go:75: S4N0 : receiver shard :11 local shard: 4 receiver addr :358496d50c2fce7748c2f615eb0a885bd4b51d8f
S4N0: 2023/09/21 13:10:39 pbftInside_module.go:75: S4N0 : receiver shard :11 local shard: 4 receiver addr :3f4ddaeec0176452bdf83bb204edfe356cb03595
S4N0: 2023/09/21 13:10:39 pbftInside_module.go:75: S4N0 : receiver shard :3 local shard: 4 receiver addr :d9d74a29307cc6fc8bf424ee4217f1a587fbc8dc
S4N0: 2023/09/21 13:10:39 pbftInside_module.go:75: S4N0 : receiver shard :0 local shard: 4 receiver addr :bd4fecd9337d22514fdd6d7fbeb9155cf8d790b1
S4N0: 2023/09/21 13:10:39 pbftInside_module.go:75: S4N0 : receiver shard :15 local shard: 4 receiver addr :b8c432abef6a9ccef9ec898a667ef85628cce980
S4N0: 2023/09/21 13:10:39 pbftInside_module.go:75: S4N0 : receiver shard :11 local shard: 4 receiver addr :e0d2eeef4ea3bfa8ce4d1d82299cc3f97b4c89d2
S4N0: 2023/09/21 13:10:39 pbftInside_module.go:75: S4N0 : receiver shard :3 local shard: 4 receiver addr :3b3ae790df4f312e745d270119c6052904fb6790
S4N0: 2023/09/21 13:10:39 pbftInside_module.go:75: S4N0 : receiver shard :15 local shard: 4 receiver addr :17b1e028a1837ff15ba9e7140add0d13790092a3
S4N0: 2023/09/21 13:10:39 pbftInside_module.go:75: S4N0 : receiver shard :6 local shard: 4 receiver addr :dac17f958d2ee523a2206206994597c13d831ec7
S4N0: 2023/09/21 13:10:39 pbftInside_module.go:75: S4N0 : receiver shard :15 local shard: 4 receiver addr :7a250d5630b4cf539739df2c5dacb4c659f2488d
S4N0: 2023/09/21 13:10:39 pbftInside_module.go:75: S4N0 : receiver shard :0 local shard: 4 receiver addr :bd4fecd9337d22514fdd6d7fbeb9155cf8d790b1
S4N0: 2023/09/21 13:10:39 pbftInside_module.go:75: S4N0 : receiver shard :11 local shard: 4 receiver addr :e0d2eeef4ea3bfa8ce4d1d82299cc3f97b4c89d2
S4N0: 2023/09/21 13:10:39 pbftInside_module.go:75: S4N0 : receiver shard :0 local shard: 4 receiver addr :609e1de29d5e543a6eba15b73d9ed335e90004b3
S4N0: 2023/09/21 13:10:39 pbftInside_module.go:75: S4N0 : receiver shard :0 local shard: 4 receiver addr :bd4fecd9337d22514fdd6d7fbeb9155cf8d790b1
S4N0: 2023/09/21 13:10:39 pbftInside_module.go:100: S4N0 : sended 11 relay txs to 0
S4N0: 2023/09/21 13:10:39 pbftInside_module.go:100: S4N0 : sended 0 relay txs to 1
S4N0: 2023/09/21 13:10:39 pbftInside_module.go:100: S4N0 : sended 2 relay txs to 2
S4N0: 2023/09/21 13:10:39 pbftInside_module.go:100: S4N0 : sended 2 relay txs to 3
S4N0: 2023/09/21 13:10:39 pbftInside_module.go:100: S4N0 : sended 0 relay txs to 5
S4N0: 2023/09/21 13:10:39 pbftInside_module.go:100: S4N0 : sended 4 relay txs to 6
S4N0: 2023/09/21 13:10:39 pbftInside_module.go:100: S4N0 : sended 0 relay txs to 7
S4N0: 2023/09/21 13:10:39 pbftInside_module.go:100: S4N0 : sended 1 relay txs to 8
S4N0: 2023/09/21 13:10:39 pbftInside_module.go:100: S4N0 : sended 0 relay txs to 9
S4N0: 2023/09/21 13:10:39 pbftInside_module.go:100: S4N0 : sended 1 relay txs to 10
S4N0: 2023/09/21 13:10:39 pbftInside_module.go:100: S4N0 : sended 8 relay txs to 11
S4N0: 2023/09/21 13:10:39 pbftInside_module.go:100: S4N0 : sended 0 relay txs to 12
S4N0: 2023/09/21 13:10:39 pbftInside_module.go:100: S4N0 : sended 0 relay txs to 13
S4N0: 2023/09/21 13:10:39 pbftInside_module.go:100: S4N0 : sended 0 relay txs to 14
S4N0: 2023/09/21 13:10:39 pbftInside_module.go:100: S4N0 : sended 8 relay txs to 15
S4N0: 2023/09/21 13:10:39 pbftInside_module.go:121: ~~S4N0 : Relay1Txs 37, content:[[0xc002164e40 0xc002164fc0 0xc002165080 0xc002165140 0xc002165200 0xc0021652c0 0xc002165440 0xc0021655c0 0xc002165680 0xc002165c80 0xc002165d40 0xc00236e000 0xc00236e0c0 0xc00236e180 0xc00236e240 0xc00236e300 0xc00236e3c0 0xc00236e480 0xc00236e540 0xc00236efc0 0xc00236f080 0xc00236f140 0xc00236f200 0xc00236f2c0 0xc00236f380 0xc00236f440 0xc00236f500 0xc00236f5c0 0xc00236f680 0xc00236f740 0xc00236f800 0xc00236f980 0xc00236fb00 0xc00236fbc0 0xc00236fc80 0xc00236fd40 0xc00236fe00]]
S4N0: 2023/09/21 13:10:39 pbftInside_module.go:122: S4N0 : sended excuted txs
S4N0: 2023/09/21 13:10:39 messageHandle.go:192: S4N0: this round of pbft 7 is end 
S4N0: 2023/09/21 13:10:39 messageHandle.go:199: S4N0 get sequenceLock unlocked...
S4N0: 2023/09/21 13:10:39 messageHandle.go:151: S4N0 received the Commit from ...2
S4N0: 2023/09/21 13:10:39 pbftOutside_module.go:34: S4N0 : has received relay txs from shard 1, the senderSeq is 7
S4N0: 2023/09/21 13:10:39 pbftOutside_module.go:39: S4N0 : has handled relay txs msg
S4N0: 2023/09/21 13:10:39 pbftOutside_module.go:34: S4N0 : has received relay txs from shard 8, the senderSeq is 7
S4N0: 2023/09/21 13:10:39 pbftOutside_module.go:39: S4N0 : has handled relay txs msg
S4N0: 2023/09/21 13:10:39 pbftOutside_module.go:34: S4N0 : has received relay txs from shard 5, the senderSeq is 7
S4N0: 2023/09/21 13:10:39 pbftOutside_module.go:39: S4N0 : has handled relay txs msg
S4N0: 2023/09/21 13:10:39 pbftOutside_module.go:34: S4N0 : has received relay txs from shard 2, the senderSeq is 7
S4N0: 2023/09/21 13:10:39 pbftOutside_module.go:39: S4N0 : has handled relay txs msg
S4N0: 2023/09/21 13:10:39 pbftOutside_module.go:49: S4N0 : has handled injected txs msg, txs: 12 
S4N0: 2023/09/21 13:10:40 pbftOutside_module.go:34: S4N0 : has received relay txs from shard 6, the senderSeq is 7
S4N0: 2023/09/21 13:10:40 pbftOutside_module.go:39: S4N0 : has handled relay txs msg
S4N0: 2023/09/21 13:10:40 pbftOutside_module.go:34: S4N0 : has received relay txs from shard 9, the senderSeq is 7
S4N0: 2023/09/21 13:10:40 pbftOutside_module.go:39: S4N0 : has handled relay txs msg
S4N0: 2023/09/21 13:10:40 pbftOutside_module.go:34: S4N0 : has received relay txs from shard 0, the senderSeq is 7
S4N0: 2023/09/21 13:10:40 pbftOutside_module.go:39: S4N0 : has handled relay txs msg
S4N0: 2023/09/21 13:10:40 pbftOutside_module.go:34: S4N0 : has received relay txs from shard 10, the senderSeq is 7
S4N0: 2023/09/21 13:10:40 pbftOutside_module.go:39: S4N0 : has handled relay txs msg
S4N0: 2023/09/21 13:10:40 pbftOutside_module.go:34: S4N0 : has received relay txs from shard 12, the senderSeq is 7
S4N0: 2023/09/21 13:10:40 pbftOutside_module.go:39: S4N0 : has handled relay txs msg
S4N0: 2023/09/21 13:10:40 pbftOutside_module.go:34: S4N0 : has received relay txs from shard 7, the senderSeq is 7
S4N0: 2023/09/21 13:10:40 pbftOutside_module.go:39: S4N0 : has handled relay txs msg
S4N0: 2023/09/21 13:10:40 pbftOutside_module.go:34: S4N0 : has received relay txs from shard 11, the senderSeq is 7
S4N0: 2023/09/21 13:10:40 pbftOutside_module.go:39: S4N0 : has handled relay txs msg
S4N0: 2023/09/21 13:10:40 pbftOutside_module.go:34: S4N0 : has received relay txs from shard 13, the senderSeq is 7
S4N0: 2023/09/21 13:10:40 pbftOutside_module.go:39: S4N0 : has handled relay txs msg
S4N0: 2023/09/21 13:10:40 pbftOutside_module.go:34: S4N0 : has received relay txs from shard 14, the senderSeq is 7
S4N0: 2023/09/21 13:10:40 pbftOutside_module.go:39: S4N0 : has handled relay txs msg
S4N0: 2023/09/21 13:10:41 pbftOutside_module.go:49: S4N0 : has handled injected txs msg, txs: 16 
S4N0: 2023/09/21 13:10:41 pbftOutside_module.go:34: S4N0 : has received relay txs from shard 15, the senderSeq is 7
S4N0: 2023/09/21 13:10:41 pbftOutside_module.go:39: S4N0 : has handled relay txs msg
S4N0: 2023/09/21 13:10:42 pbftOutside_module.go:34: S4N0 : has received relay txs from shard 3, the senderSeq is 8
S4N0: 2023/09/21 13:10:42 pbftOutside_module.go:39: S4N0 : has handled relay txs msg
S4N0: 2023/09/21 13:10:42 messageHandle.go:28: S4N0 get sequenceLock locked, now trying to propose...
S4N0: 2023/09/21 13:10:42 messageHandle.go:35: S4N0 put the request into the pool ...
S4N0: 2023/09/21 13:10:42 messageHandle.go:94: S4N0 : received the Prepare ...
S4N0: 2023/09/21 13:10:42 messageHandle.go:125: S4N0 : is going to commit
S4N0: 2023/09/21 13:10:42 messageHandle.go:139: S4N0 : commit is broadcast
S4N0: 2023/09/21 13:10:42 messageHandle.go:94: S4N0 : received the Prepare ...
S4N0: 2023/09/21 13:10:42 messageHandle.go:151: S4N0 received the Commit from ...1
S4N0: 2023/09/21 13:10:42 messageHandle.go:163: S4N0 : has received 2f + 1 commits ... 
S4N0: 2023/09/21 13:10:42 pbftInside_module.go:59: S4N0 : adding the block 8...now height = 7 
S4N0: 2023/09/21 13:10:42 pbftInside_module.go:61: S4N0 : added the block 8... 
S4N0: 2023/09/21 13:10:42 pbftInside_module.go:66: S4N0 : main node is trying to send relay txs at height = 8 
S4N0: 2023/09/21 13:10:42 pbftInside_module.go:75: S4N0 : receiver shard :0 local shard: 4 receiver addr :bd4fecd9337d22514fdd6d7fbeb9155cf8d790b1
S4N0: 2023/09/21 13:10:42 pbftInside_module.go:75: S4N0 : receiver shard :0 local shard: 4 receiver addr :bd4fecd9337d22514fdd6d7fbeb9155cf8d790b1
S4N0: 2023/09/21 13:10:42 pbftInside_module.go:75: S4N0 : receiver shard :6 local shard: 4 receiver addr :dac17f958d2ee523a2206206994597c13d831ec7
S4N0: 2023/09/21 13:10:42 pbftInside_module.go:75: S4N0 : receiver shard :15 local shard: 4 receiver addr :e66b31678d6c16e9ebf358268a790b763c133750
S4N0: 2023/09/21 13:10:42 pbftInside_module.go:75: S4N0 : receiver shard :13 local shard: 4 receiver addr :7d7cd39a5241e16f868883088ea7be00dbaef91a
S4N0: 2023/09/21 13:10:42 pbftInside_module.go:75: S4N0 : receiver shard :0 local shard: 4 receiver addr :bd4fecd9337d22514fdd6d7fbeb9155cf8d790b1
S4N0: 2023/09/21 13:10:42 pbftInside_module.go:75: S4N0 : receiver shard :0 local shard: 4 receiver addr :bd4fecd9337d22514fdd6d7fbeb9155cf8d790b1
S4N0: 2023/09/21 13:10:42 pbftInside_module.go:75: S4N0 : receiver shard :11 local shard: 4 receiver addr :b51683ceab9a7e42e554c64955661924916ce242
S4N0: 2023/09/21 13:10:42 pbftInside_module.go:75: S4N0 : receiver shard :15 local shard: 4 receiver addr :514910771af9ca656af840dff83e8264ecf986ca
S4N0: 2023/09/21 13:10:42 pbftInside_module.go:75: S4N0 : receiver shard :15 local shard: 4 receiver addr :c94ebb328ac25b95db0e0aa968371885fa516215
S4N0: 2023/09/21 13:10:42 pbftInside_module.go:75: S4N0 : receiver shard :6 local shard: 4 receiver addr :dac17f958d2ee523a2206206994597c13d831ec7
S4N0: 2023/09/21 13:10:42 pbftInside_module.go:75: S4N0 : receiver shard :10 local shard: 4 receiver addr :ef1c6e67703c7bd7107eed8303fbe6ec2554bf6b
S4N0: 2023/09/21 13:10:42 pbftInside_module.go:75: S4N0 : receiver shard :11 local shard: 4 receiver addr :1cc60bf0e39e4d65387988065825fc1218bbf5f3
S4N0: 2023/09/21 13:10:42 pbftInside_module.go:75: S4N0 : receiver shard :6 local shard: 4 receiver addr :dac17f958d2ee523a2206206994597c13d831ec7
S4N0: 2023/09/21 13:10:42 pbftInside_module.go:75: S4N0 : receiver shard :11 local shard: 4 receiver addr :3d17846162feafbab8804e4cde0447c0145e6dfd
S4N0: 2023/09/21 13:10:42 pbftInside_module.go:75: S4N0 : receiver shard :10 local shard: 4 receiver addr :ef1c6e67703c7bd7107eed8303fbe6ec2554bf6b
S4N0: 2023/09/21 13:10:42 pbftInside_module.go:75: S4N0 : receiver shard :0 local shard: 4 receiver addr :bd4fecd9337d22514fdd6d7fbeb9155cf8d790b1
S4N0: 2023/09/21 13:10:42 pbftInside_module.go:75: S4N0 : receiver shard :15 local shard: 4 receiver addr :17b1e028a1837ff15ba9e7140add0d13790092a3
S4N0: 2023/09/21 13:10:42 pbftInside_module.go:75: S4N0 : receiver shard :6 local shard: 4 receiver addr :dac17f958d2ee523a2206206994597c13d831ec7
S4N0: 2023/09/21 13:10:42 pbftInside_module.go:75: S4N0 : receiver shard :11 local shard: 4 receiver addr :73cfbc7d3b17c366d14043cf34d08d77fcaaf05a
S4N0: 2023/09/21 13:10:42 pbftInside_module.go:75: S4N0 : receiver shard :6 local shard: 4 receiver addr :dac17f958d2ee523a2206206994597c13d831ec7
S4N0: 2023/09/21 13:10:42 pbftInside_module.go:100: S4N0 : sended 5 relay txs to 0
S4N0: 2023/09/21 13:10:42 pbftInside_module.go:100: S4N0 : sended 0 relay txs to 1
S4N0: 2023/09/21 13:10:42 pbftInside_module.go:100: S4N0 : sended 0 relay txs to 2
S4N0: 2023/09/21 13:10:42 pbftInside_module.go:100: S4N0 : sended 0 relay txs to 3
S4N0: 2023/09/21 13:10:42 pbftInside_module.go:100: S4N0 : sended 0 relay txs to 5
S4N0: 2023/09/21 13:10:42 pbftInside_module.go:100: S4N0 : sended 5 relay txs to 6
S4N0: 2023/09/21 13:10:42 pbftInside_module.go:100: S4N0 : sended 0 relay txs to 7
S4N0: 2023/09/21 13:10:42 pbftInside_module.go:100: S4N0 : sended 0 relay txs to 8
S4N0: 2023/09/21 13:10:42 pbftInside_module.go:100: S4N0 : sended 0 relay txs to 9
S4N0: 2023/09/21 13:10:42 pbftInside_module.go:100: S4N0 : sended 2 relay txs to 10
S4N0: 2023/09/21 13:10:42 pbftInside_module.go:100: S4N0 : sended 4 relay txs to 11
S4N0: 2023/09/21 13:10:42 pbftInside_module.go:100: S4N0 : sended 0 relay txs to 12
S4N0: 2023/09/21 13:10:42 pbftInside_module.go:100: S4N0 : sended 1 relay txs to 13
S4N0: 2023/09/21 13:10:42 pbftInside_module.go:100: S4N0 : sended 0 relay txs to 14
S4N0: 2023/09/21 13:10:42 pbftInside_module.go:100: S4N0 : sended 4 relay txs to 15
S4N0: 2023/09/21 13:10:42 pbftInside_module.go:121: ~~S4N0 : Relay1Txs 21, content:[[0xc002ed03c0 0xc002ed0540 0xc002ed0600 0xc002ed06c0 0xc002ed0840 0xc002ed0900 0xc002ed09c0 0xc002ed0a80 0xc002ed0b40 0xc002ed0c00 0xc002ed1200 0xc002ed12c0 0xc002ed1380 0xc002ed1440 0xc002ed15c0 0xc002ed1680 0xc002ed1740 0xc002ed18c0 0xc002ed1b00 0xc002ed1bc0 0xc002ed1d40]]
S4N0: 2023/09/21 13:10:42 pbftInside_module.go:122: S4N0 : sended excuted txs
S4N0: 2023/09/21 13:10:42 messageHandle.go:192: S4N0: this round of pbft 8 is end 
S4N0: 2023/09/21 13:10:42 messageHandle.go:199: S4N0 get sequenceLock unlocked...
S4N0: 2023/09/21 13:10:42 messageHandle.go:151: S4N0 received the Commit from ...2
S4N0: 2023/09/21 13:10:42 pbftOutside_module.go:34: S4N0 : has received relay txs from shard 1, the senderSeq is 8
S4N0: 2023/09/21 13:10:42 pbftOutside_module.go:39: S4N0 : has handled relay txs msg
S4N0: 2023/09/21 13:10:42 pbftOutside_module.go:34: S4N0 : has received relay txs from shard 8, the senderSeq is 8
S4N0: 2023/09/21 13:10:42 pbftOutside_module.go:39: S4N0 : has handled relay txs msg
S4N0: 2023/09/21 13:10:42 pbftOutside_module.go:34: S4N0 : has received relay txs from shard 5, the senderSeq is 8
S4N0: 2023/09/21 13:10:42 pbftOutside_module.go:39: S4N0 : has handled relay txs msg
S4N0: 2023/09/21 13:10:42 pbftOutside_module.go:34: S4N0 : has received relay txs from shard 2, the senderSeq is 8
S4N0: 2023/09/21 13:10:42 pbftOutside_module.go:39: S4N0 : has handled relay txs msg
S4N0: 2023/09/21 13:10:43 pbftOutside_module.go:34: S4N0 : has received relay txs from shard 6, the senderSeq is 8
S4N0: 2023/09/21 13:10:43 pbftOutside_module.go:39: S4N0 : has handled relay txs msg
S4N0: 2023/09/21 13:10:43 pbftOutside_module.go:34: S4N0 : has received relay txs from shard 9, the senderSeq is 8
S4N0: 2023/09/21 13:10:43 pbftOutside_module.go:39: S4N0 : has handled relay txs msg
S4N0: 2023/09/21 13:10:43 pbftOutside_module.go:34: S4N0 : has received relay txs from shard 0, the senderSeq is 8
S4N0: 2023/09/21 13:10:43 pbftOutside_module.go:39: S4N0 : has handled relay txs msg
S4N0: 2023/09/21 13:10:43 pbftOutside_module.go:34: S4N0 : has received relay txs from shard 10, the senderSeq is 8
S4N0: 2023/09/21 13:10:43 pbftOutside_module.go:39: S4N0 : has handled relay txs msg
S4N0: 2023/09/21 13:10:43 pbftOutside_module.go:34: S4N0 : has received relay txs from shard 12, the senderSeq is 8
S4N0: 2023/09/21 13:10:43 pbftOutside_module.go:39: S4N0 : has handled relay txs msg
S4N0: 2023/09/21 13:10:43 pbftOutside_module.go:34: S4N0 : has received relay txs from shard 11, the senderSeq is 8
S4N0: 2023/09/21 13:10:43 pbftOutside_module.go:39: S4N0 : has handled relay txs msg
S4N0: 2023/09/21 13:10:43 pbftOutside_module.go:34: S4N0 : has received relay txs from shard 7, the senderSeq is 8
S4N0: 2023/09/21 13:10:43 pbftOutside_module.go:39: S4N0 : has handled relay txs msg
S4N0: 2023/09/21 13:10:43 pbftOutside_module.go:34: S4N0 : has received relay txs from shard 13, the senderSeq is 8
S4N0: 2023/09/21 13:10:43 pbftOutside_module.go:39: S4N0 : has handled relay txs msg
S4N0: 2023/09/21 13:10:43 pbftOutside_module.go:34: S4N0 : has received relay txs from shard 14, the senderSeq is 8
S4N0: 2023/09/21 13:10:43 pbftOutside_module.go:39: S4N0 : has handled relay txs msg
S4N0: 2023/09/21 13:10:44 pbftOutside_module.go:34: S4N0 : has received relay txs from shard 15, the senderSeq is 8
S4N0: 2023/09/21 13:10:44 pbftOutside_module.go:39: S4N0 : has handled relay txs msg
S4N0: 2023/09/21 13:10:45 pbftOutside_module.go:34: S4N0 : has received relay txs from shard 3, the senderSeq is 9
S4N0: 2023/09/21 13:10:45 pbftOutside_module.go:39: S4N0 : has handled relay txs msg
S4N0: 2023/09/21 13:10:45 messageHandle.go:28: S4N0 get sequenceLock locked, now trying to propose...
S4N0: 2023/09/21 13:10:45 messageHandle.go:35: S4N0 put the request into the pool ...
S4N0: 2023/09/21 13:10:45 messageHandle.go:94: S4N0 : received the Prepare ...
S4N0: 2023/09/21 13:10:45 messageHandle.go:125: S4N0 : is going to commit
S4N0: 2023/09/21 13:10:45 messageHandle.go:139: S4N0 : commit is broadcast
S4N0: 2023/09/21 13:10:45 messageHandle.go:151: S4N0 received the Commit from ...2
S4N0: 2023/09/21 13:10:45 messageHandle.go:163: S4N0 : has received 2f + 1 commits ... 
S4N0: 2023/09/21 13:10:45 pbftInside_module.go:59: S4N0 : adding the block 9...now height = 8 
S4N0: 2023/09/21 13:10:45 pbftInside_module.go:61: S4N0 : added the block 9... 
S4N0: 2023/09/21 13:10:45 pbftInside_module.go:66: S4N0 : main node is trying to send relay txs at height = 9 
S4N0: 2023/09/21 13:10:45 pbftInside_module.go:100: S4N0 : sended 0 relay txs to 0
S4N0: 2023/09/21 13:10:45 pbftInside_module.go:100: S4N0 : sended 0 relay txs to 1
S4N0: 2023/09/21 13:10:45 pbftInside_module.go:100: S4N0 : sended 0 relay txs to 2
S4N0: 2023/09/21 13:10:45 pbftInside_module.go:100: S4N0 : sended 0 relay txs to 3
S4N0: 2023/09/21 13:10:45 pbftInside_module.go:100: S4N0 : sended 0 relay txs to 5
S4N0: 2023/09/21 13:10:45 pbftInside_module.go:100: S4N0 : sended 0 relay txs to 6
S4N0: 2023/09/21 13:10:45 pbftInside_module.go:100: S4N0 : sended 0 relay txs to 7
S4N0: 2023/09/21 13:10:45 pbftInside_module.go:100: S4N0 : sended 0 relay txs to 8
S4N0: 2023/09/21 13:10:45 pbftInside_module.go:100: S4N0 : sended 0 relay txs to 9
S4N0: 2023/09/21 13:10:45 pbftInside_module.go:100: S4N0 : sended 0 relay txs to 10
S4N0: 2023/09/21 13:10:45 pbftInside_module.go:100: S4N0 : sended 0 relay txs to 11
S4N0: 2023/09/21 13:10:45 pbftInside_module.go:100: S4N0 : sended 0 relay txs to 12
S4N0: 2023/09/21 13:10:45 pbftInside_module.go:100: S4N0 : sended 0 relay txs to 13
S4N0: 2023/09/21 13:10:45 pbftInside_module.go:100: S4N0 : sended 0 relay txs to 14
S4N0: 2023/09/21 13:10:45 pbftInside_module.go:100: S4N0 : sended 0 relay txs to 15
S4N0: 2023/09/21 13:10:45 pbftInside_module.go:121: ~~S4N0 : Relay1Txs 0, content:[[]]
S4N0: 2023/09/21 13:10:45 pbftInside_module.go:122: S4N0 : sended excuted txs
S4N0: 2023/09/21 13:10:45 messageHandle.go:192: S4N0: this round of pbft 9 is end 
S4N0: 2023/09/21 13:10:45 messageHandle.go:199: S4N0 get sequenceLock unlocked...
S4N0: 2023/09/21 13:10:45 messageHandle.go:94: S4N0 : received the Prepare ...
S4N0: 2023/09/21 13:10:45 messageHandle.go:151: S4N0 received the Commit from ...1
S4N0: 2023/09/21 13:10:45 pbftOutside_module.go:34: S4N0 : has received relay txs from shard 1, the senderSeq is 9
S4N0: 2023/09/21 13:10:45 pbftOutside_module.go:39: S4N0 : has handled relay txs msg
S4N0: 2023/09/21 13:10:45 pbftOutside_module.go:34: S4N0 : has received relay txs from shard 8, the senderSeq is 9
S4N0: 2023/09/21 13:10:45 pbftOutside_module.go:39: S4N0 : has handled relay txs msg
S4N0: 2023/09/21 13:10:45 pbftOutside_module.go:34: S4N0 : has received relay txs from shard 5, the senderSeq is 9
S4N0: 2023/09/21 13:10:45 pbftOutside_module.go:39: S4N0 : has handled relay txs msg
S4N0: 2023/09/21 13:10:45 pbftOutside_module.go:34: S4N0 : has received relay txs from shard 2, the senderSeq is 9
S4N0: 2023/09/21 13:10:45 pbftOutside_module.go:39: S4N0 : has handled relay txs msg
S4N0: 2023/09/21 13:10:46 pbftOutside_module.go:34: S4N0 : has received relay txs from shard 6, the senderSeq is 9
S4N0: 2023/09/21 13:10:46 pbftOutside_module.go:39: S4N0 : has handled relay txs msg
S4N0: 2023/09/21 13:10:46 pbftOutside_module.go:34: S4N0 : has received relay txs from shard 9, the senderSeq is 9
S4N0: 2023/09/21 13:10:46 pbftOutside_module.go:39: S4N0 : has handled relay txs msg
S4N0: 2023/09/21 13:10:46 pbftOutside_module.go:34: S4N0 : has received relay txs from shard 0, the senderSeq is 9
S4N0: 2023/09/21 13:10:46 pbftOutside_module.go:39: S4N0 : has handled relay txs msg
S4N0: 2023/09/21 13:10:46 pbftOutside_module.go:34: S4N0 : has received relay txs from shard 10, the senderSeq is 9
S4N0: 2023/09/21 13:10:46 pbftOutside_module.go:39: S4N0 : has handled relay txs msg
S4N0: 2023/09/21 13:10:46 pbftOutside_module.go:34: S4N0 : has received relay txs from shard 12, the senderSeq is 9
S4N0: 2023/09/21 13:10:46 pbftOutside_module.go:39: S4N0 : has handled relay txs msg
