S5N0: 2023/09/21 13:10:21 pbftOutside_module.go:34: S5N0 : has received relay txs from shard 3, the senderSeq is 1
S5N0: 2023/09/21 13:10:21 pbftOutside_module.go:39: S5N0 : has handled relay txs msg
S5N0: 2023/09/21 13:10:21 pbftOutside_module.go:34: S5N0 : has received relay txs from shard 4, the senderSeq is 1
S5N0: 2023/09/21 13:10:21 pbftOutside_module.go:39: S5N0 : has handled relay txs msg
S5N0: 2023/09/21 13:10:21 pbftOutside_module.go:34: S5N0 : has received relay txs from shard 1, the senderSeq is 1
S5N0: 2023/09/21 13:10:21 pbftOutside_module.go:39: S5N0 : has handled relay txs msg
S5N0: 2023/09/21 13:10:21 pbftOutside_module.go:34: S5N0 : has received relay txs from shard 8, the senderSeq is 1
S5N0: 2023/09/21 13:10:21 pbftOutside_module.go:39: S5N0 : has handled relay txs msg
S5N0: 2023/09/21 13:10:21 messageHandle.go:28: S5N0 get sequenceLock locked, now trying to propose...
S5N0: 2023/09/21 13:10:21 messageHandle.go:35: S5N0 put the request into the pool ...
S5N0: 2023/09/21 13:10:21 messageHandle.go:94: S5N0 : received the Prepare ...
S5N0: 2023/09/21 13:10:21 messageHandle.go:125: S5N0 : is going to commit
S5N0: 2023/09/21 13:10:21 messageHandle.go:139: S5N0 : commit is broadcast
S5N0: 2023/09/21 13:10:21 messageHandle.go:94: S5N0 : received the Prepare ...
S5N0: 2023/09/21 13:10:21 messageHandle.go:151: S5N0 received the Commit from ...1
S5N0: 2023/09/21 13:10:21 messageHandle.go:163: S5N0 : has received 2f + 1 commits ... 
S5N0: 2023/09/21 13:10:21 pbftInside_module.go:59: S5N0 : adding the block 1...now height = 0 
S5N0: 2023/09/21 13:10:21 pbftInside_module.go:61: S5N0 : added the block 1... 
S5N0: 2023/09/21 13:10:21 pbftInside_module.go:66: S5N0 : main node is trying to send relay txs at height = 1 
S5N0: 2023/09/21 13:10:21 pbftInside_module.go:100: S5N0 : sended 0 relay txs to 0
S5N0: 2023/09/21 13:10:21 pbftInside_module.go:100: S5N0 : sended 0 relay txs to 1
S5N0: 2023/09/21 13:10:21 pbftInside_module.go:100: S5N0 : sended 0 relay txs to 2
S5N0: 2023/09/21 13:10:21 pbftInside_module.go:100: S5N0 : sended 0 relay txs to 3
S5N0: 2023/09/21 13:10:21 pbftInside_module.go:100: S5N0 : sended 0 relay txs to 4
S5N0: 2023/09/21 13:10:21 pbftInside_module.go:100: S5N0 : sended 0 relay txs to 6
S5N0: 2023/09/21 13:10:21 pbftInside_module.go:100: S5N0 : sended 0 relay txs to 7
S5N0: 2023/09/21 13:10:21 pbftInside_module.go:100: S5N0 : sended 0 relay txs to 8
S5N0: 2023/09/21 13:10:21 pbftInside_module.go:100: S5N0 : sended 0 relay txs to 9
S5N0: 2023/09/21 13:10:21 pbftInside_module.go:100: S5N0 : sended 0 relay txs to 10
S5N0: 2023/09/21 13:10:21 pbftInside_module.go:100: S5N0 : sended 0 relay txs to 11
S5N0: 2023/09/21 13:10:21 pbftInside_module.go:100: S5N0 : sended 0 relay txs to 12
S5N0: 2023/09/21 13:10:21 pbftInside_module.go:100: S5N0 : sended 0 relay txs to 13
S5N0: 2023/09/21 13:10:21 pbftInside_module.go:100: S5N0 : sended 0 relay txs to 14
S5N0: 2023/09/21 13:10:21 pbftInside_module.go:100: S5N0 : sended 0 relay txs to 15
S5N0: 2023/09/21 13:10:21 pbftInside_module.go:121: ~~S5N0 : Relay1Txs 0, content:[[]]
S5N0: 2023/09/21 13:10:21 pbftInside_module.go:122: S5N0 : sended excuted txs
S5N0: 2023/09/21 13:10:21 messageHandle.go:192: S5N0: this round of pbft 1 is end 
S5N0: 2023/09/21 13:10:21 messageHandle.go:199: S5N0 get sequenceLock unlocked...
S5N0: 2023/09/21 13:10:21 messageHandle.go:151: S5N0 received the Commit from ...2
S5N0: 2023/09/21 13:10:21 pbftOutside_module.go:34: S5N0 : has received relay txs from shard 2, the senderSeq is 1
S5N0: 2023/09/21 13:10:21 pbftOutside_module.go:39: S5N0 : has handled relay txs msg
S5N0: 2023/09/21 13:10:22 pbftOutside_module.go:34: S5N0 : has received relay txs from shard 6, the senderSeq is 1
S5N0: 2023/09/21 13:10:22 pbftOutside_module.go:39: S5N0 : has handled relay txs msg
S5N0: 2023/09/21 13:10:22 pbftOutside_module.go:34: S5N0 : has received relay txs from shard 9, the senderSeq is 1
S5N0: 2023/09/21 13:10:22 pbftOutside_module.go:39: S5N0 : has handled relay txs msg
S5N0: 2023/09/21 13:10:22 pbftOutside_module.go:34: S5N0 : has received relay txs from shard 0, the senderSeq is 1
S5N0: 2023/09/21 13:10:22 pbftOutside_module.go:39: S5N0 : has handled relay txs msg
S5N0: 2023/09/21 13:10:22 pbftOutside_module.go:34: S5N0 : has received relay txs from shard 10, the senderSeq is 1
S5N0: 2023/09/21 13:10:22 pbftOutside_module.go:39: S5N0 : has handled relay txs msg
S5N0: 2023/09/21 13:10:22 pbftOutside_module.go:34: S5N0 : has received relay txs from shard 12, the senderSeq is 1
S5N0: 2023/09/21 13:10:22 pbftOutside_module.go:39: S5N0 : has handled relay txs msg
S5N0: 2023/09/21 13:10:22 pbftOutside_module.go:34: S5N0 : has received relay txs from shard 7, the senderSeq is 1
S5N0: 2023/09/21 13:10:22 pbftOutside_module.go:39: S5N0 : has handled relay txs msg
S5N0: 2023/09/21 13:10:22 pbftOutside_module.go:34: S5N0 : has received relay txs from shard 11, the senderSeq is 1
S5N0: 2023/09/21 13:10:22 pbftOutside_module.go:39: S5N0 : has handled relay txs msg
S5N0: 2023/09/21 13:10:22 pbftOutside_module.go:34: S5N0 : has received relay txs from shard 13, the senderSeq is 1
S5N0: 2023/09/21 13:10:22 pbftOutside_module.go:39: S5N0 : has handled relay txs msg
S5N0: 2023/09/21 13:10:22 pbftOutside_module.go:34: S5N0 : has received relay txs from shard 15, the senderSeq is 1
S5N0: 2023/09/21 13:10:22 pbftOutside_module.go:39: S5N0 : has handled relay txs msg
S5N0: 2023/09/21 13:10:22 pbftOutside_module.go:34: S5N0 : has received relay txs from shard 14, the senderSeq is 1
S5N0: 2023/09/21 13:10:22 pbftOutside_module.go:39: S5N0 : has handled relay txs msg
S5N0: 2023/09/21 13:10:24 pbftOutside_module.go:34: S5N0 : has received relay txs from shard 3, the senderSeq is 2
S5N0: 2023/09/21 13:10:24 pbftOutside_module.go:39: S5N0 : has handled relay txs msg
S5N0: 2023/09/21 13:10:24 pbftOutside_module.go:34: S5N0 : has received relay txs from shard 4, the senderSeq is 2
S5N0: 2023/09/21 13:10:24 pbftOutside_module.go:39: S5N0 : has handled relay txs msg
S5N0: 2023/09/21 13:10:24 pbftOutside_module.go:34: S5N0 : has received relay txs from shard 1, the senderSeq is 2
S5N0: 2023/09/21 13:10:24 pbftOutside_module.go:39: S5N0 : has handled relay txs msg
S5N0: 2023/09/21 13:10:24 pbftOutside_module.go:49: S5N0 : has handled injected txs msg, txs: 19 
S5N0: 2023/09/21 13:10:24 pbftOutside_module.go:34: S5N0 : has received relay txs from shard 8, the senderSeq is 2
S5N0: 2023/09/21 13:10:24 pbftOutside_module.go:39: S5N0 : has handled relay txs msg
S5N0: 2023/09/21 13:10:24 messageHandle.go:28: S5N0 get sequenceLock locked, now trying to propose...
S5N0: 2023/09/21 13:10:24 messageHandle.go:35: S5N0 put the request into the pool ...
S5N0: 2023/09/21 13:10:24 messageHandle.go:94: S5N0 : received the Prepare ...
S5N0: 2023/09/21 13:10:24 messageHandle.go:125: S5N0 : is going to commit
S5N0: 2023/09/21 13:10:24 messageHandle.go:139: S5N0 : commit is broadcast
S5N0: 2023/09/21 13:10:24 messageHandle.go:94: S5N0 : received the Prepare ...
S5N0: 2023/09/21 13:10:24 messageHandle.go:151: S5N0 received the Commit from ...1
S5N0: 2023/09/21 13:10:24 messageHandle.go:163: S5N0 : has received 2f + 1 commits ... 
S5N0: 2023/09/21 13:10:24 pbftInside_module.go:59: S5N0 : adding the block 2...now height = 1 
S5N0: 2023/09/21 13:10:24 pbftInside_module.go:61: S5N0 : added the block 2... 
S5N0: 2023/09/21 13:10:24 pbftInside_module.go:66: S5N0 : main node is trying to send relay txs at height = 2 
S5N0: 2023/09/21 13:10:24 pbftInside_module.go:75: S5N0 : receiver shard :15 local shard: 5 receiver addr :bbbbca6a901c926f240b89eacb641d8aec7aeafd
S5N0: 2023/09/21 13:10:24 pbftInside_module.go:75: S5N0 : receiver shard :15 local shard: 5 receiver addr :32400084c286cf3e17e7b677ea9583e60a000324
S5N0: 2023/09/21 13:10:24 pbftInside_module.go:75: S5N0 : receiver shard :15 local shard: 5 receiver addr :cedefe438860d2789da6419b3a19cece2a41038d
S5N0: 2023/09/21 13:10:24 pbftInside_module.go:75: S5N0 : receiver shard :6 local shard: 5 receiver addr :dac17f958d2ee523a2206206994597c13d831ec7
S5N0: 2023/09/21 13:10:24 pbftInside_module.go:75: S5N0 : receiver shard :6 local shard: 5 receiver addr :dac17f958d2ee523a2206206994597c13d831ec7
S5N0: 2023/09/21 13:10:24 pbftInside_module.go:75: S5N0 : receiver shard :15 local shard: 5 receiver addr :d0d6e42db440c8014649041f32aa503a47cc82c3
S5N0: 2023/09/21 13:10:24 pbftInside_module.go:75: S5N0 : receiver shard :15 local shard: 5 receiver addr :68ea0a7ddee889d9b498f55d49cdbf9a4f440262
S5N0: 2023/09/21 13:10:24 pbftInside_module.go:75: S5N0 : receiver shard :7 local shard: 5 receiver addr :3ed88219c074de9c9b288bfbc8b412c8a3980fee
S5N0: 2023/09/21 13:10:24 pbftInside_module.go:75: S5N0 : receiver shard :15 local shard: 5 receiver addr :cedefe438860d2789da6419b3a19cece2a41038d
S5N0: 2023/09/21 13:10:24 pbftInside_module.go:75: S5N0 : receiver shard :15 local shard: 5 receiver addr :cedefe438860d2789da6419b3a19cece2a41038d
S5N0: 2023/09/21 13:10:24 pbftInside_module.go:75: S5N0 : receiver shard :15 local shard: 5 receiver addr :cedefe438860d2789da6419b3a19cece2a41038d
S5N0: 2023/09/21 13:10:24 pbftInside_module.go:75: S5N0 : receiver shard :15 local shard: 5 receiver addr :b48f18c898a31e70d8f7e6d3c3e599b5551a484e
S5N0: 2023/09/21 13:10:24 pbftInside_module.go:75: S5N0 : receiver shard :4 local shard: 5 receiver addr :c85f9b0056234dbb4dbe600ecd2882a1cb45de1f
S5N0: 2023/09/21 13:10:24 pbftInside_module.go:75: S5N0 : receiver shard :15 local shard: 5 receiver addr :6f691c892c9901393f8c4ba22680376371a37b2f
S5N0: 2023/09/21 13:10:24 pbftInside_module.go:75: S5N0 : receiver shard :15 local shard: 5 receiver addr :72067ddac4ace40f4e55f8a87edd829310493bef
S5N0: 2023/09/21 13:10:24 pbftInside_module.go:75: S5N0 : receiver shard :15 local shard: 5 receiver addr :814e0908b12a99fecf5bc101bb5d0b8b5cdf7d26
S5N0: 2023/09/21 13:10:24 pbftInside_module.go:75: S5N0 : receiver shard :1 local shard: 5 receiver addr :c67fa43f1ed3924a76ba1732459341d5decf83d1
S5N0: 2023/09/21 13:10:24 pbftInside_module.go:75: S5N0 : receiver shard :10 local shard: 5 receiver addr :32bf3d0128f6cc1d0782ace57771e5e491a8efb4
S5N0: 2023/09/21 13:10:24 pbftInside_module.go:75: S5N0 : receiver shard :9 local shard: 5 receiver addr :6b175474e89094c44da98b954eedeac495271d0f
S5N0: 2023/09/21 13:10:24 pbftInside_module.go:100: S5N0 : sended 0 relay txs to 0
S5N0: 2023/09/21 13:10:24 pbftInside_module.go:100: S5N0 : sended 1 relay txs to 1
S5N0: 2023/09/21 13:10:24 pbftInside_module.go:100: S5N0 : sended 0 relay txs to 2
S5N0: 2023/09/21 13:10:24 pbftInside_module.go:100: S5N0 : sended 0 relay txs to 3
S5N0: 2023/09/21 13:10:24 pbftInside_module.go:100: S5N0 : sended 1 relay txs to 4
S5N0: 2023/09/21 13:10:24 pbftInside_module.go:100: S5N0 : sended 2 relay txs to 6
S5N0: 2023/09/21 13:10:24 pbftInside_module.go:100: S5N0 : sended 1 relay txs to 7
S5N0: 2023/09/21 13:10:24 pbftInside_module.go:100: S5N0 : sended 0 relay txs to 8
S5N0: 2023/09/21 13:10:24 pbftInside_module.go:100: S5N0 : sended 1 relay txs to 9
S5N0: 2023/09/21 13:10:24 pbftInside_module.go:100: S5N0 : sended 1 relay txs to 10
S5N0: 2023/09/21 13:10:24 pbftInside_module.go:100: S5N0 : sended 0 relay txs to 11
S5N0: 2023/09/21 13:10:24 pbftInside_module.go:100: S5N0 : sended 0 relay txs to 12
S5N0: 2023/09/21 13:10:24 pbftInside_module.go:100: S5N0 : sended 0 relay txs to 13
S5N0: 2023/09/21 13:10:24 pbftInside_module.go:100: S5N0 : sended 0 relay txs to 14
S5N0: 2023/09/21 13:10:24 pbftInside_module.go:100: S5N0 : sended 12 relay txs to 15
S5N0: 2023/09/21 13:10:24 pbftInside_module.go:121: ~~S5N0 : Relay1Txs 19, content:[[0xc002554000 0xc0025540c0 0xc002554180 0xc002554240 0xc002554300 0xc0025543c0 0xc002554480 0xc002554540 0xc002554600 0xc0025546c0 0xc002554780 0xc002554840 0xc002554900 0xc0025549c0 0xc002554a80 0xc002554b40 0xc002554c00 0xc002554cc0 0xc002554d80]]
S5N0: 2023/09/21 13:10:24 pbftInside_module.go:122: S5N0 : sended excuted txs
S5N0: 2023/09/21 13:10:24 messageHandle.go:192: S5N0: this round of pbft 2 is end 
S5N0: 2023/09/21 13:10:24 messageHandle.go:199: S5N0 get sequenceLock unlocked...
S5N0: 2023/09/21 13:10:24 messageHandle.go:151: S5N0 received the Commit from ...2
S5N0: 2023/09/21 13:10:24 pbftOutside_module.go:34: S5N0 : has received relay txs from shard 2, the senderSeq is 2
S5N0: 2023/09/21 13:10:24 pbftOutside_module.go:39: S5N0 : has handled relay txs msg
S5N0: 2023/09/21 13:10:25 pbftOutside_module.go:34: S5N0 : has received relay txs from shard 6, the senderSeq is 2
S5N0: 2023/09/21 13:10:25 pbftOutside_module.go:39: S5N0 : has handled relay txs msg
S5N0: 2023/09/21 13:10:25 pbftOutside_module.go:34: S5N0 : has received relay txs from shard 9, the senderSeq is 2
S5N0: 2023/09/21 13:10:25 pbftOutside_module.go:39: S5N0 : has handled relay txs msg
S5N0: 2023/09/21 13:10:25 pbftOutside_module.go:34: S5N0 : has received relay txs from shard 0, the senderSeq is 2
S5N0: 2023/09/21 13:10:25 pbftOutside_module.go:39: S5N0 : has handled relay txs msg
S5N0: 2023/09/21 13:10:25 pbftOutside_module.go:34: S5N0 : has received relay txs from shard 10, the senderSeq is 2
S5N0: 2023/09/21 13:10:25 pbftOutside_module.go:39: S5N0 : has handled relay txs msg
S5N0: 2023/09/21 13:10:25 pbftOutside_module.go:49: S5N0 : has handled injected txs msg, txs: 32 
S5N0: 2023/09/21 13:10:25 pbftOutside_module.go:34: S5N0 : has received relay txs from shard 12, the senderSeq is 2
S5N0: 2023/09/21 13:10:25 pbftOutside_module.go:39: S5N0 : has handled relay txs msg
S5N0: 2023/09/21 13:10:25 pbftOutside_module.go:34: S5N0 : has received relay txs from shard 7, the senderSeq is 2
S5N0: 2023/09/21 13:10:25 pbftOutside_module.go:39: S5N0 : has handled relay txs msg
S5N0: 2023/09/21 13:10:25 pbftOutside_module.go:34: S5N0 : has received relay txs from shard 11, the senderSeq is 2
S5N0: 2023/09/21 13:10:25 pbftOutside_module.go:39: S5N0 : has handled relay txs msg
S5N0: 2023/09/21 13:10:25 pbftOutside_module.go:34: S5N0 : has received relay txs from shard 13, the senderSeq is 2
S5N0: 2023/09/21 13:10:25 pbftOutside_module.go:39: S5N0 : has handled relay txs msg
S5N0: 2023/09/21 13:10:25 pbftOutside_module.go:34: S5N0 : has received relay txs from shard 14, the senderSeq is 2
S5N0: 2023/09/21 13:10:25 pbftOutside_module.go:39: S5N0 : has handled relay txs msg
S5N0: 2023/09/21 13:10:25 pbftOutside_module.go:34: S5N0 : has received relay txs from shard 15, the senderSeq is 2
S5N0: 2023/09/21 13:10:25 pbftOutside_module.go:39: S5N0 : has handled relay txs msg
S5N0: 2023/09/21 13:10:26 pbftOutside_module.go:49: S5N0 : has handled injected txs msg, txs: 24 
S5N0: 2023/09/21 13:10:27 pbftOutside_module.go:34: S5N0 : has received relay txs from shard 3, the senderSeq is 3
S5N0: 2023/09/21 13:10:27 pbftOutside_module.go:39: S5N0 : has handled relay txs msg
S5N0: 2023/09/21 13:10:27 pbftOutside_module.go:34: S5N0 : has received relay txs from shard 4, the senderSeq is 3
S5N0: 2023/09/21 13:10:27 pbftOutside_module.go:39: S5N0 : has handled relay txs msg
S5N0: 2023/09/21 13:10:27 pbftOutside_module.go:34: S5N0 : has received relay txs from shard 1, the senderSeq is 3
S5N0: 2023/09/21 13:10:27 pbftOutside_module.go:39: S5N0 : has handled relay txs msg
S5N0: 2023/09/21 13:10:27 pbftOutside_module.go:49: S5N0 : has handled injected txs msg, txs: 21 
S5N0: 2023/09/21 13:10:27 messageHandle.go:28: S5N0 get sequenceLock locked, now trying to propose...
S5N0: 2023/09/21 13:10:27 messageHandle.go:35: S5N0 put the request into the pool ...
S5N0: 2023/09/21 13:10:27 pbftOutside_module.go:34: S5N0 : has received relay txs from shard 8, the senderSeq is 3
S5N0: 2023/09/21 13:10:27 pbftOutside_module.go:39: S5N0 : has handled relay txs msg
S5N0: 2023/09/21 13:10:27 messageHandle.go:94: S5N0 : received the Prepare ...
S5N0: 2023/09/21 13:10:27 messageHandle.go:125: S5N0 : is going to commit
S5N0: 2023/09/21 13:10:27 messageHandle.go:139: S5N0 : commit is broadcast
S5N0: 2023/09/21 13:10:27 messageHandle.go:94: S5N0 : received the Prepare ...
S5N0: 2023/09/21 13:10:27 messageHandle.go:151: S5N0 received the Commit from ...2
S5N0: 2023/09/21 13:10:27 messageHandle.go:163: S5N0 : has received 2f + 1 commits ... 
S5N0: 2023/09/21 13:10:27 pbftInside_module.go:59: S5N0 : adding the block 3...now height = 2 
S5N0: 2023/09/21 13:10:27 pbftInside_module.go:61: S5N0 : added the block 3... 
S5N0: 2023/09/21 13:10:27 pbftInside_module.go:66: S5N0 : main node is trying to send relay txs at height = 3 
S5N0: 2023/09/21 13:10:27 pbftInside_module.go:75: S5N0 : receiver shard :4 local shard: 5 receiver addr :80c67432656d59144ceff962e8faf8926599bcf8
S5N0: 2023/09/21 13:10:27 pbftInside_module.go:75: S5N0 : receiver shard :15 local shard: 5 receiver addr :cedefe438860d2789da6419b3a19cece2a41038d
S5N0: 2023/09/21 13:10:27 pbftInside_module.go:75: S5N0 : receiver shard :10 local shard: 5 receiver addr :f3b0073e3a7f747c7a38b36b805247b222c302a3
S5N0: 2023/09/21 13:10:27 pbftInside_module.go:75: S5N0 : receiver shard :10 local shard: 5 receiver addr :f3b0073e3a7f747c7a38b36b805247b222c302a3
S5N0: 2023/09/21 13:10:27 pbftInside_module.go:75: S5N0 : receiver shard :15 local shard: 5 receiver addr :17b1e028a1837ff15ba9e7140add0d13790092a3
S5N0: 2023/09/21 13:10:27 pbftInside_module.go:75: S5N0 : receiver shard :9 local shard: 5 receiver addr :9b3476309ea70b59c51afc529b3319498b01814b
S5N0: 2023/09/21 13:10:27 pbftInside_module.go:75: S5N0 : receiver shard :15 local shard: 5 receiver addr :a0b86991c6218b36c1d19d4a2e9eb0ce3606eb48
S5N0: 2023/09/21 13:10:27 pbftInside_module.go:75: S5N0 : receiver shard :4 local shard: 5 receiver addr :80c67432656d59144ceff962e8faf8926599bcf8
S5N0: 2023/09/21 13:10:27 pbftInside_module.go:75: S5N0 : receiver shard :10 local shard: 5 receiver addr :cf6cba282ad3fc75b782def0a5ffd5305928fe9e
S5N0: 2023/09/21 13:10:27 pbftInside_module.go:75: S5N0 : receiver shard :6 local shard: 5 receiver addr :dac17f958d2ee523a2206206994597c13d831ec7
S5N0: 2023/09/21 13:10:27 pbftInside_module.go:75: S5N0 : receiver shard :15 local shard: 5 receiver addr :17b1e028a1837ff15ba9e7140add0d13790092a3
S5N0: 2023/09/21 13:10:27 pbftInside_module.go:75: S5N0 : receiver shard :8 local shard: 5 receiver addr :8bc94d6e012e417fe3aa9d25d9bb74654c9fd737
S5N0: 2023/09/21 13:10:27 pbftInside_module.go:75: S5N0 : receiver shard :15 local shard: 5 receiver addr :14cdd6d3361cbeb0c79fe3a0a9dac9a6dc6ad168
S5N0: 2023/09/21 13:10:27 pbftInside_module.go:75: S5N0 : receiver shard :15 local shard: 5 receiver addr :10f4c5160e6c0134ca34fd85b16ae00e65fc3750
S5N0: 2023/09/21 13:10:27 pbftInside_module.go:75: S5N0 : receiver shard :15 local shard: 5 receiver addr :bc4ca0eda7647a8ab7c2061c2e118a18a936f13d
S5N0: 2023/09/21 13:10:27 pbftInside_module.go:75: S5N0 : receiver shard :6 local shard: 5 receiver addr :dac17f958d2ee523a2206206994597c13d831ec7
S5N0: 2023/09/21 13:10:27 pbftInside_module.go:75: S5N0 : receiver shard :6 local shard: 5 receiver addr :dac17f958d2ee523a2206206994597c13d831ec7
S5N0: 2023/09/21 13:10:27 pbftInside_module.go:75: S5N0 : receiver shard :10 local shard: 5 receiver addr :cf6cba282ad3fc75b782def0a5ffd5305928fe9e
S5N0: 2023/09/21 13:10:27 pbftInside_module.go:75: S5N0 : receiver shard :15 local shard: 5 receiver addr :17b1e028a1837ff15ba9e7140add0d13790092a3
S5N0: 2023/09/21 13:10:27 pbftInside_module.go:75: S5N0 : receiver shard :15 local shard: 5 receiver addr :4743a7a193cdf202035e9bc6830a07f1607630c4
S5N0: 2023/09/21 13:10:27 pbftInside_module.go:75: S5N0 : receiver shard :6 local shard: 5 receiver addr :dac17f958d2ee523a2206206994597c13d831ec7
S5N0: 2023/09/21 13:10:27 pbftInside_module.go:75: S5N0 : receiver shard :15 local shard: 5 receiver addr :e82534d44c11cea97ec147bda1aedad7ea0a7a22
S5N0: 2023/09/21 13:10:27 pbftInside_module.go:75: S5N0 : receiver shard :15 local shard: 5 receiver addr :514478c7a53c81a73bb88474a88b530735244dc0
S5N0: 2023/09/21 13:10:27 pbftInside_module.go:75: S5N0 : receiver shard :0 local shard: 5 receiver addr :5f0bde1809e07e3bc1c6f96dc95a722781dd24be
S5N0: 2023/09/21 13:10:27 pbftInside_module.go:75: S5N0 : receiver shard :8 local shard: 5 receiver addr :2d1415f063d83e92b77e0c42a2413c166f3d23ca
S5N0: 2023/09/21 13:10:27 pbftInside_module.go:75: S5N0 : receiver shard :15 local shard: 5 receiver addr :00000000000000adc04c56bf30ac9d3c0aaf14dc
S5N0: 2023/09/21 13:10:27 pbftInside_module.go:75: S5N0 : receiver shard :15 local shard: 5 receiver addr :cedefe438860d2789da6419b3a19cece2a41038d
S5N0: 2023/09/21 13:10:27 pbftInside_module.go:75: S5N0 : receiver shard :15 local shard: 5 receiver addr :17b1e028a1837ff15ba9e7140add0d13790092a3
S5N0: 2023/09/21 13:10:27 pbftInside_module.go:75: S5N0 : receiver shard :15 local shard: 5 receiver addr :7a250d5630b4cf539739df2c5dacb4c659f2488d
S5N0: 2023/09/21 13:10:27 pbftInside_module.go:75: S5N0 : receiver shard :10 local shard: 5 receiver addr :871ff3db71e117ef242e8fee9b73dfc02f3e6a01
S5N0: 2023/09/21 13:10:27 pbftInside_module.go:75: S5N0 : receiver shard :15 local shard: 5 receiver addr :bb243b8c200bee0fc79c9cf1936b4fbb9d325019
S5N0: 2023/09/21 13:10:27 pbftInside_module.go:75: S5N0 : receiver shard :15 local shard: 5 receiver addr :00000000000000adc04c56bf30ac9d3c0aaf14dc
S5N0: 2023/09/21 13:10:27 pbftInside_module.go:75: S5N0 : receiver shard :15 local shard: 5 receiver addr :00000000000000adc04c56bf30ac9d3c0aaf14dc
S5N0: 2023/09/21 13:10:27 pbftInside_module.go:75: S5N0 : receiver shard :0 local shard: 5 receiver addr :195064d33f09e0c42cf98e665d9506e0dc17de68
S5N0: 2023/09/21 13:10:27 pbftInside_module.go:75: S5N0 : receiver shard :15 local shard: 5 receiver addr :17b1e028a1837ff15ba9e7140add0d13790092a3
S5N0: 2023/09/21 13:10:27 pbftInside_module.go:75: S5N0 : receiver shard :6 local shard: 5 receiver addr :dac17f958d2ee523a2206206994597c13d831ec7
S5N0: 2023/09/21 13:10:27 pbftInside_module.go:75: S5N0 : receiver shard :15 local shard: 5 receiver addr :cedefe438860d2789da6419b3a19cece2a41038d
S5N0: 2023/09/21 13:10:27 pbftInside_module.go:75: S5N0 : receiver shard :4 local shard: 5 receiver addr :67f2601a08b2fa1725da3ec878034b844db38d00
S5N0: 2023/09/21 13:10:27 pbftInside_module.go:75: S5N0 : receiver shard :15 local shard: 5 receiver addr :628a3b2e302c7e896acc432d2d0dd22b6cb9bc88
S5N0: 2023/09/21 13:10:27 pbftInside_module.go:75: S5N0 : receiver shard :15 local shard: 5 receiver addr :a0b86991c6218b36c1d19d4a2e9eb0ce3606eb48
S5N0: 2023/09/21 13:10:27 pbftInside_module.go:75: S5N0 : receiver shard :15 local shard: 5 receiver addr :cedefe438860d2789da6419b3a19cece2a41038d
S5N0: 2023/09/21 13:10:27 pbftInside_module.go:75: S5N0 : receiver shard :15 local shard: 5 receiver addr :ee73323912a4e3772b74ed0ca1595a152b0ef282
S5N0: 2023/09/21 13:10:27 pbftInside_module.go:75: S5N0 : receiver shard :15 local shard: 5 receiver addr :17b1e028a1837ff15ba9e7140add0d13790092a3
S5N0: 2023/09/21 13:10:27 pbftInside_module.go:75: S5N0 : receiver shard :15 local shard: 5 receiver addr :c4448b71118c9071bcb9734a0eac55d18a153949
S5N0: 2023/09/21 13:10:27 pbftInside_module.go:75: S5N0 : receiver shard :15 local shard: 5 receiver addr :cedefe438860d2789da6419b3a19cece2a41038d
S5N0: 2023/09/21 13:10:27 pbftInside_module.go:75: S5N0 : receiver shard :15 local shard: 5 receiver addr :17b1e028a1837ff15ba9e7140add0d13790092a3
S5N0: 2023/09/21 13:10:27 pbftInside_module.go:75: S5N0 : receiver shard :10 local shard: 5 receiver addr :ef1c6e67703c7bd7107eed8303fbe6ec2554bf6b
S5N0: 2023/09/21 13:10:27 pbftInside_module.go:75: S5N0 : receiver shard :6 local shard: 5 receiver addr :dac17f958d2ee523a2206206994597c13d831ec7
S5N0: 2023/09/21 13:10:27 pbftInside_module.go:75: S5N0 : receiver shard :10 local shard: 5 receiver addr :ef1c6e67703c7bd7107eed8303fbe6ec2554bf6b
S5N0: 2023/09/21 13:10:27 pbftInside_module.go:75: S5N0 : receiver shard :1 local shard: 5 receiver addr :881d40237659c251811cec9c364ef91dc08d300c
S5N0: 2023/09/21 13:10:27 pbftInside_module.go:75: S5N0 : receiver shard :6 local shard: 5 receiver addr :dac17f958d2ee523a2206206994597c13d831ec7
S5N0: 2023/09/21 13:10:27 pbftInside_module.go:75: S5N0 : receiver shard :15 local shard: 5 receiver addr :4b15a9c28034dc83db40cd810001427d3bd7163d
S5N0: 2023/09/21 13:10:27 pbftInside_module.go:75: S5N0 : receiver shard :10 local shard: 5 receiver addr :32bf3d0128f6cc1d0782ace57771e5e491a8efb4
S5N0: 2023/09/21 13:10:27 pbftInside_module.go:75: S5N0 : receiver shard :15 local shard: 5 receiver addr :00000000000000adc04c56bf30ac9d3c0aaf14dc
S5N0: 2023/09/21 13:10:27 pbftInside_module.go:75: S5N0 : receiver shard :15 local shard: 5 receiver addr :cedefe438860d2789da6419b3a19cece2a41038d
S5N0: 2023/09/21 13:10:27 pbftInside_module.go:75: S5N0 : receiver shard :6 local shard: 5 receiver addr :dac17f958d2ee523a2206206994597c13d831ec7
S5N0: 2023/09/21 13:10:27 pbftInside_module.go:75: S5N0 : receiver shard :6 local shard: 5 receiver addr :dac17f958d2ee523a2206206994597c13d831ec7
S5N0: 2023/09/21 13:10:27 pbftInside_module.go:75: S5N0 : receiver shard :15 local shard: 5 receiver addr :b6fd708525751dfc539c2243c6ce3f004a961ade
S5N0: 2023/09/21 13:10:27 pbftInside_module.go:75: S5N0 : receiver shard :6 local shard: 5 receiver addr :dac17f958d2ee523a2206206994597c13d831ec7
S5N0: 2023/09/21 13:10:27 pbftInside_module.go:75: S5N0 : receiver shard :6 local shard: 5 receiver addr :dac17f958d2ee523a2206206994597c13d831ec7
S5N0: 2023/09/21 13:10:27 pbftInside_module.go:75: S5N0 : receiver shard :15 local shard: 5 receiver addr :14cdd6d3361cbeb0c79fe3a0a9dac9a6dc6ad168
S5N0: 2023/09/21 13:10:27 pbftInside_module.go:75: S5N0 : receiver shard :1 local shard: 5 receiver addr :531512085c33e762a8de9dddb7974de03c2e8c5e
S5N0: 2023/09/21 13:10:27 pbftInside_module.go:75: S5N0 : receiver shard :0 local shard: 5 receiver addr :2b591e99afe9f32eaa6214f7b7629768c40eeb39
S5N0: 2023/09/21 13:10:27 pbftInside_module.go:75: S5N0 : receiver shard :10 local shard: 5 receiver addr :ef1c6e67703c7bd7107eed8303fbe6ec2554bf6b
S5N0: 2023/09/21 13:10:27 pbftInside_module.go:75: S5N0 : receiver shard :15 local shard: 5 receiver addr :17b1e028a1837ff15ba9e7140add0d13790092a3
S5N0: 2023/09/21 13:10:27 pbftInside_module.go:75: S5N0 : receiver shard :15 local shard: 5 receiver addr :00000000000000adc04c56bf30ac9d3c0aaf14dc
S5N0: 2023/09/21 13:10:27 pbftInside_module.go:75: S5N0 : receiver shard :6 local shard: 5 receiver addr :dac17f958d2ee523a2206206994597c13d831ec7
S5N0: 2023/09/21 13:10:27 pbftInside_module.go:100: S5N0 : sended 3 relay txs to 0
S5N0: 2023/09/21 13:10:27 pbftInside_module.go:100: S5N0 : sended 2 relay txs to 1
S5N0: 2023/09/21 13:10:27 pbftInside_module.go:100: S5N0 : sended 0 relay txs to 2
S5N0: 2023/09/21 13:10:27 pbftInside_module.go:100: S5N0 : sended 0 relay txs to 3
S5N0: 2023/09/21 13:10:27 pbftInside_module.go:100: S5N0 : sended 3 relay txs to 4
S5N0: 2023/09/21 13:10:27 pbftInside_module.go:100: S5N0 : sended 12 relay txs to 6
S5N0: 2023/09/21 13:10:27 pbftInside_module.go:100: S5N0 : sended 0 relay txs to 7
S5N0: 2023/09/21 13:10:27 pbftInside_module.go:100: S5N0 : sended 2 relay txs to 8
S5N0: 2023/09/21 13:10:27 pbftInside_module.go:100: S5N0 : sended 1 relay txs to 9
S5N0: 2023/09/21 13:10:27 pbftInside_module.go:100: S5N0 : sended 9 relay txs to 10
S5N0: 2023/09/21 13:10:27 pbftInside_module.go:100: S5N0 : sended 0 relay txs to 11
S5N0: 2023/09/21 13:10:27 pbftInside_module.go:100: S5N0 : sended 0 relay txs to 12
S5N0: 2023/09/21 13:10:27 pbftInside_module.go:100: S5N0 : sended 0 relay txs to 13
S5N0: 2023/09/21 13:10:27 pbftInside_module.go:100: S5N0 : sended 0 relay txs to 14
S5N0: 2023/09/21 13:10:27 pbftInside_module.go:100: S5N0 : sended 35 relay txs to 15
S5N0: 2023/09/21 13:10:27 pbftInside_module.go:121: ~~S5N0 : Relay1Txs 67, content:[[0xc000001140 0xc000001200 0xc000001440 0xc000001500 0xc0000015c0 0xc000001680 0xc000001740 0xc000001800 0xc0000018c0 0xc000001980 0xc000001a40 0xc000001bc0 0xc000001c80 0xc000001d40 0xc000001e00 0xc00224e000 0xc00224e0c0 0xc00224e180 0xc00224e240 0xc00224e300 0xc00224e3c0 0xc00224e480 0xc00224e540 0xc00224e600 0xc00224e6c0 0xc00224e780 0xc00224e840 0xc00224e900 0xc00224fc80 0xc00224fe00 0xc00224fec0 0xc002250000 0xc0022500c0 0xc002250180 0xc002250240 0xc002250300 0xc0022503c0 0xc002250480 0xc002250540 0xc002250600 0xc002250780 0xc002250840 0xc002250900 0xc0022509c0 0xc002250a80 0xc002250c00 0xc002250cc0 0xc002250d80 0xc002250e40 0xc002250fc0 0xc002251080 0xc002251140 0xc002251200 0xc0022512c0 0xc002251380 0xc002251440 0xc002251500 0xc0022515c0 0xc002251680 0xc002251740 0xc002251980 0xc002251a40 0xc002251b00 0xc002251bc0 0xc002251c80 0xc002251d40 0xc002251ec0]]
S5N0: 2023/09/21 13:10:27 pbftInside_module.go:122: S5N0 : sended excuted txs
S5N0: 2023/09/21 13:10:27 messageHandle.go:192: S5N0: this round of pbft 3 is end 
S5N0: 2023/09/21 13:10:27 messageHandle.go:199: S5N0 get sequenceLock unlocked...
S5N0: 2023/09/21 13:10:27 messageHandle.go:151: S5N0 received the Commit from ...1
S5N0: 2023/09/21 13:10:27 pbftOutside_module.go:34: S5N0 : has received relay txs from shard 2, the senderSeq is 3
S5N0: 2023/09/21 13:10:27 pbftOutside_module.go:39: S5N0 : has handled relay txs msg
S5N0: 2023/09/21 13:10:28 pbftOutside_module.go:34: S5N0 : has received relay txs from shard 6, the senderSeq is 3
S5N0: 2023/09/21 13:10:28 pbftOutside_module.go:39: S5N0 : has handled relay txs msg
S5N0: 2023/09/21 13:10:28 pbftOutside_module.go:34: S5N0 : has received relay txs from shard 9, the senderSeq is 3
S5N0: 2023/09/21 13:10:28 pbftOutside_module.go:39: S5N0 : has handled relay txs msg
S5N0: 2023/09/21 13:10:28 pbftOutside_module.go:34: S5N0 : has received relay txs from shard 0, the senderSeq is 3
S5N0: 2023/09/21 13:10:28 pbftOutside_module.go:39: S5N0 : has handled relay txs msg
S5N0: 2023/09/21 13:10:28 pbftOutside_module.go:34: S5N0 : has received relay txs from shard 10, the senderSeq is 3
S5N0: 2023/09/21 13:10:28 pbftOutside_module.go:39: S5N0 : has handled relay txs msg
S5N0: 2023/09/21 13:10:28 pbftOutside_module.go:34: S5N0 : has received relay txs from shard 12, the senderSeq is 3
S5N0: 2023/09/21 13:10:28 pbftOutside_module.go:39: S5N0 : has handled relay txs msg
S5N0: 2023/09/21 13:10:28 pbftOutside_module.go:49: S5N0 : has handled injected txs msg, txs: 37 
S5N0: 2023/09/21 13:10:28 pbftOutside_module.go:34: S5N0 : has received relay txs from shard 7, the senderSeq is 3
S5N0: 2023/09/21 13:10:28 pbftOutside_module.go:39: S5N0 : has handled relay txs msg
S5N0: 2023/09/21 13:10:28 pbftOutside_module.go:34: S5N0 : has received relay txs from shard 11, the senderSeq is 3
S5N0: 2023/09/21 13:10:28 pbftOutside_module.go:39: S5N0 : has handled relay txs msg
S5N0: 2023/09/21 13:10:28 pbftOutside_module.go:34: S5N0 : has received relay txs from shard 13, the senderSeq is 3
S5N0: 2023/09/21 13:10:28 pbftOutside_module.go:39: S5N0 : has handled relay txs msg
S5N0: 2023/09/21 13:10:28 pbftOutside_module.go:34: S5N0 : has received relay txs from shard 14, the senderSeq is 3
S5N0: 2023/09/21 13:10:28 pbftOutside_module.go:39: S5N0 : has handled relay txs msg
S5N0: 2023/09/21 13:10:28 pbftOutside_module.go:34: S5N0 : has received relay txs from shard 15, the senderSeq is 3
S5N0: 2023/09/21 13:10:28 pbftOutside_module.go:39: S5N0 : has handled relay txs msg
S5N0: 2023/09/21 13:10:29 pbftOutside_module.go:49: S5N0 : has handled injected txs msg, txs: 30 
S5N0: 2023/09/21 13:10:30 pbftOutside_module.go:34: S5N0 : has received relay txs from shard 3, the senderSeq is 4
S5N0: 2023/09/21 13:10:30 pbftOutside_module.go:39: S5N0 : has handled relay txs msg
S5N0: 2023/09/21 13:10:30 pbftOutside_module.go:34: S5N0 : has received relay txs from shard 4, the senderSeq is 4
S5N0: 2023/09/21 13:10:30 pbftOutside_module.go:39: S5N0 : has handled relay txs msg
S5N0: 2023/09/21 13:10:30 pbftOutside_module.go:34: S5N0 : has received relay txs from shard 1, the senderSeq is 4
S5N0: 2023/09/21 13:10:30 pbftOutside_module.go:39: S5N0 : has handled relay txs msg
S5N0: 2023/09/21 13:10:30 pbftOutside_module.go:49: S5N0 : has handled injected txs msg, txs: 20 
S5N0: 2023/09/21 13:10:30 pbftOutside_module.go:34: S5N0 : has received relay txs from shard 8, the senderSeq is 4
S5N0: 2023/09/21 13:10:30 pbftOutside_module.go:39: S5N0 : has handled relay txs msg
S5N0: 2023/09/21 13:10:30 messageHandle.go:28: S5N0 get sequenceLock locked, now trying to propose...
S5N0: 2023/09/21 13:10:30 messageHandle.go:35: S5N0 put the request into the pool ...
S5N0: 2023/09/21 13:10:30 messageHandle.go:94: S5N0 : received the Prepare ...
S5N0: 2023/09/21 13:10:30 messageHandle.go:125: S5N0 : is going to commit
S5N0: 2023/09/21 13:10:30 messageHandle.go:139: S5N0 : commit is broadcast
S5N0: 2023/09/21 13:10:30 messageHandle.go:94: S5N0 : received the Prepare ...
S5N0: 2023/09/21 13:10:30 messageHandle.go:151: S5N0 received the Commit from ...2
S5N0: 2023/09/21 13:10:30 messageHandle.go:163: S5N0 : has received 2f + 1 commits ... 
S5N0: 2023/09/21 13:10:30 pbftInside_module.go:59: S5N0 : adding the block 4...now height = 3 
S5N0: 2023/09/21 13:10:30 pbftInside_module.go:61: S5N0 : added the block 4... 
S5N0: 2023/09/21 13:10:30 pbftInside_module.go:66: S5N0 : main node is trying to send relay txs at height = 4 
S5N0: 2023/09/21 13:10:30 pbftInside_module.go:75: S5N0 : receiver shard :6 local shard: 5 receiver addr :dac17f958d2ee523a2206206994597c13d831ec7
S5N0: 2023/09/21 13:10:30 pbftInside_module.go:75: S5N0 : receiver shard :6 local shard: 5 receiver addr :dac17f958d2ee523a2206206994597c13d831ec7
S5N0: 2023/09/21 13:10:30 pbftInside_module.go:75: S5N0 : receiver shard :15 local shard: 5 receiver addr :aea46a60368a7bd060eec7df8cba43b7ef41ad85
S5N0: 2023/09/21 13:10:30 pbftInside_module.go:75: S5N0 : receiver shard :0 local shard: 5 receiver addr :ba50933c268f567bdc86e1ac131be072c6b0b71a
S5N0: 2023/09/21 13:10:30 pbftInside_module.go:75: S5N0 : receiver shard :11 local shard: 5 receiver addr :cd6fd535cb8e42948f43d62941dd03aa9a8584a5
S5N0: 2023/09/21 13:10:30 pbftInside_module.go:75: S5N0 : receiver shard :0 local shard: 5 receiver addr :f5bf5dcdaa83fd358b5a4eced76f3b947542175a
S5N0: 2023/09/21 13:10:30 pbftInside_module.go:75: S5N0 : receiver shard :9 local shard: 5 receiver addr :6de037ef9ad2725eb40118bb1702ebb27e4aeb24
S5N0: 2023/09/21 13:10:30 pbftInside_module.go:75: S5N0 : receiver shard :15 local shard: 5 receiver addr :17b1e028a1837ff15ba9e7140add0d13790092a3
S5N0: 2023/09/21 13:10:30 pbftInside_module.go:75: S5N0 : receiver shard :15 local shard: 5 receiver addr :835bf39a5b7a53a7b50410e3531c50fbc174c60f
S5N0: 2023/09/21 13:10:30 pbftInside_module.go:75: S5N0 : receiver shard :15 local shard: 5 receiver addr :ee73323912a4e3772b74ed0ca1595a152b0ef282
S5N0: 2023/09/21 13:10:30 pbftInside_module.go:75: S5N0 : receiver shard :10 local shard: 5 receiver addr :ef1c6e67703c7bd7107eed8303fbe6ec2554bf6b
S5N0: 2023/09/21 13:10:30 pbftInside_module.go:75: S5N0 : receiver shard :15 local shard: 5 receiver addr :e4edb277e41dc89ab076a1f049f4a3efa700bce8
S5N0: 2023/09/21 13:10:30 pbftInside_module.go:75: S5N0 : receiver shard :15 local shard: 5 receiver addr :a0b86991c6218b36c1d19d4a2e9eb0ce3606eb48
S5N0: 2023/09/21 13:10:30 pbftInside_module.go:75: S5N0 : receiver shard :15 local shard: 5 receiver addr :7a250d5630b4cf539739df2c5dacb4c659f2488d
S5N0: 2023/09/21 13:10:30 pbftInside_module.go:75: S5N0 : receiver shard :15 local shard: 5 receiver addr :9da2c7d27df3d81d5d0270dc388ac5682cd1f441
S5N0: 2023/09/21 13:10:30 pbftInside_module.go:75: S5N0 : receiver shard :12 local shard: 5 receiver addr :a35923162c49cf95e6bf26623385eb431ad920d3
S5N0: 2023/09/21 13:10:30 pbftInside_module.go:75: S5N0 : receiver shard :4 local shard: 5 receiver addr :655a6ad76984bdc095a9f78c469c54528500f951
S5N0: 2023/09/21 13:10:30 pbftInside_module.go:75: S5N0 : receiver shard :15 local shard: 5 receiver addr :cedefe438860d2789da6419b3a19cece2a41038d
S5N0: 2023/09/21 13:10:30 pbftInside_module.go:75: S5N0 : receiver shard :10 local shard: 5 receiver addr :ef1c6e67703c7bd7107eed8303fbe6ec2554bf6b
S5N0: 2023/09/21 13:10:30 pbftInside_module.go:75: S5N0 : receiver shard :15 local shard: 5 receiver addr :a0b86991c6218b36c1d19d4a2e9eb0ce3606eb48
S5N0: 2023/09/21 13:10:30 pbftInside_module.go:75: S5N0 : receiver shard :15 local shard: 5 receiver addr :a0b86991c6218b36c1d19d4a2e9eb0ce3606eb48
S5N0: 2023/09/21 13:10:30 pbftInside_module.go:75: S5N0 : receiver shard :15 local shard: 5 receiver addr :7147333c6d821612577481458e512560bfa12ebd
S5N0: 2023/09/21 13:10:30 pbftInside_module.go:75: S5N0 : receiver shard :15 local shard: 5 receiver addr :00000000000000adc04c56bf30ac9d3c0aaf14dc
S5N0: 2023/09/21 13:10:30 pbftInside_module.go:75: S5N0 : receiver shard :15 local shard: 5 receiver addr :525a9d7b221f66c3a9aa5989d55b94a7abd9001e
S5N0: 2023/09/21 13:10:30 pbftInside_module.go:75: S5N0 : receiver shard :15 local shard: 5 receiver addr :4ad66eb029d25ab439fa481cabab20fbda47b6bc
S5N0: 2023/09/21 13:10:30 pbftInside_module.go:75: S5N0 : receiver shard :15 local shard: 5 receiver addr :f7e8ef95f692c985378b115ce49b67dd171dc71d
S5N0: 2023/09/21 13:10:30 pbftInside_module.go:75: S5N0 : receiver shard :15 local shard: 5 receiver addr :bbd37536c611c4defe662b89d48ec5b64c82032f
S5N0: 2023/09/21 13:10:30 pbftInside_module.go:75: S5N0 : receiver shard :6 local shard: 5 receiver addr :dac17f958d2ee523a2206206994597c13d831ec7
S5N0: 2023/09/21 13:10:30 pbftInside_module.go:75: S5N0 : receiver shard :11 local shard: 5 receiver addr :cd6fd535cb8e42948f43d62941dd03aa9a8584a5
S5N0: 2023/09/21 13:10:30 pbftInside_module.go:75: S5N0 : receiver shard :6 local shard: 5 receiver addr :dac17f958d2ee523a2206206994597c13d831ec7
S5N0: 2023/09/21 13:10:30 pbftInside_module.go:75: S5N0 : receiver shard :10 local shard: 5 receiver addr :cf6cba282ad3fc75b782def0a5ffd5305928fe9e
S5N0: 2023/09/21 13:10:30 pbftInside_module.go:75: S5N0 : receiver shard :15 local shard: 5 receiver addr :17b1e028a1837ff15ba9e7140add0d13790092a3
S5N0: 2023/09/21 13:10:30 pbftInside_module.go:75: S5N0 : receiver shard :6 local shard: 5 receiver addr :dac17f958d2ee523a2206206994597c13d831ec7
S5N0: 2023/09/21 13:10:30 pbftInside_module.go:75: S5N0 : receiver shard :15 local shard: 5 receiver addr :7a250d5630b4cf539739df2c5dacb4c659f2488d
S5N0: 2023/09/21 13:10:30 pbftInside_module.go:75: S5N0 : receiver shard :15 local shard: 5 receiver addr :17b1e028a1837ff15ba9e7140add0d13790092a3
S5N0: 2023/09/21 13:10:30 pbftInside_module.go:75: S5N0 : receiver shard :15 local shard: 5 receiver addr :17b1e028a1837ff15ba9e7140add0d13790092a3
S5N0: 2023/09/21 13:10:30 pbftInside_module.go:75: S5N0 : receiver shard :15 local shard: 5 receiver addr :d9e1ce17f2641f24ae83637ab66a2cca9c378b9f
S5N0: 2023/09/21 13:10:30 pbftInside_module.go:75: S5N0 : receiver shard :15 local shard: 5 receiver addr :cedefe438860d2789da6419b3a19cece2a41038d
S5N0: 2023/09/21 13:10:30 pbftInside_module.go:75: S5N0 : receiver shard :13 local shard: 5 receiver addr :dbebc7aad915be80fad033ddb5ce437c35fc3265
S5N0: 2023/09/21 13:10:30 pbftInside_module.go:75: S5N0 : receiver shard :15 local shard: 5 receiver addr :151983ce33efb42f3ce29fa9e41977888405abe1
S5N0: 2023/09/21 13:10:30 pbftInside_module.go:75: S5N0 : receiver shard :0 local shard: 5 receiver addr :5c7bcd6e7de5423a257d81b442095a1a6ced35c5
S5N0: 2023/09/21 13:10:30 pbftInside_module.go:75: S5N0 : receiver shard :15 local shard: 5 receiver addr :cedefe438860d2789da6419b3a19cece2a41038d
S5N0: 2023/09/21 13:10:30 pbftInside_module.go:75: S5N0 : receiver shard :15 local shard: 5 receiver addr :3cd9b978054fa59d3fea5c55967ef200e697f1d8
S5N0: 2023/09/21 13:10:30 pbftInside_module.go:75: S5N0 : receiver shard :6 local shard: 5 receiver addr :dac17f958d2ee523a2206206994597c13d831ec7
S5N0: 2023/09/21 13:10:30 pbftInside_module.go:75: S5N0 : receiver shard :15 local shard: 5 receiver addr :a0b86991c6218b36c1d19d4a2e9eb0ce3606eb48
S5N0: 2023/09/21 13:10:30 pbftInside_module.go:75: S5N0 : receiver shard :6 local shard: 5 receiver addr :dac17f958d2ee523a2206206994597c13d831ec7
S5N0: 2023/09/21 13:10:30 pbftInside_module.go:75: S5N0 : receiver shard :15 local shard: 5 receiver addr :7a250d5630b4cf539739df2c5dacb4c659f2488d
S5N0: 2023/09/21 13:10:30 pbftInside_module.go:75: S5N0 : receiver shard :10 local shard: 5 receiver addr :ef1c6e67703c7bd7107eed8303fbe6ec2554bf6b
S5N0: 2023/09/21 13:10:30 pbftInside_module.go:75: S5N0 : receiver shard :15 local shard: 5 receiver addr :000000000000ad05ccc4f10045630fb830b95127
S5N0: 2023/09/21 13:10:30 pbftInside_module.go:75: S5N0 : receiver shard :11 local shard: 5 receiver addr :cda5b0e64d1ae306c632d8bed5abc6de9a77b62a
S5N0: 2023/09/21 13:10:30 pbftInside_module.go:75: S5N0 : receiver shard :0 local shard: 5 receiver addr :c3ae21da37d7f200a85f007124854b933d8638f4
S5N0: 2023/09/21 13:10:30 pbftInside_module.go:75: S5N0 : receiver shard :15 local shard: 5 receiver addr :929832b1f1515cf02c9548a0ff454f1b0e216b18
S5N0: 2023/09/21 13:10:30 pbftInside_module.go:75: S5N0 : receiver shard :4 local shard: 5 receiver addr :5932af1dc7f2bda440e6be461d2e8c5937470490
S5N0: 2023/09/21 13:10:30 pbftInside_module.go:75: S5N0 : receiver shard :15 local shard: 5 receiver addr :7a250d5630b4cf539739df2c5dacb4c659f2488d
S5N0: 2023/09/21 13:10:30 pbftInside_module.go:75: S5N0 : receiver shard :15 local shard: 5 receiver addr :cedefe438860d2789da6419b3a19cece2a41038d
S5N0: 2023/09/21 13:10:30 pbftInside_module.go:75: S5N0 : receiver shard :10 local shard: 5 receiver addr :cf6cba282ad3fc75b782def0a5ffd5305928fe9e
S5N0: 2023/09/21 13:10:30 pbftInside_module.go:75: S5N0 : receiver shard :15 local shard: 5 receiver addr :cac0f1a06d3f02397cfb6d7077321d73b504916e
S5N0: 2023/09/21 13:10:30 pbftInside_module.go:75: S5N0 : receiver shard :0 local shard: 5 receiver addr :b253c1c9ce5ddf60eadf0f4ce90dba70127445d1
S5N0: 2023/09/21 13:10:30 pbftInside_module.go:75: S5N0 : receiver shard :7 local shard: 5 receiver addr :6e7c5ce3d95412cce25f27c25dd3d4278062f765
S5N0: 2023/09/21 13:10:30 pbftInside_module.go:75: S5N0 : receiver shard :7 local shard: 5 receiver addr :3120d8aa2d8c64cf2f51aa52e2853020431d6367
S5N0: 2023/09/21 13:10:30 pbftInside_module.go:75: S5N0 : receiver shard :7 local shard: 5 receiver addr :dba5b9c8c176a68addc23a7a66fbd820795ed867
S5N0: 2023/09/21 13:10:30 pbftInside_module.go:75: S5N0 : receiver shard :10 local shard: 5 receiver addr :ef1c6e67703c7bd7107eed8303fbe6ec2554bf6b
S5N0: 2023/09/21 13:10:30 pbftInside_module.go:75: S5N0 : receiver shard :12 local shard: 5 receiver addr :a35923162c49cf95e6bf26623385eb431ad920d3
S5N0: 2023/09/21 13:10:30 pbftInside_module.go:75: S5N0 : receiver shard :15 local shard: 5 receiver addr :7d8146cf21e8d7cbe46054e01588207b51198729
S5N0: 2023/09/21 13:10:30 pbftInside_module.go:75: S5N0 : receiver shard :15 local shard: 5 receiver addr :00000000000000adc04c56bf30ac9d3c0aaf14dc
S5N0: 2023/09/21 13:10:30 pbftInside_module.go:75: S5N0 : receiver shard :15 local shard: 5 receiver addr :cedefe438860d2789da6419b3a19cece2a41038d
S5N0: 2023/09/21 13:10:30 pbftInside_module.go:75: S5N0 : receiver shard :0 local shard: 5 receiver addr :1f82b6c96ffeadfddd1c26ba639fc22687c916e6
S5N0: 2023/09/21 13:10:30 pbftInside_module.go:75: S5N0 : receiver shard :6 local shard: 5 receiver addr :dac17f958d2ee523a2206206994597c13d831ec7
S5N0: 2023/09/21 13:10:30 pbftInside_module.go:75: S5N0 : receiver shard :7 local shard: 5 receiver addr :4304121d24043e49d32db552f4b9d338c6d4175d
S5N0: 2023/09/21 13:10:30 pbftInside_module.go:75: S5N0 : receiver shard :10 local shard: 5 receiver addr :32bf3d0128f6cc1d0782ace57771e5e491a8efb4
S5N0: 2023/09/21 13:10:30 pbftInside_module.go:75: S5N0 : receiver shard :15 local shard: 5 receiver addr :17b1e028a1837ff15ba9e7140add0d13790092a3
S5N0: 2023/09/21 13:10:30 pbftInside_module.go:75: S5N0 : receiver shard :15 local shard: 5 receiver addr :7a250d5630b4cf539739df2c5dacb4c659f2488d
S5N0: 2023/09/21 13:10:30 pbftInside_module.go:100: S5N0 : sended 6 relay txs to 0
S5N0: 2023/09/21 13:10:30 pbftInside_module.go:100: S5N0 : sended 0 relay txs to 1
S5N0: 2023/09/21 13:10:30 pbftInside_module.go:100: S5N0 : sended 0 relay txs to 2
S5N0: 2023/09/21 13:10:30 pbftInside_module.go:100: S5N0 : sended 0 relay txs to 3
S5N0: 2023/09/21 13:10:30 pbftInside_module.go:100: S5N0 : sended 2 relay txs to 4
S5N0: 2023/09/21 13:10:30 pbftInside_module.go:100: S5N0 : sended 8 relay txs to 6
S5N0: 2023/09/21 13:10:30 pbftInside_module.go:100: S5N0 : sended 4 relay txs to 7
S5N0: 2023/09/21 13:10:30 pbftInside_module.go:100: S5N0 : sended 0 relay txs to 8
S5N0: 2023/09/21 13:10:30 pbftInside_module.go:100: S5N0 : sended 1 relay txs to 9
S5N0: 2023/09/21 13:10:30 pbftInside_module.go:100: S5N0 : sended 7 relay txs to 10
S5N0: 2023/09/21 13:10:30 pbftInside_module.go:100: S5N0 : sended 3 relay txs to 11
S5N0: 2023/09/21 13:10:30 pbftInside_module.go:100: S5N0 : sended 2 relay txs to 12
S5N0: 2023/09/21 13:10:30 pbftInside_module.go:100: S5N0 : sended 1 relay txs to 13
S5N0: 2023/09/21 13:10:30 pbftInside_module.go:100: S5N0 : sended 0 relay txs to 14
S5N0: 2023/09/21 13:10:30 pbftInside_module.go:100: S5N0 : sended 38 relay txs to 15
S5N0: 2023/09/21 13:10:30 pbftInside_module.go:121: ~~S5N0 : Relay1Txs 72, content:[[0xc002f5cd80 0xc002f5cf00 0xc002f5cfc0 0xc002f5d080 0xc002f5d140 0xc002f5d2c0 0xc002f5d440 0xc002f5d500 0xc002f5d5c0 0xc002f5d680 0xc002f5d740 0xc002f5d800 0xc002f5d8c0 0xc002f5d980 0xc002f5da40 0xc002f5db00 0xc002f5dbc0 0xc002f5dc80 0xc002f5dd40 0xc002f62000 0xc002f620c0 0xc002f62180 0xc002f62240 0xc002f62300 0xc002f623c0 0xc002f62480 0xc002f62540 0xc002f62600 0xc002f626c0 0xc002f62780 0xc002f62840 0xc002f62900 0xc002f70240 0xc002f70300 0xc002f703c0 0xc002f70480 0xc002f70540 0xc002f70600 0xc002f706c0 0xc002f70780 0xc002f70840 0xc002f70900 0xc002f709c0 0xc002f70b40 0xc002f70c00 0xc002f70cc0 0xc002f70d80 0xc002f70e40 0xc002f70f00 0xc002f70fc0 0xc002f71080 0xc002f71140 0xc002f71200 0xc002f712c0 0xc002f71380 0xc002f71440 0xc002f71500 0xc002f715c0 0xc002f718c0 0xc002f71980 0xc002f71a40 0xc002f71b00 0xc002f71c80 0xc002f71d40 0xc002f71e00 0xc002f71ec0 0xc002f72000 0xc002f72240 0xc002f72300 0xc002f72480 0xc002f72540 0xc002f72600]]
S5N0: 2023/09/21 13:10:30 pbftInside_module.go:122: S5N0 : sended excuted txs
S5N0: 2023/09/21 13:10:30 messageHandle.go:192: S5N0: this round of pbft 4 is end 
S5N0: 2023/09/21 13:10:30 messageHandle.go:199: S5N0 get sequenceLock unlocked...
S5N0: 2023/09/21 13:10:30 messageHandle.go:151: S5N0 received the Commit from ...1
S5N0: 2023/09/21 13:10:30 pbftOutside_module.go:34: S5N0 : has received relay txs from shard 2, the senderSeq is 4
S5N0: 2023/09/21 13:10:30 pbftOutside_module.go:39: S5N0 : has handled relay txs msg
S5N0: 2023/09/21 13:10:31 pbftOutside_module.go:34: S5N0 : has received relay txs from shard 6, the senderSeq is 4
S5N0: 2023/09/21 13:10:31 pbftOutside_module.go:39: S5N0 : has handled relay txs msg
S5N0: 2023/09/21 13:10:31 pbftOutside_module.go:34: S5N0 : has received relay txs from shard 9, the senderSeq is 4
S5N0: 2023/09/21 13:10:31 pbftOutside_module.go:39: S5N0 : has handled relay txs msg
S5N0: 2023/09/21 13:10:31 pbftOutside_module.go:34: S5N0 : has received relay txs from shard 0, the senderSeq is 4
S5N0: 2023/09/21 13:10:31 pbftOutside_module.go:39: S5N0 : has handled relay txs msg
S5N0: 2023/09/21 13:10:31 pbftOutside_module.go:34: S5N0 : has received relay txs from shard 10, the senderSeq is 4
S5N0: 2023/09/21 13:10:31 pbftOutside_module.go:39: S5N0 : has handled relay txs msg
S5N0: 2023/09/21 13:10:31 pbftOutside_module.go:34: S5N0 : has received relay txs from shard 12, the senderSeq is 4
S5N0: 2023/09/21 13:10:31 pbftOutside_module.go:39: S5N0 : has handled relay txs msg
S5N0: 2023/09/21 13:10:31 pbftOutside_module.go:34: S5N0 : has received relay txs from shard 7, the senderSeq is 4
S5N0: 2023/09/21 13:10:31 pbftOutside_module.go:39: S5N0 : has handled relay txs msg
S5N0: 2023/09/21 13:10:31 pbftOutside_module.go:34: S5N0 : has received relay txs from shard 11, the senderSeq is 4
S5N0: 2023/09/21 13:10:31 pbftOutside_module.go:39: S5N0 : has handled relay txs msg
S5N0: 2023/09/21 13:10:31 pbftOutside_module.go:49: S5N0 : has handled injected txs msg, txs: 18 
S5N0: 2023/09/21 13:10:31 pbftOutside_module.go:34: S5N0 : has received relay txs from shard 13, the senderSeq is 4
S5N0: 2023/09/21 13:10:31 pbftOutside_module.go:39: S5N0 : has handled relay txs msg
S5N0: 2023/09/21 13:10:31 pbftOutside_module.go:34: S5N0 : has received relay txs from shard 14, the senderSeq is 4
S5N0: 2023/09/21 13:10:31 pbftOutside_module.go:39: S5N0 : has handled relay txs msg
S5N0: 2023/09/21 13:10:32 pbftOutside_module.go:34: S5N0 : has received relay txs from shard 15, the senderSeq is 4
S5N0: 2023/09/21 13:10:32 pbftOutside_module.go:39: S5N0 : has handled relay txs msg
S5N0: 2023/09/21 13:10:32 pbftOutside_module.go:49: S5N0 : has handled injected txs msg, txs: 31 
S5N0: 2023/09/21 13:10:33 pbftOutside_module.go:34: S5N0 : has received relay txs from shard 3, the senderSeq is 5
S5N0: 2023/09/21 13:10:33 pbftOutside_module.go:39: S5N0 : has handled relay txs msg
S5N0: 2023/09/21 13:10:33 pbftOutside_module.go:34: S5N0 : has received relay txs from shard 4, the senderSeq is 5
S5N0: 2023/09/21 13:10:33 pbftOutside_module.go:39: S5N0 : has handled relay txs msg
S5N0: 2023/09/21 13:10:33 pbftOutside_module.go:34: S5N0 : has received relay txs from shard 1, the senderSeq is 5
S5N0: 2023/09/21 13:10:33 pbftOutside_module.go:39: S5N0 : has handled relay txs msg
S5N0: 2023/09/21 13:10:33 messageHandle.go:28: S5N0 get sequenceLock locked, now trying to propose...
S5N0: 2023/09/21 13:10:33 pbftOutside_module.go:34: S5N0 : has received relay txs from shard 8, the senderSeq is 5
S5N0: 2023/09/21 13:10:33 pbftOutside_module.go:39: S5N0 : has handled relay txs msg
S5N0: 2023/09/21 13:10:33 messageHandle.go:35: S5N0 put the request into the pool ...
S5N0: 2023/09/21 13:10:33 messageHandle.go:94: S5N0 : received the Prepare ...
S5N0: 2023/09/21 13:10:33 messageHandle.go:125: S5N0 : is going to commit
S5N0: 2023/09/21 13:10:33 messageHandle.go:139: S5N0 : commit is broadcast
S5N0: 2023/09/21 13:10:33 messageHandle.go:94: S5N0 : received the Prepare ...
S5N0: 2023/09/21 13:10:33 messageHandle.go:151: S5N0 received the Commit from ...2
S5N0: 2023/09/21 13:10:33 messageHandle.go:163: S5N0 : has received 2f + 1 commits ... 
S5N0: 2023/09/21 13:10:33 pbftInside_module.go:59: S5N0 : adding the block 5...now height = 4 
S5N0: 2023/09/21 13:10:33 pbftInside_module.go:61: S5N0 : added the block 5... 
S5N0: 2023/09/21 13:10:33 pbftInside_module.go:66: S5N0 : main node is trying to send relay txs at height = 5 
S5N0: 2023/09/21 13:10:33 pbftInside_module.go:75: S5N0 : receiver shard :15 local shard: 5 receiver addr :a0b86991c6218b36c1d19d4a2e9eb0ce3606eb48
S5N0: 2023/09/21 13:10:33 pbftInside_module.go:75: S5N0 : receiver shard :6 local shard: 5 receiver addr :dac17f958d2ee523a2206206994597c13d831ec7
S5N0: 2023/09/21 13:10:33 pbftInside_module.go:75: S5N0 : receiver shard :10 local shard: 5 receiver addr :ab7e39a2b75c5e1365bc49ba3f4793b20ec5ef2f
S5N0: 2023/09/21 13:10:33 pbftInside_module.go:75: S5N0 : receiver shard :2 local shard: 5 receiver addr :c3581fc724a6665ed69c99d6901abd3399bccabc
S5N0: 2023/09/21 13:10:33 pbftInside_module.go:75: S5N0 : receiver shard :6 local shard: 5 receiver addr :dac17f958d2ee523a2206206994597c13d831ec7
S5N0: 2023/09/21 13:10:33 pbftInside_module.go:75: S5N0 : receiver shard :10 local shard: 5 receiver addr :ef1c6e67703c7bd7107eed8303fbe6ec2554bf6b
S5N0: 2023/09/21 13:10:33 pbftInside_module.go:75: S5N0 : receiver shard :7 local shard: 5 receiver addr :45936f46914bbe38cdf772f04ea80bb50c5e5146
S5N0: 2023/09/21 13:10:33 pbftInside_module.go:75: S5N0 : receiver shard :6 local shard: 5 receiver addr :dac17f958d2ee523a2206206994597c13d831ec7
S5N0: 2023/09/21 13:10:33 pbftInside_module.go:75: S5N0 : receiver shard :6 local shard: 5 receiver addr :dac17f958d2ee523a2206206994597c13d831ec7
S5N0: 2023/09/21 13:10:33 pbftInside_module.go:75: S5N0 : receiver shard :15 local shard: 5 receiver addr :9e51c580d2e67687f57e6670b6d07a491acd1b4e
S5N0: 2023/09/21 13:10:33 pbftInside_module.go:75: S5N0 : receiver shard :10 local shard: 5 receiver addr :ef1c6e67703c7bd7107eed8303fbe6ec2554bf6b
S5N0: 2023/09/21 13:10:33 pbftInside_module.go:75: S5N0 : receiver shard :9 local shard: 5 receiver addr :6de037ef9ad2725eb40118bb1702ebb27e4aeb24
S5N0: 2023/09/21 13:10:33 pbftInside_module.go:75: S5N0 : receiver shard :0 local shard: 5 receiver addr :6982508145454ce325ddbe47a25d4ec3d2311933
S5N0: 2023/09/21 13:10:33 pbftInside_module.go:75: S5N0 : receiver shard :7 local shard: 5 receiver addr :36f581320d1f7db9370e7a9db143c3928ea11db9
S5N0: 2023/09/21 13:10:33 pbftInside_module.go:75: S5N0 : receiver shard :6 local shard: 5 receiver addr :dac17f958d2ee523a2206206994597c13d831ec7
S5N0: 2023/09/21 13:10:33 pbftInside_module.go:75: S5N0 : receiver shard :7 local shard: 5 receiver addr :6bc40d4099f9057b23af309c08d935b890d7adc0
S5N0: 2023/09/21 13:10:33 pbftInside_module.go:75: S5N0 : receiver shard :1 local shard: 5 receiver addr :881d40237659c251811cec9c364ef91dc08d300c
S5N0: 2023/09/21 13:10:33 pbftInside_module.go:75: S5N0 : receiver shard :15 local shard: 5 receiver addr :cedefe438860d2789da6419b3a19cece2a41038d
S5N0: 2023/09/21 13:10:33 pbftInside_module.go:75: S5N0 : receiver shard :10 local shard: 5 receiver addr :ef1c6e67703c7bd7107eed8303fbe6ec2554bf6b
S5N0: 2023/09/21 13:10:33 pbftInside_module.go:75: S5N0 : receiver shard :7 local shard: 5 receiver addr :8f5d999c93d6fce1b5ac1b6bbc34fbca77cb6461
S5N0: 2023/09/21 13:10:33 pbftInside_module.go:75: S5N0 : receiver shard :6 local shard: 5 receiver addr :dac17f958d2ee523a2206206994597c13d831ec7
S5N0: 2023/09/21 13:10:33 pbftInside_module.go:75: S5N0 : receiver shard :7 local shard: 5 receiver addr :a3ca3c6f153c84f083550767328747ae5ed70daf
S5N0: 2023/09/21 13:10:33 pbftInside_module.go:75: S5N0 : receiver shard :7 local shard: 5 receiver addr :b55f91b679ec34781ea07e5d4862b413845c3306
S5N0: 2023/09/21 13:10:33 pbftInside_module.go:75: S5N0 : receiver shard :7 local shard: 5 receiver addr :cef78bae44b9c59d88277d220d89780f0515f8f2
S5N0: 2023/09/21 13:10:33 pbftInside_module.go:75: S5N0 : receiver shard :15 local shard: 5 receiver addr :cedefe438860d2789da6419b3a19cece2a41038d
S5N0: 2023/09/21 13:10:33 pbftInside_module.go:75: S5N0 : receiver shard :15 local shard: 5 receiver addr :378e116f28c5fb37988d4c06f0eff4c7669b7afe
S5N0: 2023/09/21 13:10:33 pbftInside_module.go:75: S5N0 : receiver shard :9 local shard: 5 receiver addr :932261f9fc8da46c4a22e31b45c4de60623848bf
S5N0: 2023/09/21 13:10:33 pbftInside_module.go:75: S5N0 : receiver shard :1 local shard: 5 receiver addr :881d40237659c251811cec9c364ef91dc08d300c
S5N0: 2023/09/21 13:10:33 pbftInside_module.go:75: S5N0 : receiver shard :13 local shard: 5 receiver addr :dbebc7aad915be80fad033ddb5ce437c35fc3265
S5N0: 2023/09/21 13:10:33 pbftInside_module.go:75: S5N0 : receiver shard :15 local shard: 5 receiver addr :a0b86991c6218b36c1d19d4a2e9eb0ce3606eb48
S5N0: 2023/09/21 13:10:33 pbftInside_module.go:75: S5N0 : receiver shard :7 local shard: 5 receiver addr :38133ebd4aeaf84e1351c496e516e6b51e85b9ab
S5N0: 2023/09/21 13:10:33 pbftInside_module.go:75: S5N0 : receiver shard :7 local shard: 5 receiver addr :dda29fae0b21a6f8c235ab3388a2400c76594743
S5N0: 2023/09/21 13:10:33 pbftInside_module.go:100: S5N0 : sended 1 relay txs to 0
S5N0: 2023/09/21 13:10:33 pbftInside_module.go:100: S5N0 : sended 2 relay txs to 1
S5N0: 2023/09/21 13:10:33 pbftInside_module.go:100: S5N0 : sended 1 relay txs to 2
S5N0: 2023/09/21 13:10:33 pbftInside_module.go:100: S5N0 : sended 0 relay txs to 3
S5N0: 2023/09/21 13:10:33 pbftInside_module.go:100: S5N0 : sended 0 relay txs to 4
S5N0: 2023/09/21 13:10:33 pbftInside_module.go:100: S5N0 : sended 6 relay txs to 6
S5N0: 2023/09/21 13:10:33 pbftInside_module.go:100: S5N0 : sended 9 relay txs to 7
S5N0: 2023/09/21 13:10:33 pbftInside_module.go:100: S5N0 : sended 0 relay txs to 8
S5N0: 2023/09/21 13:10:33 pbftInside_module.go:100: S5N0 : sended 2 relay txs to 9
S5N0: 2023/09/21 13:10:33 pbftInside_module.go:100: S5N0 : sended 4 relay txs to 10
S5N0: 2023/09/21 13:10:33 pbftInside_module.go:100: S5N0 : sended 0 relay txs to 11
S5N0: 2023/09/21 13:10:33 pbftInside_module.go:100: S5N0 : sended 0 relay txs to 12
S5N0: 2023/09/21 13:10:33 pbftInside_module.go:100: S5N0 : sended 1 relay txs to 13
S5N0: 2023/09/21 13:10:33 pbftInside_module.go:100: S5N0 : sended 0 relay txs to 14
S5N0: 2023/09/21 13:10:33 pbftInside_module.go:100: S5N0 : sended 6 relay txs to 15
S5N0: 2023/09/21 13:10:33 pbftInside_module.go:121: ~~S5N0 : Relay1Txs 32, content:[[0xc002f73200 0xc002f732c0 0xc002f73380 0xc002f73440 0xc002f73500 0xc002f735c0 0xc002f73740 0xc002f73800 0xc002f738c0 0xc002f73980 0xc002f73a40 0xc002f73b00 0xc002f73bc0 0xc002f73c80 0xc002f73d40 0xc002f73e00 0xc002f73ec0 0xc002ff0c00 0xc002ff0cc0 0xc002ff0d80 0xc002ff0e40 0xc002ff0f00 0xc002ff0fc0 0xc002ff1140 0xc002ff1200 0xc002ff12c0 0xc002ff1440 0xc002ff1500 0xc002ff15c0 0xc002ff1680 0xc002ff1740 0xc002ff1a40]]
S5N0: 2023/09/21 13:10:33 pbftInside_module.go:122: S5N0 : sended excuted txs
S5N0: 2023/09/21 13:10:33 messageHandle.go:192: S5N0: this round of pbft 5 is end 
S5N0: 2023/09/21 13:10:33 messageHandle.go:199: S5N0 get sequenceLock unlocked...
S5N0: 2023/09/21 13:10:33 messageHandle.go:151: S5N0 received the Commit from ...1
S5N0: 2023/09/21 13:10:33 pbftOutside_module.go:49: S5N0 : has handled injected txs msg, txs: 14 
S5N0: 2023/09/21 13:10:33 pbftOutside_module.go:34: S5N0 : has received relay txs from shard 2, the senderSeq is 5
S5N0: 2023/09/21 13:10:33 pbftOutside_module.go:39: S5N0 : has handled relay txs msg
S5N0: 2023/09/21 13:10:34 pbftOutside_module.go:34: S5N0 : has received relay txs from shard 6, the senderSeq is 5
S5N0: 2023/09/21 13:10:34 pbftOutside_module.go:39: S5N0 : has handled relay txs msg
S5N0: 2023/09/21 13:10:34 pbftOutside_module.go:34: S5N0 : has received relay txs from shard 9, the senderSeq is 5
S5N0: 2023/09/21 13:10:34 pbftOutside_module.go:39: S5N0 : has handled relay txs msg
S5N0: 2023/09/21 13:10:34 pbftOutside_module.go:34: S5N0 : has received relay txs from shard 0, the senderSeq is 5
S5N0: 2023/09/21 13:10:34 pbftOutside_module.go:39: S5N0 : has handled relay txs msg
S5N0: 2023/09/21 13:10:34 pbftOutside_module.go:34: S5N0 : has received relay txs from shard 10, the senderSeq is 5
S5N0: 2023/09/21 13:10:34 pbftOutside_module.go:39: S5N0 : has handled relay txs msg
S5N0: 2023/09/21 13:10:34 pbftOutside_module.go:34: S5N0 : has received relay txs from shard 12, the senderSeq is 5
S5N0: 2023/09/21 13:10:34 pbftOutside_module.go:39: S5N0 : has handled relay txs msg
S5N0: 2023/09/21 13:10:34 pbftOutside_module.go:34: S5N0 : has received relay txs from shard 11, the senderSeq is 5
S5N0: 2023/09/21 13:10:34 pbftOutside_module.go:39: S5N0 : has handled relay txs msg
S5N0: 2023/09/21 13:10:34 pbftOutside_module.go:34: S5N0 : has received relay txs from shard 7, the senderSeq is 5
S5N0: 2023/09/21 13:10:34 pbftOutside_module.go:39: S5N0 : has handled relay txs msg
S5N0: 2023/09/21 13:10:34 pbftOutside_module.go:34: S5N0 : has received relay txs from shard 13, the senderSeq is 5
S5N0: 2023/09/21 13:10:34 pbftOutside_module.go:39: S5N0 : has handled relay txs msg
S5N0: 2023/09/21 13:10:34 pbftOutside_module.go:49: S5N0 : has handled injected txs msg, txs: 22 
S5N0: 2023/09/21 13:10:34 pbftOutside_module.go:34: S5N0 : has received relay txs from shard 14, the senderSeq is 5
S5N0: 2023/09/21 13:10:34 pbftOutside_module.go:39: S5N0 : has handled relay txs msg
S5N0: 2023/09/21 13:10:35 pbftOutside_module.go:34: S5N0 : has received relay txs from shard 15, the senderSeq is 5
S5N0: 2023/09/21 13:10:35 pbftOutside_module.go:39: S5N0 : has handled relay txs msg
S5N0: 2023/09/21 13:10:35 pbftOutside_module.go:49: S5N0 : has handled injected txs msg, txs: 11 
S5N0: 2023/09/21 13:10:36 pbftOutside_module.go:34: S5N0 : has received relay txs from shard 3, the senderSeq is 6
S5N0: 2023/09/21 13:10:36 pbftOutside_module.go:39: S5N0 : has handled relay txs msg
S5N0: 2023/09/21 13:10:36 pbftOutside_module.go:34: S5N0 : has received relay txs from shard 4, the senderSeq is 6
S5N0: 2023/09/21 13:10:36 pbftOutside_module.go:39: S5N0 : has handled relay txs msg
S5N0: 2023/09/21 13:10:36 pbftOutside_module.go:34: S5N0 : has received relay txs from shard 1, the senderSeq is 6
S5N0: 2023/09/21 13:10:36 pbftOutside_module.go:39: S5N0 : has handled relay txs msg
S5N0: 2023/09/21 13:10:36 pbftOutside_module.go:34: S5N0 : has received relay txs from shard 8, the senderSeq is 6
S5N0: 2023/09/21 13:10:36 pbftOutside_module.go:39: S5N0 : has handled relay txs msg
S5N0: 2023/09/21 13:10:36 messageHandle.go:28: S5N0 get sequenceLock locked, now trying to propose...
S5N0: 2023/09/21 13:10:36 messageHandle.go:35: S5N0 put the request into the pool ...
S5N0: 2023/09/21 13:10:36 messageHandle.go:94: S5N0 : received the Prepare ...
S5N0: 2023/09/21 13:10:36 messageHandle.go:125: S5N0 : is going to commit
S5N0: 2023/09/21 13:10:36 messageHandle.go:139: S5N0 : commit is broadcast
S5N0: 2023/09/21 13:10:36 messageHandle.go:94: S5N0 : received the Prepare ...
S5N0: 2023/09/21 13:10:36 messageHandle.go:151: S5N0 received the Commit from ...1
S5N0: 2023/09/21 13:10:36 messageHandle.go:163: S5N0 : has received 2f + 1 commits ... 
S5N0: 2023/09/21 13:10:36 pbftInside_module.go:59: S5N0 : adding the block 6...now height = 5 
S5N0: 2023/09/21 13:10:36 pbftInside_module.go:61: S5N0 : added the block 6... 
S5N0: 2023/09/21 13:10:36 pbftInside_module.go:66: S5N0 : main node is trying to send relay txs at height = 6 
S5N0: 2023/09/21 13:10:36 pbftInside_module.go:75: S5N0 : receiver shard :15 local shard: 5 receiver addr :c02aaa39b223fe8d0a0e5c4f27ead9083c756cc2
S5N0: 2023/09/21 13:10:36 pbftInside_module.go:75: S5N0 : receiver shard :10 local shard: 5 receiver addr :6123b0049f904d730db3c36a31167d9d4121fa6b
S5N0: 2023/09/21 13:10:36 pbftInside_module.go:75: S5N0 : receiver shard :15 local shard: 5 receiver addr :a0b86991c6218b36c1d19d4a2e9eb0ce3606eb48
S5N0: 2023/09/21 13:10:36 pbftInside_module.go:75: S5N0 : receiver shard :7 local shard: 5 receiver addr :464ebe77c293e473b48cfe96ddcf88fcf7bfdac0
S5N0: 2023/09/21 13:10:36 pbftInside_module.go:75: S5N0 : receiver shard :6 local shard: 5 receiver addr :dac17f958d2ee523a2206206994597c13d831ec7
S5N0: 2023/09/21 13:10:36 pbftInside_module.go:75: S5N0 : receiver shard :7 local shard: 5 receiver addr :e92fba929c2f6f474b5b42d706da511791004b93
S5N0: 2023/09/21 13:10:36 pbftInside_module.go:75: S5N0 : receiver shard :6 local shard: 5 receiver addr :dac17f958d2ee523a2206206994597c13d831ec7
S5N0: 2023/09/21 13:10:36 pbftInside_module.go:75: S5N0 : receiver shard :10 local shard: 5 receiver addr :ef1c6e67703c7bd7107eed8303fbe6ec2554bf6b
S5N0: 2023/09/21 13:10:36 pbftInside_module.go:75: S5N0 : receiver shard :7 local shard: 5 receiver addr :452329a5dd090ce01a46bda80f0eb1ce1cbadc26
S5N0: 2023/09/21 13:10:36 pbftInside_module.go:75: S5N0 : receiver shard :15 local shard: 5 receiver addr :7d8146cf21e8d7cbe46054e01588207b51198729
S5N0: 2023/09/21 13:10:36 pbftInside_module.go:75: S5N0 : receiver shard :6 local shard: 5 receiver addr :dac17f958d2ee523a2206206994597c13d831ec7
S5N0: 2023/09/21 13:10:36 pbftInside_module.go:75: S5N0 : receiver shard :7 local shard: 5 receiver addr :bf9fa8a32bed728071f7fda00cba413c32ead595
S5N0: 2023/09/21 13:10:36 pbftInside_module.go:75: S5N0 : receiver shard :7 local shard: 5 receiver addr :60eecf5d3391f99a06db1c088487ecb7699f2c0b
S5N0: 2023/09/21 13:10:36 pbftInside_module.go:75: S5N0 : receiver shard :6 local shard: 5 receiver addr :dac17f958d2ee523a2206206994597c13d831ec7
S5N0: 2023/09/21 13:10:36 pbftInside_module.go:75: S5N0 : receiver shard :15 local shard: 5 receiver addr :cedefe438860d2789da6419b3a19cece2a41038d
S5N0: 2023/09/21 13:10:36 pbftInside_module.go:75: S5N0 : receiver shard :9 local shard: 5 receiver addr :6b175474e89094c44da98b954eedeac495271d0f
S5N0: 2023/09/21 13:10:36 pbftInside_module.go:75: S5N0 : receiver shard :7 local shard: 5 receiver addr :998b5c3f5e3e64884b180f49605fac437d11c932
S5N0: 2023/09/21 13:10:36 pbftInside_module.go:75: S5N0 : receiver shard :7 local shard: 5 receiver addr :8991030ce4eda820f92d93428bb7f3024356ac79
S5N0: 2023/09/21 13:10:36 pbftInside_module.go:75: S5N0 : receiver shard :6 local shard: 5 receiver addr :dac17f958d2ee523a2206206994597c13d831ec7
S5N0: 2023/09/21 13:10:36 pbftInside_module.go:75: S5N0 : receiver shard :15 local shard: 5 receiver addr :cedefe438860d2789da6419b3a19cece2a41038d
S5N0: 2023/09/21 13:10:36 pbftInside_module.go:75: S5N0 : receiver shard :0 local shard: 5 receiver addr :5c7bcd6e7de5423a257d81b442095a1a6ced35c5
S5N0: 2023/09/21 13:10:36 pbftInside_module.go:75: S5N0 : receiver shard :15 local shard: 5 receiver addr :378e116f28c5fb37988d4c06f0eff4c7669b7afe
S5N0: 2023/09/21 13:10:36 pbftInside_module.go:75: S5N0 : receiver shard :6 local shard: 5 receiver addr :dac17f958d2ee523a2206206994597c13d831ec7
S5N0: 2023/09/21 13:10:36 pbftInside_module.go:75: S5N0 : receiver shard :7 local shard: 5 receiver addr :df85ff593628b84da890e002f148664ef5c6bb79
S5N0: 2023/09/21 13:10:36 pbftInside_module.go:75: S5N0 : receiver shard :15 local shard: 5 receiver addr :cedefe438860d2789da6419b3a19cece2a41038d
S5N0: 2023/09/21 13:10:36 pbftInside_module.go:75: S5N0 : receiver shard :7 local shard: 5 receiver addr :7dd98ea6dc7f64b4385a775d24cdd769876f265d
S5N0: 2023/09/21 13:10:36 pbftInside_module.go:75: S5N0 : receiver shard :15 local shard: 5 receiver addr :7a250d5630b4cf539739df2c5dacb4c659f2488d
S5N0: 2023/09/21 13:10:36 pbftInside_module.go:75: S5N0 : receiver shard :7 local shard: 5 receiver addr :b59904c2826a5722c8f13d1ed94013a87083a54c
S5N0: 2023/09/21 13:10:36 pbftInside_module.go:75: S5N0 : receiver shard :7 local shard: 5 receiver addr :c45b9b9f4b1173591de75d1a23730a2f5776a1e0
S5N0: 2023/09/21 13:10:36 pbftInside_module.go:75: S5N0 : receiver shard :6 local shard: 5 receiver addr :dac17f958d2ee523a2206206994597c13d831ec7
S5N0: 2023/09/21 13:10:36 pbftInside_module.go:75: S5N0 : receiver shard :15 local shard: 5 receiver addr :278bfe592de82e584dc4ed0d7a0110e88fbd6c1a
S5N0: 2023/09/21 13:10:36 pbftInside_module.go:75: S5N0 : receiver shard :15 local shard: 5 receiver addr :00000000000000adc04c56bf30ac9d3c0aaf14dc
S5N0: 2023/09/21 13:10:36 pbftInside_module.go:75: S5N0 : receiver shard :15 local shard: 5 receiver addr :a0b86991c6218b36c1d19d4a2e9eb0ce3606eb48
S5N0: 2023/09/21 13:10:36 pbftInside_module.go:75: S5N0 : receiver shard :15 local shard: 5 receiver addr :17b1e028a1837ff15ba9e7140add0d13790092a3
S5N0: 2023/09/21 13:10:36 pbftInside_module.go:75: S5N0 : receiver shard :9 local shard: 5 receiver addr :6b175474e89094c44da98b954eedeac495271d0f
S5N0: 2023/09/21 13:10:36 pbftInside_module.go:100: S5N0 : sended 1 relay txs to 0
S5N0: 2023/09/21 13:10:36 pbftInside_module.go:100: S5N0 : sended 0 relay txs to 1
S5N0: 2023/09/21 13:10:36 pbftInside_module.go:100: S5N0 : sended 0 relay txs to 2
S5N0: 2023/09/21 13:10:36 pbftInside_module.go:100: S5N0 : sended 0 relay txs to 3
S5N0: 2023/09/21 13:10:36 pbftInside_module.go:100: S5N0 : sended 0 relay txs to 4
S5N0: 2023/09/21 13:10:36 pbftInside_module.go:100: S5N0 : sended 7 relay txs to 6
S5N0: 2023/09/21 13:10:36 pbftInside_module.go:100: S5N0 : sended 11 relay txs to 7
S5N0: 2023/09/21 13:10:36 pbftInside_module.go:100: S5N0 : sended 0 relay txs to 8
S5N0: 2023/09/21 13:10:36 pbftInside_module.go:100: S5N0 : sended 2 relay txs to 9
S5N0: 2023/09/21 13:10:36 pbftInside_module.go:100: S5N0 : sended 2 relay txs to 10
S5N0: 2023/09/21 13:10:36 pbftInside_module.go:100: S5N0 : sended 0 relay txs to 11
S5N0: 2023/09/21 13:10:36 pbftInside_module.go:100: S5N0 : sended 0 relay txs to 12
S5N0: 2023/09/21 13:10:36 pbftInside_module.go:100: S5N0 : sended 0 relay txs to 13
S5N0: 2023/09/21 13:10:36 pbftInside_module.go:100: S5N0 : sended 0 relay txs to 14
S5N0: 2023/09/21 13:10:36 pbftInside_module.go:100: S5N0 : sended 12 relay txs to 15
S5N0: 2023/09/21 13:10:36 pbftInside_module.go:121: ~~S5N0 : Relay1Txs 35, content:[[0xc002e9afc0 0xc002e9b080 0xc002e9b140 0xc002e9b2c0 0xc002e9b440 0xc002e9b500 0xc002e9b5c0 0xc002e9b740 0xc002e9b800 0xc0040c23c0 0xc0040c2600 0xc0040c2780 0xc0040c2840 0xc0040c2900 0xc0040c29c0 0xc0040c2a80 0xc0040c2b40 0xc0040c2c00 0xc0040c2cc0 0xc0040c2d80 0xc0040c2e40 0xc0040c2f00 0xc0040c2fc0 0xc0040c3080 0xc0040c3140 0xc0040c3200 0xc0040d00c0 0xc0040d0180 0xc0040d0240 0xc0040d03c0 0xc0040d0480 0xc0040d0600 0xc0040d06c0 0xc0040d0780 0xc0040d0840]]
S5N0: 2023/09/21 13:10:36 pbftInside_module.go:122: S5N0 : sended excuted txs
S5N0: 2023/09/21 13:10:36 messageHandle.go:192: S5N0: this round of pbft 6 is end 
S5N0: 2023/09/21 13:10:36 messageHandle.go:199: S5N0 get sequenceLock unlocked...
S5N0: 2023/09/21 13:10:36 messageHandle.go:151: S5N0 received the Commit from ...2
S5N0: 2023/09/21 13:10:36 pbftOutside_module.go:34: S5N0 : has received relay txs from shard 2, the senderSeq is 6
S5N0: 2023/09/21 13:10:36 pbftOutside_module.go:39: S5N0 : has handled relay txs msg
S5N0: 2023/09/21 13:10:36 pbftOutside_module.go:49: S5N0 : has handled injected txs msg, txs: 9 
S5N0: 2023/09/21 13:10:37 pbftOutside_module.go:34: S5N0 : has received relay txs from shard 6, the senderSeq is 6
S5N0: 2023/09/21 13:10:37 pbftOutside_module.go:39: S5N0 : has handled relay txs msg
S5N0: 2023/09/21 13:10:37 pbftOutside_module.go:34: S5N0 : has received relay txs from shard 9, the senderSeq is 6
S5N0: 2023/09/21 13:10:37 pbftOutside_module.go:39: S5N0 : has handled relay txs msg
S5N0: 2023/09/21 13:10:37 pbftOutside_module.go:34: S5N0 : has received relay txs from shard 0, the senderSeq is 6
S5N0: 2023/09/21 13:10:37 pbftOutside_module.go:39: S5N0 : has handled relay txs msg
S5N0: 2023/09/21 13:10:37 pbftOutside_module.go:34: S5N0 : has received relay txs from shard 10, the senderSeq is 6
S5N0: 2023/09/21 13:10:37 pbftOutside_module.go:39: S5N0 : has handled relay txs msg
S5N0: 2023/09/21 13:10:37 pbftOutside_module.go:34: S5N0 : has received relay txs from shard 12, the senderSeq is 6
S5N0: 2023/09/21 13:10:37 pbftOutside_module.go:39: S5N0 : has handled relay txs msg
S5N0: 2023/09/21 13:10:37 pbftOutside_module.go:34: S5N0 : has received relay txs from shard 11, the senderSeq is 6
S5N0: 2023/09/21 13:10:37 pbftOutside_module.go:39: S5N0 : has handled relay txs msg
S5N0: 2023/09/21 13:10:37 pbftOutside_module.go:34: S5N0 : has received relay txs from shard 7, the senderSeq is 6
S5N0: 2023/09/21 13:10:37 pbftOutside_module.go:39: S5N0 : has handled relay txs msg
S5N0: 2023/09/21 13:10:37 pbftOutside_module.go:34: S5N0 : has received relay txs from shard 13, the senderSeq is 6
S5N0: 2023/09/21 13:10:37 pbftOutside_module.go:39: S5N0 : has handled relay txs msg
S5N0: 2023/09/21 13:10:37 pbftOutside_module.go:34: S5N0 : has received relay txs from shard 14, the senderSeq is 6
S5N0: 2023/09/21 13:10:37 pbftOutside_module.go:39: S5N0 : has handled relay txs msg
S5N0: 2023/09/21 13:10:37 pbftOutside_module.go:49: S5N0 : has handled injected txs msg, txs: 6 
S5N0: 2023/09/21 13:10:38 pbftOutside_module.go:34: S5N0 : has received relay txs from shard 15, the senderSeq is 6
S5N0: 2023/09/21 13:10:38 pbftOutside_module.go:39: S5N0 : has handled relay txs msg
S5N0: 2023/09/21 13:10:38 pbftOutside_module.go:49: S5N0 : has handled injected txs msg, txs: 6 
S5N0: 2023/09/21 13:10:39 pbftOutside_module.go:34: S5N0 : has received relay txs from shard 3, the senderSeq is 7
S5N0: 2023/09/21 13:10:39 pbftOutside_module.go:39: S5N0 : has handled relay txs msg
S5N0: 2023/09/21 13:10:39 pbftOutside_module.go:34: S5N0 : has received relay txs from shard 4, the senderSeq is 7
S5N0: 2023/09/21 13:10:39 pbftOutside_module.go:39: S5N0 : has handled relay txs msg
S5N0: 2023/09/21 13:10:39 pbftOutside_module.go:34: S5N0 : has received relay txs from shard 1, the senderSeq is 7
S5N0: 2023/09/21 13:10:39 pbftOutside_module.go:39: S5N0 : has handled relay txs msg
S5N0: 2023/09/21 13:10:39 pbftOutside_module.go:34: S5N0 : has received relay txs from shard 8, the senderSeq is 7
S5N0: 2023/09/21 13:10:39 pbftOutside_module.go:39: S5N0 : has handled relay txs msg
S5N0: 2023/09/21 13:10:39 messageHandle.go:28: S5N0 get sequenceLock locked, now trying to propose...
S5N0: 2023/09/21 13:10:39 messageHandle.go:35: S5N0 put the request into the pool ...
S5N0: 2023/09/21 13:10:39 messageHandle.go:94: S5N0 : received the Prepare ...
S5N0: 2023/09/21 13:10:39 messageHandle.go:125: S5N0 : is going to commit
S5N0: 2023/09/21 13:10:39 messageHandle.go:139: S5N0 : commit is broadcast
S5N0: 2023/09/21 13:10:39 messageHandle.go:94: S5N0 : received the Prepare ...
S5N0: 2023/09/21 13:10:39 messageHandle.go:151: S5N0 received the Commit from ...1
S5N0: 2023/09/21 13:10:39 messageHandle.go:163: S5N0 : has received 2f + 1 commits ... 
S5N0: 2023/09/21 13:10:39 pbftInside_module.go:59: S5N0 : adding the block 7...now height = 6 
S5N0: 2023/09/21 13:10:39 pbftInside_module.go:61: S5N0 : added the block 7... 
S5N0: 2023/09/21 13:10:39 pbftInside_module.go:66: S5N0 : main node is trying to send relay txs at height = 7 
S5N0: 2023/09/21 13:10:39 pbftInside_module.go:75: S5N0 : receiver shard :11 local shard: 5 receiver addr :ed30045502d6ea6c1566f25ea530aac01755ed76
S5N0: 2023/09/21 13:10:39 pbftInside_module.go:75: S5N0 : receiver shard :15 local shard: 5 receiver addr :1715a3e4a142d8b698131108995174f37aeba10d
S5N0: 2023/09/21 13:10:39 pbftInside_module.go:75: S5N0 : receiver shard :15 local shard: 5 receiver addr :cedefe438860d2789da6419b3a19cece2a41038d
S5N0: 2023/09/21 13:10:39 pbftInside_module.go:75: S5N0 : receiver shard :7 local shard: 5 receiver addr :72ce9c846789fdb6fc1f34ac4ad25dd9ef7031ef
S5N0: 2023/09/21 13:10:39 pbftInside_module.go:75: S5N0 : receiver shard :10 local shard: 5 receiver addr :ef1c6e67703c7bd7107eed8303fbe6ec2554bf6b
S5N0: 2023/09/21 13:10:39 pbftInside_module.go:75: S5N0 : receiver shard :15 local shard: 5 receiver addr :2f3455b987af7549b273571238270cd11ed8f517
S5N0: 2023/09/21 13:10:39 pbftInside_module.go:75: S5N0 : receiver shard :6 local shard: 5 receiver addr :dac17f958d2ee523a2206206994597c13d831ec7
S5N0: 2023/09/21 13:10:39 pbftInside_module.go:75: S5N0 : receiver shard :4 local shard: 5 receiver addr :655a6ad76984bdc095a9f78c469c54528500f951
S5N0: 2023/09/21 13:10:39 pbftInside_module.go:75: S5N0 : receiver shard :10 local shard: 5 receiver addr :ef1c6e67703c7bd7107eed8303fbe6ec2554bf6b
S5N0: 2023/09/21 13:10:39 pbftInside_module.go:75: S5N0 : receiver shard :15 local shard: 5 receiver addr :514910771af9ca656af840dff83e8264ecf986ca
S5N0: 2023/09/21 13:10:39 pbftInside_module.go:75: S5N0 : receiver shard :11 local shard: 5 receiver addr :f677555e037a6a614895f1a03c48b17cfbe3589c
S5N0: 2023/09/21 13:10:39 pbftInside_module.go:75: S5N0 : receiver shard :11 local shard: 5 receiver addr :dbdb4d16eda451d0503b854cf79d55697f90c8df
S5N0: 2023/09/21 13:10:39 pbftInside_module.go:75: S5N0 : receiver shard :10 local shard: 5 receiver addr :cf6cba282ad3fc75b782def0a5ffd5305928fe9e
S5N0: 2023/09/21 13:10:39 pbftInside_module.go:75: S5N0 : receiver shard :11 local shard: 5 receiver addr :e75ef1ec029c71c9db0f968e389331609312aa22
S5N0: 2023/09/21 13:10:39 pbftInside_module.go:75: S5N0 : receiver shard :10 local shard: 5 receiver addr :ef1c6e67703c7bd7107eed8303fbe6ec2554bf6b
S5N0: 2023/09/21 13:10:39 pbftInside_module.go:75: S5N0 : receiver shard :10 local shard: 5 receiver addr :ef1c6e67703c7bd7107eed8303fbe6ec2554bf6b
S5N0: 2023/09/21 13:10:39 pbftInside_module.go:75: S5N0 : receiver shard :11 local shard: 5 receiver addr :b050a4315ab5af755209695adbbbd79d2cec80d0
S5N0: 2023/09/21 13:10:39 pbftInside_module.go:100: S5N0 : sended 0 relay txs to 0
S5N0: 2023/09/21 13:10:39 pbftInside_module.go:100: S5N0 : sended 0 relay txs to 1
S5N0: 2023/09/21 13:10:39 pbftInside_module.go:100: S5N0 : sended 0 relay txs to 2
S5N0: 2023/09/21 13:10:39 pbftInside_module.go:100: S5N0 : sended 0 relay txs to 3
S5N0: 2023/09/21 13:10:39 pbftInside_module.go:100: S5N0 : sended 1 relay txs to 4
S5N0: 2023/09/21 13:10:39 pbftInside_module.go:100: S5N0 : sended 1 relay txs to 6
S5N0: 2023/09/21 13:10:39 pbftInside_module.go:100: S5N0 : sended 1 relay txs to 7
S5N0: 2023/09/21 13:10:39 pbftInside_module.go:100: S5N0 : sended 0 relay txs to 8
S5N0: 2023/09/21 13:10:39 pbftInside_module.go:100: S5N0 : sended 0 relay txs to 9
S5N0: 2023/09/21 13:10:39 pbftInside_module.go:100: S5N0 : sended 5 relay txs to 10
S5N0: 2023/09/21 13:10:39 pbftInside_module.go:100: S5N0 : sended 5 relay txs to 11
S5N0: 2023/09/21 13:10:39 pbftInside_module.go:100: S5N0 : sended 0 relay txs to 12
S5N0: 2023/09/21 13:10:39 pbftInside_module.go:100: S5N0 : sended 0 relay txs to 13
S5N0: 2023/09/21 13:10:39 pbftInside_module.go:100: S5N0 : sended 0 relay txs to 14
S5N0: 2023/09/21 13:10:39 pbftInside_module.go:100: S5N0 : sended 4 relay txs to 15
S5N0: 2023/09/21 13:10:39 pbftInside_module.go:121: ~~S5N0 : Relay1Txs 17, content:[[0xc002658240 0xc002658300 0xc0026583c0 0xc002658480 0xc002658540 0xc002658600 0xc002658840 0xc002658f00 0xc002658fc0 0xc002659080 0xc002659140 0xc002659200 0xc0026592c0 0xc002659d40 0xc002659ec0 0xc00291a000 0xc00291a180]]
S5N0: 2023/09/21 13:10:39 pbftInside_module.go:122: S5N0 : sended excuted txs
S5N0: 2023/09/21 13:10:39 messageHandle.go:192: S5N0: this round of pbft 7 is end 
S5N0: 2023/09/21 13:10:39 messageHandle.go:199: S5N0 get sequenceLock unlocked...
S5N0: 2023/09/21 13:10:39 messageHandle.go:151: S5N0 received the Commit from ...2
S5N0: 2023/09/21 13:10:39 pbftOutside_module.go:34: S5N0 : has received relay txs from shard 2, the senderSeq is 7
S5N0: 2023/09/21 13:10:39 pbftOutside_module.go:39: S5N0 : has handled relay txs msg
S5N0: 2023/09/21 13:10:39 pbftOutside_module.go:49: S5N0 : has handled injected txs msg, txs: 12 
S5N0: 2023/09/21 13:10:40 pbftOutside_module.go:34: S5N0 : has received relay txs from shard 6, the senderSeq is 7
S5N0: 2023/09/21 13:10:40 pbftOutside_module.go:39: S5N0 : has handled relay txs msg
S5N0: 2023/09/21 13:10:40 pbftOutside_module.go:34: S5N0 : has received relay txs from shard 9, the senderSeq is 7
S5N0: 2023/09/21 13:10:40 pbftOutside_module.go:39: S5N0 : has handled relay txs msg
S5N0: 2023/09/21 13:10:40 pbftOutside_module.go:34: S5N0 : has received relay txs from shard 0, the senderSeq is 7
S5N0: 2023/09/21 13:10:40 pbftOutside_module.go:39: S5N0 : has handled relay txs msg
S5N0: 2023/09/21 13:10:40 pbftOutside_module.go:34: S5N0 : has received relay txs from shard 10, the senderSeq is 7
S5N0: 2023/09/21 13:10:40 pbftOutside_module.go:39: S5N0 : has handled relay txs msg
S5N0: 2023/09/21 13:10:40 pbftOutside_module.go:34: S5N0 : has received relay txs from shard 12, the senderSeq is 7
S5N0: 2023/09/21 13:10:40 pbftOutside_module.go:39: S5N0 : has handled relay txs msg
S5N0: 2023/09/21 13:10:40 pbftOutside_module.go:34: S5N0 : has received relay txs from shard 7, the senderSeq is 7
S5N0: 2023/09/21 13:10:40 pbftOutside_module.go:39: S5N0 : has handled relay txs msg
S5N0: 2023/09/21 13:10:40 pbftOutside_module.go:34: S5N0 : has received relay txs from shard 11, the senderSeq is 7
S5N0: 2023/09/21 13:10:40 pbftOutside_module.go:39: S5N0 : has handled relay txs msg
S5N0: 2023/09/21 13:10:40 pbftOutside_module.go:34: S5N0 : has received relay txs from shard 13, the senderSeq is 7
S5N0: 2023/09/21 13:10:40 pbftOutside_module.go:39: S5N0 : has handled relay txs msg
S5N0: 2023/09/21 13:10:40 pbftOutside_module.go:34: S5N0 : has received relay txs from shard 14, the senderSeq is 7
S5N0: 2023/09/21 13:10:40 pbftOutside_module.go:39: S5N0 : has handled relay txs msg
S5N0: 2023/09/21 13:10:41 pbftOutside_module.go:49: S5N0 : has handled injected txs msg, txs: 3 
S5N0: 2023/09/21 13:10:41 pbftOutside_module.go:34: S5N0 : has received relay txs from shard 15, the senderSeq is 7
S5N0: 2023/09/21 13:10:41 pbftOutside_module.go:39: S5N0 : has handled relay txs msg
S5N0: 2023/09/21 13:10:42 pbftOutside_module.go:34: S5N0 : has received relay txs from shard 3, the senderSeq is 8
S5N0: 2023/09/21 13:10:42 pbftOutside_module.go:39: S5N0 : has handled relay txs msg
S5N0: 2023/09/21 13:10:42 pbftOutside_module.go:34: S5N0 : has received relay txs from shard 4, the senderSeq is 8
S5N0: 2023/09/21 13:10:42 pbftOutside_module.go:39: S5N0 : has handled relay txs msg
S5N0: 2023/09/21 13:10:42 pbftOutside_module.go:34: S5N0 : has received relay txs from shard 1, the senderSeq is 8
S5N0: 2023/09/21 13:10:42 pbftOutside_module.go:39: S5N0 : has handled relay txs msg
S5N0: 2023/09/21 13:10:42 pbftOutside_module.go:34: S5N0 : has received relay txs from shard 8, the senderSeq is 8
S5N0: 2023/09/21 13:10:42 pbftOutside_module.go:39: S5N0 : has handled relay txs msg
S5N0: 2023/09/21 13:10:42 messageHandle.go:28: S5N0 get sequenceLock locked, now trying to propose...
S5N0: 2023/09/21 13:10:42 messageHandle.go:35: S5N0 put the request into the pool ...
S5N0: 2023/09/21 13:10:42 messageHandle.go:94: S5N0 : received the Prepare ...
S5N0: 2023/09/21 13:10:42 messageHandle.go:125: S5N0 : is going to commit
S5N0: 2023/09/21 13:10:42 messageHandle.go:139: S5N0 : commit is broadcast
S5N0: 2023/09/21 13:10:42 messageHandle.go:94: S5N0 : received the Prepare ...
S5N0: 2023/09/21 13:10:42 messageHandle.go:151: S5N0 received the Commit from ...2
S5N0: 2023/09/21 13:10:42 messageHandle.go:163: S5N0 : has received 2f + 1 commits ... 
S5N0: 2023/09/21 13:10:42 pbftInside_module.go:59: S5N0 : adding the block 8...now height = 7 
S5N0: 2023/09/21 13:10:42 pbftInside_module.go:61: S5N0 : added the block 8... 
S5N0: 2023/09/21 13:10:42 pbftInside_module.go:66: S5N0 : main node is trying to send relay txs at height = 8 
S5N0: 2023/09/21 13:10:42 pbftInside_module.go:75: S5N0 : receiver shard :15 local shard: 5 receiver addr :68b3465833fb72a70ecdf485e0e4c7bd8665fc45
S5N0: 2023/09/21 13:10:42 pbftInside_module.go:75: S5N0 : receiver shard :15 local shard: 5 receiver addr :cedefe438860d2789da6419b3a19cece2a41038d
S5N0: 2023/09/21 13:10:42 pbftInside_module.go:75: S5N0 : receiver shard :6 local shard: 5 receiver addr :dac17f958d2ee523a2206206994597c13d831ec7
S5N0: 2023/09/21 13:10:42 pbftInside_module.go:75: S5N0 : receiver shard :0 local shard: 5 receiver addr :1111111254eeb25477b68fb85ed929f73a960582
S5N0: 2023/09/21 13:10:42 pbftInside_module.go:75: S5N0 : receiver shard :11 local shard: 5 receiver addr :e75ef1ec029c71c9db0f968e389331609312aa22
S5N0: 2023/09/21 13:10:42 pbftInside_module.go:75: S5N0 : receiver shard :0 local shard: 5 receiver addr :6982508145454ce325ddbe47a25d4ec3d2311933
S5N0: 2023/09/21 13:10:42 pbftInside_module.go:75: S5N0 : receiver shard :11 local shard: 5 receiver addr :4b7fd57297a9f35c35132ae8749397b1a9ab1624
S5N0: 2023/09/21 13:10:42 pbftInside_module.go:75: S5N0 : receiver shard :12 local shard: 5 receiver addr :a35923162c49cf95e6bf26623385eb431ad920d3
S5N0: 2023/09/21 13:10:42 pbftInside_module.go:75: S5N0 : receiver shard :15 local shard: 5 receiver addr :7d8146cf21e8d7cbe46054e01588207b51198729
S5N0: 2023/09/21 13:10:42 pbftInside_module.go:75: S5N0 : receiver shard :10 local shard: 5 receiver addr :cf6cba282ad3fc75b782def0a5ffd5305928fe9e
S5N0: 2023/09/21 13:10:42 pbftInside_module.go:75: S5N0 : receiver shard :15 local shard: 5 receiver addr :95ad61b0a150d79219dcf64e1e6cc01f0b64c4ce
S5N0: 2023/09/21 13:10:42 pbftInside_module.go:100: S5N0 : sended 2 relay txs to 0
S5N0: 2023/09/21 13:10:42 pbftInside_module.go:100: S5N0 : sended 0 relay txs to 1
S5N0: 2023/09/21 13:10:42 pbftInside_module.go:100: S5N0 : sended 0 relay txs to 2
S5N0: 2023/09/21 13:10:42 pbftInside_module.go:100: S5N0 : sended 0 relay txs to 3
S5N0: 2023/09/21 13:10:42 pbftInside_module.go:100: S5N0 : sended 0 relay txs to 4
S5N0: 2023/09/21 13:10:42 pbftInside_module.go:100: S5N0 : sended 1 relay txs to 6
S5N0: 2023/09/21 13:10:42 pbftInside_module.go:100: S5N0 : sended 0 relay txs to 7
S5N0: 2023/09/21 13:10:42 pbftInside_module.go:100: S5N0 : sended 0 relay txs to 8
S5N0: 2023/09/21 13:10:42 pbftInside_module.go:100: S5N0 : sended 0 relay txs to 9
S5N0: 2023/09/21 13:10:42 pbftInside_module.go:100: S5N0 : sended 1 relay txs to 10
S5N0: 2023/09/21 13:10:42 pbftInside_module.go:100: S5N0 : sended 2 relay txs to 11
S5N0: 2023/09/21 13:10:42 pbftInside_module.go:100: S5N0 : sended 1 relay txs to 12
S5N0: 2023/09/21 13:10:42 pbftInside_module.go:100: S5N0 : sended 0 relay txs to 13
S5N0: 2023/09/21 13:10:42 pbftInside_module.go:100: S5N0 : sended 0 relay txs to 14
S5N0: 2023/09/21 13:10:42 pbftInside_module.go:100: S5N0 : sended 4 relay txs to 15
S5N0: 2023/09/21 13:10:42 pbftInside_module.go:121: ~~S5N0 : Relay1Txs 11, content:[[0xc0045a8d80 0xc0045a8e40 0xc0045a8f00 0xc0045a8fc0 0xc0045a9080 0xc0045a9140 0xc0045a92c0 0xc0045a9380 0xc0045a9440 0xc0045a9500 0xc0047a8240]]
S5N0: 2023/09/21 13:10:42 pbftInside_module.go:122: S5N0 : sended excuted txs
S5N0: 2023/09/21 13:10:42 messageHandle.go:192: S5N0: this round of pbft 8 is end 
S5N0: 2023/09/21 13:10:42 messageHandle.go:199: S5N0 get sequenceLock unlocked...
S5N0: 2023/09/21 13:10:42 messageHandle.go:151: S5N0 received the Commit from ...1
S5N0: 2023/09/21 13:10:42 pbftOutside_module.go:34: S5N0 : has received relay txs from shard 2, the senderSeq is 8
S5N0: 2023/09/21 13:10:42 pbftOutside_module.go:39: S5N0 : has handled relay txs msg
S5N0: 2023/09/21 13:10:43 pbftOutside_module.go:34: S5N0 : has received relay txs from shard 6, the senderSeq is 8
S5N0: 2023/09/21 13:10:43 pbftOutside_module.go:39: S5N0 : has handled relay txs msg
S5N0: 2023/09/21 13:10:43 pbftOutside_module.go:34: S5N0 : has received relay txs from shard 9, the senderSeq is 8
S5N0: 2023/09/21 13:10:43 pbftOutside_module.go:39: S5N0 : has handled relay txs msg
S5N0: 2023/09/21 13:10:43 pbftOutside_module.go:34: S5N0 : has received relay txs from shard 0, the senderSeq is 8
S5N0: 2023/09/21 13:10:43 pbftOutside_module.go:39: S5N0 : has handled relay txs msg
S5N0: 2023/09/21 13:10:43 pbftOutside_module.go:34: S5N0 : has received relay txs from shard 10, the senderSeq is 8
S5N0: 2023/09/21 13:10:43 pbftOutside_module.go:39: S5N0 : has handled relay txs msg
S5N0: 2023/09/21 13:10:43 pbftOutside_module.go:34: S5N0 : has received relay txs from shard 12, the senderSeq is 8
S5N0: 2023/09/21 13:10:43 pbftOutside_module.go:39: S5N0 : has handled relay txs msg
S5N0: 2023/09/21 13:10:43 pbftOutside_module.go:34: S5N0 : has received relay txs from shard 11, the senderSeq is 8
S5N0: 2023/09/21 13:10:43 pbftOutside_module.go:39: S5N0 : has handled relay txs msg
S5N0: 2023/09/21 13:10:43 pbftOutside_module.go:34: S5N0 : has received relay txs from shard 7, the senderSeq is 8
S5N0: 2023/09/21 13:10:43 pbftOutside_module.go:39: S5N0 : has handled relay txs msg
S5N0: 2023/09/21 13:10:43 pbftOutside_module.go:34: S5N0 : has received relay txs from shard 13, the senderSeq is 8
S5N0: 2023/09/21 13:10:43 pbftOutside_module.go:39: S5N0 : has handled relay txs msg
S5N0: 2023/09/21 13:10:43 pbftOutside_module.go:34: S5N0 : has received relay txs from shard 14, the senderSeq is 8
S5N0: 2023/09/21 13:10:43 pbftOutside_module.go:39: S5N0 : has handled relay txs msg
S5N0: 2023/09/21 13:10:44 pbftOutside_module.go:34: S5N0 : has received relay txs from shard 15, the senderSeq is 8
S5N0: 2023/09/21 13:10:44 pbftOutside_module.go:39: S5N0 : has handled relay txs msg
S5N0: 2023/09/21 13:10:45 pbftOutside_module.go:34: S5N0 : has received relay txs from shard 3, the senderSeq is 9
S5N0: 2023/09/21 13:10:45 pbftOutside_module.go:39: S5N0 : has handled relay txs msg
S5N0: 2023/09/21 13:10:45 pbftOutside_module.go:34: S5N0 : has received relay txs from shard 4, the senderSeq is 9
S5N0: 2023/09/21 13:10:45 pbftOutside_module.go:39: S5N0 : has handled relay txs msg
S5N0: 2023/09/21 13:10:45 pbftOutside_module.go:34: S5N0 : has received relay txs from shard 1, the senderSeq is 9
S5N0: 2023/09/21 13:10:45 pbftOutside_module.go:39: S5N0 : has handled relay txs msg
S5N0: 2023/09/21 13:10:45 pbftOutside_module.go:34: S5N0 : has received relay txs from shard 8, the senderSeq is 9
S5N0: 2023/09/21 13:10:45 pbftOutside_module.go:39: S5N0 : has handled relay txs msg
S5N0: 2023/09/21 13:10:45 messageHandle.go:28: S5N0 get sequenceLock locked, now trying to propose...
S5N0: 2023/09/21 13:10:45 messageHandle.go:35: S5N0 put the request into the pool ...
S5N0: 2023/09/21 13:10:45 messageHandle.go:94: S5N0 : received the Prepare ...
S5N0: 2023/09/21 13:10:45 messageHandle.go:125: S5N0 : is going to commit
S5N0: 2023/09/21 13:10:45 messageHandle.go:139: S5N0 : commit is broadcast
S5N0: 2023/09/21 13:10:45 messageHandle.go:94: S5N0 : received the Prepare ...
S5N0: 2023/09/21 13:10:45 messageHandle.go:151: S5N0 received the Commit from ...1
S5N0: 2023/09/21 13:10:45 messageHandle.go:163: S5N0 : has received 2f + 1 commits ... 
S5N0: 2023/09/21 13:10:45 pbftInside_module.go:59: S5N0 : adding the block 9...now height = 8 
S5N0: 2023/09/21 13:10:45 pbftInside_module.go:61: S5N0 : added the block 9... 
S5N0: 2023/09/21 13:10:45 pbftInside_module.go:66: S5N0 : main node is trying to send relay txs at height = 9 
S5N0: 2023/09/21 13:10:45 pbftInside_module.go:100: S5N0 : sended 0 relay txs to 0
S5N0: 2023/09/21 13:10:45 pbftInside_module.go:100: S5N0 : sended 0 relay txs to 1
S5N0: 2023/09/21 13:10:45 pbftInside_module.go:100: S5N0 : sended 0 relay txs to 2
S5N0: 2023/09/21 13:10:45 pbftInside_module.go:100: S5N0 : sended 0 relay txs to 3
S5N0: 2023/09/21 13:10:45 pbftInside_module.go:100: S5N0 : sended 0 relay txs to 4
S5N0: 2023/09/21 13:10:45 pbftInside_module.go:100: S5N0 : sended 0 relay txs to 6
S5N0: 2023/09/21 13:10:45 pbftInside_module.go:100: S5N0 : sended 0 relay txs to 7
S5N0: 2023/09/21 13:10:45 pbftInside_module.go:100: S5N0 : sended 0 relay txs to 8
S5N0: 2023/09/21 13:10:45 pbftInside_module.go:100: S5N0 : sended 0 relay txs to 9
S5N0: 2023/09/21 13:10:45 pbftInside_module.go:100: S5N0 : sended 0 relay txs to 10
S5N0: 2023/09/21 13:10:45 pbftInside_module.go:100: S5N0 : sended 0 relay txs to 11
S5N0: 2023/09/21 13:10:45 pbftInside_module.go:100: S5N0 : sended 0 relay txs to 12
S5N0: 2023/09/21 13:10:45 pbftInside_module.go:100: S5N0 : sended 0 relay txs to 13
S5N0: 2023/09/21 13:10:45 pbftInside_module.go:100: S5N0 : sended 0 relay txs to 14
S5N0: 2023/09/21 13:10:45 pbftInside_module.go:100: S5N0 : sended 0 relay txs to 15
S5N0: 2023/09/21 13:10:45 pbftInside_module.go:121: ~~S5N0 : Relay1Txs 0, content:[[]]
S5N0: 2023/09/21 13:10:45 pbftInside_module.go:122: S5N0 : sended excuted txs
S5N0: 2023/09/21 13:10:45 messageHandle.go:192: S5N0: this round of pbft 9 is end 
S5N0: 2023/09/21 13:10:45 messageHandle.go:199: S5N0 get sequenceLock unlocked...
S5N0: 2023/09/21 13:10:45 messageHandle.go:151: S5N0 received the Commit from ...2
S5N0: 2023/09/21 13:10:45 pbftOutside_module.go:34: S5N0 : has received relay txs from shard 2, the senderSeq is 9
S5N0: 2023/09/21 13:10:45 pbftOutside_module.go:39: S5N0 : has handled relay txs msg
S5N0: 2023/09/21 13:10:46 pbftOutside_module.go:34: S5N0 : has received relay txs from shard 6, the senderSeq is 9
S5N0: 2023/09/21 13:10:46 pbftOutside_module.go:39: S5N0 : has handled relay txs msg
S5N0: 2023/09/21 13:10:46 pbftOutside_module.go:34: S5N0 : has received relay txs from shard 9, the senderSeq is 9
S5N0: 2023/09/21 13:10:46 pbftOutside_module.go:39: S5N0 : has handled relay txs msg
S5N0: 2023/09/21 13:10:46 pbftOutside_module.go:34: S5N0 : has received relay txs from shard 0, the senderSeq is 9
S5N0: 2023/09/21 13:10:46 pbftOutside_module.go:39: S5N0 : has handled relay txs msg
S5N0: 2023/09/21 13:10:46 pbftOutside_module.go:34: S5N0 : has received relay txs from shard 10, the senderSeq is 9
S5N0: 2023/09/21 13:10:46 pbftOutside_module.go:39: S5N0 : has handled relay txs msg
S5N0: 2023/09/21 13:10:46 pbftOutside_module.go:34: S5N0 : has received relay txs from shard 12, the senderSeq is 9
S5N0: 2023/09/21 13:10:46 pbftOutside_module.go:39: S5N0 : has handled relay txs msg
