S1N1: 2023/09/21 13:10:21 pbftInside_module.go:42: S1N1 : the pre-prepare message is correct, putting it into the RequestPool. 
S1N1: 2023/09/21 13:10:21 messageHandle.go:89: S1N1 : has broadcast the prepare message 
S1N1: 2023/09/21 13:10:21 messageHandle.go:94: S1N1 : received the Prepare ...
S1N1: 2023/09/21 13:10:21 messageHandle.go:125: S1N1 : is going to commit
S1N1: 2023/09/21 13:10:21 messageHandle.go:139: S1N1 : commit is broadcast
S1N1: 2023/09/21 13:10:21 messageHandle.go:151: S1N1 received the Commit from ...2
S1N1: 2023/09/21 13:10:21 messageHandle.go:163: S1N1 : has received 2f + 1 commits ... 
S1N1: 2023/09/21 13:10:21 pbftInside_module.go:59: S1N1 : adding the block 1...now height = 0 
S1N1: 2023/09/21 13:10:21 pbftInside_module.go:61: S1N1 : added the block 1... 
S1N1: 2023/09/21 13:10:21 messageHandle.go:192: S1N1: this round of pbft 1 is end 
S1N1: 2023/09/21 13:10:21 messageHandle.go:151: S1N1 received the Commit from ...0
S1N1: 2023/09/21 13:10:24 pbftInside_module.go:42: S1N1 : the pre-prepare message is correct, putting it into the RequestPool. 
S1N1: 2023/09/21 13:10:24 messageHandle.go:89: S1N1 : has broadcast the prepare message 
S1N1: 2023/09/21 13:10:24 messageHandle.go:94: S1N1 : received the Prepare ...
S1N1: 2023/09/21 13:10:24 messageHandle.go:125: S1N1 : is going to commit
S1N1: 2023/09/21 13:10:24 messageHandle.go:139: S1N1 : commit is broadcast
S1N1: 2023/09/21 13:10:24 messageHandle.go:151: S1N1 received the Commit from ...0
S1N1: 2023/09/21 13:10:24 messageHandle.go:163: S1N1 : has received 2f + 1 commits ... 
S1N1: 2023/09/21 13:10:24 pbftInside_module.go:59: S1N1 : adding the block 2...now height = 1 
S1N1: 2023/09/21 13:10:24 pbftInside_module.go:61: S1N1 : added the block 2... 
S1N1: 2023/09/21 13:10:24 messageHandle.go:192: S1N1: this round of pbft 2 is end 
S1N1: 2023/09/21 13:10:24 messageHandle.go:151: S1N1 received the Commit from ...2
S1N1: 2023/09/21 13:10:27 pbftInside_module.go:42: S1N1 : the pre-prepare message is correct, putting it into the RequestPool. 
S1N1: 2023/09/21 13:10:27 messageHandle.go:89: S1N1 : has broadcast the prepare message 
S1N1: 2023/09/21 13:10:27 messageHandle.go:94: S1N1 : received the Prepare ...
S1N1: 2023/09/21 13:10:27 messageHandle.go:125: S1N1 : is going to commit
S1N1: 2023/09/21 13:10:27 messageHandle.go:139: S1N1 : commit is broadcast
S1N1: 2023/09/21 13:10:27 messageHandle.go:151: S1N1 received the Commit from ...0
S1N1: 2023/09/21 13:10:27 messageHandle.go:163: S1N1 : has received 2f + 1 commits ... 
S1N1: 2023/09/21 13:10:27 pbftInside_module.go:59: S1N1 : adding the block 3...now height = 2 
S1N1: 2023/09/21 13:10:27 pbftInside_module.go:61: S1N1 : added the block 3... 
S1N1: 2023/09/21 13:10:27 messageHandle.go:192: S1N1: this round of pbft 3 is end 
S1N1: 2023/09/21 13:10:27 messageHandle.go:151: S1N1 received the Commit from ...2
S1N1: 2023/09/21 13:10:30 pbftInside_module.go:42: S1N1 : the pre-prepare message is correct, putting it into the RequestPool. 
S1N1: 2023/09/21 13:10:30 messageHandle.go:89: S1N1 : has broadcast the prepare message 
S1N1: 2023/09/21 13:10:30 messageHandle.go:94: S1N1 : received the Prepare ...
S1N1: 2023/09/21 13:10:30 messageHandle.go:125: S1N1 : is going to commit
S1N1: 2023/09/21 13:10:30 messageHandle.go:139: S1N1 : commit is broadcast
S1N1: 2023/09/21 13:10:30 messageHandle.go:151: S1N1 received the Commit from ...2
S1N1: 2023/09/21 13:10:30 messageHandle.go:163: S1N1 : has received 2f + 1 commits ... 
S1N1: 2023/09/21 13:10:30 pbftInside_module.go:59: S1N1 : adding the block 4...now height = 3 
S1N1: 2023/09/21 13:10:30 pbftInside_module.go:61: S1N1 : added the block 4... 
S1N1: 2023/09/21 13:10:30 messageHandle.go:192: S1N1: this round of pbft 4 is end 
S1N1: 2023/09/21 13:10:30 messageHandle.go:151: S1N1 received the Commit from ...0
S1N1: 2023/09/21 13:10:33 pbftInside_module.go:42: S1N1 : the pre-prepare message is correct, putting it into the RequestPool. 
S1N1: 2023/09/21 13:10:33 messageHandle.go:89: S1N1 : has broadcast the prepare message 
S1N1: 2023/09/21 13:10:33 messageHandle.go:94: S1N1 : received the Prepare ...
S1N1: 2023/09/21 13:10:33 messageHandle.go:125: S1N1 : is going to commit
S1N1: 2023/09/21 13:10:33 messageHandle.go:139: S1N1 : commit is broadcast
S1N1: 2023/09/21 13:10:33 messageHandle.go:151: S1N1 received the Commit from ...0
S1N1: 2023/09/21 13:10:33 messageHandle.go:163: S1N1 : has received 2f + 1 commits ... 
S1N1: 2023/09/21 13:10:33 pbftInside_module.go:59: S1N1 : adding the block 5...now height = 4 
S1N1: 2023/09/21 13:10:33 pbftInside_module.go:61: S1N1 : added the block 5... 
S1N1: 2023/09/21 13:10:33 messageHandle.go:192: S1N1: this round of pbft 5 is end 
S1N1: 2023/09/21 13:10:33 messageHandle.go:151: S1N1 received the Commit from ...2
S1N1: 2023/09/21 13:10:36 pbftInside_module.go:42: S1N1 : the pre-prepare message is correct, putting it into the RequestPool. 
S1N1: 2023/09/21 13:10:36 messageHandle.go:89: S1N1 : has broadcast the prepare message 
S1N1: 2023/09/21 13:10:36 messageHandle.go:94: S1N1 : received the Prepare ...
S1N1: 2023/09/21 13:10:36 messageHandle.go:125: S1N1 : is going to commit
S1N1: 2023/09/21 13:10:36 messageHandle.go:139: S1N1 : commit is broadcast
S1N1: 2023/09/21 13:10:36 messageHandle.go:151: S1N1 received the Commit from ...0
S1N1: 2023/09/21 13:10:36 messageHandle.go:163: S1N1 : has received 2f + 1 commits ... 
S1N1: 2023/09/21 13:10:36 pbftInside_module.go:59: S1N1 : adding the block 6...now height = 5 
S1N1: 2023/09/21 13:10:36 pbftInside_module.go:61: S1N1 : added the block 6... 
S1N1: 2023/09/21 13:10:36 messageHandle.go:192: S1N1: this round of pbft 6 is end 
S1N1: 2023/09/21 13:10:36 messageHandle.go:151: S1N1 received the Commit from ...2
S1N1: 2023/09/21 13:10:39 pbftInside_module.go:42: S1N1 : the pre-prepare message is correct, putting it into the RequestPool. 
S1N1: 2023/09/21 13:10:39 messageHandle.go:89: S1N1 : has broadcast the prepare message 
S1N1: 2023/09/21 13:10:39 messageHandle.go:94: S1N1 : received the Prepare ...
S1N1: 2023/09/21 13:10:39 messageHandle.go:125: S1N1 : is going to commit
S1N1: 2023/09/21 13:10:39 messageHandle.go:139: S1N1 : commit is broadcast
S1N1: 2023/09/21 13:10:39 messageHandle.go:151: S1N1 received the Commit from ...2
S1N1: 2023/09/21 13:10:39 messageHandle.go:163: S1N1 : has received 2f + 1 commits ... 
S1N1: 2023/09/21 13:10:39 pbftInside_module.go:59: S1N1 : adding the block 7...now height = 6 
S1N1: 2023/09/21 13:10:39 pbftInside_module.go:61: S1N1 : added the block 7... 
S1N1: 2023/09/21 13:10:39 messageHandle.go:192: S1N1: this round of pbft 7 is end 
S1N1: 2023/09/21 13:10:39 messageHandle.go:151: S1N1 received the Commit from ...0
S1N1: 2023/09/21 13:10:42 pbftInside_module.go:42: S1N1 : the pre-prepare message is correct, putting it into the RequestPool. 
S1N1: 2023/09/21 13:10:42 messageHandle.go:89: S1N1 : has broadcast the prepare message 
S1N1: 2023/09/21 13:10:42 messageHandle.go:151: S1N1 received the Commit from ...0
S1N1: 2023/09/21 13:10:42 messageHandle.go:163: S1N1 : has received 2f + 1 commits ... 
S1N1: 2023/09/21 13:10:42 pbftInside_module.go:59: S1N1 : adding the block 8...now height = 7 
S1N1: 2023/09/21 13:10:42 pbftInside_module.go:61: S1N1 : added the block 8... 
S1N1: 2023/09/21 13:10:42 messageHandle.go:192: S1N1: this round of pbft 8 is end 
S1N1: 2023/09/21 13:10:42 messageHandle.go:94: S1N1 : received the Prepare ...
S1N1: 2023/09/21 13:10:42 messageHandle.go:125: S1N1 : is going to commit
S1N1: 2023/09/21 13:10:42 messageHandle.go:139: S1N1 : commit is broadcast
S1N1: 2023/09/21 13:10:42 messageHandle.go:151: S1N1 received the Commit from ...2
S1N1: 2023/09/21 13:10:45 pbftInside_module.go:42: S1N1 : the pre-prepare message is correct, putting it into the RequestPool. 
S1N1: 2023/09/21 13:10:45 messageHandle.go:89: S1N1 : has broadcast the prepare message 
S1N1: 2023/09/21 13:10:45 messageHandle.go:94: S1N1 : received the Prepare ...
S1N1: 2023/09/21 13:10:45 messageHandle.go:125: S1N1 : is going to commit
S1N1: 2023/09/21 13:10:45 messageHandle.go:139: S1N1 : commit is broadcast
S1N1: 2023/09/21 13:10:45 messageHandle.go:151: S1N1 received the Commit from ...0
S1N1: 2023/09/21 13:10:45 messageHandle.go:163: S1N1 : has received 2f + 1 commits ... 
S1N1: 2023/09/21 13:10:45 pbftInside_module.go:59: S1N1 : adding the block 9...now height = 8 
S1N1: 2023/09/21 13:10:45 pbftInside_module.go:61: S1N1 : added the block 9... 
S1N1: 2023/09/21 13:10:45 messageHandle.go:192: S1N1: this round of pbft 9 is end 
S1N1: 2023/09/21 13:10:45 messageHandle.go:151: S1N1 received the Commit from ...2
