S15N2: 2023/09/21 13:10:22 pbftInside_module.go:42: S15N2 : the pre-prepare message is correct, putting it into the RequestPool. 
S15N2: 2023/09/21 13:10:22 messageHandle.go:89: S15N2 : has broadcast the prepare message 
S15N2: 2023/09/21 13:10:22 messageHandle.go:94: S15N2 : received the Prepare ...
S15N2: 2023/09/21 13:10:22 messageHandle.go:125: S15N2 : is going to commit
S15N2: 2023/09/21 13:10:22 messageHandle.go:139: S15N2 : commit is broadcast
S15N2: 2023/09/21 13:10:22 messageHandle.go:151: S15N2 received the Commit from ...1
S15N2: 2023/09/21 13:10:22 messageHandle.go:163: S15N2 : has received 2f + 1 commits ... 
S15N2: 2023/09/21 13:10:22 pbftInside_module.go:59: S15N2 : adding the block 1...now height = 0 
S15N2: 2023/09/21 13:10:22 pbftInside_module.go:61: S15N2 : added the block 1... 
S15N2: 2023/09/21 13:10:22 messageHandle.go:192: S15N2: this round of pbft 1 is end 
S15N2: 2023/09/21 13:10:22 messageHandle.go:151: S15N2 received the Commit from ...0
S15N2: 2023/09/21 13:10:25 pbftInside_module.go:42: S15N2 : the pre-prepare message is correct, putting it into the RequestPool. 
S15N2: 2023/09/21 13:10:25 messageHandle.go:89: S15N2 : has broadcast the prepare message 
S15N2: 2023/09/21 13:10:25 messageHandle.go:151: S15N2 received the Commit from ...0
S15N2: 2023/09/21 13:10:25 messageHandle.go:163: S15N2 : has received 2f + 1 commits ... 
S15N2: 2023/09/21 13:10:25 pbftInside_module.go:59: S15N2 : adding the block 2...now height = 1 
S15N2: 2023/09/21 13:10:25 pbftInside_module.go:61: S15N2 : added the block 2... 
S15N2: 2023/09/21 13:10:25 messageHandle.go:192: S15N2: this round of pbft 2 is end 
S15N2: 2023/09/21 13:10:25 messageHandle.go:94: S15N2 : received the Prepare ...
S15N2: 2023/09/21 13:10:25 messageHandle.go:125: S15N2 : is going to commit
S15N2: 2023/09/21 13:10:25 messageHandle.go:139: S15N2 : commit is broadcast
S15N2: 2023/09/21 13:10:25 messageHandle.go:151: S15N2 received the Commit from ...1
S15N2: 2023/09/21 13:10:28 pbftInside_module.go:42: S15N2 : the pre-prepare message is correct, putting it into the RequestPool. 
S15N2: 2023/09/21 13:10:28 messageHandle.go:89: S15N2 : has broadcast the prepare message 
S15N2: 2023/09/21 13:10:28 messageHandle.go:151: S15N2 received the Commit from ...0
S15N2: 2023/09/21 13:10:28 messageHandle.go:163: S15N2 : has received 2f + 1 commits ... 
S15N2: 2023/09/21 13:10:28 pbftInside_module.go:59: S15N2 : adding the block 3...now height = 2 
S15N2: 2023/09/21 13:10:29 pbftInside_module.go:61: S15N2 : added the block 3... 
S15N2: 2023/09/21 13:10:29 messageHandle.go:192: S15N2: this round of pbft 3 is end 
S15N2: 2023/09/21 13:10:29 messageHandle.go:94: S15N2 : received the Prepare ...
S15N2: 2023/09/21 13:10:29 messageHandle.go:125: S15N2 : is going to commit
S15N2: 2023/09/21 13:10:29 messageHandle.go:139: S15N2 : commit is broadcast
S15N2: 2023/09/21 13:10:29 messageHandle.go:151: S15N2 received the Commit from ...1
S15N2: 2023/09/21 13:10:32 pbftInside_module.go:42: S15N2 : the pre-prepare message is correct, putting it into the RequestPool. 
S15N2: 2023/09/21 13:10:32 messageHandle.go:89: S15N2 : has broadcast the prepare message 
S15N2: 2023/09/21 13:10:32 messageHandle.go:151: S15N2 received the Commit from ...0
S15N2: 2023/09/21 13:10:32 messageHandle.go:163: S15N2 : has received 2f + 1 commits ... 
S15N2: 2023/09/21 13:10:32 pbftInside_module.go:59: S15N2 : adding the block 4...now height = 3 
S15N2: 2023/09/21 13:10:32 pbftInside_module.go:61: S15N2 : added the block 4... 
S15N2: 2023/09/21 13:10:32 messageHandle.go:192: S15N2: this round of pbft 4 is end 
S15N2: 2023/09/21 13:10:32 messageHandle.go:94: S15N2 : received the Prepare ...
S15N2: 2023/09/21 13:10:32 messageHandle.go:125: S15N2 : is going to commit
S15N2: 2023/09/21 13:10:32 messageHandle.go:139: S15N2 : commit is broadcast
S15N2: 2023/09/21 13:10:32 messageHandle.go:151: S15N2 received the Commit from ...1
S15N2: 2023/09/21 13:10:35 pbftInside_module.go:42: S15N2 : the pre-prepare message is correct, putting it into the RequestPool. 
S15N2: 2023/09/21 13:10:35 messageHandle.go:89: S15N2 : has broadcast the prepare message 
S15N2: 2023/09/21 13:10:35 messageHandle.go:94: S15N2 : received the Prepare ...
S15N2: 2023/09/21 13:10:35 messageHandle.go:125: S15N2 : is going to commit
S15N2: 2023/09/21 13:10:35 messageHandle.go:139: S15N2 : commit is broadcast
S15N2: 2023/09/21 13:10:35 messageHandle.go:151: S15N2 received the Commit from ...0
S15N2: 2023/09/21 13:10:35 messageHandle.go:163: S15N2 : has received 2f + 1 commits ... 
S15N2: 2023/09/21 13:10:35 pbftInside_module.go:59: S15N2 : adding the block 5...now height = 4 
S15N2: 2023/09/21 13:10:35 pbftInside_module.go:61: S15N2 : added the block 5... 
S15N2: 2023/09/21 13:10:35 messageHandle.go:192: S15N2: this round of pbft 5 is end 
S15N2: 2023/09/21 13:10:35 messageHandle.go:151: S15N2 received the Commit from ...1
S15N2: 2023/09/21 13:10:38 pbftInside_module.go:42: S15N2 : the pre-prepare message is correct, putting it into the RequestPool. 
S15N2: 2023/09/21 13:10:38 messageHandle.go:89: S15N2 : has broadcast the prepare message 
S15N2: 2023/09/21 13:10:38 messageHandle.go:151: S15N2 received the Commit from ...0
S15N2: 2023/09/21 13:10:38 messageHandle.go:163: S15N2 : has received 2f + 1 commits ... 
S15N2: 2023/09/21 13:10:38 pbftInside_module.go:59: S15N2 : adding the block 6...now height = 5 
S15N2: 2023/09/21 13:10:38 pbftInside_module.go:61: S15N2 : added the block 6... 
S15N2: 2023/09/21 13:10:38 messageHandle.go:192: S15N2: this round of pbft 6 is end 
S15N2: 2023/09/21 13:10:38 messageHandle.go:94: S15N2 : received the Prepare ...
S15N2: 2023/09/21 13:10:38 messageHandle.go:125: S15N2 : is going to commit
S15N2: 2023/09/21 13:10:38 messageHandle.go:139: S15N2 : commit is broadcast
S15N2: 2023/09/21 13:10:38 messageHandle.go:151: S15N2 received the Commit from ...1
S15N2: 2023/09/21 13:10:41 pbftInside_module.go:42: S15N2 : the pre-prepare message is correct, putting it into the RequestPool. 
S15N2: 2023/09/21 13:10:41 messageHandle.go:89: S15N2 : has broadcast the prepare message 
S15N2: 2023/09/21 13:10:41 messageHandle.go:151: S15N2 received the Commit from ...0
S15N2: 2023/09/21 13:10:41 messageHandle.go:163: S15N2 : has received 2f + 1 commits ... 
S15N2: 2023/09/21 13:10:41 pbftInside_module.go:59: S15N2 : adding the block 7...now height = 6 
S15N2: 2023/09/21 13:10:41 pbftInside_module.go:61: S15N2 : added the block 7... 
S15N2: 2023/09/21 13:10:41 messageHandle.go:192: S15N2: this round of pbft 7 is end 
S15N2: 2023/09/21 13:10:41 messageHandle.go:94: S15N2 : received the Prepare ...
S15N2: 2023/09/21 13:10:41 messageHandle.go:125: S15N2 : is going to commit
S15N2: 2023/09/21 13:10:41 messageHandle.go:139: S15N2 : commit is broadcast
S15N2: 2023/09/21 13:10:41 messageHandle.go:151: S15N2 received the Commit from ...1
S15N2: 2023/09/21 13:10:44 pbftInside_module.go:42: S15N2 : the pre-prepare message is correct, putting it into the RequestPool. 
S15N2: 2023/09/21 13:10:44 messageHandle.go:89: S15N2 : has broadcast the prepare message 
S15N2: 2023/09/21 13:10:44 messageHandle.go:151: S15N2 received the Commit from ...0
S15N2: 2023/09/21 13:10:44 messageHandle.go:163: S15N2 : has received 2f + 1 commits ... 
S15N2: 2023/09/21 13:10:44 pbftInside_module.go:59: S15N2 : adding the block 8...now height = 7 
S15N2: 2023/09/21 13:10:44 pbftInside_module.go:61: S15N2 : added the block 8... 
S15N2: 2023/09/21 13:10:44 messageHandle.go:192: S15N2: this round of pbft 8 is end 
S15N2: 2023/09/21 13:10:44 messageHandle.go:94: S15N2 : received the Prepare ...
S15N2: 2023/09/21 13:10:44 messageHandle.go:125: S15N2 : is going to commit
S15N2: 2023/09/21 13:10:44 messageHandle.go:139: S15N2 : commit is broadcast
S15N2: 2023/09/21 13:10:44 messageHandle.go:151: S15N2 received the Commit from ...1
S15N2: 2023/09/21 13:10:47 pbftInside_module.go:42: S15N2 : the pre-prepare message is correct, putting it into the RequestPool. 
S15N2: 2023/09/21 13:10:47 messageHandle.go:89: S15N2 : has broadcast the prepare message 
S15N2: 2023/09/21 13:10:47 messageHandle.go:94: S15N2 : received the Prepare ...
S15N2: 2023/09/21 13:10:47 messageHandle.go:125: S15N2 : is going to commit
S15N2: 2023/09/21 13:10:47 messageHandle.go:139: S15N2 : commit is broadcast
S15N2: 2023/09/21 13:10:47 messageHandle.go:151: S15N2 received the Commit from ...1
S15N2: 2023/09/21 13:10:47 messageHandle.go:163: S15N2 : has received 2f + 1 commits ... 
S15N2: 2023/09/21 13:10:47 pbftInside_module.go:59: S15N2 : adding the block 9...now height = 8 
S15N2: 2023/09/21 13:10:47 pbftInside_module.go:61: S15N2 : added the block 9... 
S15N2: 2023/09/21 13:10:47 messageHandle.go:192: S15N2: this round of pbft 9 is end 
S15N2: 2023/09/21 13:10:47 messageHandle.go:151: S15N2 received the Commit from ...0
S15N2: 2023/09/21 13:10:50 pbftInside_module.go:42: S15N2 : the pre-prepare message is correct, putting it into the RequestPool. 
S15N2: 2023/09/21 13:10:50 messageHandle.go:89: S15N2 : has broadcast the prepare message 
S15N2: 2023/09/21 13:10:50 messageHandle.go:94: S15N2 : received the Prepare ...
S15N2: 2023/09/21 13:10:50 messageHandle.go:125: S15N2 : is going to commit
S15N2: 2023/09/21 13:10:50 messageHandle.go:139: S15N2 : commit is broadcast
S15N2: 2023/09/21 13:10:50 messageHandle.go:151: S15N2 received the Commit from ...1
S15N2: 2023/09/21 13:10:50 messageHandle.go:163: S15N2 : has received 2f + 1 commits ... 
S15N2: 2023/09/21 13:10:50 pbftInside_module.go:59: S15N2 : adding the block 10...now height = 9 
S15N2: 2023/09/21 13:10:50 pbftInside_module.go:61: S15N2 : added the block 10... 
S15N2: 2023/09/21 13:10:50 messageHandle.go:192: S15N2: this round of pbft 10 is end 
S15N2: 2023/09/21 13:10:50 messageHandle.go:151: S15N2 received the Commit from ...0
S15N2: 2023/09/21 13:10:53 pbftInside_module.go:42: S15N2 : the pre-prepare message is correct, putting it into the RequestPool. 
S15N2: 2023/09/21 13:10:53 messageHandle.go:89: S15N2 : has broadcast the prepare message 
S15N2: 2023/09/21 13:10:53 messageHandle.go:94: S15N2 : received the Prepare ...
S15N2: 2023/09/21 13:10:53 messageHandle.go:125: S15N2 : is going to commit
S15N2: 2023/09/21 13:10:53 messageHandle.go:139: S15N2 : commit is broadcast
S15N2: 2023/09/21 13:10:53 messageHandle.go:151: S15N2 received the Commit from ...0
S15N2: 2023/09/21 13:10:53 messageHandle.go:163: S15N2 : has received 2f + 1 commits ... 
S15N2: 2023/09/21 13:10:53 pbftInside_module.go:59: S15N2 : adding the block 11...now height = 10 
S15N2: 2023/09/21 13:10:53 pbftInside_module.go:61: S15N2 : added the block 11... 
S15N2: 2023/09/21 13:10:53 messageHandle.go:192: S15N2: this round of pbft 11 is end 
S15N2: 2023/09/21 13:10:53 messageHandle.go:151: S15N2 received the Commit from ...1
S15N2: 2023/09/21 13:10:56 pbftInside_module.go:42: S15N2 : the pre-prepare message is correct, putting it into the RequestPool. 
S15N2: 2023/09/21 13:10:56 messageHandle.go:89: S15N2 : has broadcast the prepare message 
S15N2: 2023/09/21 13:10:56 messageHandle.go:94: S15N2 : received the Prepare ...
S15N2: 2023/09/21 13:10:56 messageHandle.go:125: S15N2 : is going to commit
S15N2: 2023/09/21 13:10:56 messageHandle.go:139: S15N2 : commit is broadcast
S15N2: 2023/09/21 13:10:56 messageHandle.go:151: S15N2 received the Commit from ...1
S15N2: 2023/09/21 13:10:56 messageHandle.go:163: S15N2 : has received 2f + 1 commits ... 
S15N2: 2023/09/21 13:10:56 pbftInside_module.go:59: S15N2 : adding the block 12...now height = 11 
S15N2: 2023/09/21 13:10:56 pbftInside_module.go:61: S15N2 : added the block 12... 
S15N2: 2023/09/21 13:10:56 messageHandle.go:192: S15N2: this round of pbft 12 is end 
S15N2: 2023/09/21 13:10:56 messageHandle.go:151: S15N2 received the Commit from ...0
S15N2: 2023/09/21 13:10:59 pbftInside_module.go:42: S15N2 : the pre-prepare message is correct, putting it into the RequestPool. 
S15N2: 2023/09/21 13:10:59 messageHandle.go:89: S15N2 : has broadcast the prepare message 
S15N2: 2023/09/21 13:10:59 messageHandle.go:94: S15N2 : received the Prepare ...
S15N2: 2023/09/21 13:10:59 messageHandle.go:125: S15N2 : is going to commit
S15N2: 2023/09/21 13:10:59 messageHandle.go:139: S15N2 : commit is broadcast
S15N2: 2023/09/21 13:10:59 messageHandle.go:151: S15N2 received the Commit from ...1
S15N2: 2023/09/21 13:10:59 messageHandle.go:163: S15N2 : has received 2f + 1 commits ... 
S15N2: 2023/09/21 13:10:59 pbftInside_module.go:59: S15N2 : adding the block 13...now height = 12 
S15N2: 2023/09/21 13:10:59 pbftInside_module.go:61: S15N2 : added the block 13... 
S15N2: 2023/09/21 13:10:59 messageHandle.go:192: S15N2: this round of pbft 13 is end 
S15N2: 2023/09/21 13:10:59 messageHandle.go:151: S15N2 received the Commit from ...0
S15N2: 2023/09/21 13:11:02 pbftInside_module.go:42: S15N2 : the pre-prepare message is correct, putting it into the RequestPool. 
S15N2: 2023/09/21 13:11:02 messageHandle.go:89: S15N2 : has broadcast the prepare message 
S15N2: 2023/09/21 13:11:02 messageHandle.go:94: S15N2 : received the Prepare ...
S15N2: 2023/09/21 13:11:02 messageHandle.go:125: S15N2 : is going to commit
S15N2: 2023/09/21 13:11:02 messageHandle.go:139: S15N2 : commit is broadcast
S15N2: 2023/09/21 13:11:02 messageHandle.go:151: S15N2 received the Commit from ...1
S15N2: 2023/09/21 13:11:02 messageHandle.go:163: S15N2 : has received 2f + 1 commits ... 
S15N2: 2023/09/21 13:11:02 pbftInside_module.go:59: S15N2 : adding the block 14...now height = 13 
S15N2: 2023/09/21 13:11:02 pbftInside_module.go:61: S15N2 : added the block 14... 
S15N2: 2023/09/21 13:11:02 messageHandle.go:192: S15N2: this round of pbft 14 is end 
S15N2: 2023/09/21 13:11:02 messageHandle.go:151: S15N2 received the Commit from ...0
S15N2: 2023/09/21 13:11:05 pbftInside_module.go:42: S15N2 : the pre-prepare message is correct, putting it into the RequestPool. 
S15N2: 2023/09/21 13:11:05 messageHandle.go:89: S15N2 : has broadcast the prepare message 
S15N2: 2023/09/21 13:11:05 messageHandle.go:94: S15N2 : received the Prepare ...
S15N2: 2023/09/21 13:11:05 messageHandle.go:125: S15N2 : is going to commit
S15N2: 2023/09/21 13:11:05 messageHandle.go:139: S15N2 : commit is broadcast
S15N2: 2023/09/21 13:11:05 messageHandle.go:151: S15N2 received the Commit from ...1
S15N2: 2023/09/21 13:11:05 messageHandle.go:163: S15N2 : has received 2f + 1 commits ... 
S15N2: 2023/09/21 13:11:05 pbftInside_module.go:59: S15N2 : adding the block 15...now height = 14 
S15N2: 2023/09/21 13:11:05 pbftInside_module.go:61: S15N2 : added the block 15... 
S15N2: 2023/09/21 13:11:05 messageHandle.go:192: S15N2: this round of pbft 15 is end 
S15N2: 2023/09/21 13:11:05 messageHandle.go:151: S15N2 received the Commit from ...0
S15N2: 2023/09/21 13:11:08 pbftInside_module.go:42: S15N2 : the pre-prepare message is correct, putting it into the RequestPool. 
S15N2: 2023/09/21 13:11:08 messageHandle.go:89: S15N2 : has broadcast the prepare message 
S15N2: 2023/09/21 13:11:08 messageHandle.go:94: S15N2 : received the Prepare ...
S15N2: 2023/09/21 13:11:08 messageHandle.go:125: S15N2 : is going to commit
S15N2: 2023/09/21 13:11:08 messageHandle.go:139: S15N2 : commit is broadcast
S15N2: 2023/09/21 13:11:08 messageHandle.go:151: S15N2 received the Commit from ...0
S15N2: 2023/09/21 13:11:08 messageHandle.go:163: S15N2 : has received 2f + 1 commits ... 
S15N2: 2023/09/21 13:11:08 pbftInside_module.go:59: S15N2 : adding the block 16...now height = 15 
S15N2: 2023/09/21 13:11:08 pbftInside_module.go:61: S15N2 : added the block 16... 
S15N2: 2023/09/21 13:11:08 messageHandle.go:192: S15N2: this round of pbft 16 is end 
S15N2: 2023/09/21 13:11:08 messageHandle.go:151: S15N2 received the Commit from ...1
S15N2: 2023/09/21 13:11:11 pbftInside_module.go:42: S15N2 : the pre-prepare message is correct, putting it into the RequestPool. 
S15N2: 2023/09/21 13:11:11 messageHandle.go:89: S15N2 : has broadcast the prepare message 
S15N2: 2023/09/21 13:11:11 messageHandle.go:94: S15N2 : received the Prepare ...
S15N2: 2023/09/21 13:11:11 messageHandle.go:125: S15N2 : is going to commit
S15N2: 2023/09/21 13:11:11 messageHandle.go:139: S15N2 : commit is broadcast
S15N2: 2023/09/21 13:11:11 messageHandle.go:151: S15N2 received the Commit from ...1
S15N2: 2023/09/21 13:11:11 messageHandle.go:163: S15N2 : has received 2f + 1 commits ... 
S15N2: 2023/09/21 13:11:11 pbftInside_module.go:59: S15N2 : adding the block 17...now height = 16 
S15N2: 2023/09/21 13:11:11 pbftInside_module.go:61: S15N2 : added the block 17... 
S15N2: 2023/09/21 13:11:11 messageHandle.go:192: S15N2: this round of pbft 17 is end 
S15N2: 2023/09/21 13:11:11 messageHandle.go:151: S15N2 received the Commit from ...0
S15N2: 2023/09/21 13:11:14 pbftInside_module.go:42: S15N2 : the pre-prepare message is correct, putting it into the RequestPool. 
S15N2: 2023/09/21 13:11:14 messageHandle.go:89: S15N2 : has broadcast the prepare message 
S15N2: 2023/09/21 13:11:14 messageHandle.go:94: S15N2 : received the Prepare ...
S15N2: 2023/09/21 13:11:14 messageHandle.go:125: S15N2 : is going to commit
S15N2: 2023/09/21 13:11:14 messageHandle.go:139: S15N2 : commit is broadcast
S15N2: 2023/09/21 13:11:14 messageHandle.go:151: S15N2 received the Commit from ...1
S15N2: 2023/09/21 13:11:14 messageHandle.go:163: S15N2 : has received 2f + 1 commits ... 
S15N2: 2023/09/21 13:11:14 pbftInside_module.go:59: S15N2 : adding the block 18...now height = 17 
S15N2: 2023/09/21 13:11:14 pbftInside_module.go:61: S15N2 : added the block 18... 
S15N2: 2023/09/21 13:11:14 messageHandle.go:192: S15N2: this round of pbft 18 is end 
S15N2: 2023/09/21 13:11:14 messageHandle.go:151: S15N2 received the Commit from ...0
S15N2: 2023/09/21 13:11:17 pbftInside_module.go:42: S15N2 : the pre-prepare message is correct, putting it into the RequestPool. 
S15N2: 2023/09/21 13:11:17 messageHandle.go:89: S15N2 : has broadcast the prepare message 
S15N2: 2023/09/21 13:11:17 messageHandle.go:94: S15N2 : received the Prepare ...
S15N2: 2023/09/21 13:11:17 messageHandle.go:125: S15N2 : is going to commit
S15N2: 2023/09/21 13:11:17 messageHandle.go:139: S15N2 : commit is broadcast
S15N2: 2023/09/21 13:11:17 messageHandle.go:151: S15N2 received the Commit from ...0
S15N2: 2023/09/21 13:11:17 messageHandle.go:163: S15N2 : has received 2f + 1 commits ... 
S15N2: 2023/09/21 13:11:17 pbftInside_module.go:59: S15N2 : adding the block 19...now height = 18 
S15N2: 2023/09/21 13:11:17 pbftInside_module.go:61: S15N2 : added the block 19... 
S15N2: 2023/09/21 13:11:17 messageHandle.go:192: S15N2: this round of pbft 19 is end 
S15N2: 2023/09/21 13:11:17 messageHandle.go:151: S15N2 received the Commit from ...1
S15N2: 2023/09/21 13:11:20 pbftInside_module.go:42: S15N2 : the pre-prepare message is correct, putting it into the RequestPool. 
S15N2: 2023/09/21 13:11:20 messageHandle.go:89: S15N2 : has broadcast the prepare message 
S15N2: 2023/09/21 13:11:20 messageHandle.go:94: S15N2 : received the Prepare ...
S15N2: 2023/09/21 13:11:20 messageHandle.go:125: S15N2 : is going to commit
S15N2: 2023/09/21 13:11:20 messageHandle.go:139: S15N2 : commit is broadcast
S15N2: 2023/09/21 13:11:20 messageHandle.go:151: S15N2 received the Commit from ...1
S15N2: 2023/09/21 13:11:20 messageHandle.go:163: S15N2 : has received 2f + 1 commits ... 
S15N2: 2023/09/21 13:11:20 pbftInside_module.go:59: S15N2 : adding the block 20...now height = 19 
S15N2: 2023/09/21 13:11:20 pbftInside_module.go:61: S15N2 : added the block 20... 
S15N2: 2023/09/21 13:11:20 messageHandle.go:192: S15N2: this round of pbft 20 is end 
S15N2: 2023/09/21 13:11:20 messageHandle.go:151: S15N2 received the Commit from ...0
S15N2: 2023/09/21 13:11:23 pbftInside_module.go:42: S15N2 : the pre-prepare message is correct, putting it into the RequestPool. 
S15N2: 2023/09/21 13:11:23 messageHandle.go:89: S15N2 : has broadcast the prepare message 
S15N2: 2023/09/21 13:11:23 messageHandle.go:94: S15N2 : received the Prepare ...
S15N2: 2023/09/21 13:11:23 messageHandle.go:125: S15N2 : is going to commit
S15N2: 2023/09/21 13:11:23 messageHandle.go:139: S15N2 : commit is broadcast
S15N2: 2023/09/21 13:11:23 messageHandle.go:151: S15N2 received the Commit from ...1
S15N2: 2023/09/21 13:11:23 messageHandle.go:163: S15N2 : has received 2f + 1 commits ... 
S15N2: 2023/09/21 13:11:23 pbftInside_module.go:59: S15N2 : adding the block 21...now height = 20 
S15N2: 2023/09/21 13:11:23 pbftInside_module.go:61: S15N2 : added the block 21... 
S15N2: 2023/09/21 13:11:23 messageHandle.go:192: S15N2: this round of pbft 21 is end 
S15N2: 2023/09/21 13:11:23 messageHandle.go:151: S15N2 received the Commit from ...0
S15N2: 2023/09/21 13:11:26 pbftInside_module.go:42: S15N2 : the pre-prepare message is correct, putting it into the RequestPool. 
S15N2: 2023/09/21 13:11:26 messageHandle.go:89: S15N2 : has broadcast the prepare message 
S15N2: 2023/09/21 13:11:26 messageHandle.go:94: S15N2 : received the Prepare ...
S15N2: 2023/09/21 13:11:26 messageHandle.go:125: S15N2 : is going to commit
S15N2: 2023/09/21 13:11:26 messageHandle.go:139: S15N2 : commit is broadcast
S15N2: 2023/09/21 13:11:26 messageHandle.go:151: S15N2 received the Commit from ...1
S15N2: 2023/09/21 13:11:26 messageHandle.go:163: S15N2 : has received 2f + 1 commits ... 
S15N2: 2023/09/21 13:11:26 pbftInside_module.go:59: S15N2 : adding the block 22...now height = 21 
S15N2: 2023/09/21 13:11:26 pbftInside_module.go:61: S15N2 : added the block 22... 
S15N2: 2023/09/21 13:11:26 messageHandle.go:192: S15N2: this round of pbft 22 is end 
S15N2: 2023/09/21 13:11:26 messageHandle.go:151: S15N2 received the Commit from ...0
S15N2: 2023/09/21 13:11:29 pbftInside_module.go:42: S15N2 : the pre-prepare message is correct, putting it into the RequestPool. 
S15N2: 2023/09/21 13:11:29 messageHandle.go:89: S15N2 : has broadcast the prepare message 
S15N2: 2023/09/21 13:11:29 messageHandle.go:94: S15N2 : received the Prepare ...
S15N2: 2023/09/21 13:11:29 messageHandle.go:125: S15N2 : is going to commit
S15N2: 2023/09/21 13:11:29 messageHandle.go:139: S15N2 : commit is broadcast
S15N2: 2023/09/21 13:11:29 messageHandle.go:151: S15N2 received the Commit from ...1
S15N2: 2023/09/21 13:11:29 messageHandle.go:163: S15N2 : has received 2f + 1 commits ... 
S15N2: 2023/09/21 13:11:29 pbftInside_module.go:59: S15N2 : adding the block 23...now height = 22 
S15N2: 2023/09/21 13:11:29 pbftInside_module.go:61: S15N2 : added the block 23... 
S15N2: 2023/09/21 13:11:29 messageHandle.go:192: S15N2: this round of pbft 23 is end 
S15N2: 2023/09/21 13:11:29 messageHandle.go:151: S15N2 received the Commit from ...0
S15N2: 2023/09/21 13:11:32 pbftInside_module.go:42: S15N2 : the pre-prepare message is correct, putting it into the RequestPool. 
S15N2: 2023/09/21 13:11:32 messageHandle.go:89: S15N2 : has broadcast the prepare message 
S15N2: 2023/09/21 13:11:32 messageHandle.go:94: S15N2 : received the Prepare ...
S15N2: 2023/09/21 13:11:32 messageHandle.go:125: S15N2 : is going to commit
S15N2: 2023/09/21 13:11:32 messageHandle.go:139: S15N2 : commit is broadcast
S15N2: 2023/09/21 13:11:32 messageHandle.go:151: S15N2 received the Commit from ...1
S15N2: 2023/09/21 13:11:32 messageHandle.go:163: S15N2 : has received 2f + 1 commits ... 
S15N2: 2023/09/21 13:11:32 pbftInside_module.go:59: S15N2 : adding the block 24...now height = 23 
S15N2: 2023/09/21 13:11:32 pbftInside_module.go:61: S15N2 : added the block 24... 
S15N2: 2023/09/21 13:11:32 messageHandle.go:192: S15N2: this round of pbft 24 is end 
S15N2: 2023/09/21 13:11:32 messageHandle.go:151: S15N2 received the Commit from ...0
S15N2: 2023/09/21 13:11:35 pbftInside_module.go:42: S15N2 : the pre-prepare message is correct, putting it into the RequestPool. 
S15N2: 2023/09/21 13:11:35 messageHandle.go:89: S15N2 : has broadcast the prepare message 
S15N2: 2023/09/21 13:11:35 messageHandle.go:94: S15N2 : received the Prepare ...
S15N2: 2023/09/21 13:11:35 messageHandle.go:125: S15N2 : is going to commit
S15N2: 2023/09/21 13:11:35 messageHandle.go:139: S15N2 : commit is broadcast
S15N2: 2023/09/21 13:11:35 messageHandle.go:151: S15N2 received the Commit from ...1
S15N2: 2023/09/21 13:11:35 messageHandle.go:163: S15N2 : has received 2f + 1 commits ... 
S15N2: 2023/09/21 13:11:35 pbftInside_module.go:59: S15N2 : adding the block 25...now height = 24 
S15N2: 2023/09/21 13:11:35 pbftInside_module.go:61: S15N2 : added the block 25... 
S15N2: 2023/09/21 13:11:35 messageHandle.go:192: S15N2: this round of pbft 25 is end 
S15N2: 2023/09/21 13:11:35 messageHandle.go:151: S15N2 received the Commit from ...0
S15N2: 2023/09/21 13:11:38 pbftInside_module.go:42: S15N2 : the pre-prepare message is correct, putting it into the RequestPool. 
S15N2: 2023/09/21 13:11:38 messageHandle.go:89: S15N2 : has broadcast the prepare message 
S15N2: 2023/09/21 13:11:38 messageHandle.go:94: S15N2 : received the Prepare ...
S15N2: 2023/09/21 13:11:38 messageHandle.go:125: S15N2 : is going to commit
S15N2: 2023/09/21 13:11:38 messageHandle.go:139: S15N2 : commit is broadcast
S15N2: 2023/09/21 13:11:38 messageHandle.go:151: S15N2 received the Commit from ...1
S15N2: 2023/09/21 13:11:38 messageHandle.go:163: S15N2 : has received 2f + 1 commits ... 
S15N2: 2023/09/21 13:11:38 pbftInside_module.go:59: S15N2 : adding the block 26...now height = 25 
S15N2: 2023/09/21 13:11:38 pbftInside_module.go:61: S15N2 : added the block 26... 
S15N2: 2023/09/21 13:11:38 messageHandle.go:192: S15N2: this round of pbft 26 is end 
S15N2: 2023/09/21 13:11:38 messageHandle.go:151: S15N2 received the Commit from ...0
S15N2: 2023/09/21 13:11:41 pbftInside_module.go:42: S15N2 : the pre-prepare message is correct, putting it into the RequestPool. 
S15N2: 2023/09/21 13:11:41 messageHandle.go:89: S15N2 : has broadcast the prepare message 
S15N2: 2023/09/21 13:11:41 messageHandle.go:94: S15N2 : received the Prepare ...
S15N2: 2023/09/21 13:11:41 messageHandle.go:125: S15N2 : is going to commit
S15N2: 2023/09/21 13:11:41 messageHandle.go:139: S15N2 : commit is broadcast
S15N2: 2023/09/21 13:11:41 messageHandle.go:151: S15N2 received the Commit from ...0
S15N2: 2023/09/21 13:11:41 messageHandle.go:163: S15N2 : has received 2f + 1 commits ... 
S15N2: 2023/09/21 13:11:41 pbftInside_module.go:59: S15N2 : adding the block 27...now height = 26 
S15N2: 2023/09/21 13:11:41 pbftInside_module.go:61: S15N2 : added the block 27... 
S15N2: 2023/09/21 13:11:41 messageHandle.go:192: S15N2: this round of pbft 27 is end 
S15N2: 2023/09/21 13:11:41 messageHandle.go:151: S15N2 received the Commit from ...1
S15N2: 2023/09/21 13:11:44 pbftInside_module.go:42: S15N2 : the pre-prepare message is correct, putting it into the RequestPool. 
S15N2: 2023/09/21 13:11:44 messageHandle.go:89: S15N2 : has broadcast the prepare message 
S15N2: 2023/09/21 13:11:44 messageHandle.go:94: S15N2 : received the Prepare ...
S15N2: 2023/09/21 13:11:44 messageHandle.go:125: S15N2 : is going to commit
S15N2: 2023/09/21 13:11:44 messageHandle.go:139: S15N2 : commit is broadcast
S15N2: 2023/09/21 13:11:44 messageHandle.go:151: S15N2 received the Commit from ...1
S15N2: 2023/09/21 13:11:44 messageHandle.go:163: S15N2 : has received 2f + 1 commits ... 
S15N2: 2023/09/21 13:11:44 pbftInside_module.go:59: S15N2 : adding the block 28...now height = 27 
S15N2: 2023/09/21 13:11:44 pbftInside_module.go:61: S15N2 : added the block 28... 
S15N2: 2023/09/21 13:11:44 messageHandle.go:192: S15N2: this round of pbft 28 is end 
S15N2: 2023/09/21 13:11:44 messageHandle.go:151: S15N2 received the Commit from ...0
S15N2: 2023/09/21 13:11:47 pbftInside_module.go:42: S15N2 : the pre-prepare message is correct, putting it into the RequestPool. 
S15N2: 2023/09/21 13:11:47 messageHandle.go:89: S15N2 : has broadcast the prepare message 
S15N2: 2023/09/21 13:11:47 messageHandle.go:94: S15N2 : received the Prepare ...
S15N2: 2023/09/21 13:11:47 messageHandle.go:125: S15N2 : is going to commit
S15N2: 2023/09/21 13:11:47 messageHandle.go:139: S15N2 : commit is broadcast
S15N2: 2023/09/21 13:11:47 messageHandle.go:151: S15N2 received the Commit from ...1
S15N2: 2023/09/21 13:11:47 messageHandle.go:163: S15N2 : has received 2f + 1 commits ... 
S15N2: 2023/09/21 13:11:47 pbftInside_module.go:59: S15N2 : adding the block 29...now height = 28 
S15N2: 2023/09/21 13:11:47 pbftInside_module.go:61: S15N2 : added the block 29... 
S15N2: 2023/09/21 13:11:47 messageHandle.go:192: S15N2: this round of pbft 29 is end 
S15N2: 2023/09/21 13:11:47 messageHandle.go:151: S15N2 received the Commit from ...0
